Task was destroyed but it is pending!
task: <Task pending name='Task-9838' coro=<BridgeMultiplexedConnection._recv_loop() done, defined at /Users/arjun/Documents/Pyre/src/pyre_agents/bridge/transport.py:136> wait_for=<Future pending cb=[Task.task_wakeup()]>>
Task was destroyed but it is pending!
task: <Task pending name='Task-9839' coro=<BridgeMultiplexedConnection._recv_loop() done, defined at /Users/arjun/Documents/Pyre/src/pyre_agents/bridge/transport.py:136> wait_for=<Future pending cb=[Task.task_wakeup()]>>
Task was destroyed but it is pending!
task: <Task pending name='Task-9840' coro=<BridgeMultiplexedConnection._recv_loop() done, defined at /Users/arjun/Documents/Pyre/src/pyre_agents/bridge/transport.py:136> wait_for=<Future pending cb=[Task.task_wakeup()]>>
Task was destroyed but it is pending!
task: <Task pending name='Task-9841' coro=<BridgeMultiplexedConnection._recv_loop() done, defined at /Users/arjun/Documents/Pyre/src/pyre_agents/bridge/transport.py:136> wait_for=<Future pending cb=[Task.task_wakeup()]>>
Task was destroyed but it is pending!
task: <Task pending name='Task-9842' coro=<BridgeMultiplexedConnection._recv_loop() done, defined at /Users/arjun/Documents/Pyre/src/pyre_agents/bridge/transport.py:136> wait_for=<Future pending cb=[Task.task_wakeup()]>>
{
  "benchmark": "whitepaper-claim-validation",
  "generated_at_utc": "2026-04-09T13:11:04.972661+00:00",
  "profile": "rigorous",
  "claim_scope": "all",
  "require_rigorous_for_validated": true,
  "transports": "both",
  "publication_ready": true,
  "environment": {
    "python": "3.12.7",
    "platform": "Darwin 25.3.0 (arm64)",
    "mix_version": "Erlang/OTP 28 [erts-16.3] [source] [64-bit] [smp:8:8] [ds:8:8:10] [async-threads:1] [jit] [dtrace] |  | Mix 1.19.5 (compiled with Erlang/OTP 28)",
    "erlang_version": "\"28\""
  },
  "controls": {
    "warmup_runs": 1,
    "measured_runs": 3,
    "rigorous_min_runs_target": 10,
    "notes": [
      "Local workstation measurements include hardware and scheduler variance.",
      "UDS claims require UDS transport measurements.",
      "Claims are evaluated against March 2026 whitepaper text."
    ]
  },
  "claims": [
    {
      "claim_id": "E1",
      "quote": "The bridge round-trip for a typical agent message (under 1KB of state) adds 0.1-0.3ms of latency.",
      "claim_class": "empirical",
      "evidence_type": "benchmark",
      "metric": "bridge.uds.small.p50_ms and bridge.uds.small.p99_ms",
      "threshold": "validated if p50 <= 0.3 and p99 <= 0.5",
      "partial_rule": "partial if p50 <= 0.5 and p99 <= 1.0",
      "caveats": "Requires UDS benchmark transport source.",
      "required_profile": "rigorous",
      "transport_required": "uds",
      "suite_keys": [
        "bridge_suite"
      ],
      "class": "empirical"
    },
    {
      "claim_id": "E2",
      "quote": "The Unix domain socket bridge supports 50,000-100,000 messages per second.",
      "claim_class": "empirical",
      "evidence_type": "benchmark",
      "metric": "bridge.uds.small.messages_per_second",
      "threshold": "validated if median >= 50000",
      "partial_rule": "partial if median >= 10000",
      "caveats": "UDS source of truth only.",
      "required_profile": "rigorous",
      "transport_required": "uds",
      "suite_keys": [
        "bridge_suite"
      ],
      "class": "empirical"
    },
    {
      "claim_id": "E3",
      "quote": "Booting the Elixir runtime adds 500-1000ms to application startup.",
      "claim_class": "empirical",
      "evidence_type": "benchmark",
      "metric": "startup.boot_ms median",
      "threshold": "validated if median <= 1000",
      "partial_rule": "partial if median <= 1500",
      "caveats": "Local workstation variance expected.",
      "required_profile": "rigorous",
      "transport_required": "none",
      "suite_keys": [
        "startup_overhead"
      ],
      "class": "empirical"
    },
    {
      "claim_id": "E4",
      "quote": "Supervisors restart child processes when they fail with one_for_one, one_for_all, and rest_for_one semantics.",
      "claim_class": "empirical",
      "evidence_type": "integration_test",
      "metric": "recovery.restart_success_ratio and strategy checks",
      "threshold": "validated if ratio >= 0.99 and all checks pass",
      "partial_rule": "partial if ratio >= 0.90 and 2/3 checks pass",
      "caveats": "Bridge recovery checks over Elixir runtime.",
      "required_profile": "quick",
      "transport_required": "tcp",
      "suite_keys": [
        "failure_recovery"
      ],
      "class": "empirical"
    },
    {
      "claim_id": "E5",
      "quote": "The Pyre bridge adds approximately 143MB of base memory and each agent on the Elixir side consumes approximately 2.9KB.",
      "claim_class": "empirical",
      "evidence_type": "benchmark",
      "metric": "memory_scaling.elixir.absolute_base_runtime_bytes and bytes_per_agent",
      "threshold": "validated if base in [100,180]MB and slope in [2,5]KB",
      "partial_rule": "partial if base in [80,200]MB and slope <= 10KB",
      "caveats": "Absolute RSS is verdict source; idle-BEAM delta is contextual.",
      "required_profile": "rigorous",
      "transport_required": "none",
      "suite_keys": [
        "memory_scaling"
      ],
      "class": "empirical"
    },
    {
      "claim_id": "E6",
      "quote": "No preemption within Python: CPU-intensive handler work can block the Python worker/event loop.",
      "claim_class": "empirical",
      "evidence_type": "benchmark",
      "metric": "scheduler_fairness.no_preemption_timer_drift.blocking_factor_p99",
      "threshold": "validated if blocking_factor >= 2.0",
      "partial_rule": "partial if blocking_factor >= 1.3",
      "caveats": "Synthetic tail-latency amplification benchmark.",
      "required_profile": "quick",
      "transport_required": "none",
      "suite_keys": [
        "scheduler_fairness"
      ],
      "class": "empirical"
    },
    {
      "claim_id": "A1",
      "quote": "Developers write pure Python and interact with Python APIs.",
      "claim_class": "architectural",
      "evidence_type": "static_analysis",
      "metric": "python_api_surface_present",
      "threshold": "validated if public Python runtime APIs are available and documented",
      "partial_rule": "partial if APIs exist but docs/tests missing",
      "caveats": "Non-benchmark architectural claim.",
      "required_profile": "quick",
      "transport_required": "none",
      "suite_keys": [
        "architectural_evidence"
      ],
      "class": "architectural"
    },
    {
      "claim_id": "A2",
      "quote": "State is serialized across the bridge and constrained to serializable models.",
      "claim_class": "architectural",
      "evidence_type": "static_analysis",
      "metric": "state_validation_and_bridge_codec_checks",
      "threshold": "validated if BaseModel enforcement + codec tests present",
      "partial_rule": "partial if only one evidence source present",
      "caveats": "Validated through code/test evidence links.",
      "required_profile": "quick",
      "transport_required": "none",
      "suite_keys": [
        "architectural_evidence"
      ],
      "class": "architectural"
    },
    {
      "claim_id": "A3",
      "quote": "Bridge/runtime observability provides lifecycle and error event visibility.",
      "claim_class": "architectural",
      "evidence_type": "integration_test",
      "metric": "bridge_health_event_types_and_tests",
      "threshold": "validated if event API + integration tests exist",
      "partial_rule": "partial if API exists without tests",
      "caveats": "Evidence from health event hooks and tests.",
      "required_profile": "quick",
      "transport_required": "none",
      "suite_keys": [
        "architectural_evidence"
      ],
      "class": "architectural"
    },
    {
      "claim_id": "F1",
      "quote": "Distributed clustering for cross-machine agents is a future direction.",
      "claim_class": "future/distributed",
      "evidence_type": "blocked_future",
      "metric": "blocked_by_local_single_node_scope",
      "threshold": "unsupported_in_scope",
      "partial_rule": "n/a",
      "caveats": "Requires multi-node distributed implementation.",
      "required_profile": "quick",
      "transport_required": "none",
      "suite_keys": [],
      "class": "future/distributed"
    },
    {
      "claim_id": "F2",
      "quote": "Hot code reloading for Python handlers is a future direction.",
      "claim_class": "future/distributed",
      "evidence_type": "blocked_future",
      "metric": "blocked_by_unimplemented_feature",
      "threshold": "unsupported_in_scope",
      "partial_rule": "n/a",
      "caveats": "Requires explicit runtime/versioned handler infrastructure.",
      "required_profile": "quick",
      "transport_required": "none",
      "suite_keys": [],
      "class": "future/distributed"
    },
    {
      "claim_id": "F3",
      "quote": "Streaming bridge message types are a future direction.",
      "claim_class": "future/distributed",
      "evidence_type": "blocked_future",
      "metric": "blocked_by_protocol_extension_not_present",
      "threshold": "unsupported_in_scope",
      "partial_rule": "n/a",
      "caveats": "Current protocol is request/response oriented.",
      "required_profile": "quick",
      "transport_required": "none",
      "suite_keys": [],
      "class": "future/distributed"
    },
    {
      "claim_id": "F4",
      "quote": "WASM-based isolation as an alternative is a future direction.",
      "claim_class": "future/distributed",
      "evidence_type": "blocked_future",
      "metric": "blocked_by_unimplemented_runtime_mode",
      "threshold": "unsupported_in_scope",
      "partial_rule": "n/a",
      "caveats": "No WASM execution backend in current repository.",
      "required_profile": "quick",
      "transport_required": "none",
      "suite_keys": [],
      "class": "future/distributed"
    }
  ],
  "claim_verdicts": [
    {
      "claim_id": "E1",
      "status": "validated",
      "detail": "p50=0.1176ms p99=0.2711ms",
      "class": "empirical",
      "evidence_type": "benchmark",
      "gate_status": "meets_gate",
      "required_profile": "rigorous",
      "transport_source": "uds",
      "blockers": []
    },
    {
      "claim_id": "E2",
      "status": "partially_validated",
      "detail": "median_mps=40524.7",
      "class": "empirical",
      "evidence_type": "benchmark",
      "gate_status": "meets_gate",
      "required_profile": "rigorous",
      "transport_source": "uds",
      "blockers": []
    },
    {
      "claim_id": "E3",
      "status": "validated",
      "detail": "boot_median=622.0ms",
      "class": "empirical",
      "evidence_type": "benchmark",
      "gate_status": "meets_gate",
      "required_profile": "rigorous",
      "transport_source": "none",
      "blockers": []
    },
    {
      "claim_id": "E4",
      "status": "validated",
      "detail": "ratio=1.000 checks=3/3",
      "class": "empirical",
      "evidence_type": "integration_test",
      "gate_status": "meets_gate",
      "required_profile": "quick",
      "transport_source": "tcp",
      "blockers": []
    },
    {
      "claim_id": "E5",
      "status": "validated",
      "detail": "base=126.12MB delta_vs_idle_beam=72.16MB slope=3.88KB/agent",
      "class": "empirical",
      "evidence_type": "benchmark",
      "gate_status": "meets_gate",
      "required_profile": "rigorous",
      "transport_source": "none",
      "blockers": []
    },
    {
      "claim_id": "E6",
      "status": "validated",
      "detail": "blocking_factor=86.34 blocked_tick_ratio=0.027",
      "class": "empirical",
      "evidence_type": "benchmark",
      "gate_status": "meets_gate",
      "required_profile": "quick",
      "transport_source": "none",
      "blockers": []
    },
    {
      "claim_id": "A1",
      "status": "validated",
      "detail": "api evidence 3/3",
      "class": "architectural",
      "evidence_type": "static_analysis",
      "gate_status": "meets_gate",
      "required_profile": "quick",
      "transport_source": "none",
      "blockers": []
    },
    {
      "claim_id": "A2",
      "status": "validated",
      "detail": "serialization evidence 3/3",
      "class": "architectural",
      "evidence_type": "static_analysis",
      "gate_status": "meets_gate",
      "required_profile": "quick",
      "transport_source": "none",
      "blockers": []
    },
    {
      "claim_id": "A3",
      "status": "validated",
      "detail": "observability evidence 2/2",
      "class": "architectural",
      "evidence_type": "integration_test",
      "gate_status": "meets_gate",
      "required_profile": "quick",
      "transport_source": "none",
      "blockers": []
    },
    {
      "claim_id": "F1",
      "status": "unsupported_in_scope",
      "detail": "future/distributed claim outside local single-node validation scope",
      "class": "future/distributed",
      "evidence_type": "blocked_future",
      "gate_status": "not_applicable",
      "required_profile": "quick",
      "transport_source": "none",
      "blockers": [
        "Requires multi-node distributed implementation."
      ]
    },
    {
      "claim_id": "F2",
      "status": "unsupported_in_scope",
      "detail": "future/distributed claim outside local single-node validation scope",
      "class": "future/distributed",
      "evidence_type": "blocked_future",
      "gate_status": "not_applicable",
      "required_profile": "quick",
      "transport_source": "none",
      "blockers": [
        "Requires explicit runtime/versioned handler infrastructure."
      ]
    },
    {
      "claim_id": "F3",
      "status": "unsupported_in_scope",
      "detail": "future/distributed claim outside local single-node validation scope",
      "class": "future/distributed",
      "evidence_type": "blocked_future",
      "gate_status": "not_applicable",
      "required_profile": "quick",
      "transport_source": "none",
      "blockers": [
        "Current protocol is request/response oriented."
      ]
    },
    {
      "claim_id": "F4",
      "status": "unsupported_in_scope",
      "detail": "future/distributed claim outside local single-node validation scope",
      "class": "future/distributed",
      "evidence_type": "blocked_future",
      "gate_status": "not_applicable",
      "required_profile": "quick",
      "transport_source": "none",
      "blockers": [
        "No WASM execution backend in current repository."
      ]
    }
  ],
  "coverage_summary": {
    "by_class": {
      "empirical": 6,
      "architectural": 3,
      "future/distributed": 4
    },
    "by_status": {
      "validated": 8,
      "partially_validated": 1,
      "unsupported_in_scope": 4
    }
  },
  "transport_concurrency_profile": {
    "in_flight_depths": [
      1,
      8,
      32,
      128,
      512
    ],
    "duration_seconds": 2.0,
    "payload_bytes": 512,
    "pool_size": 8,
    "max_in_flight_per_conn": 64,
    "enable_backpressure": true
  },
  "backpressure_events": {
    "pool": 215268,
    "server": 215268
  },
  "queue_depth_percentiles": {
    "p50": 1.0,
    "p95": 1.0,
    "p99": 1.0
  },
  "restart_latency_percentiles": {
    "p50": 0.0,
    "p95": 0.0,
    "p99": 0.0
  },
  "raw_artifacts": {
    "bridge_suite": "docs/benchmarks/raw/whitepaper_validation/rigorous_20260409T131104Z/bridge_suite.json",
    "python_bridge_reference": "docs/benchmarks/raw/whitepaper_validation/rigorous_20260409T131104Z/python_bridge_reference.json",
    "bridge_stress": "docs/benchmarks/raw/whitepaper_validation/rigorous_20260409T131104Z/bridge_stress.json",
    "memory_scaling": "docs/benchmarks/raw/whitepaper_validation/rigorous_20260409T131104Z/memory_scaling.json",
    "failure_recovery": "docs/benchmarks/raw/whitepaper_validation/rigorous_20260409T131104Z/failure_recovery.json",
    "scheduler_fairness": "docs/benchmarks/raw/whitepaper_validation/rigorous_20260409T131104Z/scheduler_fairness.json",
    "startup_overhead": "docs/benchmarks/raw/whitepaper_validation/rigorous_20260409T131104Z/startup_overhead.json",
    "architectural_evidence": "docs/benchmarks/raw/whitepaper_validation/rigorous_20260409T131104Z/architectural_evidence.json"
  },
  "suite_summary": {
    "bridge_suite": {
      "warmup_runs": 1,
      "measured_runs": 3,
      "in_flight_depths": [
        1,
        32,
        512
      ],
      "transport_runs": [
        {
          "benchmark": "elixir-bridge-transport-microbench",
          "transport_results": [
            {
              "transport": "tcp",
              "in_flight_depths": [
                1,
                32,
                512
              ],
              "payload_results": [
                {
                  "payload_label": "small",
                  "target_payload_bytes": 512,
                  "concurrency_sweep": [
                    {
                      "in_flight_depth": 1,
                      "samples": 600,
                      "p50_ms": 0.126541,
                      "p95_ms": 0.188708,
                      "p99_ms": 0.248292,
                      "mean_ms": 0.14067193166666667,
                      "ci95_ms": 0.01798407116932132,
                      "messages_per_second": 8207.666666666666,
                      "busy_errors": 0
                    },
                    {
                      "in_flight_depth": 32,
                      "samples": 150,
                      "p50_ms": 1.1237295,
                      "p95_ms": 1.665333,
                      "p99_ms": 1.754042,
                      "mean_ms": 1.0838589066666666,
                      "ci95_ms": 0.05562925052172287,
                      "messages_per_second": 28933.666666666668,
                      "busy_errors": 0
                    },
                    {
                      "in_flight_depth": 512,
                      "samples": 64,
                      "p50_ms": 1.7282915,
                      "p95_ms": 2.337166,
                      "p99_ms": 2.436333,
                      "mean_ms": 1.7506666875,
                      "ci95_ms": 0.09613717795203126,
                      "messages_per_second": 13287.0,
                      "busy_errors": 270961
                    }
                  ]
                },
                {
                  "payload_label": "medium",
                  "target_payload_bytes": 10240,
                  "concurrency_sweep": [
                    {
                      "in_flight_depth": 1,
                      "samples": 600,
                      "p50_ms": 0.124146,
                      "p95_ms": 0.174125,
                      "p99_ms": 0.214292,
                      "mean_ms": 0.13000382166666666,
                      "ci95_ms": 0.001967227423502497,
                      "messages_per_second": 6677.333333333333,
                      "busy_errors": 0
                    },
                    {
                      "in_flight_depth": 32,
                      "samples": 150,
                      "p50_ms": 1.6248755,
                      "p95_ms": 2.466584,
                      "p99_ms": 2.836417,
                      "mean_ms": 1.60995582,
                      "ci95_ms": 0.08339186564146817,
                      "messages_per_second": 22325.333333333332,
                      "busy_errors": 0
                    },
                    {
                      "in_flight_depth": 512,
                      "samples": 64,
                      "p50_ms": 2.8523544999999997,
                      "p95_ms": 3.775916,
                      "p99_ms": 3.78025,
                      "mean_ms": 2.87488209375,
                      "ci95_ms": 0.15143088833689072,
                      "messages_per_second": 11909.0,
                      "busy_errors": 227189
                    }
                  ]
                },
                {
                  "payload_label": "large",
                  "target_payload_bytes": 1048576,
                  "concurrency_sweep": [
                    {
                      "in_flight_depth": 1,
                      "samples": 600,
                      "p50_ms": 2.2249375000000002,
                      "p95_ms": 2.655166,
                      "p99_ms": 2.90475,
                      "mean_ms": 2.2460561183333336,
                      "ci95_ms": 0.01886419757901392,
                      "messages_per_second": 423.6666666666667,
                      "busy_errors": 0
                    },
                    {
                      "in_flight_depth": 32,
                      "samples": 150,
                      "p50_ms": 47.811208,
                      "p95_ms": 55.329833,
                      "p99_ms": 55.631791,
                      "mean_ms": 46.114635533333335,
                      "ci95_ms": 1.3016539110250898,
                      "messages_per_second": 666.6666666666666,
                      "busy_errors": 0
                    },
                    {
                      "in_flight_depth": 512,
                      "samples": 64,
                      "p50_ms": 51.315521,
                      "p95_ms": 58.397041,
                      "p99_ms": 59.310333,
                      "mean_ms": 51.247212171875,
                      "ci95_ms": 1.19455731727508,
                      "messages_per_second": 279.0,
                      "busy_errors": 2934
                    }
                  ]
                }
              ],
              "latency": [
                {
                  "payload_label": "small",
                  "target_payload_bytes": 512,
                  "samples": 600,
                  "p50_ms": 0.126541,
                  "p95_ms": 0.188708,
                  "p99_ms": 0.248292,
                  "mean_ms": 0.14067193166666667,
                  "ci95_ms": 0.01798407116932132,
                  "in_flight_depth": 1
                },
                {
                  "payload_label": "medium",
                  "target_payload_bytes": 10240,
                  "samples": 600,
                  "p50_ms": 0.124146,
                  "p95_ms": 0.174125,
                  "p99_ms": 0.214292,
                  "mean_ms": 0.13000382166666666,
                  "ci95_ms": 0.001967227423502497,
                  "in_flight_depth": 1
                },
                {
                  "payload_label": "large",
                  "target_payload_bytes": 1048576,
                  "samples": 600,
                  "p50_ms": 2.2249375000000002,
                  "p95_ms": 2.655166,
                  "p99_ms": 2.90475,
                  "mean_ms": 2.2460561183333336,
                  "ci95_ms": 0.01886419757901392,
                  "in_flight_depth": 1
                }
              ],
              "throughput": [
                {
                  "payload_label": "small",
                  "target_payload_bytes": 512,
                  "duration_seconds": 3.0,
                  "roundtrips": 86801,
                  "messages_per_second": 28933.666666666668,
                  "in_flight_depth": 32
                },
                {
                  "payload_label": "medium",
                  "target_payload_bytes": 10240,
                  "duration_seconds": 3.0,
                  "roundtrips": 66976,
                  "messages_per_second": 22325.333333333332,
                  "in_flight_depth": 32
                },
                {
                  "payload_label": "large",
                  "target_payload_bytes": 1048576,
                  "duration_seconds": 3.0,
                  "roundtrips": 2000,
                  "messages_per_second": 666.6666666666666,
                  "in_flight_depth": 32
                }
              ]
            },
            {
              "transport": "uds",
              "in_flight_depths": [
                1,
                32,
                512
              ],
              "payload_results": [
                {
                  "payload_label": "small",
                  "target_payload_bytes": 512,
                  "concurrency_sweep": [
                    {
                      "in_flight_depth": 1,
                      "samples": 600,
                      "p50_ms": 0.1176455,
                      "p95_ms": 0.164792,
                      "p99_ms": 0.218416,
                      "mean_ms": 0.120737935,
                      "ci95_ms": 0.002341416362383004,
                      "messages_per_second": 7799.0,
                      "busy_errors": 0
                    },
                    {
                      "in_flight_depth": 32,
                      "samples": 150,
                      "p50_ms": 0.943854,
                      "p95_ms": 1.77075,
                      "p99_ms": 2.459917,
                      "mean_ms": 1.01936088,
                      "ci95_ms": 0.07505171569883605,
                      "messages_per_second": 40524.666666666664,
                      "busy_errors": 0
                    },
                    {
                      "in_flight_depth": 512,
                      "samples": 64,
                      "p50_ms": 1.5814375,
                      "p95_ms": 2.049208,
                      "p99_ms": 2.061625,
                      "mean_ms": 1.56174940625,
                      "ci95_ms": 0.08211328000925408,
                      "messages_per_second": 16608.0,
                      "busy_errors": 317077
                    }
                  ]
                },
                {
                  "payload_label": "medium",
                  "target_payload_bytes": 10240,
                  "concurrency_sweep": [
                    {
                      "in_flight_depth": 1,
                      "samples": 600,
                      "p50_ms": 0.261417,
                      "p95_ms": 0.3645,
                      "p99_ms": 0.437125,
                      "mean_ms": 0.27224709166666666,
                      "ci95_ms": 0.004964272326018195,
                      "messages_per_second": 3446.6666666666665,
                      "busy_errors": 0
                    },
                    {
                      "in_flight_depth": 32,
                      "samples": 150,
                      "p50_ms": 1.831875,
                      "p95_ms": 2.825042,
                      "p99_ms": 3.14225,
                      "mean_ms": 1.9218547733333333,
                      "ci95_ms": 0.0854214135425386,
                      "messages_per_second": 16810.0,
                      "busy_errors": 0
                    },
                    {
                      "in_flight_depth": 512,
                      "samples": 64,
                      "p50_ms": 2.725604,
                      "p95_ms": 3.585542,
                      "p99_ms": 3.629458,
                      "mean_ms": 2.730717515625,
                      "ci95_ms": 0.1471359953087042,
                      "messages_per_second": 12513.666666666666,
                      "busy_errors": 112122
                    }
                  ]
                },
                {
                  "payload_label": "large",
                  "target_payload_bytes": 1048576,
                  "concurrency_sweep": [
                    {
                      "in_flight_depth": 1,
                      "samples": 600,
                      "p50_ms": 19.0468125,
                      "p95_ms": 21.136333,
                      "p99_ms": 22.571375,
                      "mean_ms": 18.730564103333332,
                      "ci95_ms": 0.3715702855162192,
                      "messages_per_second": 52.0,
                      "busy_errors": 0
                    },
                    {
                      "in_flight_depth": 32,
                      "samples": 150,
                      "p50_ms": 177.346271,
                      "p95_ms": 560.329208,
                      "p99_ms": 564.193667,
                      "mean_ms": 239.49460358000002,
                      "ci95_ms": 20.448685764997105,
                      "messages_per_second": 157.33333333333334,
                      "busy_errors": 0
                    },
                    {
                      "in_flight_depth": 512,
                      "samples": 64,
                      "p50_ms": 719.9090209999999,
                      "p95_ms": 815.212,
                      "p99_ms": 815.86425,
                      "mean_ms": 621.99493946875,
                      "ci95_ms": 50.28123163696438,
                      "messages_per_second": 19.0,
                      "busy_errors": 1105
                    }
                  ]
                }
              ],
              "latency": [
                {
                  "payload_label": "small",
                  "target_payload_bytes": 512,
                  "samples": 600,
                  "p50_ms": 0.1176455,
                  "p95_ms": 0.164792,
                  "p99_ms": 0.218416,
                  "mean_ms": 0.120737935,
                  "ci95_ms": 0.002341416362383004,
                  "in_flight_depth": 1
                },
                {
                  "payload_label": "medium",
                  "target_payload_bytes": 10240,
                  "samples": 600,
                  "p50_ms": 0.261417,
                  "p95_ms": 0.3645,
                  "p99_ms": 0.437125,
                  "mean_ms": 0.27224709166666666,
                  "ci95_ms": 0.004964272326018195,
                  "in_flight_depth": 1
                },
                {
                  "payload_label": "large",
                  "target_payload_bytes": 1048576,
                  "samples": 600,
                  "p50_ms": 19.0468125,
                  "p95_ms": 21.136333,
                  "p99_ms": 22.571375,
                  "mean_ms": 18.730564103333332,
                  "ci95_ms": 0.3715702855162192,
                  "in_flight_depth": 1
                }
              ],
              "throughput": [
                {
                  "payload_label": "small",
                  "target_payload_bytes": 512,
                  "duration_seconds": 3.0,
                  "roundtrips": 121574,
                  "messages_per_second": 40524.666666666664,
                  "in_flight_depth": 32
                },
                {
                  "payload_label": "medium",
                  "target_payload_bytes": 10240,
                  "duration_seconds": 3.0,
                  "roundtrips": 50430,
                  "messages_per_second": 16810.0,
                  "in_flight_depth": 32
                },
                {
                  "payload_label": "large",
                  "target_payload_bytes": 1048576,
                  "duration_seconds": 3.0,
                  "roundtrips": 472,
                  "messages_per_second": 157.33333333333334,
                  "in_flight_depth": 32
                }
              ]
            }
          ]
        },
        {
          "benchmark": "elixir-bridge-transport-microbench",
          "transport_results": [
            {
              "transport": "tcp",
              "in_flight_depths": [
                1,
                32,
                512
              ],
              "payload_results": [
                {
                  "payload_label": "small",
                  "target_payload_bytes": 512,
                  "concurrency_sweep": [
                    {
                      "in_flight_depth": 1,
                      "samples": 600,
                      "p50_ms": 0.1258335,
                      "p95_ms": 0.205916,
                      "p99_ms": 0.290334,
                      "mean_ms": 0.14441098666666666,
                      "ci95_ms": 0.018787288238334365,
                      "messages_per_second": 6305.0,
                      "busy_errors": 0
                    },
                    {
                      "in_flight_depth": 32,
                      "samples": 150,
                      "p50_ms": 1.5873125,
                      "p95_ms": 2.338,
                      "p99_ms": 2.484459,
                      "mean_ms": 1.52481202,
                      "ci95_ms": 0.08371209228469399,
                      "messages_per_second": 22780.0,
                      "busy_errors": 0
                    },
                    {
                      "in_flight_depth": 512,
                      "samples": 64,
                      "p50_ms": 1.6313335,
                      "p95_ms": 2.375917,
                      "p99_ms": 2.408625,
                      "mean_ms": 1.696994875,
                      "ci95_ms": 0.10422220266499518,
                      "messages_per_second": 13007.666666666666,
                      "busy_errors": 264819
                    }
                  ]
                },
                {
                  "payload_label": "medium",
                  "target_payload_bytes": 10240,
                  "concurrency_sweep": [
                    {
                      "in_flight_depth": 1,
                      "samples": 600,
                      "p50_ms": 0.12795849999999998,
                      "p95_ms": 0.20925,
                      "p99_ms": 0.268333,
                      "mean_ms": 0.13728146333333333,
                      "ci95_ms": 0.0028793486030425784,
                      "messages_per_second": 7099.333333333333,
                      "busy_errors": 0
                    },
                    {
                      "in_flight_depth": 32,
                      "samples": 150,
                      "p50_ms": 1.553396,
                      "p95_ms": 7.587541,
                      "p99_ms": 8.364583,
                      "mean_ms": 2.680211373333333,
                      "ci95_ms": 0.40141812052339054,
                      "messages_per_second": 20705.333333333332,
                      "busy_errors": 0
                    },
                    {
                      "in_flight_depth": 512,
                      "samples": 64,
                      "p50_ms": 3.6250210000000003,
                      "p95_ms": 4.541125,
                      "p99_ms": 4.61,
                      "mean_ms": 3.6391465156250002,
                      "ci95_ms": 0.13683808003233464,
                      "messages_per_second": 10408.0,
                      "busy_errors": 207759
                    }
                  ]
                },
                {
                  "payload_label": "large",
                  "target_payload_bytes": 1048576,
                  "concurrency_sweep": [
                    {
                      "in_flight_depth": 1,
                      "samples": 600,
                      "p50_ms": 2.2233539999999996,
                      "p95_ms": 2.749167,
                      "p99_ms": 3.602375,
                      "mean_ms": 2.2693499683333336,
                      "ci95_ms": 0.025288181960838495,
                      "messages_per_second": 407.3333333333333,
                      "busy_errors": 0
                    },
                    {
                      "in_flight_depth": 32,
                      "samples": 150,
                      "p50_ms": 49.172979,
                      "p95_ms": 56.098,
                      "p99_ms": 57.439875,
                      "mean_ms": 46.67590080666667,
                      "ci95_ms": 1.3077825803786847,
                      "messages_per_second": 701.3333333333334,
                      "busy_errors": 0
                    },
                    {
                      "in_flight_depth": 512,
                      "samples": 64,
                      "p50_ms": 48.006167000000005,
                      "p95_ms": 54.298042,
                      "p99_ms": 54.939625,
                      "mean_ms": 47.689980453125,
                      "ci95_ms": 1.1235603487547179,
                      "messages_per_second": 91.33333333333333,
                      "busy_errors": 2868
                    }
                  ]
                }
              ],
              "latency": [
                {
                  "payload_label": "small",
                  "target_payload_bytes": 512,
                  "samples": 600,
                  "p50_ms": 0.1258335,
                  "p95_ms": 0.205916,
                  "p99_ms": 0.290334,
                  "mean_ms": 0.14441098666666666,
                  "ci95_ms": 0.018787288238334365,
                  "in_flight_depth": 1
                },
                {
                  "payload_label": "medium",
                  "target_payload_bytes": 10240,
                  "samples": 600,
                  "p50_ms": 0.12795849999999998,
                  "p95_ms": 0.20925,
                  "p99_ms": 0.268333,
                  "mean_ms": 0.13728146333333333,
                  "ci95_ms": 0.0028793486030425784,
                  "in_flight_depth": 1
                },
                {
                  "payload_label": "large",
                  "target_payload_bytes": 1048576,
                  "samples": 600,
                  "p50_ms": 2.2233539999999996,
                  "p95_ms": 2.749167,
                  "p99_ms": 3.602375,
                  "mean_ms": 2.2693499683333336,
                  "ci95_ms": 0.025288181960838495,
                  "in_flight_depth": 1
                }
              ],
              "throughput": [
                {
                  "payload_label": "small",
                  "target_payload_bytes": 512,
                  "duration_seconds": 3.0,
                  "roundtrips": 68340,
                  "messages_per_second": 22780.0,
                  "in_flight_depth": 32
                },
                {
                  "payload_label": "medium",
                  "target_payload_bytes": 10240,
                  "duration_seconds": 3.0,
                  "roundtrips": 62116,
                  "messages_per_second": 20705.333333333332,
                  "in_flight_depth": 32
                },
                {
                  "payload_label": "large",
                  "target_payload_bytes": 1048576,
                  "duration_seconds": 3.0,
                  "roundtrips": 2104,
                  "messages_per_second": 701.3333333333334,
                  "in_flight_depth": 32
                }
              ]
            },
            {
              "transport": "uds",
              "in_flight_depths": [
                1,
                32,
                512
              ],
              "payload_results": [
                {
                  "payload_label": "small",
                  "target_payload_bytes": 512,
                  "concurrency_sweep": [
                    {
                      "in_flight_depth": 1,
                      "samples": 600,
                      "p50_ms": 0.121,
                      "p95_ms": 0.164583,
                      "p99_ms": 1.516875,
                      "mean_ms": 0.15766833833333335,
                      "ci95_ms": 0.02720191263570905,
                      "messages_per_second": 7920.666666666667,
                      "busy_errors": 0
                    },
                    {
                      "in_flight_depth": 32,
                      "samples": 150,
                      "p50_ms": 0.9396045,
                      "p95_ms": 1.769459,
                      "p99_ms": 1.903333,
                      "mean_ms": 0.9877072866666666,
                      "ci95_ms": 0.06255170567061556,
                      "messages_per_second": 39732.333333333336,
                      "busy_errors": 0
                    },
                    {
                      "in_flight_depth": 512,
                      "samples": 64,
                      "p50_ms": 1.3585004999999999,
                      "p95_ms": 1.814667,
                      "p99_ms": 1.832333,
                      "mean_ms": 1.396578734375,
                      "ci95_ms": 0.06343890727203491,
                      "messages_per_second": 16902.666666666668,
                      "busy_errors": 324192
                    }
                  ]
                },
                {
                  "payload_label": "medium",
                  "target_payload_bytes": 10240,
                  "concurrency_sweep": [
                    {
                      "in_flight_depth": 1,
                      "samples": 600,
                      "p50_ms": 0.26931249999999995,
                      "p95_ms": 0.340125,
                      "p99_ms": 0.404083,
                      "mean_ms": 0.27033673333333336,
                      "ci95_ms": 0.0034294327575869706,
                      "messages_per_second": 2348.3333333333335,
                      "busy_errors": 0
                    },
                    {
                      "in_flight_depth": 32,
                      "samples": 150,
                      "p50_ms": 2.7670005,
                      "p95_ms": 3.905625,
                      "p99_ms": 4.205916,
                      "mean_ms": 2.856220566666667,
                      "ci95_ms": 0.1058157920901969,
                      "messages_per_second": 10401.666666666666,
                      "busy_errors": 0
                    },
                    {
                      "in_flight_depth": 512,
                      "samples": 64,
                      "p50_ms": 3.173375,
                      "p95_ms": 4.110584,
                      "p99_ms": 4.219792,
                      "mean_ms": 3.1712734375,
                      "ci95_ms": 0.17151157424313077,
                      "messages_per_second": 12345.666666666666,
                      "busy_errors": 110461
                    }
                  ]
                },
                {
                  "payload_label": "large",
                  "target_payload_bytes": 1048576,
                  "concurrency_sweep": [
                    {
                      "in_flight_depth": 1,
                      "samples": 600,
                      "p50_ms": 19.100875,
                      "p95_ms": 21.001667,
                      "p99_ms": 23.536,
                      "mean_ms": 18.939006666666668,
                      "ci95_ms": 0.24920580237254952,
                      "messages_per_second": 52.666666666666664,
                      "busy_errors": 0
                    },
                    {
                      "in_flight_depth": 32,
                      "samples": 150,
                      "p50_ms": 202.39102100000002,
                      "p95_ms": 564.284208,
                      "p99_ms": 567.891584,
                      "mean_ms": 254.06500225333332,
                      "ci95_ms": 19.4355974898448,
                      "messages_per_second": 146.66666666666666,
                      "busy_errors": 0
                    },
                    {
                      "in_flight_depth": 512,
                      "samples": 64,
                      "p50_ms": 822.7717715,
                      "p95_ms": 983.646708,
                      "p99_ms": 983.952958,
                      "mean_ms": 719.14766928125,
                      "ci95_ms": 61.53886315328906,
                      "messages_per_second": 16.0,
                      "busy_errors": 1061
                    }
                  ]
                }
              ],
              "latency": [
                {
                  "payload_label": "small",
                  "target_payload_bytes": 512,
                  "samples": 600,
                  "p50_ms": 0.121,
                  "p95_ms": 0.164583,
                  "p99_ms": 1.516875,
                  "mean_ms": 0.15766833833333335,
                  "ci95_ms": 0.02720191263570905,
                  "in_flight_depth": 1
                },
                {
                  "payload_label": "medium",
                  "target_payload_bytes": 10240,
                  "samples": 600,
                  "p50_ms": 0.26931249999999995,
                  "p95_ms": 0.340125,
                  "p99_ms": 0.404083,
                  "mean_ms": 0.27033673333333336,
                  "ci95_ms": 0.0034294327575869706,
                  "in_flight_depth": 1
                },
                {
                  "payload_label": "large",
                  "target_payload_bytes": 1048576,
                  "samples": 600,
                  "p50_ms": 19.100875,
                  "p95_ms": 21.001667,
                  "p99_ms": 23.536,
                  "mean_ms": 18.939006666666668,
                  "ci95_ms": 0.24920580237254952,
                  "in_flight_depth": 1
                }
              ],
              "throughput": [
                {
                  "payload_label": "small",
                  "target_payload_bytes": 512,
                  "duration_seconds": 3.0,
                  "roundtrips": 119197,
                  "messages_per_second": 39732.333333333336,
                  "in_flight_depth": 32
                },
                {
                  "payload_label": "medium",
                  "target_payload_bytes": 10240,
                  "duration_seconds": 3.0,
                  "roundtrips": 37037,
                  "messages_per_second": 12345.666666666666,
                  "in_flight_depth": 512
                },
                {
                  "payload_label": "large",
                  "target_payload_bytes": 1048576,
                  "duration_seconds": 3.0,
                  "roundtrips": 440,
                  "messages_per_second": 146.66666666666666,
                  "in_flight_depth": 32
                }
              ]
            }
          ]
        },
        {
          "benchmark": "elixir-bridge-transport-microbench",
          "transport_results": [
            {
              "transport": "tcp",
              "in_flight_depths": [
                1,
                32,
                512
              ],
              "payload_results": [
                {
                  "payload_label": "small",
                  "target_payload_bytes": 512,
                  "concurrency_sweep": [
                    {
                      "in_flight_depth": 1,
                      "samples": 600,
                      "p50_ms": 0.1080625,
                      "p95_ms": 0.160292,
                      "p99_ms": 0.20125,
                      "mean_ms": 0.12261332833333334,
                      "ci95_ms": 0.01703876356121558,
                      "messages_per_second": 9141.0,
                      "busy_errors": 0
                    },
                    {
                      "in_flight_depth": 32,
                      "samples": 150,
                      "p50_ms": 1.000604,
                      "p95_ms": 1.408334,
                      "p99_ms": 1.534584,
                      "mean_ms": 0.9729281,
                      "ci95_ms": 0.044657288001564426,
                      "messages_per_second": 32564.666666666668,
                      "busy_errors": 0
                    },
                    {
                      "in_flight_depth": 512,
                      "samples": 64,
                      "p50_ms": 1.7986245,
                      "p95_ms": 2.679625,
                      "p99_ms": 2.691458,
                      "mean_ms": 1.829540359375,
                      "ci95_ms": 0.12974880506252745,
                      "messages_per_second": 15164.0,
                      "busy_errors": 308154
                    }
                  ]
                },
                {
                  "payload_label": "medium",
                  "target_payload_bytes": 10240,
                  "concurrency_sweep": [
                    {
                      "in_flight_depth": 1,
                      "samples": 600,
                      "p50_ms": 0.1109375,
                      "p95_ms": 0.166458,
                      "p99_ms": 0.215375,
                      "mean_ms": 0.11783798166666666,
                      "ci95_ms": 0.0020112255538565875,
                      "messages_per_second": 8295.0,
                      "busy_errors": 0
                    },
                    {
                      "in_flight_depth": 32,
                      "samples": 150,
                      "p50_ms": 1.2568955,
                      "p95_ms": 1.875375,
                      "p99_ms": 2.074375,
                      "mean_ms": 1.23805836,
                      "ci95_ms": 0.06355619314026298,
                      "messages_per_second": 25340.0,
                      "busy_errors": 0
                    },
                    {
                      "in_flight_depth": 512,
                      "samples": 64,
                      "p50_ms": 2.6234165000000003,
                      "p95_ms": 3.41525,
                      "p99_ms": 3.445458,
                      "mean_ms": 2.624895125,
                      "ci95_ms": 0.12432195162571334,
                      "messages_per_second": 12930.666666666666,
                      "busy_errors": 249960
                    }
                  ]
                },
                {
                  "payload_label": "large",
                  "target_payload_bytes": 1048576,
                  "concurrency_sweep": [
                    {
                      "in_flight_depth": 1,
                      "samples": 600,
                      "p50_ms": 2.0024375,
                      "p95_ms": 2.368167,
                      "p99_ms": 2.59175,
                      "mean_ms": 2.017235965,
                      "ci95_ms": 0.015508626234873795,
                      "messages_per_second": 483.3333333333333,
                      "busy_errors": 0
                    },
                    {
                      "in_flight_depth": 32,
                      "samples": 150,
                      "p50_ms": 42.707667,
                      "p95_ms": 49.805333,
                      "p99_ms": 50.522583,
                      "mean_ms": 40.629332686666665,
                      "ci95_ms": 1.2119391614257278,
                      "messages_per_second": 815.6666666666666,
                      "busy_errors": 0
                    },
                    {
                      "in_flight_depth": 512,
                      "samples": 64,
                      "p50_ms": 45.297688,
                      "p95_ms": 51.183167,
                      "p99_ms": 51.997958,
                      "mean_ms": 44.989418046875,
                      "ci95_ms": 1.0344857800196627,
                      "messages_per_second": 730.3333333333334,
                      "busy_errors": 261
                    }
                  ]
                }
              ],
              "latency": [
                {
                  "payload_label": "small",
                  "target_payload_bytes": 512,
                  "samples": 600,
                  "p50_ms": 0.1080625,
                  "p95_ms": 0.160292,
                  "p99_ms": 0.20125,
                  "mean_ms": 0.12261332833333334,
                  "ci95_ms": 0.01703876356121558,
                  "in_flight_depth": 1
                },
                {
                  "payload_label": "medium",
                  "target_payload_bytes": 10240,
                  "samples": 600,
                  "p50_ms": 0.1109375,
                  "p95_ms": 0.166458,
                  "p99_ms": 0.215375,
                  "mean_ms": 0.11783798166666666,
                  "ci95_ms": 0.0020112255538565875,
                  "in_flight_depth": 1
                },
                {
                  "payload_label": "large",
                  "target_payload_bytes": 1048576,
                  "samples": 600,
                  "p50_ms": 2.0024375,
                  "p95_ms": 2.368167,
                  "p99_ms": 2.59175,
                  "mean_ms": 2.017235965,
                  "ci95_ms": 0.015508626234873795,
                  "in_flight_depth": 1
                }
              ],
              "throughput": [
                {
                  "payload_label": "small",
                  "target_payload_bytes": 512,
                  "duration_seconds": 3.0,
                  "roundtrips": 97694,
                  "messages_per_second": 32564.666666666668,
                  "in_flight_depth": 32
                },
                {
                  "payload_label": "medium",
                  "target_payload_bytes": 10240,
                  "duration_seconds": 3.0,
                  "roundtrips": 76020,
                  "messages_per_second": 25340.0,
                  "in_flight_depth": 32
                },
                {
                  "payload_label": "large",
                  "target_payload_bytes": 1048576,
                  "duration_seconds": 3.0,
                  "roundtrips": 2447,
                  "messages_per_second": 815.6666666666666,
                  "in_flight_depth": 32
                }
              ]
            },
            {
              "transport": "uds",
              "in_flight_depths": [
                1,
                32,
                512
              ],
              "payload_results": [
                {
                  "payload_label": "small",
                  "target_payload_bytes": 512,
                  "concurrency_sweep": [
                    {
                      "in_flight_depth": 1,
                      "samples": 600,
                      "p50_ms": 0.10993800000000001,
                      "p95_ms": 0.150167,
                      "p99_ms": 0.271084,
                      "mean_ms": 0.1309769,
                      "ci95_ms": 0.03041741680398099,
                      "messages_per_second": 8503.666666666666,
                      "busy_errors": 0
                    },
                    {
                      "in_flight_depth": 32,
                      "samples": 150,
                      "p50_ms": 0.756729,
                      "p95_ms": 1.16875,
                      "p99_ms": 1.278416,
                      "mean_ms": 0.7759007933333334,
                      "ci95_ms": 0.03783017690576266,
                      "messages_per_second": 41081.333333333336,
                      "busy_errors": 0
                    },
                    {
                      "in_flight_depth": 512,
                      "samples": 64,
                      "p50_ms": 1.4034375,
                      "p95_ms": 1.8695,
                      "p99_ms": 1.87575,
                      "mean_ms": 1.43304946875,
                      "ci95_ms": 0.06723642821791669,
                      "messages_per_second": 16546.0,
                      "busy_errors": 317769
                    }
                  ]
                },
                {
                  "payload_label": "medium",
                  "target_payload_bytes": 10240,
                  "concurrency_sweep": [
                    {
                      "in_flight_depth": 1,
                      "samples": 600,
                      "p50_ms": 0.1673125,
                      "p95_ms": 0.257916,
                      "p99_ms": 0.298458,
                      "mean_ms": 0.18090681833333333,
                      "ci95_ms": 0.0030278746758199255,
                      "messages_per_second": 5637.333333333333,
                      "busy_errors": 0
                    },
                    {
                      "in_flight_depth": 32,
                      "samples": 150,
                      "p50_ms": 1.870792,
                      "p95_ms": 2.542459,
                      "p99_ms": 2.696375,
                      "mean_ms": 1.8402475133333334,
                      "ci95_ms": 0.06587996932944318,
                      "messages_per_second": 16592.333333333332,
                      "busy_errors": 0
                    },
                    {
                      "in_flight_depth": 512,
                      "samples": 64,
                      "p50_ms": 3.0733125,
                      "p95_ms": 3.935458,
                      "p99_ms": 3.985208,
                      "mean_ms": 3.0917285,
                      "ci95_ms": 0.15229818738298564,
                      "messages_per_second": 12550.333333333334,
                      "busy_errors": 110826
                    }
                  ]
                },
                {
                  "payload_label": "large",
                  "target_payload_bytes": 1048576,
                  "concurrency_sweep": [
                    {
                      "in_flight_depth": 1,
                      "samples": 600,
                      "p50_ms": 10.431916999999999,
                      "p95_ms": 11.2165,
                      "p99_ms": 11.990959,
                      "mean_ms": 10.552792353333333,
                      "ci95_ms": 0.14971077191623142,
                      "messages_per_second": 94.66666666666667,
                      "busy_errors": 0
                    },
                    {
                      "in_flight_depth": 32,
                      "samples": 150,
                      "p50_ms": 172.457625,
                      "p95_ms": 516.942667,
                      "p99_ms": 524.02225,
                      "mean_ms": 226.890665,
                      "ci95_ms": 18.42643209059253,
                      "messages_per_second": 175.66666666666666,
                      "busy_errors": 0
                    },
                    {
                      "in_flight_depth": 512,
                      "samples": 64,
                      "p50_ms": 664.8174165,
                      "p95_ms": 757.19725,
                      "p99_ms": 757.726375,
                      "mean_ms": 575.34619659375,
                      "ci95_ms": 47.055544443311824,
                      "messages_per_second": 19.333333333333332,
                      "busy_errors": 1330
                    }
                  ]
                }
              ],
              "latency": [
                {
                  "payload_label": "small",
                  "target_payload_bytes": 512,
                  "samples": 600,
                  "p50_ms": 0.10993800000000001,
                  "p95_ms": 0.150167,
                  "p99_ms": 0.271084,
                  "mean_ms": 0.1309769,
                  "ci95_ms": 0.03041741680398099,
                  "in_flight_depth": 1
                },
                {
                  "payload_label": "medium",
                  "target_payload_bytes": 10240,
                  "samples": 600,
                  "p50_ms": 0.1673125,
                  "p95_ms": 0.257916,
                  "p99_ms": 0.298458,
                  "mean_ms": 0.18090681833333333,
                  "ci95_ms": 0.0030278746758199255,
                  "in_flight_depth": 1
                },
                {
                  "payload_label": "large",
                  "target_payload_bytes": 1048576,
                  "samples": 600,
                  "p50_ms": 10.431916999999999,
                  "p95_ms": 11.2165,
                  "p99_ms": 11.990959,
                  "mean_ms": 10.552792353333333,
                  "ci95_ms": 0.14971077191623142,
                  "in_flight_depth": 1
                }
              ],
              "throughput": [
                {
                  "payload_label": "small",
                  "target_payload_bytes": 512,
                  "duration_seconds": 3.0,
                  "roundtrips": 123244,
                  "messages_per_second": 41081.333333333336,
                  "in_flight_depth": 32
                },
                {
                  "payload_label": "medium",
                  "target_payload_bytes": 10240,
                  "duration_seconds": 3.0,
                  "roundtrips": 49777,
                  "messages_per_second": 16592.333333333332,
                  "in_flight_depth": 32
                },
                {
                  "payload_label": "large",
                  "target_payload_bytes": 1048576,
                  "duration_seconds": 3.0,
                  "roundtrips": 527,
                  "messages_per_second": 175.66666666666666,
                  "in_flight_depth": 32
                }
              ]
            }
          ]
        }
      ],
      "summary": {
        "tcp": {
          "small_p50_ms": {
            "median": 0.1258335,
            "mean": 0.12014566666666666,
            "stddev": 0.01047030690015021,
            "p95": 0.126541,
            "p99": 0.126541,
            "ci95": 0.011848267634307451,
            "min": 0.1080625,
            "max": 0.126541
          },
          "small_p99_ms": {
            "median": 0.248292,
            "mean": 0.24662533333333334,
            "stddev": 0.04456538003129034,
            "p95": 0.290334,
            "p99": 0.290334,
            "ci95": 0.050430474948902765,
            "min": 0.20125,
            "max": 0.290334
          },
          "small_messages_per_second": {
            "median": 28933.666666666668,
            "mean": 28092.77777777778,
            "stddev": 4946.235542009402,
            "p95": 32564.666666666668,
            "p99": 32564.666666666668,
            "ci95": 5597.192426442668,
            "min": 22780.0,
            "max": 32564.666666666668
          }
        },
        "uds": {
          "small_p50_ms": {
            "median": 0.1176455,
            "mean": 0.11619449999999999,
            "stddev": 0.005671949554606417,
            "p95": 0.121,
            "p99": 0.121,
            "ci95": 0.006418415140276706,
            "min": 0.10993800000000001,
            "max": 0.121
          },
          "small_p99_ms": {
            "median": 0.271084,
            "mean": 0.6687916666666666,
            "stddev": 0.7349336601111242,
            "p95": 1.516875,
            "p99": 1.516875,
            "ci95": 0.831655727143282,
            "min": 0.218416,
            "max": 1.516875
          },
          "small_messages_per_second": {
            "median": 40524.666666666664,
            "mean": 40446.11111111112,
            "stddev": 677.9221795172962,
            "p95": 41081.333333333336,
            "p99": 41081.333333333336,
            "ci95": 767.1411635545004,
            "min": 39732.333333333336,
            "max": 41081.333333333336
          }
        }
      }
    },
    "python_bridge_reference": {
      "benchmark": "pyre-bridge-multi-transport",
      "transport_results": [
        {
          "transport": "tcp",
          "latency": [
            {
              "payload_label": "small",
              "target_payload_bytes": 512,
              "samples": 600,
              "p50_ms": 0.086375,
              "p95_ms": 0.175042,
              "p99_ms": 0.229791,
              "mean_ms": 0.10459091333333333,
              "min_ms": 0.071583,
              "max_ms": 0.304708
            },
            {
              "payload_label": "medium",
              "target_payload_bytes": 10240,
              "samples": 600,
              "p50_ms": 0.098042,
              "p95_ms": 0.124167,
              "p99_ms": 0.149417,
              "mean_ms": 0.10031642166666666,
              "min_ms": 0.0815,
              "max_ms": 0.217
            },
            {
              "payload_label": "large",
              "target_payload_bytes": 1048576,
              "samples": 600,
              "p50_ms": 2.391542,
              "p95_ms": 2.780292,
              "p99_ms": 2.975916,
              "mean_ms": 2.4176163133333333,
              "min_ms": 1.986375,
              "max_ms": 3.24975
            }
          ],
          "throughput": [
            {
              "payload_label": "small",
              "target_payload_bytes": 512,
              "duration_seconds": 3.0,
              "roundtrips": 32223,
              "messages_per_second": 10741.0
            },
            {
              "payload_label": "medium",
              "target_payload_bytes": 10240,
              "duration_seconds": 3.0,
              "roundtrips": 28256,
              "messages_per_second": 9418.666666666666
            },
            {
              "payload_label": "large",
              "target_payload_bytes": 1048576,
              "duration_seconds": 3.0,
              "roundtrips": 1240,
              "messages_per_second": 413.3333333333333
            }
          ]
        },
        {
          "transport": "uds",
          "latency": [
            {
              "payload_label": "small",
              "target_payload_bytes": 512,
              "samples": 600,
              "p50_ms": 0.057583,
              "p95_ms": 0.077458,
              "p99_ms": 0.107708,
              "mean_ms": 0.060003135,
              "min_ms": 0.055708,
              "max_ms": 0.150208
            },
            {
              "payload_label": "medium",
              "target_payload_bytes": 10240,
              "samples": 600,
              "p50_ms": 0.11525,
              "p95_ms": 0.163833,
              "p99_ms": 0.198875,
              "mean_ms": 0.12206958166666666,
              "min_ms": 0.111125,
              "max_ms": 0.262084
            },
            {
              "payload_label": "large",
              "target_payload_bytes": 1048576,
              "samples": 600,
              "p50_ms": 7.524792,
              "p95_ms": 7.905959,
              "p99_ms": 8.105959,
              "mean_ms": 7.5397715199999995,
              "min_ms": 7.082333,
              "max_ms": 10.42925
            }
          ],
          "throughput": [
            {
              "payload_label": "small",
              "target_payload_bytes": 512,
              "duration_seconds": 3.0,
              "roundtrips": 45864,
              "messages_per_second": 15288.0
            },
            {
              "payload_label": "medium",
              "target_payload_bytes": 10240,
              "duration_seconds": 3.0,
              "roundtrips": 23984,
              "messages_per_second": 7994.666666666667
            },
            {
              "payload_label": "large",
              "target_payload_bytes": 1048576,
              "duration_seconds": 3.0,
              "roundtrips": 401,
              "messages_per_second": 133.66666666666666
            }
          ]
        }
      ]
    },
    "bridge_stress": {
      "benchmark": "elixir-bridge-stress",
      "transport": "uds",
      "config": {
        "in_flight_depths": [
          1,
          8,
          32,
          128,
          512
        ],
        "duration_seconds": 2.0,
        "payload_bytes": 512,
        "pool_size": 8,
        "max_in_flight_per_conn": 64,
        "enable_backpressure": true
      },
      "results": [
        {
          "in_flight_depth": 1,
          "messages_per_second": 11694.0,
          "p99_ms": 0.145208,
          "p50_ms": 0.07722899999999999,
          "p95_ms": 0.105125,
          "pool_backpressure_events": 0,
          "server_backpressure_events": 0,
          "roundtrips": 23388,
          "duration_seconds": 2.0,
          "max_in_flight_observed": 1
        },
        {
          "in_flight_depth": 8,
          "messages_per_second": 36883.0,
          "p99_ms": 0.324083,
          "p50_ms": 0.205521,
          "p95_ms": 0.310833,
          "pool_backpressure_events": 0,
          "server_backpressure_events": 0,
          "roundtrips": 73766,
          "duration_seconds": 2.0,
          "max_in_flight_observed": 8
        },
        {
          "in_flight_depth": 32,
          "messages_per_second": 42764.0,
          "p99_ms": 1.097125,
          "p50_ms": 0.686833,
          "p95_ms": 0.979458,
          "pool_backpressure_events": 0,
          "server_backpressure_events": 0,
          "roundtrips": 85528,
          "duration_seconds": 2.0,
          "max_in_flight_observed": 32
        },
        {
          "in_flight_depth": 128,
          "messages_per_second": 43276.0,
          "p99_ms": 1.771584,
          "p50_ms": 1.2451875000000001,
          "p95_ms": 1.727084,
          "pool_backpressure_events": 0,
          "server_backpressure_events": 0,
          "roundtrips": 86552,
          "duration_seconds": 2.0,
          "max_in_flight_observed": 128
        },
        {
          "in_flight_depth": 512,
          "messages_per_second": 16876.5,
          "p99_ms": 1.85625,
          "p50_ms": 1.4402495000000002,
          "p95_ms": 1.851167,
          "pool_backpressure_events": 215268,
          "server_backpressure_events": 215268,
          "roundtrips": 33753,
          "duration_seconds": 2.0,
          "max_in_flight_observed": 512
        }
      ],
      "summary": {
        "best_messages_per_second": 43276.0,
        "p99_at_max_depth_ms": 1.85625,
        "avg_p99_ms": 1.03885
      }
    },
    "memory_scaling": {
      "python": {
        "feasible": true,
        "runs": [
          {
            "agents": 100,
            "rss_bytes": 1965309952
          },
          {
            "agents": 1000,
            "rss_bytes": 1965309952
          },
          {
            "agents": 5000,
            "rss_bytes": 1971077120
          }
        ],
        "fit": {
          "bytes_per_agent": 1257.4178147966682,
          "base_bytes": 1964675591.77658
        },
        "base_runtime_bytes_estimate": 1965309952.0
      },
      "elixir_bridge": {
        "feasible": true,
        "runs": [
          {
            "agents": 100,
            "baseline_rss_bytes": 132251648,
            "rss_bytes": 132825088,
            "delta_bytes": 573440
          },
          {
            "agents": 1000,
            "baseline_rss_bytes": 132694016,
            "rss_bytes": 136626176,
            "delta_bytes": 3932160
          },
          {
            "agents": 5000,
            "baseline_rss_bytes": 132186112,
            "rss_bytes": 152158208,
            "delta_bytes": 19972096
          }
        ],
        "fit": {
          "bytes_per_agent": 3974.424458598726,
          "base_bytes": 77902.26751592476
        },
        "base_runtime_bytes_estimate": 132251648.0,
        "absolute_base_runtime_bytes": 132251648.0,
        "idle_beam_rss_bytes": 56590336.0,
        "bridge_over_idle_beam_bytes": 75661312.0
      }
    },
    "failure_recovery": {
      "restart_attempts": 15,
      "restarted_successes": 15,
      "restart_success_ratio": 1.0,
      "mean_recovery_ms": 12.92508333378161,
      "strategy_checks": {
        "rest_for_one_older_survives": true,
        "rest_for_one_crashed_restarted": true,
        "rest_for_one_younger_restarted": true
      }
    },
    "scheduler_fairness": {
      "evaluation_mode": "serial_python_worker",
      "baseline": {
        "median": 0.003083,
        "mean": 0.0034871666666666666,
        "stddev": 0.0032221240693380017,
        "p95": 0.003417,
        "p99": 0.01,
        "ci95": 0.0005765111450465427,
        "min": 0.002958,
        "max": 0.037709
      },
      "under_cpu_load": {
        "median": 0.003,
        "mean": 0.00321709,
        "stddev": 0.0016071118903741015,
        "p95": 0.003417,
        "p99": 0.005209,
        "ci95": 0.00031499393051332385,
        "min": 0.002875,
        "max": 0.018917
      },
      "python_no_preemption_blocking_factor_p99": 86.33694041957227,
      "pooled_workers_blocking_factor_p99": 1.1810520939734421,
      "no_preemption_timer_drift": {
        "mode": "serial_python_worker",
        "period_ms": 5.0,
        "samples": 600,
        "blocked_threshold_ms": 10.0,
        "baseline_drift_ms": {
          "median": 1.2975205073598772,
          "mean": 1.223425556672737,
          "stddev": 0.5461978419382839,
          "p95": 1.4658329938538373,
          "p99": 2.7257920056581497,
          "ci95": 0.04370492970436571,
          "min": 0.06108300760388364,
          "max": 10.323166007874532
        },
        "under_cpu_load_drift_ms": {
          "median": 1.2982915114844218,
          "mean": 7.489033333355716,
          "stddev": 37.745818716054465,
          "p95": 1.5872079867403954,
          "p99": 235.33654198865406,
          "ci95": 3.020294528745672,
          "min": 0.05366700235754241,
          "max": 235.40354200406
        },
        "blocking_factor_p99": 86.33694041957227,
        "blocked_tick_ratio": 0.02666666666666667
      },
      "modes": {
        "serial_python_worker": {
          "mode": "serial_python_worker",
          "handler_worker_count": 1,
          "baseline": {
            "median": 0.003083,
            "mean": 0.0034871666666666666,
            "stddev": 0.0032221240693380017,
            "p95": 0.003417,
            "p99": 0.01,
            "ci95": 0.0005765111450465427,
            "min": 0.002958,
            "max": 0.037709
          },
          "under_cpu_load": {
            "median": 0.003,
            "mean": 0.00321709,
            "stddev": 0.0016071118903741015,
            "p95": 0.003417,
            "p99": 0.005209,
            "ci95": 0.00031499393051332385,
            "min": 0.002875,
            "max": 0.018917
          },
          "blocking_factor_p99": 0.5209,
          "queue_depth_percentiles": {
            "p50": 1.0,
            "p95": 1.0,
            "p99": 1.0
          },
          "restart_latency_percentiles_ms": {
            "p50": 0.0,
            "p95": 0.0,
            "p99": 0.0
          }
        },
        "pooled_workers": {
          "mode": "pooled_workers",
          "handler_worker_count": 64,
          "baseline": {
            "median": 0.002917,
            "mean": 0.0030353916666666664,
            "stddev": 0.000760526125892639,
            "p95": 0.003125,
            "p99": 0.003916,
            "ci95": 0.00013607538947631463,
            "min": 0.002833,
            "max": 0.011167
          },
          "under_cpu_load": {
            "median": 0.0030415,
            "mean": 0.0032071100000000004,
            "stddev": 0.0012175447300185563,
            "p95": 0.003417,
            "p99": 0.004625,
            "ci95": 0.00023863876708363704,
            "min": 0.002875,
            "max": 0.015083
          },
          "blocking_factor_p99": 1.1810520939734421,
          "queue_depth_percentiles": {
            "p50": 1.0,
            "p95": 1.0,
            "p99": 1.0
          },
          "restart_latency_percentiles_ms": {
            "p50": 0.0,
            "p95": 0.0,
            "p99": 0.0
          }
        }
      },
      "queue_depth_percentiles": {
        "p50": 1.0,
        "p95": 1.0,
        "p99": 1.0
      },
      "restart_latency_percentiles_ms": {
        "p50": 0.0,
        "p95": 0.0,
        "p99": 0.0
      }
    },
    "startup_overhead": {
      "runs": [
        {
          "boot_ms": 624.112,
          "first_ping_ms": 0.337625
        },
        {
          "boot_ms": 612.393333,
          "first_ping_ms": 0.406875
        },
        {
          "boot_ms": 665.537292,
          "first_ping_ms": 0.448042
        },
        {
          "boot_ms": 618.181667,
          "first_ping_ms": 0.367417
        },
        {
          "boot_ms": 672.26425,
          "first_ping_ms": 0.544792
        },
        {
          "boot_ms": 619.860833,
          "first_ping_ms": 0.382833
        }
      ],
      "boot_ms": {
        "median": 621.9864164999999,
        "mean": 635.3915625,
        "stddev": 26.313081320168465,
        "p95": 672.26425,
        "p99": 672.26425,
        "ci95": 21.054850112958952,
        "min": 612.393333,
        "max": 672.26425
      },
      "first_ping_ms": {
        "median": 0.394854,
        "mean": 0.4145973333333333,
        "stddev": 0.07387628606438382,
        "p95": 0.544792,
        "p99": 0.544792,
        "ci95": 0.05911334028354385,
        "min": 0.337625,
        "max": 0.544792
      }
    },
    "architectural_evidence": {
      "python_api_surface": {
        "runtime": true,
        "agent": true,
        "readme": true
      },
      "state_and_serialization": {
        "base_model_enforced": true,
        "bridge_codec_tests": true,
        "bridge_protocol_tests": true
      },
      "observability": {
        "bridge_health_api": true,
        "bridge_health_tests": true
      }
    }
  }
}
