Task was destroyed but it is pending!
task: <Task pending name='Task-3281' coro=<BridgeMultiplexedConnection._recv_loop() done, defined at /Users/arjun/Documents/Pyre/src/pyre_agents/bridge/transport.py:136> wait_for=<Future pending cb=[Task.task_wakeup()]>>
Task was destroyed but it is pending!
task: <Task pending name='Task-3282' coro=<BridgeMultiplexedConnection._recv_loop() done, defined at /Users/arjun/Documents/Pyre/src/pyre_agents/bridge/transport.py:136> wait_for=<Future pending cb=[Task.task_wakeup()]>>
Task was destroyed but it is pending!
task: <Task pending name='Task-3283' coro=<BridgeMultiplexedConnection._recv_loop() done, defined at /Users/arjun/Documents/Pyre/src/pyre_agents/bridge/transport.py:136> wait_for=<Future pending cb=[Task.task_wakeup()]>>
Task was destroyed but it is pending!
task: <Task pending name='Task-3284' coro=<BridgeMultiplexedConnection._recv_loop() done, defined at /Users/arjun/Documents/Pyre/src/pyre_agents/bridge/transport.py:136> wait_for=<Future pending cb=[Task.task_wakeup()]>>
Task was destroyed but it is pending!
task: <Task pending name='Task-3285' coro=<BridgeMultiplexedConnection._recv_loop() done, defined at /Users/arjun/Documents/Pyre/src/pyre_agents/bridge/transport.py:136> wait_for=<Future pending cb=[Task.task_wakeup()]>>
{
  "benchmark": "whitepaper-claim-validation",
  "generated_at_utc": "2026-04-09T13:18:30.609501+00:00",
  "profile": "rigorous",
  "claim_scope": "all",
  "require_rigorous_for_validated": true,
  "transports": "both",
  "publication_ready": true,
  "environment": {
    "python": "3.12.7",
    "platform": "Darwin 25.3.0 (arm64)",
    "mix_version": "Erlang/OTP 28 [erts-16.3] [source] [64-bit] [smp:8:8] [ds:8:8:10] [async-threads:1] [jit] [dtrace] |  | Mix 1.19.5 (compiled with Erlang/OTP 28)",
    "erlang_version": "\"28\""
  },
  "controls": {
    "warmup_runs": 1,
    "measured_runs": 3,
    "rigorous_min_runs_target": 10,
    "notes": [
      "Local workstation measurements include hardware and scheduler variance.",
      "UDS claims require UDS transport measurements.",
      "Claims are evaluated against March 2026 whitepaper text."
    ]
  },
  "claims": [
    {
      "claim_id": "E1",
      "quote": "The bridge round-trip for a typical agent message (under 1KB of state) adds 0.1-0.3ms of latency.",
      "claim_class": "empirical",
      "evidence_type": "benchmark",
      "metric": "bridge.uds.small.p50_ms and bridge.uds.small.p99_ms",
      "threshold": "validated if p50 <= 0.3 and p99 <= 0.5",
      "partial_rule": "partial if p50 <= 0.5 and p99 <= 1.0",
      "caveats": "Requires UDS benchmark transport source.",
      "required_profile": "rigorous",
      "transport_required": "uds",
      "suite_keys": [
        "bridge_suite"
      ],
      "class": "empirical"
    },
    {
      "claim_id": "E2",
      "quote": "The Unix domain socket bridge supports 50,000-100,000 messages per second.",
      "claim_class": "empirical",
      "evidence_type": "benchmark",
      "metric": "bridge.uds.small.messages_per_second",
      "threshold": "validated if median >= 50000",
      "partial_rule": "partial if median >= 10000",
      "caveats": "UDS source of truth only.",
      "required_profile": "rigorous",
      "transport_required": "uds",
      "suite_keys": [
        "bridge_suite"
      ],
      "class": "empirical"
    },
    {
      "claim_id": "E3",
      "quote": "Booting the Elixir runtime adds 500-1000ms to application startup.",
      "claim_class": "empirical",
      "evidence_type": "benchmark",
      "metric": "startup.boot_ms median",
      "threshold": "validated if median <= 1000",
      "partial_rule": "partial if median <= 1500",
      "caveats": "Local workstation variance expected.",
      "required_profile": "rigorous",
      "transport_required": "none",
      "suite_keys": [
        "startup_overhead"
      ],
      "class": "empirical"
    },
    {
      "claim_id": "E4",
      "quote": "Supervisors restart child processes when they fail with one_for_one, one_for_all, and rest_for_one semantics.",
      "claim_class": "empirical",
      "evidence_type": "integration_test",
      "metric": "recovery.restart_success_ratio and strategy checks",
      "threshold": "validated if ratio >= 0.99 and all checks pass",
      "partial_rule": "partial if ratio >= 0.90 and 2/3 checks pass",
      "caveats": "Bridge recovery checks over Elixir runtime.",
      "required_profile": "quick",
      "transport_required": "tcp",
      "suite_keys": [
        "failure_recovery"
      ],
      "class": "empirical"
    },
    {
      "claim_id": "E5",
      "quote": "The Pyre bridge adds approximately 143MB of base memory and each agent on the Elixir side consumes approximately 2.9KB.",
      "claim_class": "empirical",
      "evidence_type": "benchmark",
      "metric": "memory_scaling.elixir.absolute_base_runtime_bytes and bytes_per_agent",
      "threshold": "validated if base in [100,180]MB and slope in [2,5]KB",
      "partial_rule": "partial if base in [80,200]MB and slope <= 10KB",
      "caveats": "Absolute RSS is verdict source; idle-BEAM delta is contextual.",
      "required_profile": "rigorous",
      "transport_required": "none",
      "suite_keys": [
        "memory_scaling"
      ],
      "class": "empirical"
    },
    {
      "claim_id": "E6",
      "quote": "No preemption within Python: CPU-intensive handler work can block the Python worker/event loop.",
      "claim_class": "empirical",
      "evidence_type": "benchmark",
      "metric": "scheduler_fairness.no_preemption_timer_drift.blocking_factor_p99",
      "threshold": "validated if blocking_factor >= 2.0",
      "partial_rule": "partial if blocking_factor >= 1.3",
      "caveats": "Synthetic tail-latency amplification benchmark.",
      "required_profile": "quick",
      "transport_required": "none",
      "suite_keys": [
        "scheduler_fairness"
      ],
      "class": "empirical"
    },
    {
      "claim_id": "A1",
      "quote": "Developers write pure Python and interact with Python APIs.",
      "claim_class": "architectural",
      "evidence_type": "static_analysis",
      "metric": "python_api_surface_present",
      "threshold": "validated if public Python runtime APIs are available and documented",
      "partial_rule": "partial if APIs exist but docs/tests missing",
      "caveats": "Non-benchmark architectural claim.",
      "required_profile": "quick",
      "transport_required": "none",
      "suite_keys": [
        "architectural_evidence"
      ],
      "class": "architectural"
    },
    {
      "claim_id": "A2",
      "quote": "State is serialized across the bridge and constrained to serializable models.",
      "claim_class": "architectural",
      "evidence_type": "static_analysis",
      "metric": "state_validation_and_bridge_codec_checks",
      "threshold": "validated if BaseModel enforcement + codec tests present",
      "partial_rule": "partial if only one evidence source present",
      "caveats": "Validated through code/test evidence links.",
      "required_profile": "quick",
      "transport_required": "none",
      "suite_keys": [
        "architectural_evidence"
      ],
      "class": "architectural"
    },
    {
      "claim_id": "A3",
      "quote": "Bridge/runtime observability provides lifecycle and error event visibility.",
      "claim_class": "architectural",
      "evidence_type": "integration_test",
      "metric": "bridge_health_event_types_and_tests",
      "threshold": "validated if event API + integration tests exist",
      "partial_rule": "partial if API exists without tests",
      "caveats": "Evidence from health event hooks and tests.",
      "required_profile": "quick",
      "transport_required": "none",
      "suite_keys": [
        "architectural_evidence"
      ],
      "class": "architectural"
    },
    {
      "claim_id": "F1",
      "quote": "Distributed clustering for cross-machine agents is a future direction.",
      "claim_class": "future/distributed",
      "evidence_type": "blocked_future",
      "metric": "blocked_by_local_single_node_scope",
      "threshold": "unsupported_in_scope",
      "partial_rule": "n/a",
      "caveats": "Requires multi-node distributed implementation.",
      "required_profile": "quick",
      "transport_required": "none",
      "suite_keys": [],
      "class": "future/distributed"
    },
    {
      "claim_id": "F2",
      "quote": "Hot code reloading for Python handlers is a future direction.",
      "claim_class": "future/distributed",
      "evidence_type": "blocked_future",
      "metric": "blocked_by_unimplemented_feature",
      "threshold": "unsupported_in_scope",
      "partial_rule": "n/a",
      "caveats": "Requires explicit runtime/versioned handler infrastructure.",
      "required_profile": "quick",
      "transport_required": "none",
      "suite_keys": [],
      "class": "future/distributed"
    },
    {
      "claim_id": "F3",
      "quote": "Streaming bridge message types are a future direction.",
      "claim_class": "future/distributed",
      "evidence_type": "blocked_future",
      "metric": "blocked_by_protocol_extension_not_present",
      "threshold": "unsupported_in_scope",
      "partial_rule": "n/a",
      "caveats": "Current protocol is request/response oriented.",
      "required_profile": "quick",
      "transport_required": "none",
      "suite_keys": [],
      "class": "future/distributed"
    },
    {
      "claim_id": "F4",
      "quote": "WASM-based isolation as an alternative is a future direction.",
      "claim_class": "future/distributed",
      "evidence_type": "blocked_future",
      "metric": "blocked_by_unimplemented_runtime_mode",
      "threshold": "unsupported_in_scope",
      "partial_rule": "n/a",
      "caveats": "No WASM execution backend in current repository.",
      "required_profile": "quick",
      "transport_required": "none",
      "suite_keys": [],
      "class": "future/distributed"
    }
  ],
  "claim_verdicts": [
    {
      "claim_id": "E1",
      "status": "validated",
      "detail": "p50=0.1156ms p99=0.2205ms",
      "class": "empirical",
      "evidence_type": "benchmark",
      "gate_status": "meets_gate",
      "required_profile": "rigorous",
      "transport_source": "uds",
      "blockers": []
    },
    {
      "claim_id": "E2",
      "status": "partially_validated",
      "detail": "median_mps=42863.7",
      "class": "empirical",
      "evidence_type": "benchmark",
      "gate_status": "meets_gate",
      "required_profile": "rigorous",
      "transport_source": "uds",
      "blockers": []
    },
    {
      "claim_id": "E3",
      "status": "validated",
      "detail": "boot_median=722.3ms",
      "class": "empirical",
      "evidence_type": "benchmark",
      "gate_status": "meets_gate",
      "required_profile": "rigorous",
      "transport_source": "none",
      "blockers": []
    },
    {
      "claim_id": "E4",
      "status": "validated",
      "detail": "ratio=1.000 checks=3/3",
      "class": "empirical",
      "evidence_type": "integration_test",
      "gate_status": "meets_gate",
      "required_profile": "quick",
      "transport_source": "tcp",
      "blockers": []
    },
    {
      "claim_id": "E5",
      "status": "validated",
      "detail": "base=125.09MB delta_vs_idle_beam=70.94MB slope=3.69KB/agent",
      "class": "empirical",
      "evidence_type": "benchmark",
      "gate_status": "meets_gate",
      "required_profile": "rigorous",
      "transport_source": "none",
      "blockers": []
    },
    {
      "claim_id": "E6",
      "status": "validated",
      "detail": "blocking_factor=70.12 blocked_tick_ratio=0.028",
      "class": "empirical",
      "evidence_type": "benchmark",
      "gate_status": "meets_gate",
      "required_profile": "quick",
      "transport_source": "none",
      "blockers": []
    },
    {
      "claim_id": "A1",
      "status": "validated",
      "detail": "api evidence 3/3",
      "class": "architectural",
      "evidence_type": "static_analysis",
      "gate_status": "meets_gate",
      "required_profile": "quick",
      "transport_source": "none",
      "blockers": []
    },
    {
      "claim_id": "A2",
      "status": "validated",
      "detail": "serialization evidence 3/3",
      "class": "architectural",
      "evidence_type": "static_analysis",
      "gate_status": "meets_gate",
      "required_profile": "quick",
      "transport_source": "none",
      "blockers": []
    },
    {
      "claim_id": "A3",
      "status": "validated",
      "detail": "observability evidence 2/2",
      "class": "architectural",
      "evidence_type": "integration_test",
      "gate_status": "meets_gate",
      "required_profile": "quick",
      "transport_source": "none",
      "blockers": []
    },
    {
      "claim_id": "F1",
      "status": "unsupported_in_scope",
      "detail": "future/distributed claim outside local single-node validation scope",
      "class": "future/distributed",
      "evidence_type": "blocked_future",
      "gate_status": "not_applicable",
      "required_profile": "quick",
      "transport_source": "none",
      "blockers": [
        "Requires multi-node distributed implementation."
      ]
    },
    {
      "claim_id": "F2",
      "status": "unsupported_in_scope",
      "detail": "future/distributed claim outside local single-node validation scope",
      "class": "future/distributed",
      "evidence_type": "blocked_future",
      "gate_status": "not_applicable",
      "required_profile": "quick",
      "transport_source": "none",
      "blockers": [
        "Requires explicit runtime/versioned handler infrastructure."
      ]
    },
    {
      "claim_id": "F3",
      "status": "unsupported_in_scope",
      "detail": "future/distributed claim outside local single-node validation scope",
      "class": "future/distributed",
      "evidence_type": "blocked_future",
      "gate_status": "not_applicable",
      "required_profile": "quick",
      "transport_source": "none",
      "blockers": [
        "Current protocol is request/response oriented."
      ]
    },
    {
      "claim_id": "F4",
      "status": "unsupported_in_scope",
      "detail": "future/distributed claim outside local single-node validation scope",
      "class": "future/distributed",
      "evidence_type": "blocked_future",
      "gate_status": "not_applicable",
      "required_profile": "quick",
      "transport_source": "none",
      "blockers": [
        "No WASM execution backend in current repository."
      ]
    }
  ],
  "coverage_summary": {
    "by_class": {
      "empirical": 6,
      "architectural": 3,
      "future/distributed": 4
    },
    "by_status": {
      "validated": 8,
      "partially_validated": 1,
      "unsupported_in_scope": 4
    }
  },
  "transport_concurrency_profile": {
    "in_flight_depths": [
      1,
      8,
      32,
      128,
      512
    ],
    "duration_seconds": 2.0,
    "payload_bytes": 512,
    "pool_size": 8,
    "max_in_flight_per_conn": 64,
    "enable_backpressure": true
  },
  "backpressure_events": {
    "pool": 0,
    "server": 0
  },
  "queue_depth_percentiles": {
    "p50": 1.0,
    "p95": 1.0,
    "p99": 1.0
  },
  "restart_latency_percentiles": {
    "p50": 0.0,
    "p95": 0.0,
    "p99": 0.0
  },
  "raw_artifacts": {
    "bridge_suite": "docs/benchmarks/raw/whitepaper_validation/rigorous_20260409T131830Z/bridge_suite.json",
    "python_bridge_reference": "docs/benchmarks/raw/whitepaper_validation/rigorous_20260409T131830Z/python_bridge_reference.json",
    "bridge_stress": "docs/benchmarks/raw/whitepaper_validation/rigorous_20260409T131830Z/bridge_stress.json",
    "memory_scaling": "docs/benchmarks/raw/whitepaper_validation/rigorous_20260409T131830Z/memory_scaling.json",
    "failure_recovery": "docs/benchmarks/raw/whitepaper_validation/rigorous_20260409T131830Z/failure_recovery.json",
    "scheduler_fairness": "docs/benchmarks/raw/whitepaper_validation/rigorous_20260409T131830Z/scheduler_fairness.json",
    "startup_overhead": "docs/benchmarks/raw/whitepaper_validation/rigorous_20260409T131830Z/startup_overhead.json",
    "architectural_evidence": "docs/benchmarks/raw/whitepaper_validation/rigorous_20260409T131830Z/architectural_evidence.json"
  },
  "suite_summary": {
    "bridge_suite": {
      "warmup_runs": 1,
      "measured_runs": 3,
      "in_flight_depths": [
        1,
        32,
        512
      ],
      "transport_runs": [
        {
          "benchmark": "elixir-bridge-transport-microbench",
          "transport_results": [
            {
              "transport": "tcp",
              "in_flight_depths": [
                1,
                32,
                512
              ],
              "payload_results": [
                {
                  "payload_label": "small",
                  "target_payload_bytes": 512,
                  "concurrency_sweep": [
                    {
                      "in_flight_depth": 1,
                      "samples": 600,
                      "p50_ms": 0.11647950000000001,
                      "p95_ms": 0.163042,
                      "p99_ms": 0.204583,
                      "mean_ms": 0.13112195833333334,
                      "ci95_ms": 0.017886488232092868,
                      "messages_per_second": 8904.666666666666,
                      "busy_errors": 0
                    },
                    {
                      "in_flight_depth": 32,
                      "samples": 150,
                      "p50_ms": 0.961646,
                      "p95_ms": 1.384458,
                      "p99_ms": 1.517333,
                      "mean_ms": 0.9403370066666668,
                      "ci95_ms": 0.04529251687215444,
                      "messages_per_second": 32901.666666666664,
                      "busy_errors": 0
                    },
                    {
                      "in_flight_depth": 512,
                      "samples": 64,
                      "p50_ms": 1.820167,
                      "p95_ms": 2.636084,
                      "p99_ms": 2.673125,
                      "mean_ms": 1.8555925,
                      "ci95_ms": 0.12315147389795424,
                      "messages_per_second": 32631.333333333332,
                      "busy_errors": 0
                    }
                  ]
                },
                {
                  "payload_label": "medium",
                  "target_payload_bytes": 10240,
                  "concurrency_sweep": [
                    {
                      "in_flight_depth": 1,
                      "samples": 600,
                      "p50_ms": 0.127979,
                      "p95_ms": 0.173167,
                      "p99_ms": 0.216041,
                      "mean_ms": 0.13308785166666667,
                      "ci95_ms": 0.0018201847526763712,
                      "messages_per_second": 7870.666666666667,
                      "busy_errors": 0
                    },
                    {
                      "in_flight_depth": 32,
                      "samples": 150,
                      "p50_ms": 1.2584374999999999,
                      "p95_ms": 1.765167,
                      "p99_ms": 1.9205,
                      "mean_ms": 1.22943164,
                      "ci95_ms": 0.058003499823663374,
                      "messages_per_second": 25316.0,
                      "busy_errors": 0
                    },
                    {
                      "in_flight_depth": 512,
                      "samples": 64,
                      "p50_ms": 2.3556665,
                      "p95_ms": 3.140125,
                      "p99_ms": 3.169208,
                      "mean_ms": 2.389046296875,
                      "ci95_ms": 0.12038295354354087,
                      "messages_per_second": 25592.333333333332,
                      "busy_errors": 0
                    }
                  ]
                },
                {
                  "payload_label": "large",
                  "target_payload_bytes": 1048576,
                  "concurrency_sweep": [
                    {
                      "in_flight_depth": 1,
                      "samples": 600,
                      "p50_ms": 1.9940414999999998,
                      "p95_ms": 2.275041,
                      "p99_ms": 2.519708,
                      "mean_ms": 2.01670091,
                      "ci95_ms": 0.012916231686548874,
                      "messages_per_second": 494.0,
                      "busy_errors": 0
                    },
                    {
                      "in_flight_depth": 32,
                      "samples": 150,
                      "p50_ms": 40.1743545,
                      "p95_ms": 51.962125,
                      "p99_ms": 54.837458,
                      "mean_ms": 40.329934726666664,
                      "ci95_ms": 1.2585641747560103,
                      "messages_per_second": 821.3333333333334,
                      "busy_errors": 0
                    },
                    {
                      "in_flight_depth": 512,
                      "samples": 64,
                      "p50_ms": 45.415020999999996,
                      "p95_ms": 49.986458,
                      "p99_ms": 50.485375,
                      "mean_ms": 45.08168809375,
                      "ci95_ms": 0.7998875305506661,
                      "messages_per_second": 665.3333333333334,
                      "busy_errors": 460
                    }
                  ]
                }
              ],
              "latency": [
                {
                  "payload_label": "small",
                  "target_payload_bytes": 512,
                  "samples": 600,
                  "p50_ms": 0.11647950000000001,
                  "p95_ms": 0.163042,
                  "p99_ms": 0.204583,
                  "mean_ms": 0.13112195833333334,
                  "ci95_ms": 0.017886488232092868,
                  "in_flight_depth": 1
                },
                {
                  "payload_label": "medium",
                  "target_payload_bytes": 10240,
                  "samples": 600,
                  "p50_ms": 0.127979,
                  "p95_ms": 0.173167,
                  "p99_ms": 0.216041,
                  "mean_ms": 0.13308785166666667,
                  "ci95_ms": 0.0018201847526763712,
                  "in_flight_depth": 1
                },
                {
                  "payload_label": "large",
                  "target_payload_bytes": 1048576,
                  "samples": 600,
                  "p50_ms": 1.9940414999999998,
                  "p95_ms": 2.275041,
                  "p99_ms": 2.519708,
                  "mean_ms": 2.01670091,
                  "ci95_ms": 0.012916231686548874,
                  "in_flight_depth": 1
                }
              ],
              "throughput": [
                {
                  "payload_label": "small",
                  "target_payload_bytes": 512,
                  "duration_seconds": 3.0,
                  "roundtrips": 98705,
                  "messages_per_second": 32901.666666666664,
                  "in_flight_depth": 32
                },
                {
                  "payload_label": "medium",
                  "target_payload_bytes": 10240,
                  "duration_seconds": 3.0,
                  "roundtrips": 76777,
                  "messages_per_second": 25592.333333333332,
                  "in_flight_depth": 512
                },
                {
                  "payload_label": "large",
                  "target_payload_bytes": 1048576,
                  "duration_seconds": 3.0,
                  "roundtrips": 2464,
                  "messages_per_second": 821.3333333333334,
                  "in_flight_depth": 32
                }
              ]
            },
            {
              "transport": "uds",
              "in_flight_depths": [
                1,
                32,
                512
              ],
              "payload_results": [
                {
                  "payload_label": "small",
                  "target_payload_bytes": 512,
                  "concurrency_sweep": [
                    {
                      "in_flight_depth": 1,
                      "samples": 600,
                      "p50_ms": 0.115729,
                      "p95_ms": 0.151667,
                      "p99_ms": 0.197583,
                      "mean_ms": 0.13947492833333333,
                      "ci95_ms": 0.044637466760991604,
                      "messages_per_second": 8399.0,
                      "busy_errors": 0
                    },
                    {
                      "in_flight_depth": 32,
                      "samples": 150,
                      "p50_ms": 0.7833545,
                      "p95_ms": 1.287583,
                      "p99_ms": 1.420541,
                      "mean_ms": 0.7852100399999999,
                      "ci95_ms": 0.04455868953009462,
                      "messages_per_second": 41874.666666666664,
                      "busy_errors": 0
                    },
                    {
                      "in_flight_depth": 512,
                      "samples": 64,
                      "p50_ms": 1.431375,
                      "p95_ms": 1.887334,
                      "p99_ms": 1.892709,
                      "mean_ms": 1.4584159375,
                      "ci95_ms": 0.06672034412069514,
                      "messages_per_second": 38496.666666666664,
                      "busy_errors": 0
                    }
                  ]
                },
                {
                  "payload_label": "medium",
                  "target_payload_bytes": 10240,
                  "concurrency_sweep": [
                    {
                      "in_flight_depth": 1,
                      "samples": 600,
                      "p50_ms": 0.195917,
                      "p95_ms": 0.263042,
                      "p99_ms": 0.302208,
                      "mean_ms": 0.1995611,
                      "ci95_ms": 0.002866700761099473,
                      "messages_per_second": 5593.0,
                      "busy_errors": 0
                    },
                    {
                      "in_flight_depth": 32,
                      "samples": 150,
                      "p50_ms": 1.853021,
                      "p95_ms": 2.666875,
                      "p99_ms": 2.871375,
                      "mean_ms": 1.8811507933333333,
                      "ci95_ms": 0.07633168526645491,
                      "messages_per_second": 16545.666666666668,
                      "busy_errors": 0
                    },
                    {
                      "in_flight_depth": 512,
                      "samples": 64,
                      "p50_ms": 3.0499375,
                      "p95_ms": 4.049792,
                      "p99_ms": 4.066583,
                      "mean_ms": 2.986447328125,
                      "ci95_ms": 0.1747844272255752,
                      "messages_per_second": 15998.666666666666,
                      "busy_errors": 0
                    }
                  ]
                },
                {
                  "payload_label": "large",
                  "target_payload_bytes": 1048576,
                  "concurrency_sweep": [
                    {
                      "in_flight_depth": 1,
                      "samples": 600,
                      "p50_ms": 10.841479,
                      "p95_ms": 11.714,
                      "p99_ms": 12.112,
                      "mean_ms": 10.890389931666666,
                      "ci95_ms": 0.0519731929817674,
                      "messages_per_second": 93.33333333333333,
                      "busy_errors": 0
                    },
                    {
                      "in_flight_depth": 32,
                      "samples": 150,
                      "p50_ms": 173.337292,
                      "p95_ms": 522.15425,
                      "p99_ms": 528.203541,
                      "mean_ms": 228.7548116466667,
                      "ci95_ms": 18.741553554456488,
                      "messages_per_second": 173.33333333333334,
                      "busy_errors": 0
                    },
                    {
                      "in_flight_depth": 512,
                      "samples": 64,
                      "p50_ms": 660.7695415000001,
                      "p95_ms": 753.394792,
                      "p99_ms": 754.126709,
                      "mean_ms": 573.544930296875,
                      "ci95_ms": 46.45729881311604,
                      "messages_per_second": 19.333333333333332,
                      "busy_errors": 648
                    }
                  ]
                }
              ],
              "latency": [
                {
                  "payload_label": "small",
                  "target_payload_bytes": 512,
                  "samples": 600,
                  "p50_ms": 0.115729,
                  "p95_ms": 0.151667,
                  "p99_ms": 0.197583,
                  "mean_ms": 0.13947492833333333,
                  "ci95_ms": 0.044637466760991604,
                  "in_flight_depth": 1
                },
                {
                  "payload_label": "medium",
                  "target_payload_bytes": 10240,
                  "samples": 600,
                  "p50_ms": 0.195917,
                  "p95_ms": 0.263042,
                  "p99_ms": 0.302208,
                  "mean_ms": 0.1995611,
                  "ci95_ms": 0.002866700761099473,
                  "in_flight_depth": 1
                },
                {
                  "payload_label": "large",
                  "target_payload_bytes": 1048576,
                  "samples": 600,
                  "p50_ms": 10.841479,
                  "p95_ms": 11.714,
                  "p99_ms": 12.112,
                  "mean_ms": 10.890389931666666,
                  "ci95_ms": 0.0519731929817674,
                  "in_flight_depth": 1
                }
              ],
              "throughput": [
                {
                  "payload_label": "small",
                  "target_payload_bytes": 512,
                  "duration_seconds": 3.0,
                  "roundtrips": 125624,
                  "messages_per_second": 41874.666666666664,
                  "in_flight_depth": 32
                },
                {
                  "payload_label": "medium",
                  "target_payload_bytes": 10240,
                  "duration_seconds": 3.0,
                  "roundtrips": 49637,
                  "messages_per_second": 16545.666666666668,
                  "in_flight_depth": 32
                },
                {
                  "payload_label": "large",
                  "target_payload_bytes": 1048576,
                  "duration_seconds": 3.0,
                  "roundtrips": 520,
                  "messages_per_second": 173.33333333333334,
                  "in_flight_depth": 32
                }
              ]
            }
          ]
        },
        {
          "benchmark": "elixir-bridge-transport-microbench",
          "transport_results": [
            {
              "transport": "tcp",
              "in_flight_depths": [
                1,
                32,
                512
              ],
              "payload_results": [
                {
                  "payload_label": "small",
                  "target_payload_bytes": 512,
                  "concurrency_sweep": [
                    {
                      "in_flight_depth": 1,
                      "samples": 600,
                      "p50_ms": 0.11339550000000001,
                      "p95_ms": 0.177958,
                      "p99_ms": 0.2195,
                      "mean_ms": 0.13240743333333335,
                      "ci95_ms": 0.018196576008658955,
                      "messages_per_second": 8659.666666666666,
                      "busy_errors": 0
                    },
                    {
                      "in_flight_depth": 32,
                      "samples": 150,
                      "p50_ms": 1.023854,
                      "p95_ms": 1.533,
                      "p99_ms": 1.70375,
                      "mean_ms": 1.01757384,
                      "ci95_ms": 0.05326614982067058,
                      "messages_per_second": 32148.666666666668,
                      "busy_errors": 0
                    },
                    {
                      "in_flight_depth": 512,
                      "samples": 64,
                      "p50_ms": 1.8848129999999998,
                      "p95_ms": 2.662791,
                      "p99_ms": 2.668833,
                      "mean_ms": 1.9221465,
                      "ci95_ms": 0.1161737052715385,
                      "messages_per_second": 31646.333333333332,
                      "busy_errors": 0
                    }
                  ]
                },
                {
                  "payload_label": "medium",
                  "target_payload_bytes": 10240,
                  "concurrency_sweep": [
                    {
                      "in_flight_depth": 1,
                      "samples": 600,
                      "p50_ms": 0.1232915,
                      "p95_ms": 0.169375,
                      "p99_ms": 0.216209,
                      "mean_ms": 0.12828693666666666,
                      "ci95_ms": 0.00176956831976843,
                      "messages_per_second": 8048.333333333333,
                      "busy_errors": 0
                    },
                    {
                      "in_flight_depth": 32,
                      "samples": 150,
                      "p50_ms": 1.26325,
                      "p95_ms": 1.880375,
                      "p99_ms": 2.183083,
                      "mean_ms": 1.2784216933333332,
                      "ci95_ms": 0.06068719152240599,
                      "messages_per_second": 25192.666666666668,
                      "busy_errors": 0
                    },
                    {
                      "in_flight_depth": 512,
                      "samples": 64,
                      "p50_ms": 2.425562,
                      "p95_ms": 3.295959,
                      "p99_ms": 3.366708,
                      "mean_ms": 2.4339134374999998,
                      "ci95_ms": 0.1270373374383574,
                      "messages_per_second": 25725.333333333332,
                      "busy_errors": 0
                    }
                  ]
                },
                {
                  "payload_label": "large",
                  "target_payload_bytes": 1048576,
                  "concurrency_sweep": [
                    {
                      "in_flight_depth": 1,
                      "samples": 600,
                      "p50_ms": 2.0450205,
                      "p95_ms": 2.333375,
                      "p99_ms": 2.613583,
                      "mean_ms": 2.0626114616666666,
                      "ci95_ms": 0.013953251972783765,
                      "messages_per_second": 479.0,
                      "busy_errors": 0
                    },
                    {
                      "in_flight_depth": 32,
                      "samples": 150,
                      "p50_ms": 42.350750000000005,
                      "p95_ms": 51.3175,
                      "p99_ms": 53.813833,
                      "mean_ms": 40.76044615333333,
                      "ci95_ms": 1.2805253064231636,
                      "messages_per_second": 828.3333333333334,
                      "busy_errors": 0
                    },
                    {
                      "in_flight_depth": 512,
                      "samples": 64,
                      "p50_ms": 43.496395500000006,
                      "p95_ms": 49.422583,
                      "p99_ms": 49.969,
                      "mean_ms": 43.376087234375,
                      "ci95_ms": 0.987493848910534,
                      "messages_per_second": 668.0,
                      "busy_errors": 470
                    }
                  ]
                }
              ],
              "latency": [
                {
                  "payload_label": "small",
                  "target_payload_bytes": 512,
                  "samples": 600,
                  "p50_ms": 0.11339550000000001,
                  "p95_ms": 0.177958,
                  "p99_ms": 0.2195,
                  "mean_ms": 0.13240743333333335,
                  "ci95_ms": 0.018196576008658955,
                  "in_flight_depth": 1
                },
                {
                  "payload_label": "medium",
                  "target_payload_bytes": 10240,
                  "samples": 600,
                  "p50_ms": 0.1232915,
                  "p95_ms": 0.169375,
                  "p99_ms": 0.216209,
                  "mean_ms": 0.12828693666666666,
                  "ci95_ms": 0.00176956831976843,
                  "in_flight_depth": 1
                },
                {
                  "payload_label": "large",
                  "target_payload_bytes": 1048576,
                  "samples": 600,
                  "p50_ms": 2.0450205,
                  "p95_ms": 2.333375,
                  "p99_ms": 2.613583,
                  "mean_ms": 2.0626114616666666,
                  "ci95_ms": 0.013953251972783765,
                  "in_flight_depth": 1
                }
              ],
              "throughput": [
                {
                  "payload_label": "small",
                  "target_payload_bytes": 512,
                  "duration_seconds": 3.0,
                  "roundtrips": 96446,
                  "messages_per_second": 32148.666666666668,
                  "in_flight_depth": 32
                },
                {
                  "payload_label": "medium",
                  "target_payload_bytes": 10240,
                  "duration_seconds": 3.0,
                  "roundtrips": 77176,
                  "messages_per_second": 25725.333333333332,
                  "in_flight_depth": 512
                },
                {
                  "payload_label": "large",
                  "target_payload_bytes": 1048576,
                  "duration_seconds": 3.0,
                  "roundtrips": 2485,
                  "messages_per_second": 828.3333333333334,
                  "in_flight_depth": 32
                }
              ]
            },
            {
              "transport": "uds",
              "in_flight_depths": [
                1,
                32,
                512
              ],
              "payload_results": [
                {
                  "payload_label": "small",
                  "target_payload_bytes": 512,
                  "concurrency_sweep": [
                    {
                      "in_flight_depth": 1,
                      "samples": 600,
                      "p50_ms": 0.11560400000000001,
                      "p95_ms": 0.175333,
                      "p99_ms": 0.43625,
                      "mean_ms": 0.14227993,
                      "ci95_ms": 0.028437137741238617,
                      "messages_per_second": 8449.333333333334,
                      "busy_errors": 0
                    },
                    {
                      "in_flight_depth": 32,
                      "samples": 150,
                      "p50_ms": 0.837417,
                      "p95_ms": 1.286833,
                      "p99_ms": 1.55075,
                      "mean_ms": 0.8245636,
                      "ci95_ms": 0.0469064061168005,
                      "messages_per_second": 43560.0,
                      "busy_errors": 0
                    },
                    {
                      "in_flight_depth": 512,
                      "samples": 64,
                      "p50_ms": 1.597437,
                      "p95_ms": 2.092958,
                      "p99_ms": 2.122417,
                      "mean_ms": 1.63365303125,
                      "ci95_ms": 0.07037520087226672,
                      "messages_per_second": 40683.333333333336,
                      "busy_errors": 9
                    }
                  ]
                },
                {
                  "payload_label": "medium",
                  "target_payload_bytes": 10240,
                  "concurrency_sweep": [
                    {
                      "in_flight_depth": 1,
                      "samples": 600,
                      "p50_ms": 0.243438,
                      "p95_ms": 0.329459,
                      "p99_ms": 0.363375,
                      "mean_ms": 0.24612228333333333,
                      "ci95_ms": 0.0036693645242228826,
                      "messages_per_second": 3805.3333333333335,
                      "busy_errors": 0
                    },
                    {
                      "in_flight_depth": 32,
                      "samples": 150,
                      "p50_ms": 1.858354,
                      "p95_ms": 2.54975,
                      "p99_ms": 2.726542,
                      "mean_ms": 1.8588669866666665,
                      "ci95_ms": 0.06467845805746779,
                      "messages_per_second": 17621.666666666668,
                      "busy_errors": 0
                    },
                    {
                      "in_flight_depth": 512,
                      "samples": 64,
                      "p50_ms": 2.8492915,
                      "p95_ms": 3.8425,
                      "p99_ms": 3.86775,
                      "mean_ms": 2.825024734375,
                      "ci95_ms": 0.18016166210794676,
                      "messages_per_second": 16812.333333333332,
                      "busy_errors": 0
                    }
                  ]
                },
                {
                  "payload_label": "large",
                  "target_payload_bytes": 1048576,
                  "concurrency_sweep": [
                    {
                      "in_flight_depth": 1,
                      "samples": 600,
                      "p50_ms": 17.899604,
                      "p95_ms": 19.188208,
                      "p99_ms": 20.287792,
                      "mean_ms": 17.750682729999998,
                      "ci95_ms": 0.14353681944794783,
                      "messages_per_second": 55.666666666666664,
                      "busy_errors": 0
                    },
                    {
                      "in_flight_depth": 32,
                      "samples": 150,
                      "p50_ms": 173.92275,
                      "p95_ms": 533.3935,
                      "p99_ms": 541.871,
                      "mean_ms": 230.65525361333334,
                      "ci95_ms": 19.349066800583298,
                      "messages_per_second": 176.0,
                      "busy_errors": 0
                    },
                    {
                      "in_flight_depth": 512,
                      "samples": 64,
                      "p50_ms": 657.800896,
                      "p95_ms": 751.159833,
                      "p99_ms": 751.566708,
                      "mean_ms": 571.5691465,
                      "ci95_ms": 46.02153014198821,
                      "messages_per_second": 19.666666666666668,
                      "busy_errors": 648
                    }
                  ]
                }
              ],
              "latency": [
                {
                  "payload_label": "small",
                  "target_payload_bytes": 512,
                  "samples": 600,
                  "p50_ms": 0.11560400000000001,
                  "p95_ms": 0.175333,
                  "p99_ms": 0.43625,
                  "mean_ms": 0.14227993,
                  "ci95_ms": 0.028437137741238617,
                  "in_flight_depth": 1
                },
                {
                  "payload_label": "medium",
                  "target_payload_bytes": 10240,
                  "samples": 600,
                  "p50_ms": 0.243438,
                  "p95_ms": 0.329459,
                  "p99_ms": 0.363375,
                  "mean_ms": 0.24612228333333333,
                  "ci95_ms": 0.0036693645242228826,
                  "in_flight_depth": 1
                },
                {
                  "payload_label": "large",
                  "target_payload_bytes": 1048576,
                  "samples": 600,
                  "p50_ms": 17.899604,
                  "p95_ms": 19.188208,
                  "p99_ms": 20.287792,
                  "mean_ms": 17.750682729999998,
                  "ci95_ms": 0.14353681944794783,
                  "in_flight_depth": 1
                }
              ],
              "throughput": [
                {
                  "payload_label": "small",
                  "target_payload_bytes": 512,
                  "duration_seconds": 3.0,
                  "roundtrips": 130680,
                  "messages_per_second": 43560.0,
                  "in_flight_depth": 32
                },
                {
                  "payload_label": "medium",
                  "target_payload_bytes": 10240,
                  "duration_seconds": 3.0,
                  "roundtrips": 52865,
                  "messages_per_second": 17621.666666666668,
                  "in_flight_depth": 32
                },
                {
                  "payload_label": "large",
                  "target_payload_bytes": 1048576,
                  "duration_seconds": 3.0,
                  "roundtrips": 528,
                  "messages_per_second": 176.0,
                  "in_flight_depth": 32
                }
              ]
            }
          ]
        },
        {
          "benchmark": "elixir-bridge-transport-microbench",
          "transport_results": [
            {
              "transport": "tcp",
              "in_flight_depths": [
                1,
                32,
                512
              ],
              "payload_results": [
                {
                  "payload_label": "small",
                  "target_payload_bytes": 512,
                  "concurrency_sweep": [
                    {
                      "in_flight_depth": 1,
                      "samples": 600,
                      "p50_ms": 0.1139165,
                      "p95_ms": 0.162334,
                      "p99_ms": 0.197708,
                      "mean_ms": 0.12796583166666667,
                      "ci95_ms": 0.01723813891960721,
                      "messages_per_second": 8844.333333333334,
                      "busy_errors": 0
                    },
                    {
                      "in_flight_depth": 32,
                      "samples": 150,
                      "p50_ms": 1.0840835,
                      "p95_ms": 1.66475,
                      "p99_ms": 1.928458,
                      "mean_ms": 1.0764080133333334,
                      "ci95_ms": 0.06254592320299587,
                      "messages_per_second": 32972.333333333336,
                      "busy_errors": 0
                    },
                    {
                      "in_flight_depth": 512,
                      "samples": 64,
                      "p50_ms": 1.686854,
                      "p95_ms": 2.342583,
                      "p99_ms": 2.353792,
                      "mean_ms": 1.682169890625,
                      "ci95_ms": 0.10368063371484394,
                      "messages_per_second": 32466.0,
                      "busy_errors": 0
                    }
                  ]
                },
                {
                  "payload_label": "medium",
                  "target_payload_bytes": 10240,
                  "concurrency_sweep": [
                    {
                      "in_flight_depth": 1,
                      "samples": 600,
                      "p50_ms": 0.1274585,
                      "p95_ms": 0.184584,
                      "p99_ms": 0.243625,
                      "mean_ms": 0.13518537,
                      "ci95_ms": 0.002490104649284396,
                      "messages_per_second": 7969.0,
                      "busy_errors": 0
                    },
                    {
                      "in_flight_depth": 32,
                      "samples": 150,
                      "p50_ms": 1.2464585000000001,
                      "p95_ms": 1.802875,
                      "p99_ms": 1.940125,
                      "mean_ms": 1.2246969333333333,
                      "ci95_ms": 0.059190907724256066,
                      "messages_per_second": 25144.0,
                      "busy_errors": 0
                    },
                    {
                      "in_flight_depth": 512,
                      "samples": 64,
                      "p50_ms": 2.294375,
                      "p95_ms": 3.031584,
                      "p99_ms": 3.054708,
                      "mean_ms": 2.321819,
                      "ci95_ms": 0.11432547480411125,
                      "messages_per_second": 25589.333333333332,
                      "busy_errors": 0
                    }
                  ]
                },
                {
                  "payload_label": "large",
                  "target_payload_bytes": 1048576,
                  "concurrency_sweep": [
                    {
                      "in_flight_depth": 1,
                      "samples": 600,
                      "p50_ms": 2.0030835,
                      "p95_ms": 2.2945,
                      "p99_ms": 2.569208,
                      "mean_ms": 2.0286295916666663,
                      "ci95_ms": 0.013194246904496849,
                      "messages_per_second": 500.3333333333333,
                      "busy_errors": 0
                    },
                    {
                      "in_flight_depth": 32,
                      "samples": 150,
                      "p50_ms": 40.800812,
                      "p95_ms": 59.89275,
                      "p99_ms": 69.721958,
                      "mean_ms": 40.27518635333333,
                      "ci95_ms": 1.601586106679269,
                      "messages_per_second": 816.3333333333334,
                      "busy_errors": 0
                    },
                    {
                      "in_flight_depth": 512,
                      "samples": 64,
                      "p50_ms": 47.591145499999996,
                      "p95_ms": 61.498,
                      "p99_ms": 61.504709,
                      "mean_ms": 49.040442,
                      "ci95_ms": 1.8370258463459463,
                      "messages_per_second": 661.3333333333334,
                      "busy_errors": 476
                    }
                  ]
                }
              ],
              "latency": [
                {
                  "payload_label": "small",
                  "target_payload_bytes": 512,
                  "samples": 600,
                  "p50_ms": 0.1139165,
                  "p95_ms": 0.162334,
                  "p99_ms": 0.197708,
                  "mean_ms": 0.12796583166666667,
                  "ci95_ms": 0.01723813891960721,
                  "in_flight_depth": 1
                },
                {
                  "payload_label": "medium",
                  "target_payload_bytes": 10240,
                  "samples": 600,
                  "p50_ms": 0.1274585,
                  "p95_ms": 0.184584,
                  "p99_ms": 0.243625,
                  "mean_ms": 0.13518537,
                  "ci95_ms": 0.002490104649284396,
                  "in_flight_depth": 1
                },
                {
                  "payload_label": "large",
                  "target_payload_bytes": 1048576,
                  "samples": 600,
                  "p50_ms": 2.0030835,
                  "p95_ms": 2.2945,
                  "p99_ms": 2.569208,
                  "mean_ms": 2.0286295916666663,
                  "ci95_ms": 0.013194246904496849,
                  "in_flight_depth": 1
                }
              ],
              "throughput": [
                {
                  "payload_label": "small",
                  "target_payload_bytes": 512,
                  "duration_seconds": 3.0,
                  "roundtrips": 98917,
                  "messages_per_second": 32972.333333333336,
                  "in_flight_depth": 32
                },
                {
                  "payload_label": "medium",
                  "target_payload_bytes": 10240,
                  "duration_seconds": 3.0,
                  "roundtrips": 76768,
                  "messages_per_second": 25589.333333333332,
                  "in_flight_depth": 512
                },
                {
                  "payload_label": "large",
                  "target_payload_bytes": 1048576,
                  "duration_seconds": 3.0,
                  "roundtrips": 2449,
                  "messages_per_second": 816.3333333333334,
                  "in_flight_depth": 32
                }
              ]
            },
            {
              "transport": "uds",
              "in_flight_depths": [
                1,
                32,
                512
              ],
              "payload_results": [
                {
                  "payload_label": "small",
                  "target_payload_bytes": 512,
                  "concurrency_sweep": [
                    {
                      "in_flight_depth": 1,
                      "samples": 600,
                      "p50_ms": 0.083917,
                      "p95_ms": 0.133625,
                      "p99_ms": 0.2205,
                      "mean_ms": 0.10156320499999999,
                      "ci95_ms": 0.015383017680391908,
                      "messages_per_second": 8733.333333333334,
                      "busy_errors": 0
                    },
                    {
                      "in_flight_depth": 32,
                      "samples": 150,
                      "p50_ms": 0.7372289999999999,
                      "p95_ms": 1.113334,
                      "p99_ms": 1.226709,
                      "mean_ms": 0.72482086,
                      "ci95_ms": 0.03665528629322974,
                      "messages_per_second": 42863.666666666664,
                      "busy_errors": 0
                    },
                    {
                      "in_flight_depth": 512,
                      "samples": 64,
                      "p50_ms": 1.4049585,
                      "p95_ms": 1.885875,
                      "p99_ms": 1.908417,
                      "mean_ms": 1.444150453125,
                      "ci95_ms": 0.06793242280992119,
                      "messages_per_second": 41747.0,
                      "busy_errors": 2895
                    }
                  ]
                },
                {
                  "payload_label": "medium",
                  "target_payload_bytes": 10240,
                  "concurrency_sweep": [
                    {
                      "in_flight_depth": 1,
                      "samples": 600,
                      "p50_ms": 0.240708,
                      "p95_ms": 0.313833,
                      "p99_ms": 0.347916,
                      "mean_ms": 0.2430634,
                      "ci95_ms": 0.0031128281892739283,
                      "messages_per_second": 3684.3333333333335,
                      "busy_errors": 0
                    },
                    {
                      "in_flight_depth": 32,
                      "samples": 150,
                      "p50_ms": 1.725333,
                      "p95_ms": 2.300292,
                      "p99_ms": 2.566209,
                      "mean_ms": 1.72251216,
                      "ci95_ms": 0.055338455790156386,
                      "messages_per_second": 17362.333333333332,
                      "busy_errors": 0
                    },
                    {
                      "in_flight_depth": 512,
                      "samples": 64,
                      "p50_ms": 2.9167294999999998,
                      "p95_ms": 3.785458,
                      "p99_ms": 3.842209,
                      "mean_ms": 2.933566453125,
                      "ci95_ms": 0.15654381573259535,
                      "messages_per_second": 16658.666666666668,
                      "busy_errors": 0
                    }
                  ]
                },
                {
                  "payload_label": "large",
                  "target_payload_bytes": 1048576,
                  "concurrency_sweep": [
                    {
                      "in_flight_depth": 1,
                      "samples": 600,
                      "p50_ms": 17.9341255,
                      "p95_ms": 19.113167,
                      "p99_ms": 20.741083,
                      "mean_ms": 17.665154873333336,
                      "ci95_ms": 0.10785673751406238,
                      "messages_per_second": 55.333333333333336,
                      "busy_errors": 0
                    },
                    {
                      "in_flight_depth": 32,
                      "samples": 150,
                      "p50_ms": 177.404,
                      "p95_ms": 520.963167,
                      "p99_ms": 524.788417,
                      "mean_ms": 230.62447275333335,
                      "ci95_ms": 18.390342371734906,
                      "messages_per_second": 173.33333333333334,
                      "busy_errors": 0
                    },
                    {
                      "in_flight_depth": 512,
                      "samples": 64,
                      "p50_ms": 674.1796664999999,
                      "p95_ms": 770.371875,
                      "p99_ms": 770.783416,
                      "mean_ms": 585.1497253125,
                      "ci95_ms": 47.41682576315398,
                      "messages_per_second": 19.0,
                      "busy_errors": 646
                    }
                  ]
                }
              ],
              "latency": [
                {
                  "payload_label": "small",
                  "target_payload_bytes": 512,
                  "samples": 600,
                  "p50_ms": 0.083917,
                  "p95_ms": 0.133625,
                  "p99_ms": 0.2205,
                  "mean_ms": 0.10156320499999999,
                  "ci95_ms": 0.015383017680391908,
                  "in_flight_depth": 1
                },
                {
                  "payload_label": "medium",
                  "target_payload_bytes": 10240,
                  "samples": 600,
                  "p50_ms": 0.240708,
                  "p95_ms": 0.313833,
                  "p99_ms": 0.347916,
                  "mean_ms": 0.2430634,
                  "ci95_ms": 0.0031128281892739283,
                  "in_flight_depth": 1
                },
                {
                  "payload_label": "large",
                  "target_payload_bytes": 1048576,
                  "samples": 600,
                  "p50_ms": 17.9341255,
                  "p95_ms": 19.113167,
                  "p99_ms": 20.741083,
                  "mean_ms": 17.665154873333336,
                  "ci95_ms": 0.10785673751406238,
                  "in_flight_depth": 1
                }
              ],
              "throughput": [
                {
                  "payload_label": "small",
                  "target_payload_bytes": 512,
                  "duration_seconds": 3.0,
                  "roundtrips": 128591,
                  "messages_per_second": 42863.666666666664,
                  "in_flight_depth": 32
                },
                {
                  "payload_label": "medium",
                  "target_payload_bytes": 10240,
                  "duration_seconds": 3.0,
                  "roundtrips": 52087,
                  "messages_per_second": 17362.333333333332,
                  "in_flight_depth": 32
                },
                {
                  "payload_label": "large",
                  "target_payload_bytes": 1048576,
                  "duration_seconds": 3.0,
                  "roundtrips": 520,
                  "messages_per_second": 173.33333333333334,
                  "in_flight_depth": 32
                }
              ]
            }
          ]
        }
      ],
      "summary": {
        "tcp": {
          "small_p50_ms": {
            "median": 0.1139165,
            "mean": 0.11459716666666668,
            "stddev": 0.0016508314066958334,
            "p95": 0.11647950000000001,
            "p99": 0.11647950000000001,
            "ci95": 0.001868091595803355,
            "min": 0.11339550000000001,
            "max": 0.11647950000000001
          },
          "small_p99_ms": {
            "median": 0.204583,
            "mean": 0.20726366666666665,
            "stddev": 0.011140569838806874,
            "p95": 0.2195,
            "p99": 0.2195,
            "ci95": 0.012606741550907512,
            "min": 0.197708,
            "max": 0.2195
          },
          "small_messages_per_second": {
            "median": 32901.666666666664,
            "mean": 32674.222222222223,
            "stddev": 456.513883606978,
            "p95": 32972.333333333336,
            "p99": 32972.333333333336,
            "ci95": 516.5940906350089,
            "min": 32148.666666666668,
            "max": 32972.333333333336
          }
        },
        "uds": {
          "small_p50_ms": {
            "median": 0.11560400000000001,
            "mean": 0.10508333333333335,
            "stddev": 0.018330688921405363,
            "p95": 0.115729,
            "p99": 0.115729,
            "ci95": 0.020743127239081168,
            "min": 0.083917,
            "max": 0.115729
          },
          "small_p99_ms": {
            "median": 0.2205,
            "mean": 0.28477766666666665,
            "stddev": 0.1316783886836915,
            "p95": 0.43625,
            "p99": 0.43625,
            "ci95": 0.14900812417985151,
            "min": 0.197583,
            "max": 0.43625
          },
          "small_messages_per_second": {
            "median": 42863.666666666664,
            "mean": 42766.11111111111,
            "stddev": 846.8913306475205,
            "p95": 43560.0,
            "p99": 43560.0,
            "ci95": 958.3477579384644,
            "min": 41874.666666666664,
            "max": 43560.0
          }
        }
      }
    },
    "python_bridge_reference": {
      "benchmark": "pyre-bridge-multi-transport",
      "transport_results": [
        {
          "transport": "tcp",
          "latency": [
            {
              "payload_label": "small",
              "target_payload_bytes": 512,
              "samples": 600,
              "p50_ms": 0.085709,
              "p95_ms": 0.164959,
              "p99_ms": 0.206125,
              "mean_ms": 0.10129338166666667,
              "min_ms": 0.072042,
              "max_ms": 0.360208
            },
            {
              "payload_label": "medium",
              "target_payload_bytes": 10240,
              "samples": 600,
              "p50_ms": 0.093,
              "p95_ms": 0.127666,
              "p99_ms": 0.159542,
              "mean_ms": 0.09568339166666666,
              "min_ms": 0.075833,
              "max_ms": 0.205875
            },
            {
              "payload_label": "large",
              "target_payload_bytes": 1048576,
              "samples": 600,
              "p50_ms": 2.036042,
              "p95_ms": 2.531834,
              "p99_ms": 2.675334,
              "mean_ms": 2.0993922400000002,
              "min_ms": 1.782417,
              "max_ms": 5.7185
            }
          ],
          "throughput": [
            {
              "payload_label": "small",
              "target_payload_bytes": 512,
              "duration_seconds": 3.0,
              "roundtrips": 33128,
              "messages_per_second": 11042.666666666666
            },
            {
              "payload_label": "medium",
              "target_payload_bytes": 10240,
              "duration_seconds": 3.0,
              "roundtrips": 28293,
              "messages_per_second": 9431.0
            },
            {
              "payload_label": "large",
              "target_payload_bytes": 1048576,
              "duration_seconds": 3.0,
              "roundtrips": 1316,
              "messages_per_second": 438.6666666666667
            }
          ]
        },
        {
          "transport": "uds",
          "latency": [
            {
              "payload_label": "small",
              "target_payload_bytes": 512,
              "samples": 600,
              "p50_ms": 0.057833,
              "p95_ms": 0.079,
              "p99_ms": 0.112125,
              "mean_ms": 0.06065167666666667,
              "min_ms": 0.055667,
              "max_ms": 0.145416
            },
            {
              "payload_label": "medium",
              "target_payload_bytes": 10240,
              "samples": 600,
              "p50_ms": 0.113958,
              "p95_ms": 0.144375,
              "p99_ms": 0.189209,
              "mean_ms": 0.11849352499999999,
              "min_ms": 0.11075,
              "max_ms": 0.285334
            },
            {
              "payload_label": "large",
              "target_payload_bytes": 1048576,
              "samples": 600,
              "p50_ms": 7.417667,
              "p95_ms": 7.696208,
              "p99_ms": 7.838791,
              "mean_ms": 7.42194125,
              "min_ms": 7.055625,
              "max_ms": 7.95725
            }
          ],
          "throughput": [
            {
              "payload_label": "small",
              "target_payload_bytes": 512,
              "duration_seconds": 3.0,
              "roundtrips": 46626,
              "messages_per_second": 15542.0
            },
            {
              "payload_label": "medium",
              "target_payload_bytes": 10240,
              "duration_seconds": 3.0,
              "roundtrips": 24464,
              "messages_per_second": 8154.666666666667
            },
            {
              "payload_label": "large",
              "target_payload_bytes": 1048576,
              "duration_seconds": 3.0,
              "roundtrips": 401,
              "messages_per_second": 133.66666666666666
            }
          ]
        }
      ]
    },
    "bridge_stress": {
      "benchmark": "elixir-bridge-stress",
      "transport": "uds",
      "config": {
        "in_flight_depths": [
          1,
          8,
          32,
          128,
          512
        ],
        "duration_seconds": 2.0,
        "payload_bytes": 512,
        "pool_size": 8,
        "max_in_flight_per_conn": 64,
        "enable_backpressure": true
      },
      "results": [
        {
          "in_flight_depth": 1,
          "messages_per_second": 11358.0,
          "p99_ms": 0.147541,
          "p50_ms": 0.0764795,
          "p95_ms": 0.118584,
          "pool_backpressure_events": 0,
          "server_backpressure_events": 0,
          "roundtrips": 22716,
          "duration_seconds": 2.0,
          "max_in_flight_observed": 1
        },
        {
          "in_flight_depth": 8,
          "messages_per_second": 37041.0,
          "p99_ms": 0.417959,
          "p50_ms": 0.214583,
          "p95_ms": 0.300333,
          "pool_backpressure_events": 0,
          "server_backpressure_events": 0,
          "roundtrips": 74082,
          "duration_seconds": 2.0,
          "max_in_flight_observed": 8
        },
        {
          "in_flight_depth": 32,
          "messages_per_second": 43144.0,
          "p99_ms": 0.976875,
          "p50_ms": 0.642,
          "p95_ms": 0.913167,
          "pool_backpressure_events": 0,
          "server_backpressure_events": 0,
          "roundtrips": 86288,
          "duration_seconds": 2.0,
          "max_in_flight_observed": 32
        },
        {
          "in_flight_depth": 128,
          "messages_per_second": 43707.0,
          "p99_ms": 1.458416,
          "p50_ms": 1.02675,
          "p95_ms": 1.452167,
          "pool_backpressure_events": 0,
          "server_backpressure_events": 0,
          "roundtrips": 87414,
          "duration_seconds": 2.0,
          "max_in_flight_observed": 128
        },
        {
          "in_flight_depth": 512,
          "messages_per_second": 41853.5,
          "p99_ms": 1.833208,
          "p50_ms": 1.390542,
          "p95_ms": 1.824041,
          "pool_backpressure_events": 0,
          "server_backpressure_events": 0,
          "roundtrips": 83707,
          "duration_seconds": 2.0,
          "max_in_flight_observed": 512
        }
      ],
      "summary": {
        "best_messages_per_second": 43707.0,
        "p99_at_max_depth_ms": 1.833208,
        "avg_p99_ms": 0.9667998000000001
      }
    },
    "memory_scaling": {
      "python": {
        "feasible": true,
        "runs": [
          {
            "agents": 100,
            "rss_bytes": 1939800064
          },
          {
            "agents": 1000,
            "rss_bytes": 1939800064
          },
          {
            "agents": 5000,
            "rss_bytes": 1939800064
          }
        ],
        "fit": {
          "bytes_per_agent": 0.0,
          "base_bytes": 1939800064.0
        },
        "base_runtime_bytes_estimate": 1939800064.0
      },
      "elixir_bridge": {
        "feasible": true,
        "runs": [
          {
            "agents": 100,
            "baseline_rss_bytes": 130072576,
            "rss_bytes": 130596864,
            "delta_bytes": 524288
          },
          {
            "agents": 1000,
            "baseline_rss_bytes": 131448832,
            "rss_bytes": 135233536,
            "delta_bytes": 3784704
          },
          {
            "agents": 5000,
            "baseline_rss_bytes": 131170304,
            "rss_bytes": 150142976,
            "delta_bytes": 18972672
          }
        ],
        "fit": {
          "bytes_per_agent": 3774.701812836844,
          "base_bytes": 85327.64723175112
        },
        "base_runtime_bytes_estimate": 131170304.0,
        "absolute_base_runtime_bytes": 131170304.0,
        "idle_beam_rss_bytes": 56786944.0,
        "bridge_over_idle_beam_bytes": 74383360.0
      }
    },
    "failure_recovery": {
      "restart_attempts": 15,
      "restarted_successes": 15,
      "restart_success_ratio": 1.0,
      "mean_recovery_ms": 13.462038933842754,
      "strategy_checks": {
        "rest_for_one_older_survives": true,
        "rest_for_one_crashed_restarted": true,
        "rest_for_one_younger_restarted": true
      }
    },
    "scheduler_fairness": {
      "evaluation_mode": "serial_python_worker",
      "baseline": {
        "median": 0.0029795,
        "mean": 0.0033843666666666665,
        "stddev": 0.0031620710821060483,
        "p95": 0.003375,
        "p99": 0.010208,
        "ci95": 0.0005657663023007226,
        "min": 0.002875,
        "max": 0.036875
      },
      "under_cpu_load": {
        "median": 0.003,
        "mean": 0.00317921,
        "stddev": 0.0012320435458574054,
        "p95": 0.0035,
        "p99": 0.005041,
        "ci95": 0.00024148053498805144,
        "min": 0.002875,
        "max": 0.015083
      },
      "python_no_preemption_blocking_factor_p99": 70.11630055636884,
      "pooled_workers_blocking_factor_p99": 1.318330605564648,
      "no_preemption_timer_drift": {
        "mode": "serial_python_worker",
        "period_ms": 5.0,
        "samples": 600,
        "blocked_threshold_ms": 10.0,
        "baseline_drift_ms": {
          "median": 1.307937015662901,
          "mean": 1.2929440283429965,
          "stddev": 0.5422440262966085,
          "p95": 1.4885829924605787,
          "p99": 3.3560830098576844,
          "ci95": 0.04338855856296715,
          "min": 0.05937499110586931,
          "max": 9.018958987435324
        },
        "under_cpu_load_drift_ms": {
          "median": 0.9518334892345591,
          "mean": 7.327555138326716,
          "stddev": 37.78399070679016,
          "p95": 2.2173750086221844,
          "p99": 235.3161250113044,
          "ci95": 3.023348924138116,
          "min": 0.03366702469065775,
          "max": 235.41491601383314
        },
        "blocking_factor_p99": 70.11630055636884,
        "blocked_tick_ratio": 0.028333333333333332
      },
      "modes": {
        "serial_python_worker": {
          "mode": "serial_python_worker",
          "handler_worker_count": 1,
          "baseline": {
            "median": 0.0029795,
            "mean": 0.0033843666666666665,
            "stddev": 0.0031620710821060483,
            "p95": 0.003375,
            "p99": 0.010208,
            "ci95": 0.0005657663023007226,
            "min": 0.002875,
            "max": 0.036875
          },
          "under_cpu_load": {
            "median": 0.003,
            "mean": 0.00317921,
            "stddev": 0.0012320435458574054,
            "p95": 0.0035,
            "p99": 0.005041,
            "ci95": 0.00024148053498805144,
            "min": 0.002875,
            "max": 0.015083
          },
          "blocking_factor_p99": 0.49382836990595613,
          "queue_depth_percentiles": {
            "p50": 1.0,
            "p95": 1.0,
            "p99": 1.0
          },
          "restart_latency_percentiles_ms": {
            "p50": 0.0,
            "p95": 0.0,
            "p99": 0.0
          }
        },
        "pooled_workers": {
          "mode": "pooled_workers",
          "handler_worker_count": 64,
          "baseline": {
            "median": 0.002875,
            "mean": 0.0029277833333333334,
            "stddev": 0.00029477700397559706,
            "p95": 0.003042,
            "p99": 0.003666,
            "ci95": 5.274229807366668e-05,
            "min": 0.002791,
            "max": 0.005917
          },
          "under_cpu_load": {
            "median": 0.003,
            "mean": 0.00319583,
            "stddev": 0.0011931580796907479,
            "p95": 0.003416,
            "p99": 0.004833,
            "ci95": 0.00023385898361938658,
            "min": 0.002916,
            "max": 0.014791
          },
          "blocking_factor_p99": 1.318330605564648,
          "queue_depth_percentiles": {
            "p50": 1.0,
            "p95": 1.0,
            "p99": 1.0
          },
          "restart_latency_percentiles_ms": {
            "p50": 0.0,
            "p95": 0.0,
            "p99": 0.0
          }
        }
      },
      "queue_depth_percentiles": {
        "p50": 1.0,
        "p95": 1.0,
        "p99": 1.0
      },
      "restart_latency_percentiles_ms": {
        "p50": 0.0,
        "p95": 0.0,
        "p99": 0.0
      }
    },
    "startup_overhead": {
      "runs": [
        {
          "boot_ms": 739.739041,
          "first_ping_ms": 0.359083
        },
        {
          "boot_ms": 684.383167,
          "first_ping_ms": 0.337833
        },
        {
          "boot_ms": 1518.676084,
          "first_ping_ms": 0.564042
        },
        {
          "boot_ms": 704.894291,
          "first_ping_ms": 0.390167
        },
        {
          "boot_ms": 776.061792,
          "first_ping_ms": 0.418875
        },
        {
          "boot_ms": 686.636375,
          "first_ping_ms": 0.378291
        }
      ],
      "boot_ms": {
        "median": 722.3166659999999,
        "mean": 851.7317916666666,
        "stddev": 328.6050287234353,
        "p95": 1518.676084,
        "p99": 1518.676084,
        "ci95": 262.9387847797753,
        "min": 684.383167,
        "max": 1518.676084
      },
      "first_ping_ms": {
        "median": 0.384229,
        "mean": 0.40804850000000004,
        "stddev": 0.08122103006426355,
        "p95": 0.564042,
        "p99": 0.564042,
        "ci95": 0.06499035947996125,
        "min": 0.337833,
        "max": 0.564042
      }
    },
    "architectural_evidence": {
      "python_api_surface": {
        "runtime": true,
        "agent": true,
        "readme": true
      },
      "state_and_serialization": {
        "base_model_enforced": true,
        "bridge_codec_tests": true,
        "bridge_protocol_tests": true
      },
      "observability": {
        "bridge_health_api": true,
        "bridge_health_tests": true
      }
    }
  }
}
