Task was destroyed but it is pending!
task: <Task pending name='Task-9838' coro=<BridgeMultiplexedConnection._recv_loop() done, defined at /Users/arjun/Documents/Pyre/src/pyre_agents/bridge/transport.py:136> wait_for=<Future pending cb=[Task.task_wakeup()]>>
Task was destroyed but it is pending!
task: <Task pending name='Task-9839' coro=<BridgeMultiplexedConnection._recv_loop() done, defined at /Users/arjun/Documents/Pyre/src/pyre_agents/bridge/transport.py:136> wait_for=<Future pending cb=[Task.task_wakeup()]>>
Task was destroyed but it is pending!
task: <Task pending name='Task-9840' coro=<BridgeMultiplexedConnection._recv_loop() done, defined at /Users/arjun/Documents/Pyre/src/pyre_agents/bridge/transport.py:136> wait_for=<Future pending cb=[Task.task_wakeup()]>>
Task was destroyed but it is pending!
task: <Task pending name='Task-9841' coro=<BridgeMultiplexedConnection._recv_loop() done, defined at /Users/arjun/Documents/Pyre/src/pyre_agents/bridge/transport.py:136> wait_for=<Future pending cb=[Task.task_wakeup()]>>
Task was destroyed but it is pending!
task: <Task pending name='Task-9842' coro=<BridgeMultiplexedConnection._recv_loop() done, defined at /Users/arjun/Documents/Pyre/src/pyre_agents/bridge/transport.py:136> wait_for=<Future pending cb=[Task.task_wakeup()]>>
Task was destroyed but it is pending!
task: <Task pending name='Task-16400' coro=<BridgeMultiplexedConnection._recv_loop() done, defined at /Users/arjun/Documents/Pyre/src/pyre_agents/bridge/transport.py:136> wait_for=<Future pending cb=[Task.task_wakeup()]>>
Task was destroyed but it is pending!
task: <Task pending name='Task-16401' coro=<BridgeMultiplexedConnection._recv_loop() done, defined at /Users/arjun/Documents/Pyre/src/pyre_agents/bridge/transport.py:136> wait_for=<Future pending cb=[Task.task_wakeup()]>>
Task was destroyed but it is pending!
task: <Task pending name='Task-16402' coro=<BridgeMultiplexedConnection._recv_loop() done, defined at /Users/arjun/Documents/Pyre/src/pyre_agents/bridge/transport.py:136> wait_for=<Future pending cb=[Task.task_wakeup()]>>
Task was destroyed but it is pending!
task: <Task pending name='Task-16403' coro=<BridgeMultiplexedConnection._recv_loop() done, defined at /Users/arjun/Documents/Pyre/src/pyre_agents/bridge/transport.py:136> wait_for=<Future pending cb=[Task.task_wakeup()]>>
Task was destroyed but it is pending!
task: <Task pending name='Task-16404' coro=<BridgeMultiplexedConnection._recv_loop() done, defined at /Users/arjun/Documents/Pyre/src/pyre_agents/bridge/transport.py:136> wait_for=<Future pending cb=[Task.task_wakeup()]>>
Task was destroyed but it is pending!
task: <Task pending name='Task-22962' coro=<BridgeMultiplexedConnection._recv_loop() done, defined at /Users/arjun/Documents/Pyre/src/pyre_agents/bridge/transport.py:136> wait_for=<Future pending cb=[Task.task_wakeup()]>>
Task was destroyed but it is pending!
task: <Task pending name='Task-22963' coro=<BridgeMultiplexedConnection._recv_loop() done, defined at /Users/arjun/Documents/Pyre/src/pyre_agents/bridge/transport.py:136> wait_for=<Future pending cb=[Task.task_wakeup()]>>
Task was destroyed but it is pending!
task: <Task pending name='Task-22964' coro=<BridgeMultiplexedConnection._recv_loop() done, defined at /Users/arjun/Documents/Pyre/src/pyre_agents/bridge/transport.py:136> wait_for=<Future pending cb=[Task.task_wakeup()]>>
Task was destroyed but it is pending!
task: <Task pending name='Task-22965' coro=<BridgeMultiplexedConnection._recv_loop() done, defined at /Users/arjun/Documents/Pyre/src/pyre_agents/bridge/transport.py:136> wait_for=<Future pending cb=[Task.task_wakeup()]>>
Task was destroyed but it is pending!
task: <Task pending name='Task-22966' coro=<BridgeMultiplexedConnection._recv_loop() done, defined at /Users/arjun/Documents/Pyre/src/pyre_agents/bridge/transport.py:136> wait_for=<Future pending cb=[Task.task_wakeup()]>>
Task was destroyed but it is pending!
task: <Task pending name='Task-22967' coro=<BridgeMultiplexedConnection._recv_loop() done, defined at /Users/arjun/Documents/Pyre/src/pyre_agents/bridge/transport.py:136> wait_for=<Future pending cb=[Task.task_wakeup()]>>
Task was destroyed but it is pending!
task: <Task pending name='Task-22968' coro=<BridgeMultiplexedConnection._recv_loop() done, defined at /Users/arjun/Documents/Pyre/src/pyre_agents/bridge/transport.py:136> wait_for=<Future pending cb=[Task.task_wakeup()]>>
{
  "benchmark": "whitepaper-claim-validation",
  "generated_at_utc": "2026-04-09T13:36:24.683361+00:00",
  "profile": "rigorous",
  "claim_scope": "all",
  "require_rigorous_for_validated": true,
  "transports": "both",
  "publication_ready": true,
  "environment": {
    "python": "3.12.7",
    "platform": "Darwin 25.3.0 (arm64)",
    "mix_version": "Erlang/OTP 28 [erts-16.3] [source] [64-bit] [smp:8:8] [ds:8:8:10] [async-threads:1] [jit] [dtrace] |  | Mix 1.19.5 (compiled with Erlang/OTP 28)",
    "erlang_version": "\"28\""
  },
  "controls": {
    "warmup_runs": 1,
    "measured_runs": 3,
    "rigorous_min_runs_target": 10,
    "notes": [
      "Local workstation measurements include hardware and scheduler variance.",
      "UDS claims require UDS transport measurements.",
      "Claims are evaluated against March 2026 whitepaper text."
    ]
  },
  "claims": [
    {
      "claim_id": "E1",
      "quote": "The bridge round-trip for a typical agent message (under 1KB of state) adds 0.1-0.3ms of latency.",
      "claim_class": "empirical",
      "evidence_type": "benchmark",
      "metric": "bridge.uds.small.p50_ms and bridge.uds.small.p99_ms",
      "threshold": "validated if p50 <= 0.3 and p99 <= 0.5",
      "partial_rule": "partial if p50 <= 0.5 and p99 <= 1.0",
      "caveats": "Requires UDS benchmark transport source.",
      "required_profile": "rigorous",
      "transport_required": "uds",
      "suite_keys": [
        "bridge_suite"
      ],
      "class": "empirical"
    },
    {
      "claim_id": "E2",
      "quote": "The Unix domain socket bridge supports 50,000-100,000 messages per second.",
      "claim_class": "empirical",
      "evidence_type": "benchmark",
      "metric": "bridge.uds.small.messages_per_second",
      "threshold": "validated if median >= 50000",
      "partial_rule": "partial if median >= 10000",
      "caveats": "UDS source of truth only.",
      "required_profile": "rigorous",
      "transport_required": "uds",
      "suite_keys": [
        "bridge_suite"
      ],
      "class": "empirical"
    },
    {
      "claim_id": "E3",
      "quote": "Booting the Elixir runtime adds 500-1000ms to application startup.",
      "claim_class": "empirical",
      "evidence_type": "benchmark",
      "metric": "startup.boot_ms median",
      "threshold": "validated if median <= 1000",
      "partial_rule": "partial if median <= 1500",
      "caveats": "Local workstation variance expected.",
      "required_profile": "rigorous",
      "transport_required": "none",
      "suite_keys": [
        "startup_overhead"
      ],
      "class": "empirical"
    },
    {
      "claim_id": "E4",
      "quote": "Supervisors restart child processes when they fail with one_for_one, one_for_all, and rest_for_one semantics.",
      "claim_class": "empirical",
      "evidence_type": "integration_test",
      "metric": "recovery.restart_success_ratio and strategy checks",
      "threshold": "validated if ratio >= 0.99 and all checks pass",
      "partial_rule": "partial if ratio >= 0.90 and 2/3 checks pass",
      "caveats": "Bridge recovery checks over Elixir runtime.",
      "required_profile": "quick",
      "transport_required": "tcp",
      "suite_keys": [
        "failure_recovery"
      ],
      "class": "empirical"
    },
    {
      "claim_id": "E5",
      "quote": "The Pyre bridge adds approximately 143MB of base memory and each agent on the Elixir side consumes approximately 2.9KB.",
      "claim_class": "empirical",
      "evidence_type": "benchmark",
      "metric": "memory_scaling.elixir.absolute_base_runtime_bytes and bytes_per_agent",
      "threshold": "validated if base in [100,180]MB and slope in [2,5]KB",
      "partial_rule": "partial if base in [80,200]MB and slope <= 10KB",
      "caveats": "Absolute RSS is verdict source; idle-BEAM delta is contextual.",
      "required_profile": "rigorous",
      "transport_required": "none",
      "suite_keys": [
        "memory_scaling"
      ],
      "class": "empirical"
    },
    {
      "claim_id": "E6",
      "quote": "No preemption within Python: CPU-intensive handler work can block the Python worker/event loop.",
      "claim_class": "empirical",
      "evidence_type": "benchmark",
      "metric": "scheduler_fairness.no_preemption_timer_drift.blocking_factor_p99",
      "threshold": "validated if blocking_factor >= 2.0",
      "partial_rule": "partial if blocking_factor >= 1.3",
      "caveats": "Synthetic tail-latency amplification benchmark.",
      "required_profile": "quick",
      "transport_required": "none",
      "suite_keys": [
        "scheduler_fairness"
      ],
      "class": "empirical"
    },
    {
      "claim_id": "A1",
      "quote": "Developers write pure Python and interact with Python APIs.",
      "claim_class": "architectural",
      "evidence_type": "static_analysis",
      "metric": "python_api_surface_present",
      "threshold": "validated if public Python runtime APIs are available and documented",
      "partial_rule": "partial if APIs exist but docs/tests missing",
      "caveats": "Non-benchmark architectural claim.",
      "required_profile": "quick",
      "transport_required": "none",
      "suite_keys": [
        "architectural_evidence"
      ],
      "class": "architectural"
    },
    {
      "claim_id": "A2",
      "quote": "State is serialized across the bridge and constrained to serializable models.",
      "claim_class": "architectural",
      "evidence_type": "static_analysis",
      "metric": "state_validation_and_bridge_codec_checks",
      "threshold": "validated if BaseModel enforcement + codec tests present",
      "partial_rule": "partial if only one evidence source present",
      "caveats": "Validated through code/test evidence links.",
      "required_profile": "quick",
      "transport_required": "none",
      "suite_keys": [
        "architectural_evidence"
      ],
      "class": "architectural"
    },
    {
      "claim_id": "A3",
      "quote": "Bridge/runtime observability provides lifecycle and error event visibility.",
      "claim_class": "architectural",
      "evidence_type": "integration_test",
      "metric": "bridge_health_event_types_and_tests",
      "threshold": "validated if event API + integration tests exist",
      "partial_rule": "partial if API exists without tests",
      "caveats": "Evidence from health event hooks and tests.",
      "required_profile": "quick",
      "transport_required": "none",
      "suite_keys": [
        "architectural_evidence"
      ],
      "class": "architectural"
    },
    {
      "claim_id": "F1",
      "quote": "Distributed clustering for cross-machine agents is a future direction.",
      "claim_class": "future/distributed",
      "evidence_type": "blocked_future",
      "metric": "blocked_by_local_single_node_scope",
      "threshold": "unsupported_in_scope",
      "partial_rule": "n/a",
      "caveats": "Requires multi-node distributed implementation.",
      "required_profile": "quick",
      "transport_required": "none",
      "suite_keys": [],
      "class": "future/distributed"
    },
    {
      "claim_id": "F2",
      "quote": "Hot code reloading for Python handlers is a future direction.",
      "claim_class": "future/distributed",
      "evidence_type": "blocked_future",
      "metric": "blocked_by_unimplemented_feature",
      "threshold": "unsupported_in_scope",
      "partial_rule": "n/a",
      "caveats": "Requires explicit runtime/versioned handler infrastructure.",
      "required_profile": "quick",
      "transport_required": "none",
      "suite_keys": [],
      "class": "future/distributed"
    },
    {
      "claim_id": "F3",
      "quote": "Streaming bridge message types are a future direction.",
      "claim_class": "future/distributed",
      "evidence_type": "blocked_future",
      "metric": "blocked_by_protocol_extension_not_present",
      "threshold": "unsupported_in_scope",
      "partial_rule": "n/a",
      "caveats": "Current protocol is request/response oriented.",
      "required_profile": "quick",
      "transport_required": "none",
      "suite_keys": [],
      "class": "future/distributed"
    },
    {
      "claim_id": "F4",
      "quote": "WASM-based isolation as an alternative is a future direction.",
      "claim_class": "future/distributed",
      "evidence_type": "blocked_future",
      "metric": "blocked_by_unimplemented_runtime_mode",
      "threshold": "unsupported_in_scope",
      "partial_rule": "n/a",
      "caveats": "No WASM execution backend in current repository.",
      "required_profile": "quick",
      "transport_required": "none",
      "suite_keys": [],
      "class": "future/distributed"
    }
  ],
  "claim_verdicts": [
    {
      "claim_id": "E1",
      "status": "validated",
      "detail": "p50=0.1293ms p99=0.1875ms",
      "class": "empirical",
      "evidence_type": "benchmark",
      "gate_status": "meets_gate",
      "required_profile": "rigorous",
      "transport_source": "uds",
      "blockers": []
    },
    {
      "claim_id": "E2",
      "status": "partially_validated",
      "detail": "median_mps=33999.7",
      "class": "empirical",
      "evidence_type": "benchmark",
      "gate_status": "meets_gate",
      "required_profile": "rigorous",
      "transport_source": "uds",
      "blockers": []
    },
    {
      "claim_id": "E3",
      "status": "validated",
      "detail": "boot_median=757.6ms",
      "class": "empirical",
      "evidence_type": "benchmark",
      "gate_status": "meets_gate",
      "required_profile": "rigorous",
      "transport_source": "none",
      "blockers": []
    },
    {
      "claim_id": "E4",
      "status": "validated",
      "detail": "ratio=1.000 checks=3/3",
      "class": "empirical",
      "evidence_type": "integration_test",
      "gate_status": "meets_gate",
      "required_profile": "quick",
      "transport_source": "tcp",
      "blockers": []
    },
    {
      "claim_id": "E5",
      "status": "validated",
      "detail": "base=128.75MB delta_vs_idle_beam=74.75MB slope=3.16KB/agent",
      "class": "empirical",
      "evidence_type": "benchmark",
      "gate_status": "meets_gate",
      "required_profile": "rigorous",
      "transport_source": "none",
      "blockers": []
    },
    {
      "claim_id": "E6",
      "status": "validated",
      "detail": "blocking_factor=174.17 blocked_tick_ratio=0.027",
      "class": "empirical",
      "evidence_type": "benchmark",
      "gate_status": "meets_gate",
      "required_profile": "quick",
      "transport_source": "none",
      "blockers": []
    },
    {
      "claim_id": "A1",
      "status": "validated",
      "detail": "api evidence 3/3",
      "class": "architectural",
      "evidence_type": "static_analysis",
      "gate_status": "meets_gate",
      "required_profile": "quick",
      "transport_source": "none",
      "blockers": []
    },
    {
      "claim_id": "A2",
      "status": "validated",
      "detail": "serialization evidence 3/3",
      "class": "architectural",
      "evidence_type": "static_analysis",
      "gate_status": "meets_gate",
      "required_profile": "quick",
      "transport_source": "none",
      "blockers": []
    },
    {
      "claim_id": "A3",
      "status": "validated",
      "detail": "observability evidence 2/2",
      "class": "architectural",
      "evidence_type": "integration_test",
      "gate_status": "meets_gate",
      "required_profile": "quick",
      "transport_source": "none",
      "blockers": []
    },
    {
      "claim_id": "F1",
      "status": "unsupported_in_scope",
      "detail": "future/distributed claim outside local single-node validation scope",
      "class": "future/distributed",
      "evidence_type": "blocked_future",
      "gate_status": "not_applicable",
      "required_profile": "quick",
      "transport_source": "none",
      "blockers": [
        "Requires multi-node distributed implementation."
      ]
    },
    {
      "claim_id": "F2",
      "status": "unsupported_in_scope",
      "detail": "future/distributed claim outside local single-node validation scope",
      "class": "future/distributed",
      "evidence_type": "blocked_future",
      "gate_status": "not_applicable",
      "required_profile": "quick",
      "transport_source": "none",
      "blockers": [
        "Requires explicit runtime/versioned handler infrastructure."
      ]
    },
    {
      "claim_id": "F3",
      "status": "unsupported_in_scope",
      "detail": "future/distributed claim outside local single-node validation scope",
      "class": "future/distributed",
      "evidence_type": "blocked_future",
      "gate_status": "not_applicable",
      "required_profile": "quick",
      "transport_source": "none",
      "blockers": [
        "Current protocol is request/response oriented."
      ]
    },
    {
      "claim_id": "F4",
      "status": "unsupported_in_scope",
      "detail": "future/distributed claim outside local single-node validation scope",
      "class": "future/distributed",
      "evidence_type": "blocked_future",
      "gate_status": "not_applicable",
      "required_profile": "quick",
      "transport_source": "none",
      "blockers": [
        "No WASM execution backend in current repository."
      ]
    }
  ],
  "coverage_summary": {
    "by_class": {
      "empirical": 6,
      "architectural": 3,
      "future/distributed": 4
    },
    "by_status": {
      "validated": 8,
      "partially_validated": 1,
      "unsupported_in_scope": 4
    }
  },
  "transport_concurrency_profile": {
    "in_flight_depths": [
      1,
      8,
      32,
      128,
      512
    ],
    "duration_seconds": 2.0,
    "payload_bytes": 512,
    "pool_size": 8,
    "max_in_flight_per_conn": 64,
    "enable_backpressure": true
  },
  "backpressure_events": {
    "pool": 177102,
    "server": 177102
  },
  "queue_depth_percentiles": {
    "p50": 1.0,
    "p95": 1.0,
    "p99": 1.0
  },
  "restart_latency_percentiles": {
    "p50": 0.0,
    "p95": 0.0,
    "p99": 0.0
  },
  "raw_artifacts": {
    "bridge_suite": "docs/benchmarks/raw/whitepaper_validation/rigorous_20260409T133624Z/bridge_suite.json",
    "python_bridge_reference": "docs/benchmarks/raw/whitepaper_validation/rigorous_20260409T133624Z/python_bridge_reference.json",
    "bridge_stress": "docs/benchmarks/raw/whitepaper_validation/rigorous_20260409T133624Z/bridge_stress.json",
    "memory_scaling": "docs/benchmarks/raw/whitepaper_validation/rigorous_20260409T133624Z/memory_scaling.json",
    "failure_recovery": "docs/benchmarks/raw/whitepaper_validation/rigorous_20260409T133624Z/failure_recovery.json",
    "scheduler_fairness": "docs/benchmarks/raw/whitepaper_validation/rigorous_20260409T133624Z/scheduler_fairness.json",
    "startup_overhead": "docs/benchmarks/raw/whitepaper_validation/rigorous_20260409T133624Z/startup_overhead.json",
    "architectural_evidence": "docs/benchmarks/raw/whitepaper_validation/rigorous_20260409T133624Z/architectural_evidence.json"
  },
  "suite_summary": {
    "bridge_suite": {
      "warmup_runs": 1,
      "measured_runs": 3,
      "in_flight_depths": [
        1,
        32,
        512
      ],
      "transport_runs": [
        {
          "benchmark": "elixir-bridge-transport-microbench",
          "transport_results": [
            {
              "transport": "tcp",
              "in_flight_depths": [
                1,
                32,
                512
              ],
              "payload_results": [
                {
                  "payload_label": "small",
                  "target_payload_bytes": 512,
                  "concurrency_sweep": [
                    {
                      "in_flight_depth": 1,
                      "samples": 600,
                      "p50_ms": 0.1223335,
                      "p95_ms": 0.172917,
                      "p99_ms": 0.208917,
                      "mean_ms": 0.13951099833333333,
                      "ci95_ms": 0.01874139668483712,
                      "messages_per_second": 7989.333333333333,
                      "busy_errors": 0
                    },
                    {
                      "in_flight_depth": 32,
                      "samples": 150,
                      "p50_ms": 1.2074375000000002,
                      "p95_ms": 1.762333,
                      "p99_ms": 1.881958,
                      "mean_ms": 1.1856352266666665,
                      "ci95_ms": 0.060971500309743944,
                      "messages_per_second": 27346.666666666668,
                      "busy_errors": 0
                    },
                    {
                      "in_flight_depth": 512,
                      "samples": 64,
                      "p50_ms": 2.0014374999999998,
                      "p95_ms": 2.736625,
                      "p99_ms": 2.739958,
                      "mean_ms": 2.022710296875,
                      "ci95_ms": 0.11738213563702626,
                      "messages_per_second": 12544.666666666666,
                      "busy_errors": 253671
                    }
                  ]
                },
                {
                  "payload_label": "medium",
                  "target_payload_bytes": 10240,
                  "concurrency_sweep": [
                    {
                      "in_flight_depth": 1,
                      "samples": 600,
                      "p50_ms": 0.12595849999999997,
                      "p95_ms": 0.178208,
                      "p99_ms": 0.203375,
                      "mean_ms": 0.13193602666666665,
                      "ci95_ms": 0.0016605497390591267,
                      "messages_per_second": 7332.333333333333,
                      "busy_errors": 0
                    },
                    {
                      "in_flight_depth": 32,
                      "samples": 150,
                      "p50_ms": 1.7000415,
                      "p95_ms": 2.598458,
                      "p99_ms": 2.832083,
                      "mean_ms": 1.66879054,
                      "ci95_ms": 0.08866647105202764,
                      "messages_per_second": 22126.666666666668,
                      "busy_errors": 0
                    },
                    {
                      "in_flight_depth": 512,
                      "samples": 64,
                      "p50_ms": 2.620625,
                      "p95_ms": 3.382292,
                      "p99_ms": 3.412541,
                      "mean_ms": 2.628454484375,
                      "ci95_ms": 0.11925234614659048,
                      "messages_per_second": 10957.333333333334,
                      "busy_errors": 208768
                    }
                  ]
                },
                {
                  "payload_label": "large",
                  "target_payload_bytes": 1048576,
                  "concurrency_sweep": [
                    {
                      "in_flight_depth": 1,
                      "samples": 600,
                      "p50_ms": 2.267875,
                      "p95_ms": 2.602541,
                      "p99_ms": 2.7245,
                      "mean_ms": 2.2722699216666666,
                      "ci95_ms": 0.015181008623624976,
                      "messages_per_second": 432.3333333333333,
                      "busy_errors": 0
                    },
                    {
                      "in_flight_depth": 32,
                      "samples": 150,
                      "p50_ms": 44.3265835,
                      "p95_ms": 54.303292,
                      "p99_ms": 55.115959,
                      "mean_ms": 43.335143880000004,
                      "ci95_ms": 1.2886042120093455,
                      "messages_per_second": 746.6666666666666,
                      "busy_errors": 0
                    },
                    {
                      "in_flight_depth": 512,
                      "samples": 64,
                      "p50_ms": 48.108520999999996,
                      "p95_ms": 53.984708,
                      "p99_ms": 54.8695,
                      "mean_ms": 47.623427140625,
                      "ci95_ms": 1.0674065385548468,
                      "messages_per_second": 487.6666666666667,
                      "busy_errors": 889
                    }
                  ]
                }
              ],
              "latency": [
                {
                  "payload_label": "small",
                  "target_payload_bytes": 512,
                  "samples": 600,
                  "p50_ms": 0.1223335,
                  "p95_ms": 0.172917,
                  "p99_ms": 0.208917,
                  "mean_ms": 0.13951099833333333,
                  "ci95_ms": 0.01874139668483712,
                  "in_flight_depth": 1
                },
                {
                  "payload_label": "medium",
                  "target_payload_bytes": 10240,
                  "samples": 600,
                  "p50_ms": 0.12595849999999997,
                  "p95_ms": 0.178208,
                  "p99_ms": 0.203375,
                  "mean_ms": 0.13193602666666665,
                  "ci95_ms": 0.0016605497390591267,
                  "in_flight_depth": 1
                },
                {
                  "payload_label": "large",
                  "target_payload_bytes": 1048576,
                  "samples": 600,
                  "p50_ms": 2.267875,
                  "p95_ms": 2.602541,
                  "p99_ms": 2.7245,
                  "mean_ms": 2.2722699216666666,
                  "ci95_ms": 0.015181008623624976,
                  "in_flight_depth": 1
                }
              ],
              "throughput": [
                {
                  "payload_label": "small",
                  "target_payload_bytes": 512,
                  "duration_seconds": 3.0,
                  "roundtrips": 82040,
                  "messages_per_second": 27346.666666666668,
                  "in_flight_depth": 32
                },
                {
                  "payload_label": "medium",
                  "target_payload_bytes": 10240,
                  "duration_seconds": 3.0,
                  "roundtrips": 66380,
                  "messages_per_second": 22126.666666666668,
                  "in_flight_depth": 32
                },
                {
                  "payload_label": "large",
                  "target_payload_bytes": 1048576,
                  "duration_seconds": 3.0,
                  "roundtrips": 2240,
                  "messages_per_second": 746.6666666666666,
                  "in_flight_depth": 32
                }
              ]
            },
            {
              "transport": "uds",
              "in_flight_depths": [
                1,
                32,
                512
              ],
              "payload_results": [
                {
                  "payload_label": "small",
                  "target_payload_bytes": 512,
                  "concurrency_sweep": [
                    {
                      "in_flight_depth": 1,
                      "samples": 600,
                      "p50_ms": 0.1285,
                      "p95_ms": 0.153666,
                      "p99_ms": 0.187541,
                      "mean_ms": 0.12578257666666665,
                      "ci95_ms": 0.0015436566107844083,
                      "messages_per_second": 7396.333333333333,
                      "busy_errors": 0
                    },
                    {
                      "in_flight_depth": 32,
                      "samples": 150,
                      "p50_ms": 1.0472915,
                      "p95_ms": 1.981917,
                      "p99_ms": 2.186958,
                      "mean_ms": 1.0965610933333332,
                      "ci95_ms": 0.07274833010886575,
                      "messages_per_second": 33732.333333333336,
                      "busy_errors": 0
                    },
                    {
                      "in_flight_depth": 512,
                      "samples": 64,
                      "p50_ms": 1.8968544999999999,
                      "p95_ms": 2.464458,
                      "p99_ms": 2.472625,
                      "mean_ms": 1.926225265625,
                      "ci95_ms": 0.08535494301063663,
                      "messages_per_second": 13838.333333333334,
                      "busy_errors": 265785
                    }
                  ]
                },
                {
                  "payload_label": "medium",
                  "target_payload_bytes": 10240,
                  "concurrency_sweep": [
                    {
                      "in_flight_depth": 1,
                      "samples": 600,
                      "p50_ms": 0.27320849999999997,
                      "p95_ms": 0.322,
                      "p99_ms": 0.350625,
                      "mean_ms": 0.26943508166666663,
                      "ci95_ms": 0.002741386240650903,
                      "messages_per_second": 3520.6666666666665,
                      "busy_errors": 0
                    },
                    {
                      "in_flight_depth": 32,
                      "samples": 150,
                      "p50_ms": 2.2343545000000002,
                      "p95_ms": 3.369166,
                      "p99_ms": 4.044458,
                      "mean_ms": 2.2967503133333333,
                      "ci95_ms": 0.09925475806781503,
                      "messages_per_second": 14099.666666666666,
                      "busy_errors": 0
                    },
                    {
                      "in_flight_depth": 512,
                      "samples": 64,
                      "p50_ms": 3.664312,
                      "p95_ms": 4.711542,
                      "p99_ms": 4.734916,
                      "mean_ms": 3.634040984375,
                      "ci95_ms": 0.18051920759770726,
                      "messages_per_second": 10683.666666666666,
                      "busy_errors": 94558
                    }
                  ]
                },
                {
                  "payload_label": "large",
                  "target_payload_bytes": 1048576,
                  "concurrency_sweep": [
                    {
                      "in_flight_depth": 1,
                      "samples": 600,
                      "p50_ms": 19.5337295,
                      "p95_ms": 20.373292,
                      "p99_ms": 21.11475,
                      "mean_ms": 19.259895965,
                      "ci95_ms": 0.09352926283742276,
                      "messages_per_second": 52.0,
                      "busy_errors": 0
                    },
                    {
                      "in_flight_depth": 32,
                      "samples": 150,
                      "p50_ms": 207.70475,
                      "p95_ms": 571.732458,
                      "p99_ms": 579.207708,
                      "mean_ms": 262.01780970666664,
                      "ci95_ms": 19.46226059297768,
                      "messages_per_second": 146.66666666666666,
                      "busy_errors": 0
                    },
                    {
                      "in_flight_depth": 512,
                      "samples": 64,
                      "p50_ms": 733.1097085,
                      "p95_ms": 844.369,
                      "p99_ms": 844.758709,
                      "mean_ms": 637.851212828125,
                      "ci95_ms": 52.27419325034189,
                      "messages_per_second": 18.0,
                      "busy_errors": 1224
                    }
                  ]
                }
              ],
              "latency": [
                {
                  "payload_label": "small",
                  "target_payload_bytes": 512,
                  "samples": 600,
                  "p50_ms": 0.1285,
                  "p95_ms": 0.153666,
                  "p99_ms": 0.187541,
                  "mean_ms": 0.12578257666666665,
                  "ci95_ms": 0.0015436566107844083,
                  "in_flight_depth": 1
                },
                {
                  "payload_label": "medium",
                  "target_payload_bytes": 10240,
                  "samples": 600,
                  "p50_ms": 0.27320849999999997,
                  "p95_ms": 0.322,
                  "p99_ms": 0.350625,
                  "mean_ms": 0.26943508166666663,
                  "ci95_ms": 0.002741386240650903,
                  "in_flight_depth": 1
                },
                {
                  "payload_label": "large",
                  "target_payload_bytes": 1048576,
                  "samples": 600,
                  "p50_ms": 19.5337295,
                  "p95_ms": 20.373292,
                  "p99_ms": 21.11475,
                  "mean_ms": 19.259895965,
                  "ci95_ms": 0.09352926283742276,
                  "in_flight_depth": 1
                }
              ],
              "throughput": [
                {
                  "payload_label": "small",
                  "target_payload_bytes": 512,
                  "duration_seconds": 3.0,
                  "roundtrips": 101197,
                  "messages_per_second": 33732.333333333336,
                  "in_flight_depth": 32
                },
                {
                  "payload_label": "medium",
                  "target_payload_bytes": 10240,
                  "duration_seconds": 3.0,
                  "roundtrips": 42299,
                  "messages_per_second": 14099.666666666666,
                  "in_flight_depth": 32
                },
                {
                  "payload_label": "large",
                  "target_payload_bytes": 1048576,
                  "duration_seconds": 3.0,
                  "roundtrips": 440,
                  "messages_per_second": 146.66666666666666,
                  "in_flight_depth": 32
                }
              ]
            }
          ]
        },
        {
          "benchmark": "elixir-bridge-transport-microbench",
          "transport_results": [
            {
              "transport": "tcp",
              "in_flight_depths": [
                1,
                32,
                512
              ],
              "payload_results": [
                {
                  "payload_label": "small",
                  "target_payload_bytes": 512,
                  "concurrency_sweep": [
                    {
                      "in_flight_depth": 1,
                      "samples": 600,
                      "p50_ms": 0.12122949999999999,
                      "p95_ms": 0.175583,
                      "p99_ms": 0.22575,
                      "mean_ms": 0.14014766666666667,
                      "ci95_ms": 0.019966709221533253,
                      "messages_per_second": 8028.333333333333,
                      "busy_errors": 0
                    },
                    {
                      "in_flight_depth": 32,
                      "samples": 150,
                      "p50_ms": 1.0917504999999998,
                      "p95_ms": 1.657208,
                      "p99_ms": 1.84425,
                      "mean_ms": 1.0916788866666667,
                      "ci95_ms": 0.05486945506602485,
                      "messages_per_second": 27812.666666666668,
                      "busy_errors": 0
                    },
                    {
                      "in_flight_depth": 512,
                      "samples": 64,
                      "p50_ms": 2.0908125,
                      "p95_ms": 2.793083,
                      "p99_ms": 2.795875,
                      "mean_ms": 2.093937421875,
                      "ci95_ms": 0.11689892248168961,
                      "messages_per_second": 12495.0,
                      "busy_errors": 254001
                    }
                  ]
                },
                {
                  "payload_label": "medium",
                  "target_payload_bytes": 10240,
                  "concurrency_sweep": [
                    {
                      "in_flight_depth": 1,
                      "samples": 600,
                      "p50_ms": 0.12635449999999998,
                      "p95_ms": 0.176375,
                      "p99_ms": 0.214667,
                      "mean_ms": 0.13304396166666665,
                      "ci95_ms": 0.0017590376980444434,
                      "messages_per_second": 7327.666666666667,
                      "busy_errors": 0
                    },
                    {
                      "in_flight_depth": 32,
                      "samples": 150,
                      "p50_ms": 1.3755415000000002,
                      "p95_ms": 1.924708,
                      "p99_ms": 2.117333,
                      "mean_ms": 1.34288754,
                      "ci95_ms": 0.06307171613821318,
                      "messages_per_second": 22376.666666666668,
                      "busy_errors": 0
                    },
                    {
                      "in_flight_depth": 512,
                      "samples": 64,
                      "p50_ms": 2.5513335,
                      "p95_ms": 3.272333,
                      "p99_ms": 3.297333,
                      "mean_ms": 2.5470905,
                      "ci95_ms": 0.11605948907204185,
                      "messages_per_second": 10923.0,
                      "busy_errors": 210628
                    }
                  ]
                },
                {
                  "payload_label": "large",
                  "target_payload_bytes": 1048576,
                  "concurrency_sweep": [
                    {
                      "in_flight_depth": 1,
                      "samples": 600,
                      "p50_ms": 2.2343124999999997,
                      "p95_ms": 2.560875,
                      "p99_ms": 2.747834,
                      "mean_ms": 2.2482880699999996,
                      "ci95_ms": 0.01518320534393261,
                      "messages_per_second": 436.6666666666667,
                      "busy_errors": 0
                    },
                    {
                      "in_flight_depth": 32,
                      "samples": 150,
                      "p50_ms": 45.6135,
                      "p95_ms": 61.754125,
                      "p99_ms": 65.630791,
                      "mean_ms": 44.21138696,
                      "ci95_ms": 1.5413167379336217,
                      "messages_per_second": 754.6666666666666,
                      "busy_errors": 0
                    },
                    {
                      "in_flight_depth": 512,
                      "samples": 64,
                      "p50_ms": 47.159625000000005,
                      "p95_ms": 53.434167,
                      "p99_ms": 54.527916,
                      "mean_ms": 47.327675109375,
                      "ci95_ms": 0.9968776824577509,
                      "messages_per_second": 496.0,
                      "busy_errors": 2502
                    }
                  ]
                }
              ],
              "latency": [
                {
                  "payload_label": "small",
                  "target_payload_bytes": 512,
                  "samples": 600,
                  "p50_ms": 0.12122949999999999,
                  "p95_ms": 0.175583,
                  "p99_ms": 0.22575,
                  "mean_ms": 0.14014766666666667,
                  "ci95_ms": 0.019966709221533253,
                  "in_flight_depth": 1
                },
                {
                  "payload_label": "medium",
                  "target_payload_bytes": 10240,
                  "samples": 600,
                  "p50_ms": 0.12635449999999998,
                  "p95_ms": 0.176375,
                  "p99_ms": 0.214667,
                  "mean_ms": 0.13304396166666665,
                  "ci95_ms": 0.0017590376980444434,
                  "in_flight_depth": 1
                },
                {
                  "payload_label": "large",
                  "target_payload_bytes": 1048576,
                  "samples": 600,
                  "p50_ms": 2.2343124999999997,
                  "p95_ms": 2.560875,
                  "p99_ms": 2.747834,
                  "mean_ms": 2.2482880699999996,
                  "ci95_ms": 0.01518320534393261,
                  "in_flight_depth": 1
                }
              ],
              "throughput": [
                {
                  "payload_label": "small",
                  "target_payload_bytes": 512,
                  "duration_seconds": 3.0,
                  "roundtrips": 83438,
                  "messages_per_second": 27812.666666666668,
                  "in_flight_depth": 32
                },
                {
                  "payload_label": "medium",
                  "target_payload_bytes": 10240,
                  "duration_seconds": 3.0,
                  "roundtrips": 67130,
                  "messages_per_second": 22376.666666666668,
                  "in_flight_depth": 32
                },
                {
                  "payload_label": "large",
                  "target_payload_bytes": 1048576,
                  "duration_seconds": 3.0,
                  "roundtrips": 2264,
                  "messages_per_second": 754.6666666666666,
                  "in_flight_depth": 32
                }
              ]
            },
            {
              "transport": "uds",
              "in_flight_depths": [
                1,
                32,
                512
              ],
              "payload_results": [
                {
                  "payload_label": "small",
                  "target_payload_bytes": 512,
                  "concurrency_sweep": [
                    {
                      "in_flight_depth": 1,
                      "samples": 600,
                      "p50_ms": 0.131188,
                      "p95_ms": 0.154667,
                      "p99_ms": 0.179625,
                      "mean_ms": 0.128307515,
                      "ci95_ms": 0.0015434859769375006,
                      "messages_per_second": 7394.666666666667,
                      "busy_errors": 0
                    },
                    {
                      "in_flight_depth": 32,
                      "samples": 150,
                      "p50_ms": 1.040542,
                      "p95_ms": 2.685459,
                      "p99_ms": 2.902584,
                      "mean_ms": 1.2354603333333334,
                      "ci95_ms": 0.11247445229006321,
                      "messages_per_second": 33999.666666666664,
                      "busy_errors": 0
                    },
                    {
                      "in_flight_depth": 512,
                      "samples": 64,
                      "p50_ms": 1.7488545,
                      "p95_ms": 2.2955,
                      "p99_ms": 2.316458,
                      "mean_ms": 1.78750134375,
                      "ci95_ms": 0.0786327726944741,
                      "messages_per_second": 13953.666666666666,
                      "busy_errors": 266646
                    }
                  ]
                },
                {
                  "payload_label": "medium",
                  "target_payload_bytes": 10240,
                  "concurrency_sweep": [
                    {
                      "in_flight_depth": 1,
                      "samples": 600,
                      "p50_ms": 0.275562,
                      "p95_ms": 0.328083,
                      "p99_ms": 0.364917,
                      "mean_ms": 0.27818555333333334,
                      "ci95_ms": 0.0022579691896048005,
                      "messages_per_second": 3494.0,
                      "busy_errors": 0
                    },
                    {
                      "in_flight_depth": 32,
                      "samples": 150,
                      "p50_ms": 2.1795625,
                      "p95_ms": 2.795041,
                      "p99_ms": 2.971542,
                      "mean_ms": 2.15952888,
                      "ci95_ms": 0.06425559106454264,
                      "messages_per_second": 14098.333333333334,
                      "busy_errors": 0
                    },
                    {
                      "in_flight_depth": 512,
                      "samples": 64,
                      "p50_ms": 3.440854,
                      "p95_ms": 4.571625,
                      "p99_ms": 4.651959,
                      "mean_ms": 3.404132171875,
                      "ci95_ms": 0.18866197712444888,
                      "messages_per_second": 10769.666666666666,
                      "busy_errors": 95131
                    }
                  ]
                },
                {
                  "payload_label": "large",
                  "target_payload_bytes": 1048576,
                  "concurrency_sweep": [
                    {
                      "in_flight_depth": 1,
                      "samples": 600,
                      "p50_ms": 19.5516465,
                      "p95_ms": 20.364709,
                      "p99_ms": 20.675084,
                      "mean_ms": 19.335725376666666,
                      "ci95_ms": 0.0815788994478674,
                      "messages_per_second": 51.333333333333336,
                      "busy_errors": 0
                    },
                    {
                      "in_flight_depth": 32,
                      "samples": 150,
                      "p50_ms": 210.0843125,
                      "p95_ms": 576.103084,
                      "p99_ms": 585.607708,
                      "mean_ms": 264.17901916666665,
                      "ci95_ms": 19.691203549312437,
                      "messages_per_second": 144.66666666666666,
                      "busy_errors": 0
                    },
                    {
                      "in_flight_depth": 512,
                      "samples": 64,
                      "p50_ms": 734.7281455,
                      "p95_ms": 847.33125,
                      "p99_ms": 847.900042,
                      "mean_ms": 640.156005171875,
                      "ci95_ms": 51.986107545686586,
                      "messages_per_second": 18.666666666666668,
                      "busy_errors": 1018
                    }
                  ]
                }
              ],
              "latency": [
                {
                  "payload_label": "small",
                  "target_payload_bytes": 512,
                  "samples": 600,
                  "p50_ms": 0.131188,
                  "p95_ms": 0.154667,
                  "p99_ms": 0.179625,
                  "mean_ms": 0.128307515,
                  "ci95_ms": 0.0015434859769375006,
                  "in_flight_depth": 1
                },
                {
                  "payload_label": "medium",
                  "target_payload_bytes": 10240,
                  "samples": 600,
                  "p50_ms": 0.275562,
                  "p95_ms": 0.328083,
                  "p99_ms": 0.364917,
                  "mean_ms": 0.27818555333333334,
                  "ci95_ms": 0.0022579691896048005,
                  "in_flight_depth": 1
                },
                {
                  "payload_label": "large",
                  "target_payload_bytes": 1048576,
                  "samples": 600,
                  "p50_ms": 19.5516465,
                  "p95_ms": 20.364709,
                  "p99_ms": 20.675084,
                  "mean_ms": 19.335725376666666,
                  "ci95_ms": 0.0815788994478674,
                  "in_flight_depth": 1
                }
              ],
              "throughput": [
                {
                  "payload_label": "small",
                  "target_payload_bytes": 512,
                  "duration_seconds": 3.0,
                  "roundtrips": 101999,
                  "messages_per_second": 33999.666666666664,
                  "in_flight_depth": 32
                },
                {
                  "payload_label": "medium",
                  "target_payload_bytes": 10240,
                  "duration_seconds": 3.0,
                  "roundtrips": 42295,
                  "messages_per_second": 14098.333333333334,
                  "in_flight_depth": 32
                },
                {
                  "payload_label": "large",
                  "target_payload_bytes": 1048576,
                  "duration_seconds": 3.0,
                  "roundtrips": 434,
                  "messages_per_second": 144.66666666666666,
                  "in_flight_depth": 32
                }
              ]
            }
          ]
        },
        {
          "benchmark": "elixir-bridge-transport-microbench",
          "transport_results": [
            {
              "transport": "tcp",
              "in_flight_depths": [
                1,
                32,
                512
              ],
              "payload_results": [
                {
                  "payload_label": "small",
                  "target_payload_bytes": 512,
                  "concurrency_sweep": [
                    {
                      "in_flight_depth": 1,
                      "samples": 600,
                      "p50_ms": 0.117042,
                      "p95_ms": 0.162417,
                      "p99_ms": 0.231167,
                      "mean_ms": 0.135039505,
                      "ci95_ms": 0.019935452038540996,
                      "messages_per_second": 7977.333333333333,
                      "busy_errors": 0
                    },
                    {
                      "in_flight_depth": 32,
                      "samples": 150,
                      "p50_ms": 1.2737915,
                      "p95_ms": 1.95025,
                      "p99_ms": 2.191958,
                      "mean_ms": 1.26562552,
                      "ci95_ms": 0.07020990176441676,
                      "messages_per_second": 27728.0,
                      "busy_errors": 0
                    },
                    {
                      "in_flight_depth": 512,
                      "samples": 64,
                      "p50_ms": 2.175,
                      "p95_ms": 2.943125,
                      "p99_ms": 2.949917,
                      "mean_ms": 2.1502904375,
                      "ci95_ms": 0.1328910375562612,
                      "messages_per_second": 12523.666666666666,
                      "busy_errors": 253262
                    }
                  ]
                },
                {
                  "payload_label": "medium",
                  "target_payload_bytes": 10240,
                  "concurrency_sweep": [
                    {
                      "in_flight_depth": 1,
                      "samples": 600,
                      "p50_ms": 0.1246875,
                      "p95_ms": 0.175125,
                      "p99_ms": 0.215916,
                      "mean_ms": 0.13086658,
                      "ci95_ms": 0.0017853388749288963,
                      "messages_per_second": 7335.666666666667,
                      "busy_errors": 0
                    },
                    {
                      "in_flight_depth": 32,
                      "samples": 150,
                      "p50_ms": 1.3571245,
                      "p95_ms": 1.899416,
                      "p99_ms": 2.069334,
                      "mean_ms": 1.32539556,
                      "ci95_ms": 0.05968064828655393,
                      "messages_per_second": 22394.333333333332,
                      "busy_errors": 0
                    },
                    {
                      "in_flight_depth": 512,
                      "samples": 64,
                      "p50_ms": 2.6293955,
                      "p95_ms": 3.596167,
                      "p99_ms": 3.6345,
                      "mean_ms": 2.6629147031250002,
                      "ci95_ms": 0.13032079980312367,
                      "messages_per_second": 10984.0,
                      "busy_errors": 209286
                    }
                  ]
                },
                {
                  "payload_label": "large",
                  "target_payload_bytes": 1048576,
                  "concurrency_sweep": [
                    {
                      "in_flight_depth": 1,
                      "samples": 600,
                      "p50_ms": 2.2354789999999998,
                      "p95_ms": 2.558042,
                      "p99_ms": 2.811167,
                      "mean_ms": 2.2476843883333335,
                      "ci95_ms": 0.015618949726665192,
                      "messages_per_second": 430.0,
                      "busy_errors": 0
                    },
                    {
                      "in_flight_depth": 32,
                      "samples": 150,
                      "p50_ms": 46.198792,
                      "p95_ms": 53.065333,
                      "p99_ms": 55.786917,
                      "mean_ms": 43.92606891333333,
                      "ci95_ms": 1.1587241179538608,
                      "messages_per_second": 741.3333333333334,
                      "busy_errors": 0
                    },
                    {
                      "in_flight_depth": 512,
                      "samples": 64,
                      "p50_ms": 47.4070625,
                      "p95_ms": 54.664125,
                      "p99_ms": 57.792917,
                      "mean_ms": 47.55945578125,
                      "ci95_ms": 0.9791877171982487,
                      "messages_per_second": 528.0,
                      "busy_errors": 776
                    }
                  ]
                }
              ],
              "latency": [
                {
                  "payload_label": "small",
                  "target_payload_bytes": 512,
                  "samples": 600,
                  "p50_ms": 0.117042,
                  "p95_ms": 0.162417,
                  "p99_ms": 0.231167,
                  "mean_ms": 0.135039505,
                  "ci95_ms": 0.019935452038540996,
                  "in_flight_depth": 1
                },
                {
                  "payload_label": "medium",
                  "target_payload_bytes": 10240,
                  "samples": 600,
                  "p50_ms": 0.1246875,
                  "p95_ms": 0.175125,
                  "p99_ms": 0.215916,
                  "mean_ms": 0.13086658,
                  "ci95_ms": 0.0017853388749288963,
                  "in_flight_depth": 1
                },
                {
                  "payload_label": "large",
                  "target_payload_bytes": 1048576,
                  "samples": 600,
                  "p50_ms": 2.2354789999999998,
                  "p95_ms": 2.558042,
                  "p99_ms": 2.811167,
                  "mean_ms": 2.2476843883333335,
                  "ci95_ms": 0.015618949726665192,
                  "in_flight_depth": 1
                }
              ],
              "throughput": [
                {
                  "payload_label": "small",
                  "target_payload_bytes": 512,
                  "duration_seconds": 3.0,
                  "roundtrips": 83184,
                  "messages_per_second": 27728.0,
                  "in_flight_depth": 32
                },
                {
                  "payload_label": "medium",
                  "target_payload_bytes": 10240,
                  "duration_seconds": 3.0,
                  "roundtrips": 67183,
                  "messages_per_second": 22394.333333333332,
                  "in_flight_depth": 32
                },
                {
                  "payload_label": "large",
                  "target_payload_bytes": 1048576,
                  "duration_seconds": 3.0,
                  "roundtrips": 2224,
                  "messages_per_second": 741.3333333333334,
                  "in_flight_depth": 32
                }
              ]
            },
            {
              "transport": "uds",
              "in_flight_depths": [
                1,
                32,
                512
              ],
              "payload_results": [
                {
                  "payload_label": "small",
                  "target_payload_bytes": 512,
                  "concurrency_sweep": [
                    {
                      "in_flight_depth": 1,
                      "samples": 600,
                      "p50_ms": 0.1293125,
                      "p95_ms": 0.151792,
                      "p99_ms": 0.197333,
                      "mean_ms": 0.12403360333333334,
                      "ci95_ms": 0.0023624260430875435,
                      "messages_per_second": 7347.666666666667,
                      "busy_errors": 0
                    },
                    {
                      "in_flight_depth": 32,
                      "samples": 150,
                      "p50_ms": 0.897208,
                      "p95_ms": 2.666708,
                      "p99_ms": 2.866,
                      "mean_ms": 1.0846297133333334,
                      "ci95_ms": 0.10668039427100828,
                      "messages_per_second": 34336.333333333336,
                      "busy_errors": 0
                    },
                    {
                      "in_flight_depth": 512,
                      "samples": 64,
                      "p50_ms": 1.8139794999999999,
                      "p95_ms": 2.390875,
                      "p99_ms": 2.406875,
                      "mean_ms": 1.839565125,
                      "ci95_ms": 0.08261578584387097,
                      "messages_per_second": 13889.333333333334,
                      "busy_errors": 266260
                    }
                  ]
                },
                {
                  "payload_label": "medium",
                  "target_payload_bytes": 10240,
                  "concurrency_sweep": [
                    {
                      "in_flight_depth": 1,
                      "samples": 600,
                      "p50_ms": 0.224,
                      "p95_ms": 0.31375,
                      "p99_ms": 0.340583,
                      "mean_ms": 0.23508735833333333,
                      "ci95_ms": 0.0036485956320146274,
                      "messages_per_second": 3536.0,
                      "busy_errors": 0
                    },
                    {
                      "in_flight_depth": 32,
                      "samples": 150,
                      "p50_ms": 2.173,
                      "p95_ms": 3.321625,
                      "p99_ms": 3.940583,
                      "mean_ms": 2.2508752933333334,
                      "ci95_ms": 0.10328183640313628,
                      "messages_per_second": 14169.0,
                      "busy_errors": 0
                    },
                    {
                      "in_flight_depth": 512,
                      "samples": 64,
                      "p50_ms": 3.2537909999999997,
                      "p95_ms": 4.184625,
                      "p99_ms": 4.244708,
                      "mean_ms": 3.24876828125,
                      "ci95_ms": 0.15549592003451682,
                      "messages_per_second": 10677.333333333334,
                      "busy_errors": 93749
                    }
                  ]
                },
                {
                  "payload_label": "large",
                  "target_payload_bytes": 1048576,
                  "concurrency_sweep": [
                    {
                      "in_flight_depth": 1,
                      "samples": 600,
                      "p50_ms": 19.056271000000002,
                      "p95_ms": 20.251666,
                      "p99_ms": 20.565542,
                      "mean_ms": 17.108798671666666,
                      "ci95_ms": 0.26482034945477156,
                      "messages_per_second": 81.0,
                      "busy_errors": 0
                    },
                    {
                      "in_flight_depth": 32,
                      "samples": 150,
                      "p50_ms": 207.07637499999998,
                      "p95_ms": 561.994333,
                      "p99_ms": 569.176167,
                      "mean_ms": 260.0242708466667,
                      "ci95_ms": 18.870559273555063,
                      "messages_per_second": 146.66666666666666,
                      "busy_errors": 0
                    },
                    {
                      "in_flight_depth": 512,
                      "samples": 64,
                      "p50_ms": 722.8521455,
                      "p95_ms": 835.190375,
                      "p99_ms": 835.966417,
                      "mean_ms": 629.6610124218751,
                      "ci95_ms": 51.77263275334623,
                      "messages_per_second": 18.666666666666668,
                      "busy_errors": 1273
                    }
                  ]
                }
              ],
              "latency": [
                {
                  "payload_label": "small",
                  "target_payload_bytes": 512,
                  "samples": 600,
                  "p50_ms": 0.1293125,
                  "p95_ms": 0.151792,
                  "p99_ms": 0.197333,
                  "mean_ms": 0.12403360333333334,
                  "ci95_ms": 0.0023624260430875435,
                  "in_flight_depth": 1
                },
                {
                  "payload_label": "medium",
                  "target_payload_bytes": 10240,
                  "samples": 600,
                  "p50_ms": 0.224,
                  "p95_ms": 0.31375,
                  "p99_ms": 0.340583,
                  "mean_ms": 0.23508735833333333,
                  "ci95_ms": 0.0036485956320146274,
                  "in_flight_depth": 1
                },
                {
                  "payload_label": "large",
                  "target_payload_bytes": 1048576,
                  "samples": 600,
                  "p50_ms": 19.056271000000002,
                  "p95_ms": 20.251666,
                  "p99_ms": 20.565542,
                  "mean_ms": 17.108798671666666,
                  "ci95_ms": 0.26482034945477156,
                  "in_flight_depth": 1
                }
              ],
              "throughput": [
                {
                  "payload_label": "small",
                  "target_payload_bytes": 512,
                  "duration_seconds": 3.0,
                  "roundtrips": 103009,
                  "messages_per_second": 34336.333333333336,
                  "in_flight_depth": 32
                },
                {
                  "payload_label": "medium",
                  "target_payload_bytes": 10240,
                  "duration_seconds": 3.0,
                  "roundtrips": 42507,
                  "messages_per_second": 14169.0,
                  "in_flight_depth": 32
                },
                {
                  "payload_label": "large",
                  "target_payload_bytes": 1048576,
                  "duration_seconds": 3.0,
                  "roundtrips": 440,
                  "messages_per_second": 146.66666666666666,
                  "in_flight_depth": 32
                }
              ]
            }
          ]
        }
      ],
      "summary": {
        "tcp": {
          "small_p50_ms": {
            "median": 0.12122949999999999,
            "mean": 0.12020166666666665,
            "stddev": 0.002791473460976002,
            "p95": 0.1223335,
            "p99": 0.1223335,
            "ci95": 0.0031588495900951746,
            "min": 0.117042,
            "max": 0.1223335
          },
          "small_p99_ms": {
            "median": 0.22575,
            "mean": 0.22194466666666668,
            "stddev": 0.0116028464754703,
            "p95": 0.231167,
            "p99": 0.231167,
            "ci95": 0.01312985681051821,
            "min": 0.208917,
            "max": 0.231167
          },
          "small_messages_per_second": {
            "median": 27728.0,
            "mean": 27629.111111111113,
            "stddev": 248.24032561060488,
            "p95": 27812.666666666668,
            "p99": 27812.666666666668,
            "ci95": 280.9103728774061,
            "min": 27346.666666666668,
            "max": 27812.666666666668
          }
        },
        "uds": {
          "small_p50_ms": {
            "median": 0.1293125,
            "mean": 0.12966683333333331,
            "stddev": 0.001378586262565143,
            "p95": 0.131188,
            "p99": 0.131188,
            "ci95": 0.0015600172135944868,
            "min": 0.1285,
            "max": 0.131188
          },
          "small_p99_ms": {
            "median": 0.187541,
            "mean": 0.18816633333333335,
            "stddev": 0.008870546619759875,
            "p95": 0.197333,
            "p99": 0.197333,
            "ci95": 0.010037968458403879,
            "min": 0.179625,
            "max": 0.197333
          },
          "small_messages_per_second": {
            "median": 33999.666666666664,
            "mean": 34022.77777777778,
            "stddev": 302.66250608985695,
            "p95": 34336.333333333336,
            "p99": 34336.333333333336,
            "ci95": 342.4948675545879,
            "min": 33732.333333333336,
            "max": 34336.333333333336
          }
        }
      }
    },
    "python_bridge_reference": {
      "benchmark": "pyre-bridge-multi-transport",
      "transport_results": [
        {
          "transport": "tcp",
          "latency": [
            {
              "payload_label": "small",
              "target_payload_bytes": 512,
              "samples": 600,
              "p50_ms": 0.1075,
              "p95_ms": 0.201417,
              "p99_ms": 0.25475,
              "mean_ms": 0.12433061166666666,
              "min_ms": 0.077917,
              "max_ms": 0.436708
            },
            {
              "payload_label": "medium",
              "target_payload_bytes": 10240,
              "samples": 600,
              "p50_ms": 0.107584,
              "p95_ms": 0.142,
              "p99_ms": 0.169625,
              "mean_ms": 0.11195953333333335,
              "min_ms": 0.096167,
              "max_ms": 0.238167
            },
            {
              "payload_label": "large",
              "target_payload_bytes": 1048576,
              "samples": 600,
              "p50_ms": 2.45325,
              "p95_ms": 2.865708,
              "p99_ms": 3.079292,
              "mean_ms": 2.4314428916666664,
              "min_ms": 2.026708,
              "max_ms": 3.254709
            }
          ],
          "throughput": [
            {
              "payload_label": "small",
              "target_payload_bytes": 512,
              "duration_seconds": 3.0,
              "roundtrips": 30231,
              "messages_per_second": 10077.0
            },
            {
              "payload_label": "medium",
              "target_payload_bytes": 10240,
              "duration_seconds": 3.0,
              "roundtrips": 25567,
              "messages_per_second": 8522.333333333334
            },
            {
              "payload_label": "large",
              "target_payload_bytes": 1048576,
              "duration_seconds": 3.0,
              "roundtrips": 1066,
              "messages_per_second": 355.3333333333333
            }
          ]
        },
        {
          "transport": "uds",
          "latency": [
            {
              "payload_label": "small",
              "target_payload_bytes": 512,
              "samples": 600,
              "p50_ms": 0.067459,
              "p95_ms": 0.09075,
              "p99_ms": 0.138209,
              "mean_ms": 0.071282905,
              "min_ms": 0.066125,
              "max_ms": 0.176541
            },
            {
              "payload_label": "medium",
              "target_payload_bytes": 10240,
              "samples": 600,
              "p50_ms": 0.139708,
              "p95_ms": 0.170667,
              "p99_ms": 0.224917,
              "mean_ms": 0.14486679333333333,
              "min_ms": 0.137167,
              "max_ms": 0.289167
            },
            {
              "payload_label": "large",
              "target_payload_bytes": 1048576,
              "samples": 600,
              "p50_ms": 9.383792,
              "p95_ms": 9.741083,
              "p99_ms": 9.905083,
              "mean_ms": 9.387587141666668,
              "min_ms": 8.961291,
              "max_ms": 10.848792
            }
          ],
          "throughput": [
            {
              "payload_label": "small",
              "target_payload_bytes": 512,
              "duration_seconds": 3.0,
              "roundtrips": 39556,
              "messages_per_second": 13185.333333333334
            },
            {
              "payload_label": "medium",
              "target_payload_bytes": 10240,
              "duration_seconds": 3.0,
              "roundtrips": 19721,
              "messages_per_second": 6573.666666666667
            },
            {
              "payload_label": "large",
              "target_payload_bytes": 1048576,
              "duration_seconds": 3.0,
              "roundtrips": 318,
              "messages_per_second": 106.0
            }
          ]
        }
      ]
    },
    "bridge_stress": {
      "benchmark": "elixir-bridge-stress",
      "transport": "uds",
      "config": {
        "in_flight_depths": [
          1,
          8,
          32,
          128,
          512
        ],
        "duration_seconds": 2.0,
        "payload_bytes": 512,
        "pool_size": 8,
        "max_in_flight_per_conn": 64,
        "enable_backpressure": true
      },
      "results": [
        {
          "in_flight_depth": 1,
          "messages_per_second": 9866.0,
          "p99_ms": 0.164791,
          "p50_ms": 0.09018699999999999,
          "p95_ms": 0.14,
          "pool_backpressure_events": 0,
          "server_backpressure_events": 0,
          "roundtrips": 19732,
          "duration_seconds": 2.0,
          "max_in_flight_observed": 1
        },
        {
          "in_flight_depth": 8,
          "messages_per_second": 30942.0,
          "p99_ms": 0.443375,
          "p50_ms": 0.2552085,
          "p95_ms": 0.390791,
          "pool_backpressure_events": 0,
          "server_backpressure_events": 0,
          "roundtrips": 61884,
          "duration_seconds": 2.0,
          "max_in_flight_observed": 8
        },
        {
          "in_flight_depth": 32,
          "messages_per_second": 34946.0,
          "p99_ms": 1.302625,
          "p50_ms": 0.825708,
          "p95_ms": 1.181417,
          "pool_backpressure_events": 0,
          "server_backpressure_events": 0,
          "roundtrips": 69892,
          "duration_seconds": 2.0,
          "max_in_flight_observed": 32
        },
        {
          "in_flight_depth": 128,
          "messages_per_second": 35913.5,
          "p99_ms": 1.951458,
          "p50_ms": 1.3184580000000001,
          "p95_ms": 1.91175,
          "pool_backpressure_events": 0,
          "server_backpressure_events": 0,
          "roundtrips": 71827,
          "duration_seconds": 2.0,
          "max_in_flight_observed": 128
        },
        {
          "in_flight_depth": 512,
          "messages_per_second": 13994.5,
          "p99_ms": 2.354333,
          "p50_ms": 1.8458125,
          "p95_ms": 2.351292,
          "pool_backpressure_events": 177102,
          "server_backpressure_events": 177102,
          "roundtrips": 27989,
          "duration_seconds": 2.0,
          "max_in_flight_observed": 512
        }
      ],
      "summary": {
        "best_messages_per_second": 35913.5,
        "p99_at_max_depth_ms": 2.354333,
        "avg_p99_ms": 1.2433163999999999
      }
    },
    "memory_scaling": {
      "python": {
        "feasible": true,
        "runs": [
          {
            "agents": 100,
            "rss_bytes": 1777745920
          },
          {
            "agents": 1000,
            "rss_bytes": 1777745920
          },
          {
            "agents": 5000,
            "rss_bytes": 1777745920
          }
        ],
        "fit": {
          "bytes_per_agent": 0.0,
          "base_bytes": 1777745920.0
        },
        "base_runtime_bytes_estimate": 1777745920.0
      },
      "elixir_bridge": {
        "feasible": true,
        "runs": [
          {
            "agents": 100,
            "baseline_rss_bytes": 135004160,
            "rss_bytes": 135561216,
            "delta_bytes": 557056
          },
          {
            "agents": 1000,
            "baseline_rss_bytes": 134610944,
            "rss_bytes": 137822208,
            "delta_bytes": 3211264
          },
          {
            "agents": 5000,
            "baseline_rss_bytes": 136527872,
            "rss_bytes": 152862720,
            "delta_bytes": 16334848
          }
        ],
        "fit": {
          "bytes_per_agent": 3238.4689857912786,
          "base_bytes": 116169.06222440023
        },
        "base_runtime_bytes_estimate": 135004160.0,
        "absolute_base_runtime_bytes": 135004160.0,
        "idle_beam_rss_bytes": 56623104.0,
        "bridge_over_idle_beam_bytes": 78381056.0
      }
    },
    "failure_recovery": {
      "restart_attempts": 15,
      "restarted_successes": 15,
      "restart_success_ratio": 1.0,
      "mean_recovery_ms": 13.581930533594763,
      "strategy_checks": {
        "rest_for_one_older_survives": true,
        "rest_for_one_crashed_restarted": true,
        "rest_for_one_younger_restarted": true
      }
    },
    "scheduler_fairness": {
      "evaluation_mode": "serial_python_worker",
      "baseline": {
        "median": 0.004709,
        "mean": 0.005203133333333334,
        "stddev": 0.0035615771785656356,
        "p95": 0.005417,
        "p99": 0.0155,
        "ci95": 0.0006372470125920279,
        "min": 0.004542,
        "max": 0.042166
      },
      "under_cpu_load": {
        "median": 0.003958,
        "mean": 0.00424957,
        "stddev": 0.001745934627161977,
        "p95": 0.004417,
        "p99": 0.013709,
        "ci95": 0.0003422031869237475,
        "min": 0.003792,
        "max": 0.018333
      },
      "python_no_preemption_blocking_factor_p99": 174.1705975584622,
      "pooled_workers_blocking_factor_p99": 1.217237061769616,
      "no_preemption_timer_drift": {
        "mode": "serial_python_worker",
        "period_ms": 5.0,
        "samples": 600,
        "blocked_threshold_ms": 10.0,
        "baseline_drift_ms": {
          "median": 1.2887500098440796,
          "mean": 1.2323661116533913,
          "stddev": 0.20934267965723208,
          "p95": 1.3275409920606762,
          "p99": 1.3512919878121465,
          "ci95": 0.016750903053873067,
          "min": 0.055957997683435574,
          "max": 1.3753330032341182
        },
        "under_cpu_load_drift_ms": {
          "median": 1.288187505560927,
          "mean": 7.451607015003295,
          "stddev": 37.754406558593935,
          "p95": 1.3376670004799962,
          "p99": 235.35533299320377,
          "ci95": 3.020981699264632,
          "min": 0.0604170246515422,
          "max": 235.41970798862167
        },
        "blocking_factor_p99": 174.1705975584622,
        "blocked_tick_ratio": 0.02666666666666667
      },
      "modes": {
        "serial_python_worker": {
          "mode": "serial_python_worker",
          "handler_worker_count": 1,
          "baseline": {
            "median": 0.004709,
            "mean": 0.005203133333333334,
            "stddev": 0.0035615771785656356,
            "p95": 0.005417,
            "p99": 0.0155,
            "ci95": 0.0006372470125920279,
            "min": 0.004542,
            "max": 0.042166
          },
          "under_cpu_load": {
            "median": 0.003958,
            "mean": 0.00424957,
            "stddev": 0.001745934627161977,
            "p95": 0.004417,
            "p99": 0.013709,
            "ci95": 0.0003422031869237475,
            "min": 0.003792,
            "max": 0.018333
          },
          "blocking_factor_p99": 0.8844516129032258,
          "queue_depth_percentiles": {
            "p50": 1.0,
            "p95": 1.0,
            "p99": 1.0
          },
          "restart_latency_percentiles_ms": {
            "p50": 0.0,
            "p95": 0.0,
            "p99": 0.0
          }
        },
        "pooled_workers": {
          "mode": "pooled_workers",
          "handler_worker_count": 64,
          "baseline": {
            "median": 0.003792,
            "mean": 0.003857375,
            "stddev": 0.00038520312359659214,
            "p95": 0.004041,
            "p99": 0.004792,
            "ci95": 6.892158373833265e-05,
            "min": 0.003667,
            "max": 0.00775
          },
          "under_cpu_load": {
            "median": 0.003875,
            "mean": 0.00407207,
            "stddev": 0.0013583562500762499,
            "p95": 0.004334,
            "p99": 0.005833,
            "ci95": 0.00026623782501494493,
            "min": 0.003708,
            "max": 0.017292
          },
          "blocking_factor_p99": 1.217237061769616,
          "queue_depth_percentiles": {
            "p50": 1.0,
            "p95": 1.0,
            "p99": 1.0
          },
          "restart_latency_percentiles_ms": {
            "p50": 0.0,
            "p95": 0.0,
            "p99": 0.0
          }
        }
      },
      "queue_depth_percentiles": {
        "p50": 1.0,
        "p95": 1.0,
        "p99": 1.0
      },
      "restart_latency_percentiles_ms": {
        "p50": 0.0,
        "p95": 0.0,
        "p99": 0.0
      }
    },
    "startup_overhead": {
      "runs": [
        {
          "boot_ms": 770.359542,
          "first_ping_ms": 0.454125
        },
        {
          "boot_ms": 753.889709,
          "first_ping_ms": 0.384792
        },
        {
          "boot_ms": 757.585,
          "first_ping_ms": 0.455167
        },
        {
          "boot_ms": 762.326584,
          "first_ping_ms": 0.412667
        },
        {
          "boot_ms": 757.561209,
          "first_ping_ms": 0.529583
        },
        {
          "boot_ms": 754.957417,
          "first_ping_ms": 0.5825
        }
      ],
      "boot_ms": {
        "median": 757.5731045,
        "mean": 759.4465768333333,
        "stddev": 6.089969890051208,
        "p95": 770.359542,
        "p99": 770.359542,
        "ci95": 4.872990801316019,
        "min": 753.889709,
        "max": 770.359542
      },
      "first_ping_ms": {
        "median": 0.454646,
        "mean": 0.4698056666666666,
        "stddev": 0.07379114711580696,
        "p95": 0.5825,
        "p99": 0.5825,
        "ci95": 0.0590452149363354,
        "min": 0.384792,
        "max": 0.5825
      }
    },
    "architectural_evidence": {
      "python_api_surface": {
        "runtime": true,
        "agent": true,
        "readme": true
      },
      "state_and_serialization": {
        "base_model_enforced": true,
        "bridge_codec_tests": true,
        "bridge_protocol_tests": true
      },
      "observability": {
        "bridge_health_api": true,
        "bridge_health_tests": true
      }
    }
  }
}
