Task was destroyed but it is pending!
task: <Task pending name='Task-16395' coro=<BridgeMultiplexedConnection._recv_loop() done, defined at /Users/arjun/Documents/Pyre/src/pyre_agents/bridge/transport.py:136> wait_for=<Future pending cb=[Task.task_wakeup()]>>
Task was destroyed but it is pending!
task: <Task pending name='Task-16396' coro=<BridgeMultiplexedConnection._recv_loop() done, defined at /Users/arjun/Documents/Pyre/src/pyre_agents/bridge/transport.py:136> wait_for=<Future pending cb=[Task.task_wakeup()]>>
Task was destroyed but it is pending!
task: <Task pending name='Task-16397' coro=<BridgeMultiplexedConnection._recv_loop() done, defined at /Users/arjun/Documents/Pyre/src/pyre_agents/bridge/transport.py:136> wait_for=<Future pending cb=[Task.task_wakeup()]>>
Task was destroyed but it is pending!
task: <Task pending name='Task-16398' coro=<BridgeMultiplexedConnection._recv_loop() done, defined at /Users/arjun/Documents/Pyre/src/pyre_agents/bridge/transport.py:136> wait_for=<Future pending cb=[Task.task_wakeup()]>>
Task was destroyed but it is pending!
task: <Task pending name='Task-16399' coro=<BridgeMultiplexedConnection._recv_loop() done, defined at /Users/arjun/Documents/Pyre/src/pyre_agents/bridge/transport.py:136> wait_for=<Future pending cb=[Task.task_wakeup()]>>
{
  "benchmark": "whitepaper-claim-validation",
  "generated_at_utc": "2026-04-09T13:28:57.791056+00:00",
  "profile": "rigorous",
  "claim_scope": "all",
  "require_rigorous_for_validated": true,
  "transports": "both",
  "publication_ready": true,
  "environment": {
    "python": "3.12.7",
    "platform": "Darwin 25.3.0 (arm64)",
    "mix_version": "Erlang/OTP 28 [erts-16.3] [source] [64-bit] [smp:8:8] [ds:8:8:10] [async-threads:1] [jit] [dtrace] |  | Mix 1.19.5 (compiled with Erlang/OTP 28)",
    "erlang_version": "\"28\""
  },
  "controls": {
    "warmup_runs": 1,
    "measured_runs": 3,
    "rigorous_min_runs_target": 10,
    "notes": [
      "Local workstation measurements include hardware and scheduler variance.",
      "UDS claims require UDS transport measurements.",
      "Claims are evaluated against March 2026 whitepaper text."
    ]
  },
  "claims": [
    {
      "claim_id": "E1",
      "quote": "The bridge round-trip for a typical agent message (under 1KB of state) adds 0.1-0.3ms of latency.",
      "claim_class": "empirical",
      "evidence_type": "benchmark",
      "metric": "bridge.uds.small.p50_ms and bridge.uds.small.p99_ms",
      "threshold": "validated if p50 <= 0.3 and p99 <= 0.5",
      "partial_rule": "partial if p50 <= 0.5 and p99 <= 1.0",
      "caveats": "Requires UDS benchmark transport source.",
      "required_profile": "rigorous",
      "transport_required": "uds",
      "suite_keys": [
        "bridge_suite"
      ],
      "class": "empirical"
    },
    {
      "claim_id": "E2",
      "quote": "The Unix domain socket bridge supports 50,000-100,000 messages per second.",
      "claim_class": "empirical",
      "evidence_type": "benchmark",
      "metric": "bridge.uds.small.messages_per_second",
      "threshold": "validated if median >= 50000",
      "partial_rule": "partial if median >= 10000",
      "caveats": "UDS source of truth only.",
      "required_profile": "rigorous",
      "transport_required": "uds",
      "suite_keys": [
        "bridge_suite"
      ],
      "class": "empirical"
    },
    {
      "claim_id": "E3",
      "quote": "Booting the Elixir runtime adds 500-1000ms to application startup.",
      "claim_class": "empirical",
      "evidence_type": "benchmark",
      "metric": "startup.boot_ms median",
      "threshold": "validated if median <= 1000",
      "partial_rule": "partial if median <= 1500",
      "caveats": "Local workstation variance expected.",
      "required_profile": "rigorous",
      "transport_required": "none",
      "suite_keys": [
        "startup_overhead"
      ],
      "class": "empirical"
    },
    {
      "claim_id": "E4",
      "quote": "Supervisors restart child processes when they fail with one_for_one, one_for_all, and rest_for_one semantics.",
      "claim_class": "empirical",
      "evidence_type": "integration_test",
      "metric": "recovery.restart_success_ratio and strategy checks",
      "threshold": "validated if ratio >= 0.99 and all checks pass",
      "partial_rule": "partial if ratio >= 0.90 and 2/3 checks pass",
      "caveats": "Bridge recovery checks over Elixir runtime.",
      "required_profile": "quick",
      "transport_required": "tcp",
      "suite_keys": [
        "failure_recovery"
      ],
      "class": "empirical"
    },
    {
      "claim_id": "E5",
      "quote": "The Pyre bridge adds approximately 143MB of base memory and each agent on the Elixir side consumes approximately 2.9KB.",
      "claim_class": "empirical",
      "evidence_type": "benchmark",
      "metric": "memory_scaling.elixir.absolute_base_runtime_bytes and bytes_per_agent",
      "threshold": "validated if base in [100,180]MB and slope in [2,5]KB",
      "partial_rule": "partial if base in [80,200]MB and slope <= 10KB",
      "caveats": "Absolute RSS is verdict source; idle-BEAM delta is contextual.",
      "required_profile": "rigorous",
      "transport_required": "none",
      "suite_keys": [
        "memory_scaling"
      ],
      "class": "empirical"
    },
    {
      "claim_id": "E6",
      "quote": "No preemption within Python: CPU-intensive handler work can block the Python worker/event loop.",
      "claim_class": "empirical",
      "evidence_type": "benchmark",
      "metric": "scheduler_fairness.no_preemption_timer_drift.blocking_factor_p99",
      "threshold": "validated if blocking_factor >= 2.0",
      "partial_rule": "partial if blocking_factor >= 1.3",
      "caveats": "Synthetic tail-latency amplification benchmark.",
      "required_profile": "quick",
      "transport_required": "none",
      "suite_keys": [
        "scheduler_fairness"
      ],
      "class": "empirical"
    },
    {
      "claim_id": "A1",
      "quote": "Developers write pure Python and interact with Python APIs.",
      "claim_class": "architectural",
      "evidence_type": "static_analysis",
      "metric": "python_api_surface_present",
      "threshold": "validated if public Python runtime APIs are available and documented",
      "partial_rule": "partial if APIs exist but docs/tests missing",
      "caveats": "Non-benchmark architectural claim.",
      "required_profile": "quick",
      "transport_required": "none",
      "suite_keys": [
        "architectural_evidence"
      ],
      "class": "architectural"
    },
    {
      "claim_id": "A2",
      "quote": "State is serialized across the bridge and constrained to serializable models.",
      "claim_class": "architectural",
      "evidence_type": "static_analysis",
      "metric": "state_validation_and_bridge_codec_checks",
      "threshold": "validated if BaseModel enforcement + codec tests present",
      "partial_rule": "partial if only one evidence source present",
      "caveats": "Validated through code/test evidence links.",
      "required_profile": "quick",
      "transport_required": "none",
      "suite_keys": [
        "architectural_evidence"
      ],
      "class": "architectural"
    },
    {
      "claim_id": "A3",
      "quote": "Bridge/runtime observability provides lifecycle and error event visibility.",
      "claim_class": "architectural",
      "evidence_type": "integration_test",
      "metric": "bridge_health_event_types_and_tests",
      "threshold": "validated if event API + integration tests exist",
      "partial_rule": "partial if API exists without tests",
      "caveats": "Evidence from health event hooks and tests.",
      "required_profile": "quick",
      "transport_required": "none",
      "suite_keys": [
        "architectural_evidence"
      ],
      "class": "architectural"
    },
    {
      "claim_id": "F1",
      "quote": "Distributed clustering for cross-machine agents is a future direction.",
      "claim_class": "future/distributed",
      "evidence_type": "blocked_future",
      "metric": "blocked_by_local_single_node_scope",
      "threshold": "unsupported_in_scope",
      "partial_rule": "n/a",
      "caveats": "Requires multi-node distributed implementation.",
      "required_profile": "quick",
      "transport_required": "none",
      "suite_keys": [],
      "class": "future/distributed"
    },
    {
      "claim_id": "F2",
      "quote": "Hot code reloading for Python handlers is a future direction.",
      "claim_class": "future/distributed",
      "evidence_type": "blocked_future",
      "metric": "blocked_by_unimplemented_feature",
      "threshold": "unsupported_in_scope",
      "partial_rule": "n/a",
      "caveats": "Requires explicit runtime/versioned handler infrastructure.",
      "required_profile": "quick",
      "transport_required": "none",
      "suite_keys": [],
      "class": "future/distributed"
    },
    {
      "claim_id": "F3",
      "quote": "Streaming bridge message types are a future direction.",
      "claim_class": "future/distributed",
      "evidence_type": "blocked_future",
      "metric": "blocked_by_protocol_extension_not_present",
      "threshold": "unsupported_in_scope",
      "partial_rule": "n/a",
      "caveats": "Current protocol is request/response oriented.",
      "required_profile": "quick",
      "transport_required": "none",
      "suite_keys": [],
      "class": "future/distributed"
    },
    {
      "claim_id": "F4",
      "quote": "WASM-based isolation as an alternative is a future direction.",
      "claim_class": "future/distributed",
      "evidence_type": "blocked_future",
      "metric": "blocked_by_unimplemented_runtime_mode",
      "threshold": "unsupported_in_scope",
      "partial_rule": "n/a",
      "caveats": "No WASM execution backend in current repository.",
      "required_profile": "quick",
      "transport_required": "none",
      "suite_keys": [],
      "class": "future/distributed"
    }
  ],
  "claim_verdicts": [
    {
      "claim_id": "E1",
      "status": "validated",
      "detail": "p50=0.1352ms p99=0.2178ms",
      "class": "empirical",
      "evidence_type": "benchmark",
      "gate_status": "meets_gate",
      "required_profile": "rigorous",
      "transport_source": "uds",
      "blockers": []
    },
    {
      "claim_id": "E2",
      "status": "partially_validated",
      "detail": "median_mps=39063.7",
      "class": "empirical",
      "evidence_type": "benchmark",
      "gate_status": "meets_gate",
      "required_profile": "rigorous",
      "transport_source": "uds",
      "blockers": []
    },
    {
      "claim_id": "E3",
      "status": "validated",
      "detail": "boot_median=759.8ms",
      "class": "empirical",
      "evidence_type": "benchmark",
      "gate_status": "meets_gate",
      "required_profile": "rigorous",
      "transport_source": "none",
      "blockers": []
    },
    {
      "claim_id": "E4",
      "status": "validated",
      "detail": "ratio=1.000 checks=3/3",
      "class": "empirical",
      "evidence_type": "integration_test",
      "gate_status": "meets_gate",
      "required_profile": "quick",
      "transport_source": "tcp",
      "blockers": []
    },
    {
      "claim_id": "E5",
      "status": "validated",
      "detail": "base=128.36MB delta_vs_idle_beam=74.25MB slope=3.15KB/agent",
      "class": "empirical",
      "evidence_type": "benchmark",
      "gate_status": "meets_gate",
      "required_profile": "rigorous",
      "transport_source": "none",
      "blockers": []
    },
    {
      "claim_id": "E6",
      "status": "validated",
      "detail": "blocking_factor=174.27 blocked_tick_ratio=0.027",
      "class": "empirical",
      "evidence_type": "benchmark",
      "gate_status": "meets_gate",
      "required_profile": "quick",
      "transport_source": "none",
      "blockers": []
    },
    {
      "claim_id": "A1",
      "status": "validated",
      "detail": "api evidence 3/3",
      "class": "architectural",
      "evidence_type": "static_analysis",
      "gate_status": "meets_gate",
      "required_profile": "quick",
      "transport_source": "none",
      "blockers": []
    },
    {
      "claim_id": "A2",
      "status": "validated",
      "detail": "serialization evidence 3/3",
      "class": "architectural",
      "evidence_type": "static_analysis",
      "gate_status": "meets_gate",
      "required_profile": "quick",
      "transport_source": "none",
      "blockers": []
    },
    {
      "claim_id": "A3",
      "status": "validated",
      "detail": "observability evidence 2/2",
      "class": "architectural",
      "evidence_type": "integration_test",
      "gate_status": "meets_gate",
      "required_profile": "quick",
      "transport_source": "none",
      "blockers": []
    },
    {
      "claim_id": "F1",
      "status": "unsupported_in_scope",
      "detail": "future/distributed claim outside local single-node validation scope",
      "class": "future/distributed",
      "evidence_type": "blocked_future",
      "gate_status": "not_applicable",
      "required_profile": "quick",
      "transport_source": "none",
      "blockers": [
        "Requires multi-node distributed implementation."
      ]
    },
    {
      "claim_id": "F2",
      "status": "unsupported_in_scope",
      "detail": "future/distributed claim outside local single-node validation scope",
      "class": "future/distributed",
      "evidence_type": "blocked_future",
      "gate_status": "not_applicable",
      "required_profile": "quick",
      "transport_source": "none",
      "blockers": [
        "Requires explicit runtime/versioned handler infrastructure."
      ]
    },
    {
      "claim_id": "F3",
      "status": "unsupported_in_scope",
      "detail": "future/distributed claim outside local single-node validation scope",
      "class": "future/distributed",
      "evidence_type": "blocked_future",
      "gate_status": "not_applicable",
      "required_profile": "quick",
      "transport_source": "none",
      "blockers": [
        "Current protocol is request/response oriented."
      ]
    },
    {
      "claim_id": "F4",
      "status": "unsupported_in_scope",
      "detail": "future/distributed claim outside local single-node validation scope",
      "class": "future/distributed",
      "evidence_type": "blocked_future",
      "gate_status": "not_applicable",
      "required_profile": "quick",
      "transport_source": "none",
      "blockers": [
        "No WASM execution backend in current repository."
      ]
    }
  ],
  "coverage_summary": {
    "by_class": {
      "empirical": 6,
      "architectural": 3,
      "future/distributed": 4
    },
    "by_status": {
      "validated": 8,
      "partially_validated": 1,
      "unsupported_in_scope": 4
    }
  },
  "transport_concurrency_profile": {
    "in_flight_depths": [
      1,
      8,
      32,
      128,
      512
    ],
    "duration_seconds": 2.0,
    "payload_bytes": 512,
    "pool_size": 8,
    "max_in_flight_per_conn": 64,
    "enable_backpressure": true
  },
  "backpressure_events": {
    "pool": 239816,
    "server": 239816
  },
  "queue_depth_percentiles": {
    "p50": 1.0,
    "p95": 1.0,
    "p99": 1.0
  },
  "restart_latency_percentiles": {
    "p50": 0.0,
    "p95": 0.0,
    "p99": 0.0
  },
  "raw_artifacts": {
    "bridge_suite": "docs/benchmarks/raw/whitepaper_validation/rigorous_20260409T132857Z/bridge_suite.json",
    "python_bridge_reference": "docs/benchmarks/raw/whitepaper_validation/rigorous_20260409T132857Z/python_bridge_reference.json",
    "bridge_stress": "docs/benchmarks/raw/whitepaper_validation/rigorous_20260409T132857Z/bridge_stress.json",
    "memory_scaling": "docs/benchmarks/raw/whitepaper_validation/rigorous_20260409T132857Z/memory_scaling.json",
    "failure_recovery": "docs/benchmarks/raw/whitepaper_validation/rigorous_20260409T132857Z/failure_recovery.json",
    "scheduler_fairness": "docs/benchmarks/raw/whitepaper_validation/rigorous_20260409T132857Z/scheduler_fairness.json",
    "startup_overhead": "docs/benchmarks/raw/whitepaper_validation/rigorous_20260409T132857Z/startup_overhead.json",
    "architectural_evidence": "docs/benchmarks/raw/whitepaper_validation/rigorous_20260409T132857Z/architectural_evidence.json"
  },
  "suite_summary": {
    "bridge_suite": {
      "warmup_runs": 1,
      "measured_runs": 3,
      "in_flight_depths": [
        1,
        32,
        512
      ],
      "transport_runs": [
        {
          "benchmark": "elixir-bridge-transport-microbench",
          "transport_results": [
            {
              "transport": "tcp",
              "in_flight_depths": [
                1,
                32,
                512
              ],
              "payload_results": [
                {
                  "payload_label": "small",
                  "target_payload_bytes": 512,
                  "concurrency_sweep": [
                    {
                      "in_flight_depth": 1,
                      "samples": 600,
                      "p50_ms": 0.124729,
                      "p95_ms": 0.193166,
                      "p99_ms": 0.240542,
                      "mean_ms": 0.14611194333333333,
                      "ci95_ms": 0.02304534710527693,
                      "messages_per_second": 8067.666666666667,
                      "busy_errors": 0
                    },
                    {
                      "in_flight_depth": 32,
                      "samples": 150,
                      "p50_ms": 1.194646,
                      "p95_ms": 1.76825,
                      "p99_ms": 1.944709,
                      "mean_ms": 1.1852585599999999,
                      "ci95_ms": 0.06070925713134133,
                      "messages_per_second": 29428.0,
                      "busy_errors": 0
                    },
                    {
                      "in_flight_depth": 512,
                      "samples": 64,
                      "p50_ms": 2.215375,
                      "p95_ms": 3.523334,
                      "p99_ms": 3.528208,
                      "mean_ms": 2.36665359375,
                      "ci95_ms": 0.17439340643679965,
                      "messages_per_second": 16832.0,
                      "busy_errors": 339564
                    }
                  ]
                },
                {
                  "payload_label": "medium",
                  "target_payload_bytes": 10240,
                  "concurrency_sweep": [
                    {
                      "in_flight_depth": 1,
                      "samples": 600,
                      "p50_ms": 0.139438,
                      "p95_ms": 0.201625,
                      "p99_ms": 0.236875,
                      "mean_ms": 0.14660673666666668,
                      "ci95_ms": 0.002034181845404883,
                      "messages_per_second": 7251.0,
                      "busy_errors": 0
                    },
                    {
                      "in_flight_depth": 32,
                      "samples": 150,
                      "p50_ms": 1.55625,
                      "p95_ms": 2.201375,
                      "p99_ms": 2.390625,
                      "mean_ms": 1.5332147066666666,
                      "ci95_ms": 0.06796532808514562,
                      "messages_per_second": 22785.333333333332,
                      "busy_errors": 0
                    },
                    {
                      "in_flight_depth": 512,
                      "samples": 64,
                      "p50_ms": 2.68175,
                      "p95_ms": 3.465583,
                      "p99_ms": 3.472916,
                      "mean_ms": 2.6741315,
                      "ci95_ms": 0.12811296678907244,
                      "messages_per_second": 14069.333333333334,
                      "busy_errors": 275551
                    }
                  ]
                },
                {
                  "payload_label": "large",
                  "target_payload_bytes": 1048576,
                  "concurrency_sweep": [
                    {
                      "in_flight_depth": 1,
                      "samples": 600,
                      "p50_ms": 2.1877705,
                      "p95_ms": 2.503708,
                      "p99_ms": 2.699708,
                      "mean_ms": 2.1804911283333337,
                      "ci95_ms": 0.015972620895645762,
                      "messages_per_second": 441.0,
                      "busy_errors": 0
                    },
                    {
                      "in_flight_depth": 32,
                      "samples": 150,
                      "p50_ms": 44.1062085,
                      "p95_ms": 55.072084,
                      "p99_ms": 55.569,
                      "mean_ms": 43.224138053333334,
                      "ci95_ms": 1.3041792056045154,
                      "messages_per_second": 775.0,
                      "busy_errors": 0
                    },
                    {
                      "in_flight_depth": 512,
                      "samples": 64,
                      "p50_ms": 47.610333499999996,
                      "p95_ms": 55.057167,
                      "p99_ms": 58.220958,
                      "mean_ms": 48.05020765625,
                      "ci95_ms": 1.0647798545296456,
                      "messages_per_second": 424.0,
                      "busy_errors": 1080
                    }
                  ]
                }
              ],
              "latency": [
                {
                  "payload_label": "small",
                  "target_payload_bytes": 512,
                  "samples": 600,
                  "p50_ms": 0.124729,
                  "p95_ms": 0.193166,
                  "p99_ms": 0.240542,
                  "mean_ms": 0.14611194333333333,
                  "ci95_ms": 0.02304534710527693,
                  "in_flight_depth": 1
                },
                {
                  "payload_label": "medium",
                  "target_payload_bytes": 10240,
                  "samples": 600,
                  "p50_ms": 0.139438,
                  "p95_ms": 0.201625,
                  "p99_ms": 0.236875,
                  "mean_ms": 0.14660673666666668,
                  "ci95_ms": 0.002034181845404883,
                  "in_flight_depth": 1
                },
                {
                  "payload_label": "large",
                  "target_payload_bytes": 1048576,
                  "samples": 600,
                  "p50_ms": 2.1877705,
                  "p95_ms": 2.503708,
                  "p99_ms": 2.699708,
                  "mean_ms": 2.1804911283333337,
                  "ci95_ms": 0.015972620895645762,
                  "in_flight_depth": 1
                }
              ],
              "throughput": [
                {
                  "payload_label": "small",
                  "target_payload_bytes": 512,
                  "duration_seconds": 3.0,
                  "roundtrips": 88284,
                  "messages_per_second": 29428.0,
                  "in_flight_depth": 32
                },
                {
                  "payload_label": "medium",
                  "target_payload_bytes": 10240,
                  "duration_seconds": 3.0,
                  "roundtrips": 68356,
                  "messages_per_second": 22785.333333333332,
                  "in_flight_depth": 32
                },
                {
                  "payload_label": "large",
                  "target_payload_bytes": 1048576,
                  "duration_seconds": 3.0,
                  "roundtrips": 2325,
                  "messages_per_second": 775.0,
                  "in_flight_depth": 32
                }
              ]
            },
            {
              "transport": "uds",
              "in_flight_depths": [
                1,
                32,
                512
              ],
              "payload_results": [
                {
                  "payload_label": "small",
                  "target_payload_bytes": 512,
                  "concurrency_sweep": [
                    {
                      "in_flight_depth": 1,
                      "samples": 600,
                      "p50_ms": 0.1358125,
                      "p95_ms": 0.171667,
                      "p99_ms": 0.227041,
                      "mean_ms": 0.15455138666666668,
                      "ci95_ms": 0.02676351972294844,
                      "messages_per_second": 7414.666666666667,
                      "busy_errors": 0
                    },
                    {
                      "in_flight_depth": 32,
                      "samples": 150,
                      "p50_ms": 0.9612505,
                      "p95_ms": 1.422625,
                      "p99_ms": 1.564834,
                      "mean_ms": 0.9580624999999999,
                      "ci95_ms": 0.04809047996620245,
                      "messages_per_second": 38084.666666666664,
                      "busy_errors": 0
                    },
                    {
                      "in_flight_depth": 512,
                      "samples": 64,
                      "p50_ms": 1.828271,
                      "p95_ms": 2.360209,
                      "p99_ms": 2.38625,
                      "mean_ms": 1.83569403125,
                      "ci95_ms": 0.082845403020993,
                      "messages_per_second": 17860.0,
                      "busy_errors": 340818
                    }
                  ]
                },
                {
                  "payload_label": "medium",
                  "target_payload_bytes": 10240,
                  "concurrency_sweep": [
                    {
                      "in_flight_depth": 1,
                      "samples": 600,
                      "p50_ms": 0.2435,
                      "p95_ms": 0.30625,
                      "p99_ms": 0.335541,
                      "mean_ms": 0.24401805166666668,
                      "ci95_ms": 0.0028141587975350686,
                      "messages_per_second": 4673.0,
                      "busy_errors": 0
                    },
                    {
                      "in_flight_depth": 32,
                      "samples": 150,
                      "p50_ms": 2.2109375,
                      "p95_ms": 2.930708,
                      "p99_ms": 3.142916,
                      "mean_ms": 2.188753633333333,
                      "ci95_ms": 0.07398793618610465,
                      "messages_per_second": 14562.333333333334,
                      "busy_errors": 0
                    },
                    {
                      "in_flight_depth": 512,
                      "samples": 64,
                      "p50_ms": 3.4353540000000002,
                      "p95_ms": 4.494625,
                      "p99_ms": 4.580375,
                      "mean_ms": 3.460514359375,
                      "ci95_ms": 0.1837470816467477,
                      "messages_per_second": 11806.333333333334,
                      "busy_errors": 104752
                    }
                  ]
                },
                {
                  "payload_label": "large",
                  "target_payload_bytes": 1048576,
                  "concurrency_sweep": [
                    {
                      "in_flight_depth": 1,
                      "samples": 600,
                      "p50_ms": 12.5339165,
                      "p95_ms": 13.3645,
                      "p99_ms": 13.612208,
                      "mean_ms": 12.563252578333334,
                      "ci95_ms": 0.05615608778375879,
                      "messages_per_second": 80.0,
                      "busy_errors": 0
                    },
                    {
                      "in_flight_depth": 32,
                      "samples": 150,
                      "p50_ms": 205.64610449999998,
                      "p95_ms": 575.797292,
                      "p99_ms": 583.504834,
                      "mean_ms": 261.88475665333334,
                      "ci95_ms": 19.80758298908758,
                      "messages_per_second": 146.66666666666666,
                      "busy_errors": 0
                    },
                    {
                      "in_flight_depth": 512,
                      "samples": 64,
                      "p50_ms": 737.2814375,
                      "p95_ms": 846.975541,
                      "p99_ms": 847.444125,
                      "mean_ms": 640.46832221875,
                      "ci95_ms": 52.240723116643245,
                      "messages_per_second": 17.0,
                      "busy_errors": 1101
                    }
                  ]
                }
              ],
              "latency": [
                {
                  "payload_label": "small",
                  "target_payload_bytes": 512,
                  "samples": 600,
                  "p50_ms": 0.1358125,
                  "p95_ms": 0.171667,
                  "p99_ms": 0.227041,
                  "mean_ms": 0.15455138666666668,
                  "ci95_ms": 0.02676351972294844,
                  "in_flight_depth": 1
                },
                {
                  "payload_label": "medium",
                  "target_payload_bytes": 10240,
                  "samples": 600,
                  "p50_ms": 0.2435,
                  "p95_ms": 0.30625,
                  "p99_ms": 0.335541,
                  "mean_ms": 0.24401805166666668,
                  "ci95_ms": 0.0028141587975350686,
                  "in_flight_depth": 1
                },
                {
                  "payload_label": "large",
                  "target_payload_bytes": 1048576,
                  "samples": 600,
                  "p50_ms": 12.5339165,
                  "p95_ms": 13.3645,
                  "p99_ms": 13.612208,
                  "mean_ms": 12.563252578333334,
                  "ci95_ms": 0.05615608778375879,
                  "in_flight_depth": 1
                }
              ],
              "throughput": [
                {
                  "payload_label": "small",
                  "target_payload_bytes": 512,
                  "duration_seconds": 3.0,
                  "roundtrips": 114254,
                  "messages_per_second": 38084.666666666664,
                  "in_flight_depth": 32
                },
                {
                  "payload_label": "medium",
                  "target_payload_bytes": 10240,
                  "duration_seconds": 3.0,
                  "roundtrips": 43687,
                  "messages_per_second": 14562.333333333334,
                  "in_flight_depth": 32
                },
                {
                  "payload_label": "large",
                  "target_payload_bytes": 1048576,
                  "duration_seconds": 3.0,
                  "roundtrips": 440,
                  "messages_per_second": 146.66666666666666,
                  "in_flight_depth": 32
                }
              ]
            }
          ]
        },
        {
          "benchmark": "elixir-bridge-transport-microbench",
          "transport_results": [
            {
              "transport": "tcp",
              "in_flight_depths": [
                1,
                32,
                512
              ],
              "payload_results": [
                {
                  "payload_label": "small",
                  "target_payload_bytes": 512,
                  "concurrency_sweep": [
                    {
                      "in_flight_depth": 1,
                      "samples": 600,
                      "p50_ms": 0.12477099999999999,
                      "p95_ms": 0.187458,
                      "p99_ms": 0.241833,
                      "mean_ms": 0.14513716666666668,
                      "ci95_ms": 0.020504037120402458,
                      "messages_per_second": 8198.333333333334,
                      "busy_errors": 0
                    },
                    {
                      "in_flight_depth": 32,
                      "samples": 150,
                      "p50_ms": 1.214604,
                      "p95_ms": 1.790583,
                      "p99_ms": 1.911291,
                      "mean_ms": 1.20607836,
                      "ci95_ms": 0.05873817777475774,
                      "messages_per_second": 29238.666666666668,
                      "busy_errors": 0
                    },
                    {
                      "in_flight_depth": 512,
                      "samples": 64,
                      "p50_ms": 2.0220005,
                      "p95_ms": 2.8825,
                      "p99_ms": 2.905542,
                      "mean_ms": 2.065678375,
                      "ci95_ms": 0.12801395588116135,
                      "messages_per_second": 16775.0,
                      "busy_errors": 340965
                    }
                  ]
                },
                {
                  "payload_label": "medium",
                  "target_payload_bytes": 10240,
                  "concurrency_sweep": [
                    {
                      "in_flight_depth": 1,
                      "samples": 600,
                      "p50_ms": 0.13164599999999999,
                      "p95_ms": 0.179083,
                      "p99_ms": 0.222875,
                      "mean_ms": 0.13778570166666665,
                      "ci95_ms": 0.0018829018650122376,
                      "messages_per_second": 7316.0,
                      "busy_errors": 0
                    },
                    {
                      "in_flight_depth": 32,
                      "samples": 150,
                      "p50_ms": 1.5622500000000001,
                      "p95_ms": 2.208708,
                      "p99_ms": 2.323583,
                      "mean_ms": 1.51155058,
                      "ci95_ms": 0.07104451068764428,
                      "messages_per_second": 22977.333333333332,
                      "busy_errors": 0
                    },
                    {
                      "in_flight_depth": 512,
                      "samples": 64,
                      "p50_ms": 2.6868125000000003,
                      "p95_ms": 3.553417,
                      "p99_ms": 3.611625,
                      "mean_ms": 2.679453078125,
                      "ci95_ms": 0.13728177672444045,
                      "messages_per_second": 14205.333333333334,
                      "busy_errors": 274952
                    }
                  ]
                },
                {
                  "payload_label": "large",
                  "target_payload_bytes": 1048576,
                  "concurrency_sweep": [
                    {
                      "in_flight_depth": 1,
                      "samples": 600,
                      "p50_ms": 2.143875,
                      "p95_ms": 2.44925,
                      "p99_ms": 2.724291,
                      "mean_ms": 2.1525687816666665,
                      "ci95_ms": 0.014758714801936105,
                      "messages_per_second": 447.0,
                      "busy_errors": 0
                    },
                    {
                      "in_flight_depth": 32,
                      "samples": 150,
                      "p50_ms": 44.1553335,
                      "p95_ms": 54.17675,
                      "p99_ms": 55.333208,
                      "mean_ms": 42.91104748666667,
                      "ci95_ms": 1.3380691455618785,
                      "messages_per_second": 772.3333333333334,
                      "busy_errors": 0
                    },
                    {
                      "in_flight_depth": 512,
                      "samples": 64,
                      "p50_ms": 46.284917,
                      "p95_ms": 50.527917,
                      "p99_ms": 51.662,
                      "mean_ms": 46.159520796875,
                      "ci95_ms": 0.6637526888094567,
                      "messages_per_second": 519.3333333333334,
                      "busy_errors": 810
                    }
                  ]
                }
              ],
              "latency": [
                {
                  "payload_label": "small",
                  "target_payload_bytes": 512,
                  "samples": 600,
                  "p50_ms": 0.12477099999999999,
                  "p95_ms": 0.187458,
                  "p99_ms": 0.241833,
                  "mean_ms": 0.14513716666666668,
                  "ci95_ms": 0.020504037120402458,
                  "in_flight_depth": 1
                },
                {
                  "payload_label": "medium",
                  "target_payload_bytes": 10240,
                  "samples": 600,
                  "p50_ms": 0.13164599999999999,
                  "p95_ms": 0.179083,
                  "p99_ms": 0.222875,
                  "mean_ms": 0.13778570166666665,
                  "ci95_ms": 0.0018829018650122376,
                  "in_flight_depth": 1
                },
                {
                  "payload_label": "large",
                  "target_payload_bytes": 1048576,
                  "samples": 600,
                  "p50_ms": 2.143875,
                  "p95_ms": 2.44925,
                  "p99_ms": 2.724291,
                  "mean_ms": 2.1525687816666665,
                  "ci95_ms": 0.014758714801936105,
                  "in_flight_depth": 1
                }
              ],
              "throughput": [
                {
                  "payload_label": "small",
                  "target_payload_bytes": 512,
                  "duration_seconds": 3.0,
                  "roundtrips": 87716,
                  "messages_per_second": 29238.666666666668,
                  "in_flight_depth": 32
                },
                {
                  "payload_label": "medium",
                  "target_payload_bytes": 10240,
                  "duration_seconds": 3.0,
                  "roundtrips": 68932,
                  "messages_per_second": 22977.333333333332,
                  "in_flight_depth": 32
                },
                {
                  "payload_label": "large",
                  "target_payload_bytes": 1048576,
                  "duration_seconds": 3.0,
                  "roundtrips": 2317,
                  "messages_per_second": 772.3333333333334,
                  "in_flight_depth": 32
                }
              ]
            },
            {
              "transport": "uds",
              "in_flight_depths": [
                1,
                32,
                512
              ],
              "payload_results": [
                {
                  "payload_label": "small",
                  "target_payload_bytes": 512,
                  "concurrency_sweep": [
                    {
                      "in_flight_depth": 1,
                      "samples": 600,
                      "p50_ms": 0.1352085,
                      "p95_ms": 0.167041,
                      "p99_ms": 0.206875,
                      "mean_ms": 0.133866445,
                      "ci95_ms": 0.0018068013286086921,
                      "messages_per_second": 7407.333333333333,
                      "busy_errors": 0
                    },
                    {
                      "in_flight_depth": 32,
                      "samples": 150,
                      "p50_ms": 1.0786875,
                      "p95_ms": 1.933459,
                      "p99_ms": 2.124917,
                      "mean_ms": 1.1486944666666667,
                      "ci95_ms": 0.06577449003271751,
                      "messages_per_second": 39063.666666666664,
                      "busy_errors": 0
                    },
                    {
                      "in_flight_depth": 512,
                      "samples": 64,
                      "p50_ms": 1.815458,
                      "p95_ms": 2.404667,
                      "p99_ms": 2.4135,
                      "mean_ms": 1.85780465625,
                      "ci95_ms": 0.0821057678385844,
                      "messages_per_second": 18593.666666666668,
                      "busy_errors": 358044
                    }
                  ]
                },
                {
                  "payload_label": "medium",
                  "target_payload_bytes": 10240,
                  "concurrency_sweep": [
                    {
                      "in_flight_depth": 1,
                      "samples": 600,
                      "p50_ms": 0.2701875,
                      "p95_ms": 0.328208,
                      "p99_ms": 0.3555,
                      "mean_ms": 0.26737708,
                      "ci95_ms": 0.002913054708626992,
                      "messages_per_second": 3479.3333333333335,
                      "busy_errors": 0
                    },
                    {
                      "in_flight_depth": 32,
                      "samples": 150,
                      "p50_ms": 2.186688,
                      "p95_ms": 3.465083,
                      "p99_ms": 3.829417,
                      "mean_ms": 2.256949973333333,
                      "ci95_ms": 0.09757557715207925,
                      "messages_per_second": 15052.666666666666,
                      "busy_errors": 0
                    },
                    {
                      "in_flight_depth": 512,
                      "samples": 64,
                      "p50_ms": 3.519125,
                      "p95_ms": 4.851375,
                      "p99_ms": 4.946041,
                      "mean_ms": 3.557380203125,
                      "ci95_ms": 0.2179437747736936,
                      "messages_per_second": 12061.0,
                      "busy_errors": 107968
                    }
                  ]
                },
                {
                  "payload_label": "large",
                  "target_payload_bytes": 1048576,
                  "concurrency_sweep": [
                    {
                      "in_flight_depth": 1,
                      "samples": 600,
                      "p50_ms": 19.523771,
                      "p95_ms": 20.293417,
                      "p99_ms": 20.752209,
                      "mean_ms": 19.196294684999998,
                      "ci95_ms": 0.09230374019146134,
                      "messages_per_second": 62.333333333333336,
                      "busy_errors": 0
                    },
                    {
                      "in_flight_depth": 32,
                      "samples": 150,
                      "p50_ms": 207.5965625,
                      "p95_ms": 568.020375,
                      "p99_ms": 578.567833,
                      "mean_ms": 260.7616036133333,
                      "ci95_ms": 19.38942739489325,
                      "messages_per_second": 149.33333333333334,
                      "busy_errors": 0
                    },
                    {
                      "in_flight_depth": 512,
                      "samples": 64,
                      "p50_ms": 729.1308335,
                      "p95_ms": 837.215583,
                      "p99_ms": 837.572625,
                      "mean_ms": 633.321093046875,
                      "ci95_ms": 51.36123552559997,
                      "messages_per_second": 18.666666666666668,
                      "busy_errors": 1302
                    }
                  ]
                }
              ],
              "latency": [
                {
                  "payload_label": "small",
                  "target_payload_bytes": 512,
                  "samples": 600,
                  "p50_ms": 0.1352085,
                  "p95_ms": 0.167041,
                  "p99_ms": 0.206875,
                  "mean_ms": 0.133866445,
                  "ci95_ms": 0.0018068013286086921,
                  "in_flight_depth": 1
                },
                {
                  "payload_label": "medium",
                  "target_payload_bytes": 10240,
                  "samples": 600,
                  "p50_ms": 0.2701875,
                  "p95_ms": 0.328208,
                  "p99_ms": 0.3555,
                  "mean_ms": 0.26737708,
                  "ci95_ms": 0.002913054708626992,
                  "in_flight_depth": 1
                },
                {
                  "payload_label": "large",
                  "target_payload_bytes": 1048576,
                  "samples": 600,
                  "p50_ms": 19.523771,
                  "p95_ms": 20.293417,
                  "p99_ms": 20.752209,
                  "mean_ms": 19.196294684999998,
                  "ci95_ms": 0.09230374019146134,
                  "in_flight_depth": 1
                }
              ],
              "throughput": [
                {
                  "payload_label": "small",
                  "target_payload_bytes": 512,
                  "duration_seconds": 3.0,
                  "roundtrips": 117191,
                  "messages_per_second": 39063.666666666664,
                  "in_flight_depth": 32
                },
                {
                  "payload_label": "medium",
                  "target_payload_bytes": 10240,
                  "duration_seconds": 3.0,
                  "roundtrips": 45158,
                  "messages_per_second": 15052.666666666666,
                  "in_flight_depth": 32
                },
                {
                  "payload_label": "large",
                  "target_payload_bytes": 1048576,
                  "duration_seconds": 3.0,
                  "roundtrips": 448,
                  "messages_per_second": 149.33333333333334,
                  "in_flight_depth": 32
                }
              ]
            }
          ]
        },
        {
          "benchmark": "elixir-bridge-transport-microbench",
          "transport_results": [
            {
              "transport": "tcp",
              "in_flight_depths": [
                1,
                32,
                512
              ],
              "payload_results": [
                {
                  "payload_label": "small",
                  "target_payload_bytes": 512,
                  "concurrency_sweep": [
                    {
                      "in_flight_depth": 1,
                      "samples": 600,
                      "p50_ms": 0.1232505,
                      "p95_ms": 0.179375,
                      "p99_ms": 0.233792,
                      "mean_ms": 0.14124356,
                      "ci95_ms": 0.020383764034644987,
                      "messages_per_second": 8202.666666666666,
                      "busy_errors": 0
                    },
                    {
                      "in_flight_depth": 32,
                      "samples": 150,
                      "p50_ms": 1.1801460000000001,
                      "p95_ms": 1.713417,
                      "p99_ms": 1.8785,
                      "mean_ms": 1.15656356,
                      "ci95_ms": 0.05666165592253382,
                      "messages_per_second": 29807.0,
                      "busy_errors": 0
                    },
                    {
                      "in_flight_depth": 512,
                      "samples": 64,
                      "p50_ms": 2.5964585,
                      "p95_ms": 3.502208,
                      "p99_ms": 3.506375,
                      "mean_ms": 2.6148685625,
                      "ci95_ms": 0.14791353878508542,
                      "messages_per_second": 16825.666666666668,
                      "busy_errors": 340723
                    }
                  ]
                },
                {
                  "payload_label": "medium",
                  "target_payload_bytes": 10240,
                  "concurrency_sweep": [
                    {
                      "in_flight_depth": 1,
                      "samples": 600,
                      "p50_ms": 0.13645800000000002,
                      "p95_ms": 0.1845,
                      "p99_ms": 0.228125,
                      "mean_ms": 0.14251979,
                      "ci95_ms": 0.0018905860066825001,
                      "messages_per_second": 7324.333333333333,
                      "busy_errors": 0
                    },
                    {
                      "in_flight_depth": 32,
                      "samples": 150,
                      "p50_ms": 1.4757085,
                      "p95_ms": 2.159375,
                      "p99_ms": 2.4205,
                      "mean_ms": 1.4520919533333334,
                      "ci95_ms": 0.07163328970191167,
                      "messages_per_second": 23180.333333333332,
                      "busy_errors": 0
                    },
                    {
                      "in_flight_depth": 512,
                      "samples": 64,
                      "p50_ms": 2.806125,
                      "p95_ms": 3.671792,
                      "p99_ms": 3.68,
                      "mean_ms": 2.8257030625,
                      "ci95_ms": 0.13539378197763913,
                      "messages_per_second": 14205.333333333334,
                      "busy_errors": 274952
                    }
                  ]
                },
                {
                  "payload_label": "large",
                  "target_payload_bytes": 1048576,
                  "concurrency_sweep": [
                    {
                      "in_flight_depth": 1,
                      "samples": 600,
                      "p50_ms": 2.121083,
                      "p95_ms": 2.437166,
                      "p99_ms": 2.595959,
                      "mean_ms": 2.1293208166666666,
                      "ci95_ms": 0.015022458956360868,
                      "messages_per_second": 456.6666666666667,
                      "busy_errors": 0
                    },
                    {
                      "in_flight_depth": 32,
                      "samples": 150,
                      "p50_ms": 44.116646,
                      "p95_ms": 51.392916,
                      "p99_ms": 51.796875,
                      "mean_ms": 42.36001808666666,
                      "ci95_ms": 1.1945998975188057,
                      "messages_per_second": 783.3333333333334,
                      "busy_errors": 0
                    },
                    {
                      "in_flight_depth": 512,
                      "samples": 64,
                      "p50_ms": 47.980937499999996,
                      "p95_ms": 52.236291,
                      "p99_ms": 52.821417,
                      "mean_ms": 47.561258484375,
                      "ci95_ms": 0.7910584036192357,
                      "messages_per_second": 522.6666666666666,
                      "busy_errors": 2515
                    }
                  ]
                }
              ],
              "latency": [
                {
                  "payload_label": "small",
                  "target_payload_bytes": 512,
                  "samples": 600,
                  "p50_ms": 0.1232505,
                  "p95_ms": 0.179375,
                  "p99_ms": 0.233792,
                  "mean_ms": 0.14124356,
                  "ci95_ms": 0.020383764034644987,
                  "in_flight_depth": 1
                },
                {
                  "payload_label": "medium",
                  "target_payload_bytes": 10240,
                  "samples": 600,
                  "p50_ms": 0.13645800000000002,
                  "p95_ms": 0.1845,
                  "p99_ms": 0.228125,
                  "mean_ms": 0.14251979,
                  "ci95_ms": 0.0018905860066825001,
                  "in_flight_depth": 1
                },
                {
                  "payload_label": "large",
                  "target_payload_bytes": 1048576,
                  "samples": 600,
                  "p50_ms": 2.121083,
                  "p95_ms": 2.437166,
                  "p99_ms": 2.595959,
                  "mean_ms": 2.1293208166666666,
                  "ci95_ms": 0.015022458956360868,
                  "in_flight_depth": 1
                }
              ],
              "throughput": [
                {
                  "payload_label": "small",
                  "target_payload_bytes": 512,
                  "duration_seconds": 3.0,
                  "roundtrips": 89421,
                  "messages_per_second": 29807.0,
                  "in_flight_depth": 32
                },
                {
                  "payload_label": "medium",
                  "target_payload_bytes": 10240,
                  "duration_seconds": 3.0,
                  "roundtrips": 69541,
                  "messages_per_second": 23180.333333333332,
                  "in_flight_depth": 32
                },
                {
                  "payload_label": "large",
                  "target_payload_bytes": 1048576,
                  "duration_seconds": 3.0,
                  "roundtrips": 2350,
                  "messages_per_second": 783.3333333333334,
                  "in_flight_depth": 32
                }
              ]
            },
            {
              "transport": "uds",
              "in_flight_depths": [
                1,
                32,
                512
              ],
              "payload_results": [
                {
                  "payload_label": "small",
                  "target_payload_bytes": 512,
                  "concurrency_sweep": [
                    {
                      "in_flight_depth": 1,
                      "samples": 600,
                      "p50_ms": 0.133646,
                      "p95_ms": 0.161958,
                      "p99_ms": 0.217834,
                      "mean_ms": 0.16247146499999998,
                      "ci95_ms": 0.06180812689932102,
                      "messages_per_second": 7551.0,
                      "busy_errors": 0
                    },
                    {
                      "in_flight_depth": 32,
                      "samples": 150,
                      "p50_ms": 0.9876875,
                      "p95_ms": 1.458417,
                      "p99_ms": 1.508541,
                      "mean_ms": 0.9774374600000001,
                      "ci95_ms": 0.046312118485696156,
                      "messages_per_second": 39141.0,
                      "busy_errors": 0
                    },
                    {
                      "in_flight_depth": 512,
                      "samples": 64,
                      "p50_ms": 2.0331455,
                      "p95_ms": 2.614542,
                      "p99_ms": 2.627334,
                      "mean_ms": 2.07594209375,
                      "ci95_ms": 0.08198010240529684,
                      "messages_per_second": 18423.333333333332,
                      "busy_errors": 355287
                    }
                  ]
                },
                {
                  "payload_label": "medium",
                  "target_payload_bytes": 10240,
                  "concurrency_sweep": [
                    {
                      "in_flight_depth": 1,
                      "samples": 600,
                      "p50_ms": 0.269208,
                      "p95_ms": 0.322292,
                      "p99_ms": 0.359125,
                      "mean_ms": 0.2654196616666667,
                      "ci95_ms": 0.003237164745935563,
                      "messages_per_second": 3473.0,
                      "busy_errors": 0
                    },
                    {
                      "in_flight_depth": 32,
                      "samples": 150,
                      "p50_ms": 2.214354,
                      "p95_ms": 2.814084,
                      "p99_ms": 3.0255,
                      "mean_ms": 2.185331646666667,
                      "ci95_ms": 0.07019958725276591,
                      "messages_per_second": 15076.666666666666,
                      "busy_errors": 0
                    },
                    {
                      "in_flight_depth": 512,
                      "samples": 64,
                      "p50_ms": 3.4889585,
                      "p95_ms": 4.687875,
                      "p99_ms": 4.761709,
                      "mean_ms": 3.524763015625,
                      "ci95_ms": 0.1966671646838398,
                      "messages_per_second": 12049.333333333334,
                      "busy_errors": 107117
                    }
                  ]
                },
                {
                  "payload_label": "large",
                  "target_payload_bytes": 1048576,
                  "concurrency_sweep": [
                    {
                      "in_flight_depth": 1,
                      "samples": 600,
                      "p50_ms": 19.615458,
                      "p95_ms": 20.402833,
                      "p99_ms": 20.942584,
                      "mean_ms": 19.307513593333333,
                      "ci95_ms": 0.09522410582556852,
                      "messages_per_second": 51.666666666666664,
                      "busy_errors": 0
                    },
                    {
                      "in_flight_depth": 32,
                      "samples": 150,
                      "p50_ms": 210.38272949999998,
                      "p95_ms": 575.5975,
                      "p99_ms": 582.339916,
                      "mean_ms": 264.6001236733333,
                      "ci95_ms": 19.49491556833995,
                      "messages_per_second": 146.66666666666666,
                      "busy_errors": 0
                    },
                    {
                      "in_flight_depth": 512,
                      "samples": 64,
                      "p50_ms": 731.859458,
                      "p95_ms": 840.87625,
                      "p99_ms": 841.261625,
                      "mean_ms": 636.391565078125,
                      "ci95_ms": 52.0714303115455,
                      "messages_per_second": 18.666666666666668,
                      "busy_errors": 1373
                    }
                  ]
                }
              ],
              "latency": [
                {
                  "payload_label": "small",
                  "target_payload_bytes": 512,
                  "samples": 600,
                  "p50_ms": 0.133646,
                  "p95_ms": 0.161958,
                  "p99_ms": 0.217834,
                  "mean_ms": 0.16247146499999998,
                  "ci95_ms": 0.06180812689932102,
                  "in_flight_depth": 1
                },
                {
                  "payload_label": "medium",
                  "target_payload_bytes": 10240,
                  "samples": 600,
                  "p50_ms": 0.269208,
                  "p95_ms": 0.322292,
                  "p99_ms": 0.359125,
                  "mean_ms": 0.2654196616666667,
                  "ci95_ms": 0.003237164745935563,
                  "in_flight_depth": 1
                },
                {
                  "payload_label": "large",
                  "target_payload_bytes": 1048576,
                  "samples": 600,
                  "p50_ms": 19.615458,
                  "p95_ms": 20.402833,
                  "p99_ms": 20.942584,
                  "mean_ms": 19.307513593333333,
                  "ci95_ms": 0.09522410582556852,
                  "in_flight_depth": 1
                }
              ],
              "throughput": [
                {
                  "payload_label": "small",
                  "target_payload_bytes": 512,
                  "duration_seconds": 3.0,
                  "roundtrips": 117423,
                  "messages_per_second": 39141.0,
                  "in_flight_depth": 32
                },
                {
                  "payload_label": "medium",
                  "target_payload_bytes": 10240,
                  "duration_seconds": 3.0,
                  "roundtrips": 45230,
                  "messages_per_second": 15076.666666666666,
                  "in_flight_depth": 32
                },
                {
                  "payload_label": "large",
                  "target_payload_bytes": 1048576,
                  "duration_seconds": 3.0,
                  "roundtrips": 440,
                  "messages_per_second": 146.66666666666666,
                  "in_flight_depth": 32
                }
              ]
            }
          ]
        }
      ],
      "summary": {
        "tcp": {
          "small_p50_ms": {
            "median": 0.124729,
            "mean": 0.12425016666666666,
            "stddev": 0.0008659913875630253,
            "p95": 0.12477099999999999,
            "p99": 0.12477099999999999,
            "ci95": 0.000979961507021804,
            "min": 0.1232505,
            "max": 0.12477099999999999
          },
          "small_p99_ms": {
            "median": 0.240542,
            "mean": 0.23872233333333334,
            "stddev": 0.004318311051016742,
            "p95": 0.241833,
            "p99": 0.241833,
            "ci95": 0.004886628973588142,
            "min": 0.233792,
            "max": 0.241833
          },
          "small_messages_per_second": {
            "median": 29428.0,
            "mean": 29491.222222222223,
            "stddev": 289.3932989574589,
            "p95": 29807.0,
            "p99": 29807.0,
            "ci95": 327.479346147335,
            "min": 29238.666666666668,
            "max": 29807.0
          }
        },
        "uds": {
          "small_p50_ms": {
            "median": 0.1352085,
            "mean": 0.134889,
            "stddev": 0.0011180298520164931,
            "p95": 0.1358125,
            "p99": 0.1358125,
            "ci95": 0.0012651698786065692,
            "min": 0.133646,
            "max": 0.1358125
          },
          "small_p99_ms": {
            "median": 0.217834,
            "mean": 0.21725000000000003,
            "stddev": 0.010095676351785446,
            "p95": 0.227041,
            "p99": 0.227041,
            "ci95": 0.011424333260335146,
            "min": 0.206875,
            "max": 0.227041
          },
          "small_messages_per_second": {
            "median": 39063.666666666664,
            "mean": 38763.11111111111,
            "stddev": 588.821075760082,
            "p95": 39141.0,
            "p99": 39141.0,
            "ci95": 666.3137729254324,
            "min": 38084.666666666664,
            "max": 39141.0
          }
        }
      }
    },
    "python_bridge_reference": {
      "benchmark": "pyre-bridge-multi-transport",
      "transport_results": [
        {
          "transport": "tcp",
          "latency": [
            {
              "payload_label": "small",
              "target_payload_bytes": 512,
              "samples": 600,
              "p50_ms": 0.093,
              "p95_ms": 0.176625,
              "p99_ms": 0.217125,
              "mean_ms": 0.11242519333333333,
              "min_ms": 0.082458,
              "max_ms": 0.316625
            },
            {
              "payload_label": "medium",
              "target_payload_bytes": 10240,
              "samples": 600,
              "p50_ms": 0.112417,
              "p95_ms": 0.146,
              "p99_ms": 0.186416,
              "mean_ms": 0.11689019333333332,
              "min_ms": 0.100083,
              "max_ms": 0.238916
            },
            {
              "payload_label": "large",
              "target_payload_bytes": 1048576,
              "samples": 600,
              "p50_ms": 2.473959,
              "p95_ms": 2.86525,
              "p99_ms": 3.046,
              "mean_ms": 2.4546669583333336,
              "min_ms": 1.999334,
              "max_ms": 3.110708
            }
          ],
          "throughput": [
            {
              "payload_label": "small",
              "target_payload_bytes": 512,
              "duration_seconds": 3.0,
              "roundtrips": 30063,
              "messages_per_second": 10021.0
            },
            {
              "payload_label": "medium",
              "target_payload_bytes": 10240,
              "duration_seconds": 3.0,
              "roundtrips": 24486,
              "messages_per_second": 8162.0
            },
            {
              "payload_label": "large",
              "target_payload_bytes": 1048576,
              "duration_seconds": 3.0,
              "roundtrips": 1145,
              "messages_per_second": 381.6666666666667
            }
          ]
        },
        {
          "transport": "uds",
          "latency": [
            {
              "payload_label": "small",
              "target_payload_bytes": 512,
              "samples": 600,
              "p50_ms": 0.068125,
              "p95_ms": 0.102416,
              "p99_ms": 0.141125,
              "mean_ms": 0.07347536666666667,
              "min_ms": 0.067,
              "max_ms": 0.232333
            },
            {
              "payload_label": "medium",
              "target_payload_bytes": 10240,
              "samples": 600,
              "p50_ms": 0.141333,
              "p95_ms": 0.188875,
              "p99_ms": 0.267791,
              "mean_ms": 0.14872846166666667,
              "min_ms": 0.137583,
              "max_ms": 0.344125
            },
            {
              "payload_label": "large",
              "target_payload_bytes": 1048576,
              "samples": 600,
              "p50_ms": 9.382542,
              "p95_ms": 9.704208,
              "p99_ms": 10.000416,
              "mean_ms": 9.385750956666667,
              "min_ms": 8.975167,
              "max_ms": 10.379667
            }
          ],
          "throughput": [
            {
              "payload_label": "small",
              "target_payload_bytes": 512,
              "duration_seconds": 3.0,
              "roundtrips": 39276,
              "messages_per_second": 13092.0
            },
            {
              "payload_label": "medium",
              "target_payload_bytes": 10240,
              "duration_seconds": 3.0,
              "roundtrips": 19787,
              "messages_per_second": 6595.666666666667
            },
            {
              "payload_label": "large",
              "target_payload_bytes": 1048576,
              "duration_seconds": 3.0,
              "roundtrips": 321,
              "messages_per_second": 107.0
            }
          ]
        }
      ]
    },
    "bridge_stress": {
      "benchmark": "elixir-bridge-stress",
      "transport": "uds",
      "config": {
        "in_flight_depths": [
          1,
          8,
          32,
          128,
          512
        ],
        "duration_seconds": 2.0,
        "payload_bytes": 512,
        "pool_size": 8,
        "max_in_flight_per_conn": 64,
        "enable_backpressure": true
      },
      "results": [
        {
          "in_flight_depth": 1,
          "messages_per_second": 9855.5,
          "p99_ms": 0.192917,
          "p50_ms": 0.09772900000000001,
          "p95_ms": 0.143583,
          "pool_backpressure_events": 0,
          "server_backpressure_events": 0,
          "roundtrips": 19711,
          "duration_seconds": 2.0,
          "max_in_flight_observed": 1
        },
        {
          "in_flight_depth": 8,
          "messages_per_second": 33462.0,
          "p99_ms": 0.455375,
          "p50_ms": 0.2458755,
          "p95_ms": 0.343167,
          "pool_backpressure_events": 0,
          "server_backpressure_events": 0,
          "roundtrips": 66924,
          "duration_seconds": 2.0,
          "max_in_flight_observed": 8
        },
        {
          "in_flight_depth": 32,
          "messages_per_second": 39062.0,
          "p99_ms": 1.252875,
          "p50_ms": 0.809541,
          "p95_ms": 1.156542,
          "pool_backpressure_events": 0,
          "server_backpressure_events": 0,
          "roundtrips": 78124,
          "duration_seconds": 2.0,
          "max_in_flight_observed": 32
        },
        {
          "in_flight_depth": 128,
          "messages_per_second": 40031.5,
          "p99_ms": 1.830875,
          "p50_ms": 1.298896,
          "p95_ms": 1.819625,
          "pool_backpressure_events": 0,
          "server_backpressure_events": 0,
          "roundtrips": 80063,
          "duration_seconds": 2.0,
          "max_in_flight_observed": 128
        },
        {
          "in_flight_depth": 512,
          "messages_per_second": 18706.5,
          "p99_ms": 2.639041,
          "p50_ms": 2.083896,
          "p95_ms": 2.61125,
          "pool_backpressure_events": 239816,
          "server_backpressure_events": 239816,
          "roundtrips": 37413,
          "duration_seconds": 2.0,
          "max_in_flight_observed": 512
        }
      ],
      "summary": {
        "best_messages_per_second": 40031.5,
        "p99_at_max_depth_ms": 2.639041,
        "avg_p99_ms": 1.2742166000000001
      }
    },
    "memory_scaling": {
      "python": {
        "feasible": true,
        "runs": [
          {
            "agents": 100,
            "rss_bytes": 1809678336
          },
          {
            "agents": 1000,
            "rss_bytes": 1809678336
          },
          {
            "agents": 5000,
            "rss_bytes": 1809874944
          }
        ],
        "fit": {
          "bytes_per_agent": 42.86651641352278,
          "base_bytes": 1809656710.0832925
        },
        "base_runtime_bytes_estimate": 1809678336.0
      },
      "elixir_bridge": {
        "feasible": true,
        "runs": [
          {
            "agents": 100,
            "baseline_rss_bytes": 134610944,
            "rss_bytes": 135249920,
            "delta_bytes": 638976
          },
          {
            "agents": 1000,
            "baseline_rss_bytes": 134594560,
            "rss_bytes": 138412032,
            "delta_bytes": 3817472
          },
          {
            "agents": 5000,
            "baseline_rss_bytes": 133595136,
            "rss_bytes": 150126592,
            "delta_bytes": 16531456
          }
        ],
        "fit": {
          "bytes_per_agent": 3223.6583635472803,
          "base_bytes": 441195.9941205308
        },
        "base_runtime_bytes_estimate": 134594560.0,
        "absolute_base_runtime_bytes": 134594560.0,
        "idle_beam_rss_bytes": 56737792.0,
        "bridge_over_idle_beam_bytes": 77856768.0
      }
    },
    "failure_recovery": {
      "restart_attempts": 15,
      "restarted_successes": 15,
      "restart_success_ratio": 1.0,
      "mean_recovery_ms": 13.470847266338145,
      "strategy_checks": {
        "rest_for_one_older_survives": true,
        "rest_for_one_crashed_restarted": true,
        "rest_for_one_younger_restarted": true
      }
    },
    "scheduler_fairness": {
      "evaluation_mode": "serial_python_worker",
      "baseline": {
        "median": 0.003834,
        "mean": 0.0042563,
        "stddev": 0.0031185501199147286,
        "p95": 0.004291,
        "p99": 0.013166,
        "ci95": 0.000557979414146661,
        "min": 0.003667,
        "max": 0.036667
      },
      "under_cpu_load": {
        "median": 0.0039795,
        "mean": 0.00481496,
        "stddev": 0.005205634905183094,
        "p95": 0.004791,
        "p99": 0.020333,
        "ci95": 0.0010203044414158864,
        "min": 0.003792,
        "max": 0.052917
      },
      "python_no_preemption_blocking_factor_p99": 174.27121385596183,
      "pooled_workers_blocking_factor_p99": 1.739684094526754,
      "no_preemption_timer_drift": {
        "mode": "serial_python_worker",
        "period_ms": 5.0,
        "samples": 600,
        "blocked_threshold_ms": 10.0,
        "baseline_drift_ms": {
          "median": 1.2895834998926148,
          "mean": 1.2274994450369074,
          "stddev": 0.21389669024405783,
          "p95": 1.3270000100601465,
          "p99": 1.3504580175504088,
          "ci95": 0.01711529979309095,
          "min": 0.11862500570714463,
          "max": 1.4167090167757124
        },
        "under_cpu_load_drift_ms": {
          "median": 1.2899999902583659,
          "mean": 7.473429861662832,
          "stddev": 37.749563092321,
          "p95": 1.3407080015167594,
          "p99": 235.34595798002556,
          "ci95": 3.020594141246766,
          "min": 0.07337501039728511,
          "max": 235.41104200296104
        },
        "blocking_factor_p99": 174.27121385596183,
        "blocked_tick_ratio": 0.02666666666666667
      },
      "modes": {
        "serial_python_worker": {
          "mode": "serial_python_worker",
          "handler_worker_count": 1,
          "baseline": {
            "median": 0.003834,
            "mean": 0.0042563,
            "stddev": 0.0031185501199147286,
            "p95": 0.004291,
            "p99": 0.013166,
            "ci95": 0.000557979414146661,
            "min": 0.003667,
            "max": 0.036667
          },
          "under_cpu_load": {
            "median": 0.0039795,
            "mean": 0.00481496,
            "stddev": 0.005205634905183094,
            "p95": 0.004791,
            "p99": 0.020333,
            "ci95": 0.0010203044414158864,
            "min": 0.003792,
            "max": 0.052917
          },
          "blocking_factor_p99": 1.5443566762874068,
          "queue_depth_percentiles": {
            "p50": 1.0,
            "p95": 1.0,
            "p99": 1.0
          },
          "restart_latency_percentiles_ms": {
            "p50": 0.0,
            "p95": 0.0,
            "p99": 0.0
          }
        },
        "pooled_workers": {
          "mode": "pooled_workers",
          "handler_worker_count": 64,
          "baseline": {
            "median": 0.00375,
            "mean": 0.003967366666666667,
            "stddev": 0.0014138224065273826,
            "p95": 0.004084,
            "p99": 0.008167,
            "ci95": 0.0002529649252913537,
            "min": 0.003625,
            "max": 0.018458
          },
          "under_cpu_load": {
            "median": 0.003958,
            "mean": 0.00424074,
            "stddev": 0.0017801967296800756,
            "p95": 0.00425,
            "p99": 0.014208,
            "ci95": 0.00034891855901729484,
            "min": 0.003791,
            "max": 0.018584
          },
          "blocking_factor_p99": 1.739684094526754,
          "queue_depth_percentiles": {
            "p50": 1.0,
            "p95": 1.0,
            "p99": 1.0
          },
          "restart_latency_percentiles_ms": {
            "p50": 0.0,
            "p95": 0.0,
            "p99": 0.0
          }
        }
      },
      "queue_depth_percentiles": {
        "p50": 1.0,
        "p95": 1.0,
        "p99": 1.0
      },
      "restart_latency_percentiles_ms": {
        "p50": 0.0,
        "p95": 0.0,
        "p99": 0.0
      }
    },
    "startup_overhead": {
      "runs": [
        {
          "boot_ms": 768.261541,
          "first_ping_ms": 0.594292
        },
        {
          "boot_ms": 760.515792,
          "first_ping_ms": 0.586042
        },
        {
          "boot_ms": 761.321083,
          "first_ping_ms": 0.525084
        },
        {
          "boot_ms": 717.149834,
          "first_ping_ms": 0.356542
        },
        {
          "boot_ms": 758.123167,
          "first_ping_ms": 0.458667
        },
        {
          "boot_ms": 759.111417,
          "first_ping_ms": 0.41575
        }
      ],
      "boot_ms": {
        "median": 759.8136045,
        "mean": 754.0804723333334,
        "stddev": 18.44162857603184,
        "p95": 768.261541,
        "p99": 768.261541,
        "ci95": 14.756376145487666,
        "min": 717.149834,
        "max": 768.261541
      },
      "first_ping_ms": {
        "median": 0.4918755,
        "mean": 0.4893961666666667,
        "stddev": 0.09553579805374876,
        "p95": 0.594292,
        "p99": 0.594292,
        "ci95": 0.07644455941774582,
        "min": 0.356542,
        "max": 0.594292
      }
    },
    "architectural_evidence": {
      "python_api_surface": {
        "runtime": true,
        "agent": true,
        "readme": true
      },
      "state_and_serialization": {
        "base_model_enforced": true,
        "bridge_codec_tests": true,
        "bridge_protocol_tests": true
      },
      "observability": {
        "bridge_health_api": true,
        "bridge_health_tests": true
      }
    }
  }
}
