Task was destroyed but it is pending!
task: <Task pending name='Task-22952' coro=<BridgeMultiplexedConnection._recv_loop() done, defined at /Users/arjun/Documents/Pyre/src/pyre_agents/bridge/transport.py:136> wait_for=<Future pending cb=[Task.task_wakeup()]>>
Task was destroyed but it is pending!
task: <Task pending name='Task-22953' coro=<BridgeMultiplexedConnection._recv_loop() done, defined at /Users/arjun/Documents/Pyre/src/pyre_agents/bridge/transport.py:136> wait_for=<Future pending cb=[Task.task_wakeup()]>>
Task was destroyed but it is pending!
task: <Task pending name='Task-22954' coro=<BridgeMultiplexedConnection._recv_loop() done, defined at /Users/arjun/Documents/Pyre/src/pyre_agents/bridge/transport.py:136> wait_for=<Future pending cb=[Task.task_wakeup()]>>
Task was destroyed but it is pending!
task: <Task pending name='Task-22955' coro=<BridgeMultiplexedConnection._recv_loop() done, defined at /Users/arjun/Documents/Pyre/src/pyre_agents/bridge/transport.py:136> wait_for=<Future pending cb=[Task.task_wakeup()]>>
Task was destroyed but it is pending!
task: <Task pending name='Task-22956' coro=<BridgeMultiplexedConnection._recv_loop() done, defined at /Users/arjun/Documents/Pyre/src/pyre_agents/bridge/transport.py:136> wait_for=<Future pending cb=[Task.task_wakeup()]>>
{
  "benchmark": "whitepaper-claim-validation",
  "generated_at_utc": "2026-04-09T11:54:04.369048+00:00",
  "profile": "rigorous",
  "claim_scope": "all",
  "require_rigorous_for_validated": true,
  "transports": "both",
  "publication_ready": true,
  "environment": {
    "python": "3.12.7",
    "platform": "Darwin 25.3.0 (arm64)",
    "mix_version": "Erlang/OTP 28 [erts-16.3] [source] [64-bit] [smp:8:8] [ds:8:8:10] [async-threads:1] [jit] [dtrace] |  | Mix 1.19.5 (compiled with Erlang/OTP 28)",
    "erlang_version": "\"28\""
  },
  "controls": {
    "warmup_runs": 1,
    "measured_runs": 3,
    "rigorous_min_runs_target": 10,
    "notes": [
      "Local workstation measurements include hardware and scheduler variance.",
      "UDS claims require UDS transport measurements.",
      "Claims are evaluated against March 2026 whitepaper text."
    ]
  },
  "claims": [
    {
      "claim_id": "E1",
      "quote": "The bridge round-trip for a typical agent message (under 1KB of state) adds 0.1-0.3ms of latency.",
      "claim_class": "empirical",
      "evidence_type": "benchmark",
      "metric": "bridge.uds.small.p50_ms and bridge.uds.small.p99_ms",
      "threshold": "validated if p50 <= 0.3 and p99 <= 0.5",
      "partial_rule": "partial if p50 <= 0.5 and p99 <= 1.0",
      "caveats": "Requires UDS benchmark transport source.",
      "required_profile": "rigorous",
      "transport_required": "uds",
      "suite_keys": [
        "bridge_suite"
      ],
      "class": "empirical"
    },
    {
      "claim_id": "E2",
      "quote": "The Unix domain socket bridge supports 50,000-100,000 messages per second.",
      "claim_class": "empirical",
      "evidence_type": "benchmark",
      "metric": "bridge.uds.small.messages_per_second",
      "threshold": "validated if median >= 50000",
      "partial_rule": "partial if median >= 10000",
      "caveats": "UDS source of truth only.",
      "required_profile": "rigorous",
      "transport_required": "uds",
      "suite_keys": [
        "bridge_suite"
      ],
      "class": "empirical"
    },
    {
      "claim_id": "E3",
      "quote": "Booting the Elixir runtime adds 500-1000ms to application startup.",
      "claim_class": "empirical",
      "evidence_type": "benchmark",
      "metric": "startup.boot_ms median",
      "threshold": "validated if median <= 1000",
      "partial_rule": "partial if median <= 1500",
      "caveats": "Local workstation variance expected.",
      "required_profile": "rigorous",
      "transport_required": "none",
      "suite_keys": [
        "startup_overhead"
      ],
      "class": "empirical"
    },
    {
      "claim_id": "E4",
      "quote": "Supervisors restart child processes when they fail with one_for_one, one_for_all, and rest_for_one semantics.",
      "claim_class": "empirical",
      "evidence_type": "integration_test",
      "metric": "recovery.restart_success_ratio and strategy checks",
      "threshold": "validated if ratio >= 0.99 and all checks pass",
      "partial_rule": "partial if ratio >= 0.90 and 2/3 checks pass",
      "caveats": "Bridge recovery checks over Elixir runtime.",
      "required_profile": "quick",
      "transport_required": "tcp",
      "suite_keys": [
        "failure_recovery"
      ],
      "class": "empirical"
    },
    {
      "claim_id": "E5",
      "quote": "The Pyre bridge adds approximately 143MB of base memory and each agent on the Elixir side consumes approximately 2.9KB.",
      "claim_class": "empirical",
      "evidence_type": "benchmark",
      "metric": "memory_scaling.elixir.absolute_base_runtime_bytes and bytes_per_agent",
      "threshold": "validated if base in [100,180]MB and slope in [2,5]KB",
      "partial_rule": "partial if base in [80,200]MB and slope <= 10KB",
      "caveats": "Absolute RSS is verdict source; idle-BEAM delta is contextual.",
      "required_profile": "rigorous",
      "transport_required": "none",
      "suite_keys": [
        "memory_scaling"
      ],
      "class": "empirical"
    },
    {
      "claim_id": "E6",
      "quote": "No preemption within Python: CPU-intensive handler work can block the Python worker/event loop.",
      "claim_class": "empirical",
      "evidence_type": "benchmark",
      "metric": "scheduler_fairness.no_preemption_timer_drift.blocking_factor_p99",
      "threshold": "validated if blocking_factor >= 2.0",
      "partial_rule": "partial if blocking_factor >= 1.3",
      "caveats": "Synthetic tail-latency amplification benchmark.",
      "required_profile": "quick",
      "transport_required": "none",
      "suite_keys": [
        "scheduler_fairness"
      ],
      "class": "empirical"
    },
    {
      "claim_id": "A1",
      "quote": "Developers write pure Python and interact with Python APIs.",
      "claim_class": "architectural",
      "evidence_type": "static_analysis",
      "metric": "python_api_surface_present",
      "threshold": "validated if public Python runtime APIs are available and documented",
      "partial_rule": "partial if APIs exist but docs/tests missing",
      "caveats": "Non-benchmark architectural claim.",
      "required_profile": "quick",
      "transport_required": "none",
      "suite_keys": [
        "architectural_evidence"
      ],
      "class": "architectural"
    },
    {
      "claim_id": "A2",
      "quote": "State is serialized across the bridge and constrained to serializable models.",
      "claim_class": "architectural",
      "evidence_type": "static_analysis",
      "metric": "state_validation_and_bridge_codec_checks",
      "threshold": "validated if BaseModel enforcement + codec tests present",
      "partial_rule": "partial if only one evidence source present",
      "caveats": "Validated through code/test evidence links.",
      "required_profile": "quick",
      "transport_required": "none",
      "suite_keys": [
        "architectural_evidence"
      ],
      "class": "architectural"
    },
    {
      "claim_id": "A3",
      "quote": "Bridge/runtime observability provides lifecycle and error event visibility.",
      "claim_class": "architectural",
      "evidence_type": "integration_test",
      "metric": "bridge_health_event_types_and_tests",
      "threshold": "validated if event API + integration tests exist",
      "partial_rule": "partial if API exists without tests",
      "caveats": "Evidence from health event hooks and tests.",
      "required_profile": "quick",
      "transport_required": "none",
      "suite_keys": [
        "architectural_evidence"
      ],
      "class": "architectural"
    },
    {
      "claim_id": "F1",
      "quote": "Distributed clustering for cross-machine agents is a future direction.",
      "claim_class": "future/distributed",
      "evidence_type": "blocked_future",
      "metric": "blocked_by_local_single_node_scope",
      "threshold": "unsupported_in_scope",
      "partial_rule": "n/a",
      "caveats": "Requires multi-node distributed implementation.",
      "required_profile": "quick",
      "transport_required": "none",
      "suite_keys": [],
      "class": "future/distributed"
    },
    {
      "claim_id": "F2",
      "quote": "Hot code reloading for Python handlers is a future direction.",
      "claim_class": "future/distributed",
      "evidence_type": "blocked_future",
      "metric": "blocked_by_unimplemented_feature",
      "threshold": "unsupported_in_scope",
      "partial_rule": "n/a",
      "caveats": "Requires explicit runtime/versioned handler infrastructure.",
      "required_profile": "quick",
      "transport_required": "none",
      "suite_keys": [],
      "class": "future/distributed"
    },
    {
      "claim_id": "F3",
      "quote": "Streaming bridge message types are a future direction.",
      "claim_class": "future/distributed",
      "evidence_type": "blocked_future",
      "metric": "blocked_by_protocol_extension_not_present",
      "threshold": "unsupported_in_scope",
      "partial_rule": "n/a",
      "caveats": "Current protocol is request/response oriented.",
      "required_profile": "quick",
      "transport_required": "none",
      "suite_keys": [],
      "class": "future/distributed"
    },
    {
      "claim_id": "F4",
      "quote": "WASM-based isolation as an alternative is a future direction.",
      "claim_class": "future/distributed",
      "evidence_type": "blocked_future",
      "metric": "blocked_by_unimplemented_runtime_mode",
      "threshold": "unsupported_in_scope",
      "partial_rule": "n/a",
      "caveats": "No WASM execution backend in current repository.",
      "required_profile": "quick",
      "transport_required": "none",
      "suite_keys": [],
      "class": "future/distributed"
    }
  ],
  "claim_verdicts": [
    {
      "claim_id": "E1",
      "status": "validated",
      "detail": "p50=0.1155ms p99=0.1795ms",
      "class": "empirical",
      "evidence_type": "benchmark",
      "gate_status": "meets_gate",
      "required_profile": "rigorous",
      "transport_source": "uds",
      "blockers": []
    },
    {
      "claim_id": "E2",
      "status": "partially_validated",
      "detail": "median_mps=44815.7",
      "class": "empirical",
      "evidence_type": "benchmark",
      "gate_status": "meets_gate",
      "required_profile": "rigorous",
      "transport_source": "uds",
      "blockers": []
    },
    {
      "claim_id": "E3",
      "status": "validated",
      "detail": "boot_median=664.8ms",
      "class": "empirical",
      "evidence_type": "benchmark",
      "gate_status": "meets_gate",
      "required_profile": "rigorous",
      "transport_source": "none",
      "blockers": []
    },
    {
      "claim_id": "E4",
      "status": "validated",
      "detail": "ratio=1.000 checks=3/3",
      "class": "empirical",
      "evidence_type": "integration_test",
      "gate_status": "meets_gate",
      "required_profile": "quick",
      "transport_source": "tcp",
      "blockers": []
    },
    {
      "claim_id": "E5",
      "status": "validated",
      "detail": "base=126.30MB delta_vs_idle_beam=72.08MB slope=3.48KB/agent",
      "class": "empirical",
      "evidence_type": "benchmark",
      "gate_status": "meets_gate",
      "required_profile": "rigorous",
      "transport_source": "none",
      "blockers": []
    },
    {
      "claim_id": "E6",
      "status": "validated",
      "detail": "blocking_factor=293.59 blocked_tick_ratio=0.027",
      "class": "empirical",
      "evidence_type": "benchmark",
      "gate_status": "meets_gate",
      "required_profile": "quick",
      "transport_source": "none",
      "blockers": []
    },
    {
      "claim_id": "A1",
      "status": "validated",
      "detail": "api evidence 3/3",
      "class": "architectural",
      "evidence_type": "static_analysis",
      "gate_status": "meets_gate",
      "required_profile": "quick",
      "transport_source": "none",
      "blockers": []
    },
    {
      "claim_id": "A2",
      "status": "validated",
      "detail": "serialization evidence 3/3",
      "class": "architectural",
      "evidence_type": "static_analysis",
      "gate_status": "meets_gate",
      "required_profile": "quick",
      "transport_source": "none",
      "blockers": []
    },
    {
      "claim_id": "A3",
      "status": "validated",
      "detail": "observability evidence 2/2",
      "class": "architectural",
      "evidence_type": "integration_test",
      "gate_status": "meets_gate",
      "required_profile": "quick",
      "transport_source": "none",
      "blockers": []
    },
    {
      "claim_id": "F1",
      "status": "unsupported_in_scope",
      "detail": "future/distributed claim outside local single-node validation scope",
      "class": "future/distributed",
      "evidence_type": "blocked_future",
      "gate_status": "not_applicable",
      "required_profile": "quick",
      "transport_source": "none",
      "blockers": [
        "Requires multi-node distributed implementation."
      ]
    },
    {
      "claim_id": "F2",
      "status": "unsupported_in_scope",
      "detail": "future/distributed claim outside local single-node validation scope",
      "class": "future/distributed",
      "evidence_type": "blocked_future",
      "gate_status": "not_applicable",
      "required_profile": "quick",
      "transport_source": "none",
      "blockers": [
        "Requires explicit runtime/versioned handler infrastructure."
      ]
    },
    {
      "claim_id": "F3",
      "status": "unsupported_in_scope",
      "detail": "future/distributed claim outside local single-node validation scope",
      "class": "future/distributed",
      "evidence_type": "blocked_future",
      "gate_status": "not_applicable",
      "required_profile": "quick",
      "transport_source": "none",
      "blockers": [
        "Current protocol is request/response oriented."
      ]
    },
    {
      "claim_id": "F4",
      "status": "unsupported_in_scope",
      "detail": "future/distributed claim outside local single-node validation scope",
      "class": "future/distributed",
      "evidence_type": "blocked_future",
      "gate_status": "not_applicable",
      "required_profile": "quick",
      "transport_source": "none",
      "blockers": [
        "No WASM execution backend in current repository."
      ]
    }
  ],
  "coverage_summary": {
    "by_class": {
      "empirical": 6,
      "architectural": 3,
      "future/distributed": 4
    },
    "by_status": {
      "validated": 8,
      "partially_validated": 1,
      "unsupported_in_scope": 4
    }
  },
  "transport_concurrency_profile": {
    "in_flight_depths": [
      1,
      8,
      32,
      128,
      512
    ],
    "duration_seconds": 2.0,
    "payload_bytes": 512,
    "pool_size": 8,
    "max_in_flight_per_conn": 64,
    "enable_backpressure": true
  },
  "backpressure_events": {
    "pool": 0,
    "server": 0
  },
  "queue_depth_percentiles": {
    "p50": 1.0,
    "p95": 1.0,
    "p99": 1.0
  },
  "restart_latency_percentiles": {
    "p50": 0.0,
    "p95": 0.0,
    "p99": 0.0
  },
  "raw_artifacts": {
    "bridge_suite": "docs/benchmarks/raw/whitepaper_validation/rigorous_20260409T115404Z/bridge_suite.json",
    "python_bridge_reference": "docs/benchmarks/raw/whitepaper_validation/rigorous_20260409T115404Z/python_bridge_reference.json",
    "bridge_stress": "docs/benchmarks/raw/whitepaper_validation/rigorous_20260409T115404Z/bridge_stress.json",
    "memory_scaling": "docs/benchmarks/raw/whitepaper_validation/rigorous_20260409T115404Z/memory_scaling.json",
    "failure_recovery": "docs/benchmarks/raw/whitepaper_validation/rigorous_20260409T115404Z/failure_recovery.json",
    "scheduler_fairness": "docs/benchmarks/raw/whitepaper_validation/rigorous_20260409T115404Z/scheduler_fairness.json",
    "startup_overhead": "docs/benchmarks/raw/whitepaper_validation/rigorous_20260409T115404Z/startup_overhead.json",
    "architectural_evidence": "docs/benchmarks/raw/whitepaper_validation/rigorous_20260409T115404Z/architectural_evidence.json"
  },
  "suite_summary": {
    "bridge_suite": {
      "warmup_runs": 1,
      "measured_runs": 3,
      "in_flight_depths": [
        1,
        32,
        512
      ],
      "transport_runs": [
        {
          "benchmark": "elixir-bridge-transport-microbench",
          "transport_results": [
            {
              "transport": "tcp",
              "in_flight_depths": [
                1,
                32,
                512
              ],
              "payload_results": [
                {
                  "payload_label": "small",
                  "target_payload_bytes": 512,
                  "concurrency_sweep": [
                    {
                      "in_flight_depth": 1,
                      "samples": 600,
                      "p50_ms": 0.11160400000000001,
                      "p95_ms": 0.17025,
                      "p99_ms": 0.197,
                      "mean_ms": 0.128372575,
                      "ci95_ms": 0.01823196244686875,
                      "messages_per_second": 8759.0,
                      "busy_errors": 0
                    },
                    {
                      "in_flight_depth": 32,
                      "samples": 150,
                      "p50_ms": 0.9425835,
                      "p95_ms": 1.439,
                      "p99_ms": 1.600791,
                      "mean_ms": 0.9528107933333333,
                      "ci95_ms": 0.04470103948859068,
                      "messages_per_second": 32174.0,
                      "busy_errors": 0
                    },
                    {
                      "in_flight_depth": 512,
                      "samples": 64,
                      "p50_ms": 1.785167,
                      "p95_ms": 2.468375,
                      "p99_ms": 2.479917,
                      "mean_ms": 1.796765703125,
                      "ci95_ms": 0.11014943381451268,
                      "messages_per_second": 35026.0,
                      "busy_errors": 0
                    }
                  ]
                },
                {
                  "payload_label": "medium",
                  "target_payload_bytes": 10240,
                  "concurrency_sweep": [
                    {
                      "in_flight_depth": 1,
                      "samples": 600,
                      "p50_ms": 0.1262705,
                      "p95_ms": 0.175708,
                      "p99_ms": 0.212583,
                      "mean_ms": 0.13120408833333333,
                      "ci95_ms": 0.0018085756082042636,
                      "messages_per_second": 7477.666666666667,
                      "busy_errors": 0
                    },
                    {
                      "in_flight_depth": 32,
                      "samples": 150,
                      "p50_ms": 1.2904795,
                      "p95_ms": 1.616708,
                      "p99_ms": 1.8385,
                      "mean_ms": 1.2423616333333334,
                      "ci95_ms": 0.04785663232733492,
                      "messages_per_second": 22321.666666666668,
                      "busy_errors": 0
                    },
                    {
                      "in_flight_depth": 512,
                      "samples": 64,
                      "p50_ms": 2.8076879999999997,
                      "p95_ms": 3.621291,
                      "p99_ms": 3.635042,
                      "mean_ms": 2.83068034375,
                      "ci95_ms": 0.12382053389131778,
                      "messages_per_second": 20382.666666666668,
                      "busy_errors": 0
                    }
                  ]
                },
                {
                  "payload_label": "large",
                  "target_payload_bytes": 1048576,
                  "concurrency_sweep": [
                    {
                      "in_flight_depth": 1,
                      "samples": 600,
                      "p50_ms": 2.229583,
                      "p95_ms": 2.797417,
                      "p99_ms": 3.128458,
                      "mean_ms": 2.271698755,
                      "ci95_ms": 0.022944949081143404,
                      "messages_per_second": 431.6666666666667,
                      "busy_errors": 0
                    },
                    {
                      "in_flight_depth": 32,
                      "samples": 150,
                      "p50_ms": 45.8742915,
                      "p95_ms": 53.981167,
                      "p99_ms": 54.319917,
                      "mean_ms": 43.67238689333333,
                      "ci95_ms": 1.2879945137490512,
                      "messages_per_second": 746.6666666666666,
                      "busy_errors": 0
                    },
                    {
                      "in_flight_depth": 512,
                      "samples": 64,
                      "p50_ms": 46.978603500000006,
                      "p95_ms": 52.621125,
                      "p99_ms": 53.572167,
                      "mean_ms": 46.953013578125,
                      "ci95_ms": 0.895535364383634,
                      "messages_per_second": 306.0,
                      "busy_errors": 1398
                    }
                  ]
                }
              ],
              "latency": [
                {
                  "payload_label": "small",
                  "target_payload_bytes": 512,
                  "samples": 600,
                  "p50_ms": 0.11160400000000001,
                  "p95_ms": 0.17025,
                  "p99_ms": 0.197,
                  "mean_ms": 0.128372575,
                  "ci95_ms": 0.01823196244686875,
                  "in_flight_depth": 1
                },
                {
                  "payload_label": "medium",
                  "target_payload_bytes": 10240,
                  "samples": 600,
                  "p50_ms": 0.1262705,
                  "p95_ms": 0.175708,
                  "p99_ms": 0.212583,
                  "mean_ms": 0.13120408833333333,
                  "ci95_ms": 0.0018085756082042636,
                  "in_flight_depth": 1
                },
                {
                  "payload_label": "large",
                  "target_payload_bytes": 1048576,
                  "samples": 600,
                  "p50_ms": 2.229583,
                  "p95_ms": 2.797417,
                  "p99_ms": 3.128458,
                  "mean_ms": 2.271698755,
                  "ci95_ms": 0.022944949081143404,
                  "in_flight_depth": 1
                }
              ],
              "throughput": [
                {
                  "payload_label": "small",
                  "target_payload_bytes": 512,
                  "duration_seconds": 3.0,
                  "roundtrips": 105078,
                  "messages_per_second": 35026.0,
                  "in_flight_depth": 512
                },
                {
                  "payload_label": "medium",
                  "target_payload_bytes": 10240,
                  "duration_seconds": 3.0,
                  "roundtrips": 66965,
                  "messages_per_second": 22321.666666666668,
                  "in_flight_depth": 32
                },
                {
                  "payload_label": "large",
                  "target_payload_bytes": 1048576,
                  "duration_seconds": 3.0,
                  "roundtrips": 2240,
                  "messages_per_second": 746.6666666666666,
                  "in_flight_depth": 32
                }
              ]
            },
            {
              "transport": "uds",
              "in_flight_depths": [
                1,
                32,
                512
              ],
              "payload_results": [
                {
                  "payload_label": "small",
                  "target_payload_bytes": 512,
                  "concurrency_sweep": [
                    {
                      "in_flight_depth": 1,
                      "samples": 600,
                      "p50_ms": 0.120396,
                      "p95_ms": 0.169583,
                      "p99_ms": 0.293959,
                      "mean_ms": 0.155177145,
                      "ci95_ms": 0.044340735671963956,
                      "messages_per_second": 7503.333333333333,
                      "busy_errors": 0
                    },
                    {
                      "in_flight_depth": 32,
                      "samples": 150,
                      "p50_ms": 0.9255625000000001,
                      "p95_ms": 1.901958,
                      "p99_ms": 2.179541,
                      "mean_ms": 1.1330136000000002,
                      "ci95_ms": 0.06975449066920275,
                      "messages_per_second": 36481.666666666664,
                      "busy_errors": 0
                    },
                    {
                      "in_flight_depth": 512,
                      "samples": 64,
                      "p50_ms": 1.807146,
                      "p95_ms": 2.410041,
                      "p99_ms": 2.42125,
                      "mean_ms": 1.802067125,
                      "ci95_ms": 0.0967748073117287,
                      "messages_per_second": 33748.0,
                      "busy_errors": 0
                    }
                  ]
                },
                {
                  "payload_label": "medium",
                  "target_payload_bytes": 10240,
                  "concurrency_sweep": [
                    {
                      "in_flight_depth": 1,
                      "samples": 600,
                      "p50_ms": 0.3091245,
                      "p95_ms": 1.20775,
                      "p99_ms": 3.550708,
                      "mean_ms": 0.47838353333333333,
                      "ci95_ms": 0.07535799191997714,
                      "messages_per_second": 3683.3333333333335,
                      "busy_errors": 0
                    },
                    {
                      "in_flight_depth": 32,
                      "samples": 150,
                      "p50_ms": 1.8797920000000001,
                      "p95_ms": 2.553875,
                      "p99_ms": 2.778959,
                      "mean_ms": 1.83070364,
                      "ci95_ms": 0.06553480393193309,
                      "messages_per_second": 17048.0,
                      "busy_errors": 0
                    },
                    {
                      "in_flight_depth": 512,
                      "samples": 64,
                      "p50_ms": 3.0112705,
                      "p95_ms": 4.071625,
                      "p99_ms": 4.107375,
                      "mean_ms": 3.03544140625,
                      "ci95_ms": 0.18061331199439107,
                      "messages_per_second": 15537.666666666666,
                      "busy_errors": 0
                    }
                  ]
                },
                {
                  "payload_label": "large",
                  "target_payload_bytes": 1048576,
                  "concurrency_sweep": [
                    {
                      "in_flight_depth": 1,
                      "samples": 600,
                      "p50_ms": 10.490041999999999,
                      "p95_ms": 11.363708,
                      "p99_ms": 11.952666,
                      "mean_ms": 10.534781385,
                      "ci95_ms": 0.049477054935437845,
                      "messages_per_second": 95.33333333333333,
                      "busy_errors": 0
                    },
                    {
                      "in_flight_depth": 32,
                      "samples": 150,
                      "p50_ms": 172.685125,
                      "p95_ms": 517.260584,
                      "p99_ms": 520.618458,
                      "mean_ms": 227.59184447333334,
                      "ci95_ms": 18.27733190823407,
                      "messages_per_second": 176.0,
                      "busy_errors": 0
                    },
                    {
                      "in_flight_depth": 512,
                      "samples": 64,
                      "p50_ms": 675.680229,
                      "p95_ms": 767.07325,
                      "p99_ms": 767.461167,
                      "mean_ms": 584.367575484375,
                      "ci95_ms": 47.6377134342735,
                      "messages_per_second": 19.0,
                      "busy_errors": 649
                    }
                  ]
                }
              ],
              "latency": [
                {
                  "payload_label": "small",
                  "target_payload_bytes": 512,
                  "samples": 600,
                  "p50_ms": 0.120396,
                  "p95_ms": 0.169583,
                  "p99_ms": 0.293959,
                  "mean_ms": 0.155177145,
                  "ci95_ms": 0.044340735671963956,
                  "in_flight_depth": 1
                },
                {
                  "payload_label": "medium",
                  "target_payload_bytes": 10240,
                  "samples": 600,
                  "p50_ms": 0.3091245,
                  "p95_ms": 1.20775,
                  "p99_ms": 3.550708,
                  "mean_ms": 0.47838353333333333,
                  "ci95_ms": 0.07535799191997714,
                  "in_flight_depth": 1
                },
                {
                  "payload_label": "large",
                  "target_payload_bytes": 1048576,
                  "samples": 600,
                  "p50_ms": 10.490041999999999,
                  "p95_ms": 11.363708,
                  "p99_ms": 11.952666,
                  "mean_ms": 10.534781385,
                  "ci95_ms": 0.049477054935437845,
                  "in_flight_depth": 1
                }
              ],
              "throughput": [
                {
                  "payload_label": "small",
                  "target_payload_bytes": 512,
                  "duration_seconds": 3.0,
                  "roundtrips": 109445,
                  "messages_per_second": 36481.666666666664,
                  "in_flight_depth": 32
                },
                {
                  "payload_label": "medium",
                  "target_payload_bytes": 10240,
                  "duration_seconds": 3.0,
                  "roundtrips": 51144,
                  "messages_per_second": 17048.0,
                  "in_flight_depth": 32
                },
                {
                  "payload_label": "large",
                  "target_payload_bytes": 1048576,
                  "duration_seconds": 3.0,
                  "roundtrips": 528,
                  "messages_per_second": 176.0,
                  "in_flight_depth": 32
                }
              ]
            }
          ]
        },
        {
          "benchmark": "elixir-bridge-transport-microbench",
          "transport_results": [
            {
              "transport": "tcp",
              "in_flight_depths": [
                1,
                32,
                512
              ],
              "payload_results": [
                {
                  "payload_label": "small",
                  "target_payload_bytes": 512,
                  "concurrency_sweep": [
                    {
                      "in_flight_depth": 1,
                      "samples": 600,
                      "p50_ms": 0.1168545,
                      "p95_ms": 0.159666,
                      "p99_ms": 0.191291,
                      "mean_ms": 0.13161715000000002,
                      "ci95_ms": 0.018547923067954507,
                      "messages_per_second": 8981.0,
                      "busy_errors": 0
                    },
                    {
                      "in_flight_depth": 32,
                      "samples": 150,
                      "p50_ms": 1.004208,
                      "p95_ms": 1.327667,
                      "p99_ms": 1.46725,
                      "mean_ms": 0.9442455466666666,
                      "ci95_ms": 0.044588088124041324,
                      "messages_per_second": 31578.666666666668,
                      "busy_errors": 0
                    },
                    {
                      "in_flight_depth": 512,
                      "samples": 64,
                      "p50_ms": 2.010333,
                      "p95_ms": 7.45375,
                      "p99_ms": 7.523416,
                      "mean_ms": 3.771531265625,
                      "ci95_ms": 0.6548265605635548,
                      "messages_per_second": 34951.0,
                      "busy_errors": 0
                    }
                  ]
                },
                {
                  "payload_label": "medium",
                  "target_payload_bytes": 10240,
                  "concurrency_sweep": [
                    {
                      "in_flight_depth": 1,
                      "samples": 600,
                      "p50_ms": 0.1244165,
                      "p95_ms": 0.171709,
                      "p99_ms": 0.227583,
                      "mean_ms": 0.12999841666666667,
                      "ci95_ms": 0.0018466748851696548,
                      "messages_per_second": 7958.0,
                      "busy_errors": 0
                    },
                    {
                      "in_flight_depth": 32,
                      "samples": 150,
                      "p50_ms": 1.329521,
                      "p95_ms": 1.560959,
                      "p99_ms": 1.842292,
                      "mean_ms": 1.2405319666666665,
                      "ci95_ms": 0.044264646867175475,
                      "messages_per_second": 26208.666666666668,
                      "busy_errors": 0
                    },
                    {
                      "in_flight_depth": 512,
                      "samples": 64,
                      "p50_ms": 2.427979,
                      "p95_ms": 3.196292,
                      "p99_ms": 3.2275,
                      "mean_ms": 2.39179953125,
                      "ci95_ms": 0.12906108160389593,
                      "messages_per_second": 25280.0,
                      "busy_errors": 0
                    }
                  ]
                },
                {
                  "payload_label": "large",
                  "target_payload_bytes": 1048576,
                  "concurrency_sweep": [
                    {
                      "in_flight_depth": 1,
                      "samples": 600,
                      "p50_ms": 2.0498125,
                      "p95_ms": 2.397875,
                      "p99_ms": 2.736292,
                      "mean_ms": 2.068136453333333,
                      "ci95_ms": 0.015491537696809037,
                      "messages_per_second": 475.3333333333333,
                      "busy_errors": 0
                    },
                    {
                      "in_flight_depth": 32,
                      "samples": 150,
                      "p50_ms": 40.4027915,
                      "p95_ms": 52.104125,
                      "p99_ms": 59.661833,
                      "mean_ms": 41.10891112666667,
                      "ci95_ms": 1.233798941256706,
                      "messages_per_second": 806.0,
                      "busy_errors": 0
                    },
                    {
                      "in_flight_depth": 512,
                      "samples": 64,
                      "p50_ms": 44.5539375,
                      "p95_ms": 49.470334,
                      "p99_ms": 50.042667,
                      "mean_ms": 44.322885421875,
                      "ci95_ms": 0.8043384678866544,
                      "messages_per_second": 730.6666666666666,
                      "busy_errors": 288
                    }
                  ]
                }
              ],
              "latency": [
                {
                  "payload_label": "small",
                  "target_payload_bytes": 512,
                  "samples": 600,
                  "p50_ms": 0.1168545,
                  "p95_ms": 0.159666,
                  "p99_ms": 0.191291,
                  "mean_ms": 0.13161715000000002,
                  "ci95_ms": 0.018547923067954507,
                  "in_flight_depth": 1
                },
                {
                  "payload_label": "medium",
                  "target_payload_bytes": 10240,
                  "samples": 600,
                  "p50_ms": 0.1244165,
                  "p95_ms": 0.171709,
                  "p99_ms": 0.227583,
                  "mean_ms": 0.12999841666666667,
                  "ci95_ms": 0.0018466748851696548,
                  "in_flight_depth": 1
                },
                {
                  "payload_label": "large",
                  "target_payload_bytes": 1048576,
                  "samples": 600,
                  "p50_ms": 2.0498125,
                  "p95_ms": 2.397875,
                  "p99_ms": 2.736292,
                  "mean_ms": 2.068136453333333,
                  "ci95_ms": 0.015491537696809037,
                  "in_flight_depth": 1
                }
              ],
              "throughput": [
                {
                  "payload_label": "small",
                  "target_payload_bytes": 512,
                  "duration_seconds": 3.0,
                  "roundtrips": 104853,
                  "messages_per_second": 34951.0,
                  "in_flight_depth": 512
                },
                {
                  "payload_label": "medium",
                  "target_payload_bytes": 10240,
                  "duration_seconds": 3.0,
                  "roundtrips": 78626,
                  "messages_per_second": 26208.666666666668,
                  "in_flight_depth": 32
                },
                {
                  "payload_label": "large",
                  "target_payload_bytes": 1048576,
                  "duration_seconds": 3.0,
                  "roundtrips": 2418,
                  "messages_per_second": 806.0,
                  "in_flight_depth": 32
                }
              ]
            },
            {
              "transport": "uds",
              "in_flight_depths": [
                1,
                32,
                512
              ],
              "payload_results": [
                {
                  "payload_label": "small",
                  "target_payload_bytes": 512,
                  "concurrency_sweep": [
                    {
                      "in_flight_depth": 1,
                      "samples": 600,
                      "p50_ms": 0.115459,
                      "p95_ms": 0.148792,
                      "p99_ms": 0.1795,
                      "mean_ms": 0.13481347333333332,
                      "ci95_ms": 0.02841750115488381,
                      "messages_per_second": 8428.333333333334,
                      "busy_errors": 0
                    },
                    {
                      "in_flight_depth": 32,
                      "samples": 150,
                      "p50_ms": 0.8327709999999999,
                      "p95_ms": 1.05775,
                      "p99_ms": 1.109083,
                      "mean_ms": 0.7955394266666667,
                      "ci95_ms": 0.0291356022670712,
                      "messages_per_second": 44815.666666666664,
                      "busy_errors": 0
                    },
                    {
                      "in_flight_depth": 512,
                      "samples": 64,
                      "p50_ms": 1.5621245,
                      "p95_ms": 2.066375,
                      "p99_ms": 2.072792,
                      "mean_ms": 1.600399140625,
                      "ci95_ms": 0.07186947274152267,
                      "messages_per_second": 42384.333333333336,
                      "busy_errors": 0
                    }
                  ]
                },
                {
                  "payload_label": "medium",
                  "target_payload_bytes": 10240,
                  "concurrency_sweep": [
                    {
                      "in_flight_depth": 1,
                      "samples": 600,
                      "p50_ms": 0.2429585,
                      "p95_ms": 0.321834,
                      "p99_ms": 0.362041,
                      "mean_ms": 0.24729930166666667,
                      "ci95_ms": 0.003301693881346288,
                      "messages_per_second": 3806.0,
                      "busy_errors": 0
                    },
                    {
                      "in_flight_depth": 32,
                      "samples": 150,
                      "p50_ms": 1.7891245,
                      "p95_ms": 2.378125,
                      "p99_ms": 2.526041,
                      "mean_ms": 1.7547024333333332,
                      "ci95_ms": 0.06123860793102141,
                      "messages_per_second": 17554.333333333332,
                      "busy_errors": 0
                    },
                    {
                      "in_flight_depth": 512,
                      "samples": 64,
                      "p50_ms": 3.062,
                      "p95_ms": 3.904625,
                      "p99_ms": 3.967334,
                      "mean_ms": 2.99707615625,
                      "ci95_ms": 0.17210445546589143,
                      "messages_per_second": 16394.666666666668,
                      "busy_errors": 0
                    }
                  ]
                },
                {
                  "payload_label": "large",
                  "target_payload_bytes": 1048576,
                  "concurrency_sweep": [
                    {
                      "in_flight_depth": 1,
                      "samples": 600,
                      "p50_ms": 18.3404585,
                      "p95_ms": 19.646542,
                      "p99_ms": 20.755708,
                      "mean_ms": 18.159675423333336,
                      "ci95_ms": 0.10147200712726363,
                      "messages_per_second": 54.333333333333336,
                      "busy_errors": 0
                    },
                    {
                      "in_flight_depth": 32,
                      "samples": 150,
                      "p50_ms": 172.3836875,
                      "p95_ms": 523.556375,
                      "p99_ms": 529.427083,
                      "mean_ms": 228.96986748,
                      "ci95_ms": 18.71743094480741,
                      "messages_per_second": 173.33333333333334,
                      "busy_errors": 0
                    },
                    {
                      "in_flight_depth": 512,
                      "samples": 64,
                      "p50_ms": 683.359125,
                      "p95_ms": 778.38775,
                      "p99_ms": 778.983583,
                      "mean_ms": 592.3656648125,
                      "ci95_ms": 47.969636250488534,
                      "messages_per_second": 19.333333333333332,
                      "busy_errors": 645
                    }
                  ]
                }
              ],
              "latency": [
                {
                  "payload_label": "small",
                  "target_payload_bytes": 512,
                  "samples": 600,
                  "p50_ms": 0.115459,
                  "p95_ms": 0.148792,
                  "p99_ms": 0.1795,
                  "mean_ms": 0.13481347333333332,
                  "ci95_ms": 0.02841750115488381,
                  "in_flight_depth": 1
                },
                {
                  "payload_label": "medium",
                  "target_payload_bytes": 10240,
                  "samples": 600,
                  "p50_ms": 0.2429585,
                  "p95_ms": 0.321834,
                  "p99_ms": 0.362041,
                  "mean_ms": 0.24729930166666667,
                  "ci95_ms": 0.003301693881346288,
                  "in_flight_depth": 1
                },
                {
                  "payload_label": "large",
                  "target_payload_bytes": 1048576,
                  "samples": 600,
                  "p50_ms": 18.3404585,
                  "p95_ms": 19.646542,
                  "p99_ms": 20.755708,
                  "mean_ms": 18.159675423333336,
                  "ci95_ms": 0.10147200712726363,
                  "in_flight_depth": 1
                }
              ],
              "throughput": [
                {
                  "payload_label": "small",
                  "target_payload_bytes": 512,
                  "duration_seconds": 3.0,
                  "roundtrips": 134447,
                  "messages_per_second": 44815.666666666664,
                  "in_flight_depth": 32
                },
                {
                  "payload_label": "medium",
                  "target_payload_bytes": 10240,
                  "duration_seconds": 3.0,
                  "roundtrips": 52663,
                  "messages_per_second": 17554.333333333332,
                  "in_flight_depth": 32
                },
                {
                  "payload_label": "large",
                  "target_payload_bytes": 1048576,
                  "duration_seconds": 3.0,
                  "roundtrips": 520,
                  "messages_per_second": 173.33333333333334,
                  "in_flight_depth": 32
                }
              ]
            }
          ]
        },
        {
          "benchmark": "elixir-bridge-transport-microbench",
          "transport_results": [
            {
              "transport": "tcp",
              "in_flight_depths": [
                1,
                32,
                512
              ],
              "payload_results": [
                {
                  "payload_label": "small",
                  "target_payload_bytes": 512,
                  "concurrency_sweep": [
                    {
                      "in_flight_depth": 1,
                      "samples": 600,
                      "p50_ms": 0.117354,
                      "p95_ms": 0.170333,
                      "p99_ms": 0.213708,
                      "mean_ms": 0.13190119333333333,
                      "ci95_ms": 0.01829861965910463,
                      "messages_per_second": 8743.333333333334,
                      "busy_errors": 0
                    },
                    {
                      "in_flight_depth": 32,
                      "samples": 150,
                      "p50_ms": 1.0973545,
                      "p95_ms": 1.614041,
                      "p99_ms": 1.731459,
                      "mean_ms": 1.07604948,
                      "ci95_ms": 0.0526288748114696,
                      "messages_per_second": 31243.0,
                      "busy_errors": 0
                    },
                    {
                      "in_flight_depth": 512,
                      "samples": 64,
                      "p50_ms": 1.6432495,
                      "p95_ms": 2.285167,
                      "p99_ms": 2.303458,
                      "mean_ms": 1.651684828125,
                      "ci95_ms": 0.1008982521067858,
                      "messages_per_second": 33418.666666666664,
                      "busy_errors": 0
                    }
                  ]
                },
                {
                  "payload_label": "medium",
                  "target_payload_bytes": 10240,
                  "concurrency_sweep": [
                    {
                      "in_flight_depth": 1,
                      "samples": 600,
                      "p50_ms": 0.1287295,
                      "p95_ms": 0.17525,
                      "p99_ms": 0.235167,
                      "mean_ms": 0.13439674,
                      "ci95_ms": 0.0021301545578796236,
                      "messages_per_second": 7960.333333333333,
                      "busy_errors": 0
                    },
                    {
                      "in_flight_depth": 32,
                      "samples": 150,
                      "p50_ms": 1.271229,
                      "p95_ms": 1.678459,
                      "p99_ms": 1.93275,
                      "mean_ms": 1.2631030733333333,
                      "ci95_ms": 0.04304349436864075,
                      "messages_per_second": 26146.666666666668,
                      "busy_errors": 0
                    },
                    {
                      "in_flight_depth": 512,
                      "samples": 64,
                      "p50_ms": 2.3781665,
                      "p95_ms": 3.156125,
                      "p99_ms": 3.170417,
                      "mean_ms": 2.3666510625,
                      "ci95_ms": 0.12265580590108646,
                      "messages_per_second": 24909.333333333332,
                      "busy_errors": 0
                    }
                  ]
                },
                {
                  "payload_label": "large",
                  "target_payload_bytes": 1048576,
                  "concurrency_sweep": [
                    {
                      "in_flight_depth": 1,
                      "samples": 600,
                      "p50_ms": 2.0434795,
                      "p95_ms": 2.378458,
                      "p99_ms": 2.725708,
                      "mean_ms": 2.0762778616666666,
                      "ci95_ms": 0.015621396010550272,
                      "messages_per_second": 471.0,
                      "busy_errors": 0
                    },
                    {
                      "in_flight_depth": 32,
                      "samples": 150,
                      "p50_ms": 43.255770999999996,
                      "p95_ms": 54.813125,
                      "p99_ms": 62.101542,
                      "mean_ms": 41.80976414666667,
                      "ci95_ms": 1.319147388706521,
                      "messages_per_second": 804.0,
                      "busy_errors": 0
                    },
                    {
                      "in_flight_depth": 512,
                      "samples": 64,
                      "p50_ms": 43.6265415,
                      "p95_ms": 48.04075,
                      "p99_ms": 48.573833,
                      "mean_ms": 43.581460921875,
                      "ci95_ms": 0.6823759555698479,
                      "messages_per_second": 730.6666666666666,
                      "busy_errors": 280
                    }
                  ]
                }
              ],
              "latency": [
                {
                  "payload_label": "small",
                  "target_payload_bytes": 512,
                  "samples": 600,
                  "p50_ms": 0.117354,
                  "p95_ms": 0.170333,
                  "p99_ms": 0.213708,
                  "mean_ms": 0.13190119333333333,
                  "ci95_ms": 0.01829861965910463,
                  "in_flight_depth": 1
                },
                {
                  "payload_label": "medium",
                  "target_payload_bytes": 10240,
                  "samples": 600,
                  "p50_ms": 0.1287295,
                  "p95_ms": 0.17525,
                  "p99_ms": 0.235167,
                  "mean_ms": 0.13439674,
                  "ci95_ms": 0.0021301545578796236,
                  "in_flight_depth": 1
                },
                {
                  "payload_label": "large",
                  "target_payload_bytes": 1048576,
                  "samples": 600,
                  "p50_ms": 2.0434795,
                  "p95_ms": 2.378458,
                  "p99_ms": 2.725708,
                  "mean_ms": 2.0762778616666666,
                  "ci95_ms": 0.015621396010550272,
                  "in_flight_depth": 1
                }
              ],
              "throughput": [
                {
                  "payload_label": "small",
                  "target_payload_bytes": 512,
                  "duration_seconds": 3.0,
                  "roundtrips": 100256,
                  "messages_per_second": 33418.666666666664,
                  "in_flight_depth": 512
                },
                {
                  "payload_label": "medium",
                  "target_payload_bytes": 10240,
                  "duration_seconds": 3.0,
                  "roundtrips": 78440,
                  "messages_per_second": 26146.666666666668,
                  "in_flight_depth": 32
                },
                {
                  "payload_label": "large",
                  "target_payload_bytes": 1048576,
                  "duration_seconds": 3.0,
                  "roundtrips": 2412,
                  "messages_per_second": 804.0,
                  "in_flight_depth": 32
                }
              ]
            },
            {
              "transport": "uds",
              "in_flight_depths": [
                1,
                32,
                512
              ],
              "payload_results": [
                {
                  "payload_label": "small",
                  "target_payload_bytes": 512,
                  "concurrency_sweep": [
                    {
                      "in_flight_depth": 1,
                      "samples": 600,
                      "p50_ms": 0.1122085,
                      "p95_ms": 0.141709,
                      "p99_ms": 0.167666,
                      "mean_ms": 0.112494945,
                      "ci95_ms": 0.0014314761395003439,
                      "messages_per_second": 8470.333333333334,
                      "busy_errors": 0
                    },
                    {
                      "in_flight_depth": 32,
                      "samples": 150,
                      "p50_ms": 0.8063750000000001,
                      "p95_ms": 1.707208,
                      "p99_ms": 1.874958,
                      "mean_ms": 0.9020483266666668,
                      "ci95_ms": 0.060043714310584105,
                      "messages_per_second": 44902.333333333336,
                      "busy_errors": 0
                    },
                    {
                      "in_flight_depth": 512,
                      "samples": 64,
                      "p50_ms": 1.6727915,
                      "p95_ms": 2.324709,
                      "p99_ms": 2.372791,
                      "mean_ms": 1.749839875,
                      "ci95_ms": 0.09476828663698293,
                      "messages_per_second": 42398.0,
                      "busy_errors": 0
                    }
                  ]
                },
                {
                  "payload_label": "medium",
                  "target_payload_bytes": 10240,
                  "concurrency_sweep": [
                    {
                      "in_flight_depth": 1,
                      "samples": 600,
                      "p50_ms": 0.23802099999999998,
                      "p95_ms": 0.305459,
                      "p99_ms": 0.337708,
                      "mean_ms": 0.24044279833333335,
                      "ci95_ms": 0.00296658525987218,
                      "messages_per_second": 3692.3333333333335,
                      "busy_errors": 0
                    },
                    {
                      "in_flight_depth": 32,
                      "samples": 150,
                      "p50_ms": 1.8082500000000001,
                      "p95_ms": 2.5895,
                      "p99_ms": 2.793208,
                      "mean_ms": 1.8582953000000002,
                      "ci95_ms": 0.06704067222861124,
                      "messages_per_second": 17459.666666666668,
                      "busy_errors": 0
                    },
                    {
                      "in_flight_depth": 512,
                      "samples": 64,
                      "p50_ms": 2.861479,
                      "p95_ms": 3.848,
                      "p99_ms": 3.895708,
                      "mean_ms": 2.83421159375,
                      "ci95_ms": 0.17507016178144733,
                      "messages_per_second": 16337.0,
                      "busy_errors": 0
                    }
                  ]
                },
                {
                  "payload_label": "large",
                  "target_payload_bytes": 1048576,
                  "concurrency_sweep": [
                    {
                      "in_flight_depth": 1,
                      "samples": 600,
                      "p50_ms": 18.226791,
                      "p95_ms": 19.697875,
                      "p99_ms": 20.995292,
                      "mean_ms": 17.979646839999997,
                      "ci95_ms": 0.11135251631918974,
                      "messages_per_second": 55.666666666666664,
                      "busy_errors": 0
                    },
                    {
                      "in_flight_depth": 32,
                      "samples": 150,
                      "p50_ms": 172.148354,
                      "p95_ms": 523.823958,
                      "p99_ms": 530.409333,
                      "mean_ms": 227.43987502666667,
                      "ci95_ms": 18.889561734509357,
                      "messages_per_second": 176.0,
                      "busy_errors": 0
                    },
                    {
                      "in_flight_depth": 512,
                      "samples": 64,
                      "p50_ms": 669.356437,
                      "p95_ms": 763.65,
                      "p99_ms": 763.782917,
                      "mean_ms": 580.336518125,
                      "ci95_ms": 47.100116317340834,
                      "messages_per_second": 19.0,
                      "busy_errors": 648
                    }
                  ]
                }
              ],
              "latency": [
                {
                  "payload_label": "small",
                  "target_payload_bytes": 512,
                  "samples": 600,
                  "p50_ms": 0.1122085,
                  "p95_ms": 0.141709,
                  "p99_ms": 0.167666,
                  "mean_ms": 0.112494945,
                  "ci95_ms": 0.0014314761395003439,
                  "in_flight_depth": 1
                },
                {
                  "payload_label": "medium",
                  "target_payload_bytes": 10240,
                  "samples": 600,
                  "p50_ms": 0.23802099999999998,
                  "p95_ms": 0.305459,
                  "p99_ms": 0.337708,
                  "mean_ms": 0.24044279833333335,
                  "ci95_ms": 0.00296658525987218,
                  "in_flight_depth": 1
                },
                {
                  "payload_label": "large",
                  "target_payload_bytes": 1048576,
                  "samples": 600,
                  "p50_ms": 18.226791,
                  "p95_ms": 19.697875,
                  "p99_ms": 20.995292,
                  "mean_ms": 17.979646839999997,
                  "ci95_ms": 0.11135251631918974,
                  "in_flight_depth": 1
                }
              ],
              "throughput": [
                {
                  "payload_label": "small",
                  "target_payload_bytes": 512,
                  "duration_seconds": 3.0,
                  "roundtrips": 134707,
                  "messages_per_second": 44902.333333333336,
                  "in_flight_depth": 32
                },
                {
                  "payload_label": "medium",
                  "target_payload_bytes": 10240,
                  "duration_seconds": 3.0,
                  "roundtrips": 52379,
                  "messages_per_second": 17459.666666666668,
                  "in_flight_depth": 32
                },
                {
                  "payload_label": "large",
                  "target_payload_bytes": 1048576,
                  "duration_seconds": 3.0,
                  "roundtrips": 528,
                  "messages_per_second": 176.0,
                  "in_flight_depth": 32
                }
              ]
            }
          ]
        }
      ],
      "summary": {
        "tcp": {
          "small_p50_ms": {
            "median": 0.1168545,
            "mean": 0.11527083333333334,
            "stddev": 0.0031853767568897247,
            "p95": 0.117354,
            "p99": 0.117354,
            "ci95": 0.0036045931309988933,
            "min": 0.11160400000000001,
            "max": 0.117354
          },
          "small_p99_ms": {
            "median": 0.197,
            "mean": 0.2006663333333333,
            "stddev": 0.011649548160050394,
            "p95": 0.213708,
            "p99": 0.213708,
            "ci95": 0.013182704741639505,
            "min": 0.191291,
            "max": 0.213708
          },
          "small_messages_per_second": {
            "median": 34951.0,
            "mean": 34465.22222222222,
            "stddev": 907.1191477133259,
            "p95": 35026.0,
            "p99": 35026.0,
            "ci95": 1026.501948873931,
            "min": 33418.666666666664,
            "max": 35026.0
          }
        },
        "uds": {
          "small_p50_ms": {
            "median": 0.115459,
            "mean": 0.11602116666666668,
            "stddev": 0.004122597795484461,
            "p95": 0.120396,
            "p99": 0.120396,
            "ci95": 0.004665158576087682,
            "min": 0.1122085,
            "max": 0.120396
          },
          "small_p99_ms": {
            "median": 0.1795,
            "mean": 0.21370833333333336,
            "stddev": 0.06975054131928536,
            "p95": 0.293959,
            "p99": 0.293959,
            "ci95": 0.07893016786135057,
            "min": 0.167666,
            "max": 0.293959
          },
          "small_messages_per_second": {
            "median": 44815.666666666664,
            "mean": 42066.555555555555,
            "stddev": 4836.849770636227,
            "p95": 44902.333333333336,
            "p99": 44902.333333333336,
            "ci95": 5473.410773528946,
            "min": 36481.666666666664,
            "max": 44902.333333333336
          }
        }
      }
    },
    "python_bridge_reference": {
      "benchmark": "pyre-bridge-multi-transport",
      "transport_results": [
        {
          "transport": "tcp",
          "latency": [
            {
              "payload_label": "small",
              "target_payload_bytes": 512,
              "samples": 600,
              "p50_ms": 0.083166,
              "p95_ms": 0.154875,
              "p99_ms": 0.19775,
              "mean_ms": 0.09827291499999999,
              "min_ms": 0.07125,
              "max_ms": 0.257625
            },
            {
              "payload_label": "medium",
              "target_payload_bytes": 10240,
              "samples": 600,
              "p50_ms": 0.098458,
              "p95_ms": 0.132042,
              "p99_ms": 0.173667,
              "mean_ms": 0.10180937666666666,
              "min_ms": 0.080917,
              "max_ms": 0.215042
            },
            {
              "payload_label": "large",
              "target_payload_bytes": 1048576,
              "samples": 600,
              "p50_ms": 2.226958,
              "p95_ms": 2.71775,
              "p99_ms": 2.817042,
              "mean_ms": 2.2590965950000004,
              "min_ms": 1.882416,
              "max_ms": 2.979583
            }
          ],
          "throughput": [
            {
              "payload_label": "small",
              "target_payload_bytes": 512,
              "duration_seconds": 3.0,
              "roundtrips": 33427,
              "messages_per_second": 11142.333333333334
            },
            {
              "payload_label": "medium",
              "target_payload_bytes": 10240,
              "duration_seconds": 3.0,
              "roundtrips": 28198,
              "messages_per_second": 9399.333333333334
            },
            {
              "payload_label": "large",
              "target_payload_bytes": 1048576,
              "duration_seconds": 3.0,
              "roundtrips": 1238,
              "messages_per_second": 412.6666666666667
            }
          ]
        },
        {
          "transport": "uds",
          "latency": [
            {
              "payload_label": "small",
              "target_payload_bytes": 512,
              "samples": 600,
              "p50_ms": 0.056083,
              "p95_ms": 0.072667,
              "p99_ms": 0.117541,
              "mean_ms": 0.05953200333333333,
              "min_ms": 0.055208,
              "max_ms": 0.180375
            },
            {
              "payload_label": "medium",
              "target_payload_bytes": 10240,
              "samples": 600,
              "p50_ms": 0.113875,
              "p95_ms": 0.154417,
              "p99_ms": 0.189458,
              "mean_ms": 0.11935618333333334,
              "min_ms": 0.110208,
              "max_ms": 0.265583
            },
            {
              "payload_label": "large",
              "target_payload_bytes": 1048576,
              "samples": 600,
              "p50_ms": 7.428875,
              "p95_ms": 7.8555,
              "p99_ms": 8.059542,
              "mean_ms": 7.429518831666667,
              "min_ms": 6.969208,
              "max_ms": 8.395458
            }
          ],
          "throughput": [
            {
              "payload_label": "small",
              "target_payload_bytes": 512,
              "duration_seconds": 3.0,
              "roundtrips": 46748,
              "messages_per_second": 15582.666666666666
            },
            {
              "payload_label": "medium",
              "target_payload_bytes": 10240,
              "duration_seconds": 3.0,
              "roundtrips": 24059,
              "messages_per_second": 8019.666666666667
            },
            {
              "payload_label": "large",
              "target_payload_bytes": 1048576,
              "duration_seconds": 3.0,
              "roundtrips": 400,
              "messages_per_second": 133.33333333333334
            }
          ]
        }
      ]
    },
    "bridge_stress": {
      "benchmark": "elixir-bridge-stress",
      "transport": "uds",
      "config": {
        "in_flight_depths": [
          1,
          8,
          32,
          128,
          512
        ],
        "duration_seconds": 2.0,
        "payload_bytes": 512,
        "pool_size": 8,
        "max_in_flight_per_conn": 64,
        "enable_backpressure": true
      },
      "results": [
        {
          "in_flight_depth": 1,
          "messages_per_second": 11253.0,
          "p99_ms": 0.147958,
          "p50_ms": 0.0701875,
          "p95_ms": 0.095666,
          "pool_backpressure_events": 0,
          "server_backpressure_events": 0,
          "roundtrips": 22506,
          "duration_seconds": 2.0,
          "max_in_flight_observed": 1
        },
        {
          "in_flight_depth": 8,
          "messages_per_second": 36269.5,
          "p99_ms": 0.307167,
          "p50_ms": 0.197125,
          "p95_ms": 0.261542,
          "pool_backpressure_events": 0,
          "server_backpressure_events": 0,
          "roundtrips": 72539,
          "duration_seconds": 2.0,
          "max_in_flight_observed": 8
        },
        {
          "in_flight_depth": 32,
          "messages_per_second": 44709.0,
          "p99_ms": 1.022208,
          "p50_ms": 0.716125,
          "p95_ms": 0.936667,
          "pool_backpressure_events": 0,
          "server_backpressure_events": 0,
          "roundtrips": 89418,
          "duration_seconds": 2.0,
          "max_in_flight_observed": 32
        },
        {
          "in_flight_depth": 128,
          "messages_per_second": 45119.5,
          "p99_ms": 1.50425,
          "p50_ms": 1.045583,
          "p95_ms": 1.499916,
          "pool_backpressure_events": 0,
          "server_backpressure_events": 0,
          "roundtrips": 90239,
          "duration_seconds": 2.0,
          "max_in_flight_observed": 128
        },
        {
          "in_flight_depth": 512,
          "messages_per_second": 42320.0,
          "p99_ms": 2.136125,
          "p50_ms": 1.6597499999999998,
          "p95_ms": 2.092625,
          "pool_backpressure_events": 0,
          "server_backpressure_events": 0,
          "roundtrips": 84640,
          "duration_seconds": 2.0,
          "max_in_flight_observed": 512
        }
      ],
      "summary": {
        "best_messages_per_second": 45119.5,
        "p99_at_max_depth_ms": 2.136125,
        "avg_p99_ms": 1.0235416000000002
      }
    },
    "memory_scaling": {
      "python": {
        "feasible": true,
        "runs": [
          {
            "agents": 100,
            "rss_bytes": 1922449408
          },
          {
            "agents": 1000,
            "rss_bytes": 1922498560
          },
          {
            "agents": 5000,
            "rss_bytes": 1928495104
          }
        ],
        "fit": {
          "bytes_per_agent": 1314.412621264086,
          "base_bytes": 1921808385.0034297
        },
        "base_runtime_bytes_estimate": 1922498560.0
      },
      "elixir_bridge": {
        "feasible": true,
        "runs": [
          {
            "agents": 100,
            "baseline_rss_bytes": 131514368,
            "rss_bytes": 132087808,
            "delta_bytes": 573440
          },
          {
            "agents": 1000,
            "baseline_rss_bytes": 132431872,
            "rss_bytes": 136380416,
            "delta_bytes": 3948544
          },
          {
            "agents": 5000,
            "baseline_rss_bytes": 134709248,
            "rss_bytes": 152813568,
            "delta_bytes": 18104320
          }
        ],
        "fit": {
          "bytes_per_agent": 3565.9482998530134,
          "base_bytes": 291339.7902988726
        },
        "base_runtime_bytes_estimate": 132431872.0,
        "absolute_base_runtime_bytes": 132431872.0,
        "idle_beam_rss_bytes": 56852480.0,
        "bridge_over_idle_beam_bytes": 75579392.0
      }
    },
    "failure_recovery": {
      "restart_attempts": 15,
      "restarted_successes": 15,
      "restart_success_ratio": 1.0,
      "mean_recovery_ms": 12.45112226655086,
      "strategy_checks": {
        "rest_for_one_older_survives": true,
        "rest_for_one_crashed_restarted": true,
        "rest_for_one_younger_restarted": true
      }
    },
    "scheduler_fairness": {
      "evaluation_mode": "serial_python_worker",
      "baseline": {
        "median": 0.003,
        "mean": 0.0036176583333333333,
        "stddev": 0.003872138183119718,
        "p95": 0.004,
        "p99": 0.017709,
        "ci95": 0.0006928134266994347,
        "min": 0.002875,
        "max": 0.04225
      },
      "under_cpu_load": {
        "median": 0.003,
        "mean": 0.00318793,
        "stddev": 0.0012588281166917657,
        "p95": 0.003458,
        "p99": 0.004916,
        "ci95": 0.0002467303108715861,
        "min": 0.002875,
        "max": 0.015417
      },
      "python_no_preemption_blocking_factor_p99": 293.58609961472325,
      "pooled_workers_blocking_factor_p99": 0.7470355731225297,
      "no_preemption_timer_drift": {
        "mode": "serial_python_worker",
        "period_ms": 5.0,
        "samples": 600,
        "blocked_threshold_ms": 10.0,
        "baseline_drift_ms": {
          "median": 0.6602495023980736,
          "mean": 0.6457063183673502,
          "stddev": 0.20955712852613098,
          "p95": 0.739333020756021,
          "p99": 0.8015839895233511,
          "ci95": 0.016768062537160566,
          "min": 0.055249988799914614,
          "max": 3.8747919944580644
        },
        "under_cpu_load_drift_ms": {
          "median": 0.6630210019648074,
          "mean": 6.918315068323864,
          "stddev": 37.837813258397084,
          "p95": 0.7759579794947057,
          "p99": 235.33391699776985,
          "ci95": 3.027655625215774,
          "min": 0.04362498759292056,
          "max": 235.35999999614432
        },
        "blocking_factor_p99": 293.58609961472325,
        "blocked_tick_ratio": 0.02666666666666667
      },
      "modes": {
        "serial_python_worker": {
          "mode": "serial_python_worker",
          "handler_worker_count": 1,
          "baseline": {
            "median": 0.003,
            "mean": 0.0036176583333333333,
            "stddev": 0.003872138183119718,
            "p95": 0.004,
            "p99": 0.017709,
            "ci95": 0.0006928134266994347,
            "min": 0.002875,
            "max": 0.04225
          },
          "under_cpu_load": {
            "median": 0.003,
            "mean": 0.00318793,
            "stddev": 0.0012588281166917657,
            "p95": 0.003458,
            "p99": 0.004916,
            "ci95": 0.0002467303108715861,
            "min": 0.002875,
            "max": 0.015417
          },
          "blocking_factor_p99": 0.2775989609802925,
          "queue_depth_percentiles": {
            "p50": 1.0,
            "p95": 1.0,
            "p99": 1.0
          },
          "restart_latency_percentiles_ms": {
            "p50": 0.0,
            "p95": 0.0,
            "p99": 0.0
          }
        },
        "pooled_workers": {
          "mode": "pooled_workers",
          "handler_worker_count": 64,
          "baseline": {
            "median": 0.002917,
            "mean": 0.0031465666666666667,
            "stddev": 0.001136925692000868,
            "p95": 0.003792,
            "p99": 0.007084,
            "ci95": 0.0002034218169205751,
            "min": 0.002833,
            "max": 0.013959
          },
          "under_cpu_load": {
            "median": 0.003042,
            "mean": 0.00323703,
            "stddev": 0.0013188528031067858,
            "p95": 0.003459,
            "p99": 0.005292,
            "ci95": 0.00025849514940893,
            "min": 0.002958,
            "max": 0.016042
          },
          "blocking_factor_p99": 0.7470355731225297,
          "queue_depth_percentiles": {
            "p50": 1.0,
            "p95": 1.0,
            "p99": 1.0
          },
          "restart_latency_percentiles_ms": {
            "p50": 0.0,
            "p95": 0.0,
            "p99": 0.0
          }
        }
      },
      "queue_depth_percentiles": {
        "p50": 1.0,
        "p95": 1.0,
        "p99": 1.0
      },
      "restart_latency_percentiles_ms": {
        "p50": 0.0,
        "p95": 0.0,
        "p99": 0.0
      }
    },
    "startup_overhead": {
      "runs": [
        {
          "boot_ms": 689.35575,
          "first_ping_ms": 0.409625
        },
        {
          "boot_ms": 665.99475,
          "first_ping_ms": 0.403
        },
        {
          "boot_ms": 716.461625,
          "first_ping_ms": 0.461833
        },
        {
          "boot_ms": 663.62175,
          "first_ping_ms": 0.380792
        },
        {
          "boot_ms": 613.157958,
          "first_ping_ms": 0.3395
        },
        {
          "boot_ms": 621.978458,
          "first_ping_ms": 0.353083
        }
      ],
      "boot_ms": {
        "median": 664.80825,
        "mean": 661.7617151666667,
        "stddev": 39.29356682497752,
        "p95": 716.461625,
        "p99": 716.461625,
        "ci95": 31.441401705748287,
        "min": 613.157958,
        "max": 716.461625
      },
      "first_ping_ms": {
        "median": 0.391896,
        "mean": 0.39130550000000003,
        "stddev": 0.044049510066514926,
        "p95": 0.461833,
        "p99": 0.461833,
        "ci95": 0.035246948873633874,
        "min": 0.3395,
        "max": 0.461833
      }
    },
    "architectural_evidence": {
      "python_api_surface": {
        "runtime": true,
        "agent": true,
        "readme": true
      },
      "state_and_serialization": {
        "base_model_enforced": true,
        "bridge_codec_tests": true,
        "bridge_protocol_tests": true
      },
      "observability": {
        "bridge_health_api": true,
        "bridge_health_tests": true
      }
    }
  }
}
