socket.send() raised exception.
socket.send() raised exception.
socket.send() raised exception.
socket.send() raised exception.
socket.send() raised exception.
socket.send() raised exception.
socket.send() raised exception.
socket.send() raised exception.
socket.send() raised exception.
socket.send() raised exception.
socket.send() raised exception.
socket.send() raised exception.
socket.send() raised exception.
socket.send() raised exception.
socket.send() raised exception.
socket.send() raised exception.
socket.send() raised exception.
socket.send() raised exception.
socket.send() raised exception.
socket.send() raised exception.
socket.send() raised exception.
socket.send() raised exception.
socket.send() raised exception.
socket.send() raised exception.
socket.send() raised exception.
socket.send() raised exception.
socket.send() raised exception.
socket.send() raised exception.
socket.send() raised exception.
socket.send() raised exception.
socket.send() raised exception.
socket.send() raised exception.
socket.send() raised exception.
socket.send() raised exception.
socket.send() raised exception.
socket.send() raised exception.
socket.send() raised exception.
socket.send() raised exception.
socket.send() raised exception.
socket.send() raised exception.
socket.send() raised exception.
socket.send() raised exception.
socket.send() raised exception.
socket.send() raised exception.
socket.send() raised exception.
socket.send() raised exception.
socket.send() raised exception.
socket.send() raised exception.
socket.send() raised exception.
socket.send() raised exception.
socket.send() raised exception.
socket.send() raised exception.
socket.send() raised exception.
socket.send() raised exception.
socket.send() raised exception.
socket.send() raised exception.
socket.send() raised exception.
socket.send() raised exception.
socket.send() raised exception.
socket.send() raised exception.
socket.send() raised exception.
socket.send() raised exception.
socket.send() raised exception.
socket.send() raised exception.
socket.send() raised exception.
socket.send() raised exception.
socket.send() raised exception.
socket.send() raised exception.
socket.send() raised exception.
socket.send() raised exception.
socket.send() raised exception.
socket.send() raised exception.
socket.send() raised exception.
socket.send() raised exception.
socket.send() raised exception.
socket.send() raised exception.
socket.send() raised exception.
socket.send() raised exception.
socket.send() raised exception.
socket.send() raised exception.
socket.send() raised exception.
socket.send() raised exception.
socket.send() raised exception.
socket.send() raised exception.
socket.send() raised exception.
socket.send() raised exception.
socket.send() raised exception.
socket.send() raised exception.
socket.send() raised exception.
socket.send() raised exception.
socket.send() raised exception.
socket.send() raised exception.
socket.send() raised exception.
socket.send() raised exception.
socket.send() raised exception.
socket.send() raised exception.
socket.send() raised exception.
socket.send() raised exception.
socket.send() raised exception.
socket.send() raised exception.
socket.send() raised exception.
socket.send() raised exception.
socket.send() raised exception.
socket.send() raised exception.
socket.send() raised exception.
socket.send() raised exception.
socket.send() raised exception.
socket.send() raised exception.
socket.send() raised exception.
socket.send() raised exception.
socket.send() raised exception.
socket.send() raised exception.
socket.send() raised exception.
socket.send() raised exception.
socket.send() raised exception.
socket.send() raised exception.
socket.send() raised exception.
socket.send() raised exception.
socket.send() raised exception.
socket.send() raised exception.
socket.send() raised exception.
socket.send() raised exception.
socket.send() raised exception.
socket.send() raised exception.
socket.send() raised exception.
socket.send() raised exception.
socket.send() raised exception.
socket.send() raised exception.
socket.send() raised exception.
socket.send() raised exception.
socket.send() raised exception.
socket.send() raised exception.
socket.send() raised exception.
socket.send() raised exception.
socket.send() raised exception.
socket.send() raised exception.
socket.send() raised exception.
socket.send() raised exception.
socket.send() raised exception.
socket.send() raised exception.
socket.send() raised exception.
socket.send() raised exception.
socket.send() raised exception.
socket.send() raised exception.
socket.send() raised exception.
socket.send() raised exception.
socket.send() raised exception.
socket.send() raised exception.
socket.send() raised exception.
socket.send() raised exception.
socket.send() raised exception.
socket.send() raised exception.
socket.send() raised exception.
socket.send() raised exception.
socket.send() raised exception.
socket.send() raised exception.
socket.send() raised exception.
socket.send() raised exception.
socket.send() raised exception.
socket.send() raised exception.
socket.send() raised exception.
socket.send() raised exception.
socket.send() raised exception.
socket.send() raised exception.
socket.send() raised exception.
socket.send() raised exception.
socket.send() raised exception.
socket.send() raised exception.
socket.send() raised exception.
socket.send() raised exception.
socket.send() raised exception.
socket.send() raised exception.
socket.send() raised exception.
socket.send() raised exception.
socket.send() raised exception.
socket.send() raised exception.
socket.send() raised exception.
socket.send() raised exception.
socket.send() raised exception.
socket.send() raised exception.
socket.send() raised exception.
socket.send() raised exception.
socket.send() raised exception.
socket.send() raised exception.
socket.send() raised exception.
socket.send() raised exception.
socket.send() raised exception.
socket.send() raised exception.
socket.send() raised exception.
socket.send() raised exception.
socket.send() raised exception.
socket.send() raised exception.
socket.send() raised exception.
socket.send() raised exception.
socket.send() raised exception.
socket.send() raised exception.
socket.send() raised exception.
socket.send() raised exception.
socket.send() raised exception.
socket.send() raised exception.
socket.send() raised exception.
socket.send() raised exception.
socket.send() raised exception.
socket.send() raised exception.
socket.send() raised exception.
socket.send() raised exception.
socket.send() raised exception.
socket.send() raised exception.
socket.send() raised exception.
socket.send() raised exception.
socket.send() raised exception.
socket.send() raised exception.
socket.send() raised exception.
socket.send() raised exception.
socket.send() raised exception.
socket.send() raised exception.
socket.send() raised exception.
socket.send() raised exception.
socket.send() raised exception.
socket.send() raised exception.
socket.send() raised exception.
socket.send() raised exception.
socket.send() raised exception.
socket.send() raised exception.
socket.send() raised exception.
socket.send() raised exception.
socket.send() raised exception.
socket.send() raised exception.
socket.send() raised exception.
socket.send() raised exception.
socket.send() raised exception.
socket.send() raised exception.
socket.send() raised exception.
socket.send() raised exception.
socket.send() raised exception.
socket.send() raised exception.
socket.send() raised exception.
socket.send() raised exception.
socket.send() raised exception.
socket.send() raised exception.
socket.send() raised exception.
socket.send() raised exception.
socket.send() raised exception.
socket.send() raised exception.
socket.send() raised exception.
socket.send() raised exception.
socket.send() raised exception.
socket.send() raised exception.
socket.send() raised exception.
socket.send() raised exception.
socket.send() raised exception.
socket.send() raised exception.
socket.send() raised exception.
socket.send() raised exception.
socket.send() raised exception.
socket.send() raised exception.
socket.send() raised exception.
socket.send() raised exception.
socket.send() raised exception.
socket.send() raised exception.
socket.send() raised exception.
socket.send() raised exception.
socket.send() raised exception.
socket.send() raised exception.
socket.send() raised exception.
socket.send() raised exception.
socket.send() raised exception.
socket.send() raised exception.
socket.send() raised exception.
socket.send() raised exception.
socket.send() raised exception.
socket.send() raised exception.
socket.send() raised exception.
socket.send() raised exception.
socket.send() raised exception.
socket.send() raised exception.
socket.send() raised exception.
socket.send() raised exception.
socket.send() raised exception.
socket.send() raised exception.
socket.send() raised exception.
socket.send() raised exception.
socket.send() raised exception.
socket.send() raised exception.
socket.send() raised exception.
socket.send() raised exception.
socket.send() raised exception.
socket.send() raised exception.
socket.send() raised exception.
socket.send() raised exception.
socket.send() raised exception.
socket.send() raised exception.
socket.send() raised exception.
socket.send() raised exception.
socket.send() raised exception.
socket.send() raised exception.
socket.send() raised exception.
socket.send() raised exception.
socket.send() raised exception.
socket.send() raised exception.
socket.send() raised exception.
socket.send() raised exception.
socket.send() raised exception.
socket.send() raised exception.
socket.send() raised exception.
socket.send() raised exception.
socket.send() raised exception.
socket.send() raised exception.
socket.send() raised exception.
socket.send() raised exception.
socket.send() raised exception.
socket.send() raised exception.
socket.send() raised exception.
socket.send() raised exception.
socket.send() raised exception.
socket.send() raised exception.
socket.send() raised exception.
socket.send() raised exception.
socket.send() raised exception.
socket.send() raised exception.
socket.send() raised exception.
socket.send() raised exception.
socket.send() raised exception.
socket.send() raised exception.
socket.send() raised exception.
socket.send() raised exception.
socket.send() raised exception.
socket.send() raised exception.
socket.send() raised exception.
socket.send() raised exception.
socket.send() raised exception.
socket.send() raised exception.
socket.send() raised exception.
socket.send() raised exception.
socket.send() raised exception.
socket.send() raised exception.
socket.send() raised exception.
socket.send() raised exception.
socket.send() raised exception.
socket.send() raised exception.
socket.send() raised exception.
socket.send() raised exception.
socket.send() raised exception.
socket.send() raised exception.
socket.send() raised exception.
socket.send() raised exception.
socket.send() raised exception.
socket.send() raised exception.
socket.send() raised exception.
socket.send() raised exception.
socket.send() raised exception.
socket.send() raised exception.
socket.send() raised exception.
socket.send() raised exception.
socket.send() raised exception.
socket.send() raised exception.
socket.send() raised exception.
socket.send() raised exception.
socket.send() raised exception.
socket.send() raised exception.
socket.send() raised exception.
socket.send() raised exception.
socket.send() raised exception.
socket.send() raised exception.
socket.send() raised exception.
socket.send() raised exception.
socket.send() raised exception.
socket.send() raised exception.
socket.send() raised exception.
socket.send() raised exception.
socket.send() raised exception.
socket.send() raised exception.
socket.send() raised exception.
socket.send() raised exception.
socket.send() raised exception.
socket.send() raised exception.
socket.send() raised exception.
socket.send() raised exception.
socket.send() raised exception.
socket.send() raised exception.
socket.send() raised exception.
socket.send() raised exception.
socket.send() raised exception.
socket.send() raised exception.
socket.send() raised exception.
socket.send() raised exception.
socket.send() raised exception.
socket.send() raised exception.
socket.send() raised exception.
socket.send() raised exception.
socket.send() raised exception.
socket.send() raised exception.
socket.send() raised exception.
socket.send() raised exception.
socket.send() raised exception.
socket.send() raised exception.
socket.send() raised exception.
socket.send() raised exception.
socket.send() raised exception.
socket.send() raised exception.
socket.send() raised exception.
socket.send() raised exception.
socket.send() raised exception.
socket.send() raised exception.
socket.send() raised exception.
socket.send() raised exception.
socket.send() raised exception.
socket.send() raised exception.
socket.send() raised exception.
socket.send() raised exception.
socket.send() raised exception.
socket.send() raised exception.
socket.send() raised exception.
socket.send() raised exception.
socket.send() raised exception.
socket.send() raised exception.
socket.send() raised exception.
socket.send() raised exception.
socket.send() raised exception.
socket.send() raised exception.
socket.send() raised exception.
socket.send() raised exception.
socket.send() raised exception.
socket.send() raised exception.
socket.send() raised exception.
socket.send() raised exception.
socket.send() raised exception.
socket.send() raised exception.
socket.send() raised exception.
socket.send() raised exception.
socket.send() raised exception.
socket.send() raised exception.
socket.send() raised exception.
socket.send() raised exception.
socket.send() raised exception.
socket.send() raised exception.
socket.send() raised exception.
socket.send() raised exception.
socket.send() raised exception.
socket.send() raised exception.
socket.send() raised exception.
socket.send() raised exception.
socket.send() raised exception.
socket.send() raised exception.
socket.send() raised exception.
socket.send() raised exception.
socket.send() raised exception.
socket.send() raised exception.
socket.send() raised exception.
socket.send() raised exception.
socket.send() raised exception.
socket.send() raised exception.
socket.send() raised exception.
socket.send() raised exception.
socket.send() raised exception.
socket.send() raised exception.
socket.send() raised exception.
socket.send() raised exception.
socket.send() raised exception.
socket.send() raised exception.
socket.send() raised exception.
socket.send() raised exception.
socket.send() raised exception.
socket.send() raised exception.
socket.send() raised exception.
socket.send() raised exception.
socket.send() raised exception.
socket.send() raised exception.
socket.send() raised exception.
socket.send() raised exception.
socket.send() raised exception.
socket.send() raised exception.
socket.send() raised exception.
socket.send() raised exception.
socket.send() raised exception.
socket.send() raised exception.
socket.send() raised exception.
Future exception was never retrieved
future: <Future finished exception=RuntimeError('connection receive loop terminated: [Errno 55] No buffer space available')>
RuntimeError: connection receive loop terminated: [Errno 55] No buffer space available
Future exception was never retrieved
future: <Future finished exception=RuntimeError('connection receive loop terminated: [Errno 55] No buffer space available')>
RuntimeError: connection receive loop terminated: [Errno 55] No buffer space available
Future exception was never retrieved
future: <Future finished exception=RuntimeError('connection receive loop terminated: [Errno 55] No buffer space available')>
RuntimeError: connection receive loop terminated: [Errno 55] No buffer space available
Future exception was never retrieved
future: <Future finished exception=RuntimeError('connection receive loop terminated: [Errno 55] No buffer space available')>
RuntimeError: connection receive loop terminated: [Errno 55] No buffer space available
Future exception was never retrieved
future: <Future finished exception=RuntimeError('connection receive loop terminated: [Errno 55] No buffer space available')>
RuntimeError: connection receive loop terminated: [Errno 55] No buffer space available
Future exception was never retrieved
future: <Future finished exception=RuntimeError('connection receive loop terminated: [Errno 55] No buffer space available')>
RuntimeError: connection receive loop terminated: [Errno 55] No buffer space available
Future exception was never retrieved
future: <Future finished exception=RuntimeError('connection receive loop terminated: [Errno 55] No buffer space available')>
RuntimeError: connection receive loop terminated: [Errno 55] No buffer space available
Future exception was never retrieved
future: <Future finished exception=RuntimeError('connection receive loop terminated: [Errno 55] No buffer space available')>
RuntimeError: connection receive loop terminated: [Errno 55] No buffer space available
Future exception was never retrieved
future: <Future finished exception=RuntimeError('connection receive loop terminated: [Errno 55] No buffer space available')>
RuntimeError: connection receive loop terminated: [Errno 55] No buffer space available
Future exception was never retrieved
future: <Future finished exception=RuntimeError('connection receive loop terminated: [Errno 55] No buffer space available')>
RuntimeError: connection receive loop terminated: [Errno 55] No buffer space available
Future exception was never retrieved
future: <Future finished exception=RuntimeError('connection receive loop terminated: [Errno 55] No buffer space available')>
RuntimeError: connection receive loop terminated: [Errno 55] No buffer space available
Future exception was never retrieved
future: <Future finished exception=RuntimeError('connection receive loop terminated: [Errno 55] No buffer space available')>
RuntimeError: connection receive loop terminated: [Errno 55] No buffer space available
Traceback (most recent call last):
  File "/Users/arjun/Documents/Pyre/scripts/validate_whitepaper_claims.py", line 965, in run_elixir_transport_microbench
    completed, throughput_busy = await _throughput_for_depth(
                                 ^^^^^^^^^^^^^^^^^^^^^^^^^^^^
  File "/Users/arjun/Documents/Pyre/scripts/validate_whitepaper_claims.py", line 907, in _throughput_for_depth
    await asyncio.gather(*[asyncio.create_task(worker()) for _ in range(depth)])
  File "/Users/arjun/Documents/Pyre/scripts/validate_whitepaper_claims.py", line 894, in worker
    response = await pool.request(envelope, timeout_s=0.75)
               ^^^^^^^^^^^^^^^^^^^^^^^^^^^^^^^^^^^^^^^^^^^^
  File "/Users/arjun/Documents/Pyre/src/pyre_agents/bridge/transport.py", line 210, in request
    return await conn.request(envelope, timeout_s=timeout_s)
           ^^^^^^^^^^^^^^^^^^^^^^^^^^^^^^^^^^^^^^^^^^^^^^^^^
  File "/Users/arjun/Documents/Pyre/src/pyre_agents/bridge/transport.py", line 120, in request
    await write_frame(self._writer, pack_envelope(envelope))
  File "/Users/arjun/Documents/Pyre/src/pyre_agents/bridge/framing.py", line 41, in write_frame
    await writer.drain()
  File "/Users/arjun/.local/share/uv/python/cpython-3.12.7-macos-aarch64-none/lib/python3.12/asyncio/streams.py", line 392, in drain
    await self._protocol._drain_helper()
  File "/Users/arjun/.local/share/uv/python/cpython-3.12.7-macos-aarch64-none/lib/python3.12/asyncio/streams.py", line 166, in _drain_helper
    raise ConnectionResetError('Connection lost')
ConnectionResetError: Connection lost

During handling of the above exception, another exception occurred:

Traceback (most recent call last):
  File "/Users/arjun/Documents/Pyre/scripts/validate_whitepaper_claims.py", line 2303, in <module>
    raise SystemExit(main())
                     ^^^^^^
  File "/Users/arjun/Documents/Pyre/scripts/validate_whitepaper_claims.py", line 2299, in main
    return asyncio.run(main_async(args))
           ^^^^^^^^^^^^^^^^^^^^^^^^^^^^^
  File "/Users/arjun/.local/share/uv/python/cpython-3.12.7-macos-aarch64-none/lib/python3.12/asyncio/runners.py", line 194, in run
    return runner.run(main)
           ^^^^^^^^^^^^^^^^
  File "/Users/arjun/.local/share/uv/python/cpython-3.12.7-macos-aarch64-none/lib/python3.12/asyncio/runners.py", line 118, in run
    return self._loop.run_until_complete(task)
           ^^^^^^^^^^^^^^^^^^^^^^^^^^^^^^^^^^^
  File "/Users/arjun/.local/share/uv/python/cpython-3.12.7-macos-aarch64-none/lib/python3.12/asyncio/base_events.py", line 687, in run_until_complete
    return future.result()
           ^^^^^^^^^^^^^^^
  File "/Users/arjun/Documents/Pyre/scripts/validate_whitepaper_claims.py", line 2129, in main_async
    suites = await run_selected_suites(
             ^^^^^^^^^^^^^^^^^^^^^^^^^^
  File "/Users/arjun/Documents/Pyre/scripts/validate_whitepaper_claims.py", line 2094, in run_selected_suites
    suites["bridge_suite"] = await run_bridge_suite(repo_root, config, transports)
                             ^^^^^^^^^^^^^^^^^^^^^^^^^^^^^^^^^^^^^^^^^^^^^^^^^^^^^
  File "/Users/arjun/Documents/Pyre/scripts/validate_whitepaper_claims.py", line 1057, in run_bridge_suite
    _ = await once()
        ^^^^^^^^^^^^
  File "/Users/arjun/Documents/Pyre/scripts/validate_whitepaper_claims.py", line 1048, in once
    return await run_elixir_transport_microbench(
           ^^^^^^^^^^^^^^^^^^^^^^^^^^^^^^^^^^^^^^
  File "/Users/arjun/Documents/Pyre/scripts/validate_whitepaper_claims.py", line 894, in worker
    response = await pool.request(envelope, timeout_s=0.75)
               ^^^^^^^^^^^^^^^^^^^^^^^^^^^^^^^^^^^^^^^^^^^^
  File "/Users/arjun/Documents/Pyre/src/pyre_agents/bridge/transport.py", line 210, in request
    return await conn.request(envelope, timeout_s=timeout_s)
           ^^^^^^^^^^^^^^^^^^^^^^^^^^^^^^^^^^^^^^^^^^^^^^^^^
  File "/Users/arjun/Documents/Pyre/src/pyre_agents/bridge/transport.py", line 120, in request
    await write_frame(self._writer, pack_envelope(envelope))
  File "/Users/arjun/Documents/Pyre/src/pyre_agents/bridge/framing.py", line 41, in write_frame
    await writer.drain()
  File "/Users/arjun/.local/share/uv/python/cpython-3.12.7-macos-aarch64-none/lib/python3.12/asyncio/streams.py", line 380, in drain
    raise exc
  File "/Users/arjun/Documents/Pyre/scripts/validate_whitepaper_claims.py", line 894, in worker
    response = await pool.request(envelope, timeout_s=0.75)
               ^^^^^^^^^^^^^^^^^^^^^^^^^^^^^^^^^^^^^^^^^^^^
  File "/Users/arjun/Documents/Pyre/src/pyre_agents/bridge/transport.py", line 210, in request
    return await conn.request(envelope, timeout_s=timeout_s)
           ^^^^^^^^^^^^^^^^^^^^^^^^^^^^^^^^^^^^^^^^^^^^^^^^^
  File "/Users/arjun/Documents/Pyre/src/pyre_agents/bridge/transport.py", line 120, in request
    await write_frame(self._writer, pack_envelope(envelope))
  File "/Users/arjun/Documents/Pyre/src/pyre_agents/bridge/framing.py", line 41, in write_frame
    await writer.drain()
  File "/Users/arjun/.local/share/uv/python/cpython-3.12.7-macos-aarch64-none/lib/python3.12/asyncio/streams.py", line 380, in drain
    raise exc
  File "/Users/arjun/Documents/Pyre/scripts/validate_whitepaper_claims.py", line 894, in worker
    response = await pool.request(envelope, timeout_s=0.75)
               ^^^^^^^^^^^^^^^^^^^^^^^^^^^^^^^^^^^^^^^^^^^^
  File "/Users/arjun/Documents/Pyre/src/pyre_agents/bridge/transport.py", line 210, in request
    return await conn.request(envelope, timeout_s=timeout_s)
           ^^^^^^^^^^^^^^^^^^^^^^^^^^^^^^^^^^^^^^^^^^^^^^^^^
  File "/Users/arjun/Documents/Pyre/src/pyre_agents/bridge/transport.py", line 120, in request
    await write_frame(self._writer, pack_envelope(envelope))
  File "/Users/arjun/Documents/Pyre/src/pyre_agents/bridge/framing.py", line 41, in write_frame
    await writer.drain()
  File "/Users/arjun/.local/share/uv/python/cpython-3.12.7-macos-aarch64-none/lib/python3.12/asyncio/streams.py", line 380, in drain
    raise exc
  File "/Users/arjun/Documents/Pyre/scripts/validate_whitepaper_claims.py", line 894, in worker
    response = await pool.request(envelope, timeout_s=0.75)
               ^^^^^^^^^^^^^^^^^^^^^^^^^^^^^^^^^^^^^^^^^^^^
  File "/Users/arjun/Documents/Pyre/src/pyre_agents/bridge/transport.py", line 210, in request
    return await conn.request(envelope, timeout_s=timeout_s)
           ^^^^^^^^^^^^^^^^^^^^^^^^^^^^^^^^^^^^^^^^^^^^^^^^^
  File "/Users/arjun/Documents/Pyre/src/pyre_agents/bridge/transport.py", line 120, in request
    await write_frame(self._writer, pack_envelope(envelope))
  File "/Users/arjun/Documents/Pyre/src/pyre_agents/bridge/framing.py", line 41, in write_frame
    await writer.drain()
  File "/Users/arjun/.local/share/uv/python/cpython-3.12.7-macos-aarch64-none/lib/python3.12/asyncio/streams.py", line 380, in drain
    raise exc
  File "/Users/arjun/Documents/Pyre/scripts/validate_whitepaper_claims.py", line 894, in worker
    response = await pool.request(envelope, timeout_s=0.75)
               ^^^^^^^^^^^^^^^^^^^^^^^^^^^^^^^^^^^^^^^^^^^^
  File "/Users/arjun/Documents/Pyre/src/pyre_agents/bridge/transport.py", line 210, in request
    return await conn.request(envelope, timeout_s=timeout_s)
           ^^^^^^^^^^^^^^^^^^^^^^^^^^^^^^^^^^^^^^^^^^^^^^^^^
  File "/Users/arjun/Documents/Pyre/src/pyre_agents/bridge/transport.py", line 120, in request
    await write_frame(self._writer, pack_envelope(envelope))
  File "/Users/arjun/Documents/Pyre/src/pyre_agents/bridge/framing.py", line 41, in write_frame
    await writer.drain()
  File "/Users/arjun/.local/share/uv/python/cpython-3.12.7-macos-aarch64-none/lib/python3.12/asyncio/streams.py", line 380, in drain
    raise exc
  File "/Users/arjun/Documents/Pyre/scripts/validate_whitepaper_claims.py", line 894, in worker
    response = await pool.request(envelope, timeout_s=0.75)
               ^^^^^^^^^^^^^^^^^^^^^^^^^^^^^^^^^^^^^^^^^^^^
  File "/Users/arjun/Documents/Pyre/src/pyre_agents/bridge/transport.py", line 210, in request
    return await conn.request(envelope, timeout_s=timeout_s)
           ^^^^^^^^^^^^^^^^^^^^^^^^^^^^^^^^^^^^^^^^^^^^^^^^^
  File "/Users/arjun/Documents/Pyre/src/pyre_agents/bridge/transport.py", line 120, in request
    await write_frame(self._writer, pack_envelope(envelope))
  File "/Users/arjun/Documents/Pyre/src/pyre_agents/bridge/framing.py", line 41, in write_frame
    await writer.drain()
  File "/Users/arjun/.local/share/uv/python/cpython-3.12.7-macos-aarch64-none/lib/python3.12/asyncio/streams.py", line 380, in drain
    raise exc
  File "/Users/arjun/Documents/Pyre/scripts/validate_whitepaper_claims.py", line 894, in worker
    response = await pool.request(envelope, timeout_s=0.75)
               ^^^^^^^^^^^^^^^^^^^^^^^^^^^^^^^^^^^^^^^^^^^^
  File "/Users/arjun/Documents/Pyre/src/pyre_agents/bridge/transport.py", line 210, in request
    return await conn.request(envelope, timeout_s=timeout_s)
           ^^^^^^^^^^^^^^^^^^^^^^^^^^^^^^^^^^^^^^^^^^^^^^^^^
  File "/Users/arjun/Documents/Pyre/src/pyre_agents/bridge/transport.py", line 120, in request
    await write_frame(self._writer, pack_envelope(envelope))
  File "/Users/arjun/Documents/Pyre/src/pyre_agents/bridge/framing.py", line 41, in write_frame
    await writer.drain()
  File "/Users/arjun/.local/share/uv/python/cpython-3.12.7-macos-aarch64-none/lib/python3.12/asyncio/streams.py", line 380, in drain
    raise exc
  File "/Users/arjun/Documents/Pyre/scripts/validate_whitepaper_claims.py", line 894, in worker
    response = await pool.request(envelope, timeout_s=0.75)
               ^^^^^^^^^^^^^^^^^^^^^^^^^^^^^^^^^^^^^^^^^^^^
  File "/Users/arjun/Documents/Pyre/src/pyre_agents/bridge/transport.py", line 210, in request
    return await conn.request(envelope, timeout_s=timeout_s)
           ^^^^^^^^^^^^^^^^^^^^^^^^^^^^^^^^^^^^^^^^^^^^^^^^^
  File "/Users/arjun/Documents/Pyre/src/pyre_agents/bridge/transport.py", line 120, in request
    await write_frame(self._writer, pack_envelope(envelope))
  File "/Users/arjun/Documents/Pyre/src/pyre_agents/bridge/framing.py", line 41, in write_frame
    await writer.drain()
  File "/Users/arjun/.local/share/uv/python/cpython-3.12.7-macos-aarch64-none/lib/python3.12/asyncio/streams.py", line 380, in drain
    raise exc
  File "/Users/arjun/Documents/Pyre/scripts/validate_whitepaper_claims.py", line 894, in worker
    response = await pool.request(envelope, timeout_s=0.75)
               ^^^^^^^^^^^^^^^^^^^^^^^^^^^^^^^^^^^^^^^^^^^^
  File "/Users/arjun/Documents/Pyre/src/pyre_agents/bridge/transport.py", line 210, in request
    return await conn.request(envelope, timeout_s=timeout_s)
           ^^^^^^^^^^^^^^^^^^^^^^^^^^^^^^^^^^^^^^^^^^^^^^^^^
  File "/Users/arjun/Documents/Pyre/src/pyre_agents/bridge/transport.py", line 120, in request
    await write_frame(self._writer, pack_envelope(envelope))
  File "/Users/arjun/Documents/Pyre/src/pyre_agents/bridge/framing.py", line 41, in write_frame
    await writer.drain()
  File "/Users/arjun/.local/share/uv/python/cpython-3.12.7-macos-aarch64-none/lib/python3.12/asyncio/streams.py", line 380, in drain
    raise exc
  File "/Users/arjun/Documents/Pyre/scripts/validate_whitepaper_claims.py", line 894, in worker
    response = await pool.request(envelope, timeout_s=0.75)
               ^^^^^^^^^^^^^^^^^^^^^^^^^^^^^^^^^^^^^^^^^^^^
  File "/Users/arjun/Documents/Pyre/src/pyre_agents/bridge/transport.py", line 210, in request
    return await conn.request(envelope, timeout_s=timeout_s)
           ^^^^^^^^^^^^^^^^^^^^^^^^^^^^^^^^^^^^^^^^^^^^^^^^^
  File "/Users/arjun/Documents/Pyre/src/pyre_agents/bridge/transport.py", line 120, in request
    await write_frame(self._writer, pack_envelope(envelope))
  File "/Users/arjun/Documents/Pyre/src/pyre_agents/bridge/framing.py", line 41, in write_frame
    await writer.drain()
  File "/Users/arjun/.local/share/uv/python/cpython-3.12.7-macos-aarch64-none/lib/python3.12/asyncio/streams.py", line 380, in drain
    raise exc
  File "/Users/arjun/Documents/Pyre/scripts/validate_whitepaper_claims.py", line 894, in worker
    response = await pool.request(envelope, timeout_s=0.75)
               ^^^^^^^^^^^^^^^^^^^^^^^^^^^^^^^^^^^^^^^^^^^^
  File "/Users/arjun/Documents/Pyre/src/pyre_agents/bridge/transport.py", line 210, in request
    return await conn.request(envelope, timeout_s=timeout_s)
           ^^^^^^^^^^^^^^^^^^^^^^^^^^^^^^^^^^^^^^^^^^^^^^^^^
  File "/Users/arjun/Documents/Pyre/src/pyre_agents/bridge/transport.py", line 120, in request
    await write_frame(self._writer, pack_envelope(envelope))
  File "/Users/arjun/Documents/Pyre/src/pyre_agents/bridge/framing.py", line 41, in write_frame
    await writer.drain()
  File "/Users/arjun/.local/share/uv/python/cpython-3.12.7-macos-aarch64-none/lib/python3.12/asyncio/streams.py", line 380, in drain
    raise exc
  File "/Users/arjun/Documents/Pyre/scripts/validate_whitepaper_claims.py", line 894, in worker
    response = await pool.request(envelope, timeout_s=0.75)
               ^^^^^^^^^^^^^^^^^^^^^^^^^^^^^^^^^^^^^^^^^^^^
  File "/Users/arjun/Documents/Pyre/src/pyre_agents/bridge/transport.py", line 210, in request
    return await conn.request(envelope, timeout_s=timeout_s)
           ^^^^^^^^^^^^^^^^^^^^^^^^^^^^^^^^^^^^^^^^^^^^^^^^^
  File "/Users/arjun/Documents/Pyre/src/pyre_agents/bridge/transport.py", line 120, in request
    await write_frame(self._writer, pack_envelope(envelope))
  File "/Users/arjun/Documents/Pyre/src/pyre_agents/bridge/framing.py", line 41, in write_frame
    await writer.drain()
  File "/Users/arjun/.local/share/uv/python/cpython-3.12.7-macos-aarch64-none/lib/python3.12/asyncio/streams.py", line 380, in drain
    raise exc
  File "/Users/arjun/Documents/Pyre/scripts/validate_whitepaper_claims.py", line 894, in worker
    response = await pool.request(envelope, timeout_s=0.75)
               ^^^^^^^^^^^^^^^^^^^^^^^^^^^^^^^^^^^^^^^^^^^^
  File "/Users/arjun/Documents/Pyre/src/pyre_agents/bridge/transport.py", line 210, in request
    return await conn.request(envelope, timeout_s=timeout_s)
           ^^^^^^^^^^^^^^^^^^^^^^^^^^^^^^^^^^^^^^^^^^^^^^^^^
  File "/Users/arjun/Documents/Pyre/src/pyre_agents/bridge/transport.py", line 120, in request
    await write_frame(self._writer, pack_envelope(envelope))
  File "/Users/arjun/Documents/Pyre/src/pyre_agents/bridge/framing.py", line 41, in write_frame
    await writer.drain()
  File "/Users/arjun/.local/share/uv/python/cpython-3.12.7-macos-aarch64-none/lib/python3.12/asyncio/streams.py", line 380, in drain
    raise exc
  File "/Users/arjun/Documents/Pyre/scripts/validate_whitepaper_claims.py", line 894, in worker
    response = await pool.request(envelope, timeout_s=0.75)
               ^^^^^^^^^^^^^^^^^^^^^^^^^^^^^^^^^^^^^^^^^^^^
  File "/Users/arjun/Documents/Pyre/src/pyre_agents/bridge/transport.py", line 210, in request
    return await conn.request(envelope, timeout_s=timeout_s)
           ^^^^^^^^^^^^^^^^^^^^^^^^^^^^^^^^^^^^^^^^^^^^^^^^^
  File "/Users/arjun/Documents/Pyre/src/pyre_agents/bridge/transport.py", line 120, in request
    await write_frame(self._writer, pack_envelope(envelope))
  File "/Users/arjun/Documents/Pyre/src/pyre_agents/bridge/framing.py", line 41, in write_frame
    await writer.drain()
  File "/Users/arjun/.local/share/uv/python/cpython-3.12.7-macos-aarch64-none/lib/python3.12/asyncio/streams.py", line 380, in drain
    raise exc
  File "/Users/arjun/Documents/Pyre/scripts/validate_whitepaper_claims.py", line 894, in worker
    response = await pool.request(envelope, timeout_s=0.75)
               ^^^^^^^^^^^^^^^^^^^^^^^^^^^^^^^^^^^^^^^^^^^^
  File "/Users/arjun/Documents/Pyre/src/pyre_agents/bridge/transport.py", line 210, in request
    return await conn.request(envelope, timeout_s=timeout_s)
           ^^^^^^^^^^^^^^^^^^^^^^^^^^^^^^^^^^^^^^^^^^^^^^^^^
  File "/Users/arjun/Documents/Pyre/src/pyre_agents/bridge/transport.py", line 120, in request
    await write_frame(self._writer, pack_envelope(envelope))
  File "/Users/arjun/Documents/Pyre/src/pyre_agents/bridge/framing.py", line 41, in write_frame
    await writer.drain()
  File "/Users/arjun/.local/share/uv/python/cpython-3.12.7-macos-aarch64-none/lib/python3.12/asyncio/streams.py", line 380, in drain
    raise exc
  File "/Users/arjun/Documents/Pyre/scripts/validate_whitepaper_claims.py", line 894, in worker
    response = await pool.request(envelope, timeout_s=0.75)
               ^^^^^^^^^^^^^^^^^^^^^^^^^^^^^^^^^^^^^^^^^^^^
  File "/Users/arjun/Documents/Pyre/src/pyre_agents/bridge/transport.py", line 210, in request
    return await conn.request(envelope, timeout_s=timeout_s)
           ^^^^^^^^^^^^^^^^^^^^^^^^^^^^^^^^^^^^^^^^^^^^^^^^^
  File "/Users/arjun/Documents/Pyre/src/pyre_agents/bridge/transport.py", line 120, in request
    await write_frame(self._writer, pack_envelope(envelope))
  File "/Users/arjun/Documents/Pyre/src/pyre_agents/bridge/framing.py", line 41, in write_frame
    await writer.drain()
  File "/Users/arjun/.local/share/uv/python/cpython-3.12.7-macos-aarch64-none/lib/python3.12/asyncio/streams.py", line 380, in drain
    raise exc
  File "/Users/arjun/Documents/Pyre/scripts/validate_whitepaper_claims.py", line 894, in worker
    response = await pool.request(envelope, timeout_s=0.75)
               ^^^^^^^^^^^^^^^^^^^^^^^^^^^^^^^^^^^^^^^^^^^^
  File "/Users/arjun/Documents/Pyre/src/pyre_agents/bridge/transport.py", line 210, in request
    return await conn.request(envelope, timeout_s=timeout_s)
           ^^^^^^^^^^^^^^^^^^^^^^^^^^^^^^^^^^^^^^^^^^^^^^^^^
  File "/Users/arjun/Documents/Pyre/src/pyre_agents/bridge/transport.py", line 120, in request
    await write_frame(self._writer, pack_envelope(envelope))
  File "/Users/arjun/Documents/Pyre/src/pyre_agents/bridge/framing.py", line 41, in write_frame
    await writer.drain()
  File "/Users/arjun/.local/share/uv/python/cpython-3.12.7-macos-aarch64-none/lib/python3.12/asyncio/streams.py", line 380, in drain
    raise exc
  File "/Users/arjun/Documents/Pyre/scripts/validate_whitepaper_claims.py", line 894, in worker
    response = await pool.request(envelope, timeout_s=0.75)
               ^^^^^^^^^^^^^^^^^^^^^^^^^^^^^^^^^^^^^^^^^^^^
  File "/Users/arjun/Documents/Pyre/src/pyre_agents/bridge/transport.py", line 210, in request
    return await conn.request(envelope, timeout_s=timeout_s)
           ^^^^^^^^^^^^^^^^^^^^^^^^^^^^^^^^^^^^^^^^^^^^^^^^^
  File "/Users/arjun/Documents/Pyre/src/pyre_agents/bridge/transport.py", line 120, in request
    await write_frame(self._writer, pack_envelope(envelope))
  File "/Users/arjun/Documents/Pyre/src/pyre_agents/bridge/framing.py", line 41, in write_frame
    await writer.drain()
  File "/Users/arjun/.local/share/uv/python/cpython-3.12.7-macos-aarch64-none/lib/python3.12/asyncio/streams.py", line 380, in drain
    raise exc
  File "/Users/arjun/Documents/Pyre/scripts/validate_whitepaper_claims.py", line 894, in worker
    response = await pool.request(envelope, timeout_s=0.75)
               ^^^^^^^^^^^^^^^^^^^^^^^^^^^^^^^^^^^^^^^^^^^^
  File "/Users/arjun/Documents/Pyre/src/pyre_agents/bridge/transport.py", line 210, in request
    return await conn.request(envelope, timeout_s=timeout_s)
           ^^^^^^^^^^^^^^^^^^^^^^^^^^^^^^^^^^^^^^^^^^^^^^^^^
  File "/Users/arjun/Documents/Pyre/src/pyre_agents/bridge/transport.py", line 120, in request
    await write_frame(self._writer, pack_envelope(envelope))
  File "/Users/arjun/Documents/Pyre/src/pyre_agents/bridge/framing.py", line 41, in write_frame
    await writer.drain()
  File "/Users/arjun/.local/share/uv/python/cpython-3.12.7-macos-aarch64-none/lib/python3.12/asyncio/streams.py", line 380, in drain
    raise exc
  File "/Users/arjun/Documents/Pyre/scripts/validate_whitepaper_claims.py", line 894, in worker
    response = await pool.request(envelope, timeout_s=0.75)
               ^^^^^^^^^^^^^^^^^^^^^^^^^^^^^^^^^^^^^^^^^^^^
  File "/Users/arjun/Documents/Pyre/src/pyre_agents/bridge/transport.py", line 210, in request
    return await conn.request(envelope, timeout_s=timeout_s)
           ^^^^^^^^^^^^^^^^^^^^^^^^^^^^^^^^^^^^^^^^^^^^^^^^^
  File "/Users/arjun/Documents/Pyre/src/pyre_agents/bridge/transport.py", line 120, in request
    await write_frame(self._writer, pack_envelope(envelope))
  File "/Users/arjun/Documents/Pyre/src/pyre_agents/bridge/framing.py", line 41, in write_frame
    await writer.drain()
  File "/Users/arjun/.local/share/uv/python/cpython-3.12.7-macos-aarch64-none/lib/python3.12/asyncio/streams.py", line 380, in drain
    raise exc
  File "/Users/arjun/Documents/Pyre/scripts/validate_whitepaper_claims.py", line 894, in worker
    response = await pool.request(envelope, timeout_s=0.75)
               ^^^^^^^^^^^^^^^^^^^^^^^^^^^^^^^^^^^^^^^^^^^^
  File "/Users/arjun/Documents/Pyre/src/pyre_agents/bridge/transport.py", line 210, in request
    return await conn.request(envelope, timeout_s=timeout_s)
           ^^^^^^^^^^^^^^^^^^^^^^^^^^^^^^^^^^^^^^^^^^^^^^^^^
  File "/Users/arjun/Documents/Pyre/src/pyre_agents/bridge/transport.py", line 120, in request
    await write_frame(self._writer, pack_envelope(envelope))
  File "/Users/arjun/Documents/Pyre/src/pyre_agents/bridge/framing.py", line 41, in write_frame
    await writer.drain()
  File "/Users/arjun/.local/share/uv/python/cpython-3.12.7-macos-aarch64-none/lib/python3.12/asyncio/streams.py", line 380, in drain
    raise exc
  File "/Users/arjun/Documents/Pyre/scripts/validate_whitepaper_claims.py", line 894, in worker
    response = await pool.request(envelope, timeout_s=0.75)
               ^^^^^^^^^^^^^^^^^^^^^^^^^^^^^^^^^^^^^^^^^^^^
  File "/Users/arjun/Documents/Pyre/src/pyre_agents/bridge/transport.py", line 210, in request
    return await conn.request(envelope, timeout_s=timeout_s)
           ^^^^^^^^^^^^^^^^^^^^^^^^^^^^^^^^^^^^^^^^^^^^^^^^^
  File "/Users/arjun/Documents/Pyre/src/pyre_agents/bridge/transport.py", line 120, in request
    await write_frame(self._writer, pack_envelope(envelope))
  File "/Users/arjun/Documents/Pyre/src/pyre_agents/bridge/framing.py", line 41, in write_frame
    await writer.drain()
  File "/Users/arjun/.local/share/uv/python/cpython-3.12.7-macos-aarch64-none/lib/python3.12/asyncio/streams.py", line 380, in drain
    raise exc
  File "/Users/arjun/Documents/Pyre/scripts/validate_whitepaper_claims.py", line 894, in worker
    response = await pool.request(envelope, timeout_s=0.75)
               ^^^^^^^^^^^^^^^^^^^^^^^^^^^^^^^^^^^^^^^^^^^^
  File "/Users/arjun/Documents/Pyre/src/pyre_agents/bridge/transport.py", line 210, in request
    return await conn.request(envelope, timeout_s=timeout_s)
           ^^^^^^^^^^^^^^^^^^^^^^^^^^^^^^^^^^^^^^^^^^^^^^^^^
  File "/Users/arjun/Documents/Pyre/src/pyre_agents/bridge/transport.py", line 120, in request
    await write_frame(self._writer, pack_envelope(envelope))
  File "/Users/arjun/Documents/Pyre/src/pyre_agents/bridge/framing.py", line 41, in write_frame
    await writer.drain()
  File "/Users/arjun/.local/share/uv/python/cpython-3.12.7-macos-aarch64-none/lib/python3.12/asyncio/streams.py", line 380, in drain
    raise exc
  File "/Users/arjun/Documents/Pyre/scripts/validate_whitepaper_claims.py", line 894, in worker
    response = await pool.request(envelope, timeout_s=0.75)
               ^^^^^^^^^^^^^^^^^^^^^^^^^^^^^^^^^^^^^^^^^^^^
  File "/Users/arjun/Documents/Pyre/src/pyre_agents/bridge/transport.py", line 210, in request
    return await conn.request(envelope, timeout_s=timeout_s)
           ^^^^^^^^^^^^^^^^^^^^^^^^^^^^^^^^^^^^^^^^^^^^^^^^^
  File "/Users/arjun/Documents/Pyre/src/pyre_agents/bridge/transport.py", line 120, in request
    await write_frame(self._writer, pack_envelope(envelope))
  File "/Users/arjun/Documents/Pyre/src/pyre_agents/bridge/framing.py", line 41, in write_frame
    await writer.drain()
  File "/Users/arjun/.local/share/uv/python/cpython-3.12.7-macos-aarch64-none/lib/python3.12/asyncio/streams.py", line 380, in drain
    raise exc
  File "/Users/arjun/Documents/Pyre/scripts/validate_whitepaper_claims.py", line 894, in worker
    response = await pool.request(envelope, timeout_s=0.75)
               ^^^^^^^^^^^^^^^^^^^^^^^^^^^^^^^^^^^^^^^^^^^^
  File "/Users/arjun/Documents/Pyre/src/pyre_agents/bridge/transport.py", line 210, in request
    return await conn.request(envelope, timeout_s=timeout_s)
           ^^^^^^^^^^^^^^^^^^^^^^^^^^^^^^^^^^^^^^^^^^^^^^^^^
  File "/Users/arjun/Documents/Pyre/src/pyre_agents/bridge/transport.py", line 120, in request
    await write_frame(self._writer, pack_envelope(envelope))
  File "/Users/arjun/Documents/Pyre/src/pyre_agents/bridge/framing.py", line 41, in write_frame
    await writer.drain()
  File "/Users/arjun/.local/share/uv/python/cpython-3.12.7-macos-aarch64-none/lib/python3.12/asyncio/streams.py", line 380, in drain
    raise exc
  File "/Users/arjun/Documents/Pyre/scripts/validate_whitepaper_claims.py", line 894, in worker
    response = await pool.request(envelope, timeout_s=0.75)
               ^^^^^^^^^^^^^^^^^^^^^^^^^^^^^^^^^^^^^^^^^^^^
  File "/Users/arjun/Documents/Pyre/src/pyre_agents/bridge/transport.py", line 210, in request
    return await conn.request(envelope, timeout_s=timeout_s)
           ^^^^^^^^^^^^^^^^^^^^^^^^^^^^^^^^^^^^^^^^^^^^^^^^^
  File "/Users/arjun/Documents/Pyre/src/pyre_agents/bridge/transport.py", line 120, in request
    await write_frame(self._writer, pack_envelope(envelope))
  File "/Users/arjun/Documents/Pyre/src/pyre_agents/bridge/framing.py", line 41, in write_frame
    await writer.drain()
  File "/Users/arjun/.local/share/uv/python/cpython-3.12.7-macos-aarch64-none/lib/python3.12/asyncio/streams.py", line 380, in drain
    raise exc
  File "/Users/arjun/Documents/Pyre/scripts/validate_whitepaper_claims.py", line 894, in worker
    response = await pool.request(envelope, timeout_s=0.75)
               ^^^^^^^^^^^^^^^^^^^^^^^^^^^^^^^^^^^^^^^^^^^^
  File "/Users/arjun/Documents/Pyre/src/pyre_agents/bridge/transport.py", line 210, in request
    return await conn.request(envelope, timeout_s=timeout_s)
           ^^^^^^^^^^^^^^^^^^^^^^^^^^^^^^^^^^^^^^^^^^^^^^^^^
  File "/Users/arjun/Documents/Pyre/src/pyre_agents/bridge/transport.py", line 120, in request
    await write_frame(self._writer, pack_envelope(envelope))
  File "/Users/arjun/Documents/Pyre/src/pyre_agents/bridge/framing.py", line 41, in write_frame
    await writer.drain()
  File "/Users/arjun/.local/share/uv/python/cpython-3.12.7-macos-aarch64-none/lib/python3.12/asyncio/streams.py", line 380, in drain
    raise exc
  File "/Users/arjun/Documents/Pyre/scripts/validate_whitepaper_claims.py", line 894, in worker
    response = await pool.request(envelope, timeout_s=0.75)
               ^^^^^^^^^^^^^^^^^^^^^^^^^^^^^^^^^^^^^^^^^^^^
  File "/Users/arjun/Documents/Pyre/src/pyre_agents/bridge/transport.py", line 210, in request
    return await conn.request(envelope, timeout_s=timeout_s)
           ^^^^^^^^^^^^^^^^^^^^^^^^^^^^^^^^^^^^^^^^^^^^^^^^^
  File "/Users/arjun/Documents/Pyre/src/pyre_agents/bridge/transport.py", line 120, in request
    await write_frame(self._writer, pack_envelope(envelope))
  File "/Users/arjun/Documents/Pyre/src/pyre_agents/bridge/framing.py", line 41, in write_frame
    await writer.drain()
  File "/Users/arjun/.local/share/uv/python/cpython-3.12.7-macos-aarch64-none/lib/python3.12/asyncio/streams.py", line 380, in drain
    raise exc
  File "/Users/arjun/Documents/Pyre/scripts/validate_whitepaper_claims.py", line 894, in worker
    response = await pool.request(envelope, timeout_s=0.75)
               ^^^^^^^^^^^^^^^^^^^^^^^^^^^^^^^^^^^^^^^^^^^^
  File "/Users/arjun/Documents/Pyre/src/pyre_agents/bridge/transport.py", line 210, in request
    return await conn.request(envelope, timeout_s=timeout_s)
           ^^^^^^^^^^^^^^^^^^^^^^^^^^^^^^^^^^^^^^^^^^^^^^^^^
  File "/Users/arjun/Documents/Pyre/src/pyre_agents/bridge/transport.py", line 120, in request
    await write_frame(self._writer, pack_envelope(envelope))
  File "/Users/arjun/Documents/Pyre/src/pyre_agents/bridge/framing.py", line 41, in write_frame
    await writer.drain()
  File "/Users/arjun/.local/share/uv/python/cpython-3.12.7-macos-aarch64-none/lib/python3.12/asyncio/streams.py", line 380, in drain
    raise exc
  File "/Users/arjun/Documents/Pyre/scripts/validate_whitepaper_claims.py", line 894, in worker
    response = await pool.request(envelope, timeout_s=0.75)
               ^^^^^^^^^^^^^^^^^^^^^^^^^^^^^^^^^^^^^^^^^^^^
  File "/Users/arjun/Documents/Pyre/src/pyre_agents/bridge/transport.py", line 210, in request
    return await conn.request(envelope, timeout_s=timeout_s)
           ^^^^^^^^^^^^^^^^^^^^^^^^^^^^^^^^^^^^^^^^^^^^^^^^^
  File "/Users/arjun/Documents/Pyre/src/pyre_agents/bridge/transport.py", line 120, in request
    await write_frame(self._writer, pack_envelope(envelope))
  File "/Users/arjun/Documents/Pyre/src/pyre_agents/bridge/framing.py", line 41, in write_frame
    await writer.drain()
  File "/Users/arjun/.local/share/uv/python/cpython-3.12.7-macos-aarch64-none/lib/python3.12/asyncio/streams.py", line 380, in drain
    raise exc
  File "/Users/arjun/Documents/Pyre/scripts/validate_whitepaper_claims.py", line 894, in worker
    response = await pool.request(envelope, timeout_s=0.75)
               ^^^^^^^^^^^^^^^^^^^^^^^^^^^^^^^^^^^^^^^^^^^^
  File "/Users/arjun/Documents/Pyre/src/pyre_agents/bridge/transport.py", line 210, in request
    return await conn.request(envelope, timeout_s=timeout_s)
           ^^^^^^^^^^^^^^^^^^^^^^^^^^^^^^^^^^^^^^^^^^^^^^^^^
  File "/Users/arjun/Documents/Pyre/src/pyre_agents/bridge/transport.py", line 120, in request
    await write_frame(self._writer, pack_envelope(envelope))
  File "/Users/arjun/Documents/Pyre/src/pyre_agents/bridge/framing.py", line 41, in write_frame
    await writer.drain()
  File "/Users/arjun/.local/share/uv/python/cpython-3.12.7-macos-aarch64-none/lib/python3.12/asyncio/streams.py", line 380, in drain
    raise exc
  File "/Users/arjun/Documents/Pyre/scripts/validate_whitepaper_claims.py", line 894, in worker
    response = await pool.request(envelope, timeout_s=0.75)
               ^^^^^^^^^^^^^^^^^^^^^^^^^^^^^^^^^^^^^^^^^^^^
  File "/Users/arjun/Documents/Pyre/src/pyre_agents/bridge/transport.py", line 210, in request
    return await conn.request(envelope, timeout_s=timeout_s)
           ^^^^^^^^^^^^^^^^^^^^^^^^^^^^^^^^^^^^^^^^^^^^^^^^^
  File "/Users/arjun/Documents/Pyre/src/pyre_agents/bridge/transport.py", line 120, in request
    await write_frame(self._writer, pack_envelope(envelope))
  File "/Users/arjun/Documents/Pyre/src/pyre_agents/bridge/framing.py", line 41, in write_frame
    await writer.drain()
  File "/Users/arjun/.local/share/uv/python/cpython-3.12.7-macos-aarch64-none/lib/python3.12/asyncio/streams.py", line 380, in drain
    raise exc
  File "/Users/arjun/Documents/Pyre/scripts/validate_whitepaper_claims.py", line 894, in worker
    response = await pool.request(envelope, timeout_s=0.75)
               ^^^^^^^^^^^^^^^^^^^^^^^^^^^^^^^^^^^^^^^^^^^^
  File "/Users/arjun/Documents/Pyre/src/pyre_agents/bridge/transport.py", line 210, in request
    return await conn.request(envelope, timeout_s=timeout_s)
           ^^^^^^^^^^^^^^^^^^^^^^^^^^^^^^^^^^^^^^^^^^^^^^^^^
  File "/Users/arjun/Documents/Pyre/src/pyre_agents/bridge/transport.py", line 120, in request
    await write_frame(self._writer, pack_envelope(envelope))
  File "/Users/arjun/Documents/Pyre/src/pyre_agents/bridge/framing.py", line 41, in write_frame
    await writer.drain()
  File "/Users/arjun/.local/share/uv/python/cpython-3.12.7-macos-aarch64-none/lib/python3.12/asyncio/streams.py", line 380, in drain
    raise exc
  File "/Users/arjun/Documents/Pyre/scripts/validate_whitepaper_claims.py", line 894, in worker
    response = await pool.request(envelope, timeout_s=0.75)
               ^^^^^^^^^^^^^^^^^^^^^^^^^^^^^^^^^^^^^^^^^^^^
  File "/Users/arjun/Documents/Pyre/src/pyre_agents/bridge/transport.py", line 210, in request
    return await conn.request(envelope, timeout_s=timeout_s)
           ^^^^^^^^^^^^^^^^^^^^^^^^^^^^^^^^^^^^^^^^^^^^^^^^^
  File "/Users/arjun/Documents/Pyre/src/pyre_agents/bridge/transport.py", line 120, in request
    await write_frame(self._writer, pack_envelope(envelope))
  File "/Users/arjun/Documents/Pyre/src/pyre_agents/bridge/framing.py", line 41, in write_frame
    await writer.drain()
  File "/Users/arjun/.local/share/uv/python/cpython-3.12.7-macos-aarch64-none/lib/python3.12/asyncio/streams.py", line 380, in drain
    raise exc
  File "/Users/arjun/Documents/Pyre/scripts/validate_whitepaper_claims.py", line 894, in worker
    response = await pool.request(envelope, timeout_s=0.75)
               ^^^^^^^^^^^^^^^^^^^^^^^^^^^^^^^^^^^^^^^^^^^^
  File "/Users/arjun/Documents/Pyre/src/pyre_agents/bridge/transport.py", line 210, in request
    return await conn.request(envelope, timeout_s=timeout_s)
           ^^^^^^^^^^^^^^^^^^^^^^^^^^^^^^^^^^^^^^^^^^^^^^^^^
  File "/Users/arjun/Documents/Pyre/src/pyre_agents/bridge/transport.py", line 120, in request
    await write_frame(self._writer, pack_envelope(envelope))
  File "/Users/arjun/Documents/Pyre/src/pyre_agents/bridge/framing.py", line 41, in write_frame
    await writer.drain()
  File "/Users/arjun/.local/share/uv/python/cpython-3.12.7-macos-aarch64-none/lib/python3.12/asyncio/streams.py", line 380, in drain
    raise exc
  File "/Users/arjun/Documents/Pyre/scripts/validate_whitepaper_claims.py", line 894, in worker
    response = await pool.request(envelope, timeout_s=0.75)
               ^^^^^^^^^^^^^^^^^^^^^^^^^^^^^^^^^^^^^^^^^^^^
  File "/Users/arjun/Documents/Pyre/src/pyre_agents/bridge/transport.py", line 210, in request
    return await conn.request(envelope, timeout_s=timeout_s)
           ^^^^^^^^^^^^^^^^^^^^^^^^^^^^^^^^^^^^^^^^^^^^^^^^^
  File "/Users/arjun/Documents/Pyre/src/pyre_agents/bridge/transport.py", line 120, in request
    await write_frame(self._writer, pack_envelope(envelope))
  File "/Users/arjun/Documents/Pyre/src/pyre_agents/bridge/framing.py", line 41, in write_frame
    await writer.drain()
  File "/Users/arjun/.local/share/uv/python/cpython-3.12.7-macos-aarch64-none/lib/python3.12/asyncio/streams.py", line 380, in drain
    raise exc
  File "/Users/arjun/Documents/Pyre/scripts/validate_whitepaper_claims.py", line 894, in worker
    response = await pool.request(envelope, timeout_s=0.75)
               ^^^^^^^^^^^^^^^^^^^^^^^^^^^^^^^^^^^^^^^^^^^^
  File "/Users/arjun/Documents/Pyre/src/pyre_agents/bridge/transport.py", line 210, in request
    return await conn.request(envelope, timeout_s=timeout_s)
           ^^^^^^^^^^^^^^^^^^^^^^^^^^^^^^^^^^^^^^^^^^^^^^^^^
  File "/Users/arjun/Documents/Pyre/src/pyre_agents/bridge/transport.py", line 120, in request
    await write_frame(self._writer, pack_envelope(envelope))
  File "/Users/arjun/Documents/Pyre/src/pyre_agents/bridge/framing.py", line 41, in write_frame
    await writer.drain()
  File "/Users/arjun/.local/share/uv/python/cpython-3.12.7-macos-aarch64-none/lib/python3.12/asyncio/streams.py", line 380, in drain
    raise exc
  File "/Users/arjun/Documents/Pyre/scripts/validate_whitepaper_claims.py", line 894, in worker
    response = await pool.request(envelope, timeout_s=0.75)
               ^^^^^^^^^^^^^^^^^^^^^^^^^^^^^^^^^^^^^^^^^^^^
  File "/Users/arjun/Documents/Pyre/src/pyre_agents/bridge/transport.py", line 210, in request
    return await conn.request(envelope, timeout_s=timeout_s)
           ^^^^^^^^^^^^^^^^^^^^^^^^^^^^^^^^^^^^^^^^^^^^^^^^^
  File "/Users/arjun/Documents/Pyre/src/pyre_agents/bridge/transport.py", line 120, in request
    await write_frame(self._writer, pack_envelope(envelope))
  File "/Users/arjun/Documents/Pyre/src/pyre_agents/bridge/framing.py", line 41, in write_frame
    await writer.drain()
  File "/Users/arjun/.local/share/uv/python/cpython-3.12.7-macos-aarch64-none/lib/python3.12/asyncio/streams.py", line 380, in drain
    raise exc
  File "/Users/arjun/Documents/Pyre/scripts/validate_whitepaper_claims.py", line 894, in worker
    response = await pool.request(envelope, timeout_s=0.75)
               ^^^^^^^^^^^^^^^^^^^^^^^^^^^^^^^^^^^^^^^^^^^^
  File "/Users/arjun/Documents/Pyre/src/pyre_agents/bridge/transport.py", line 210, in request
    return await conn.request(envelope, timeout_s=timeout_s)
           ^^^^^^^^^^^^^^^^^^^^^^^^^^^^^^^^^^^^^^^^^^^^^^^^^
  File "/Users/arjun/Documents/Pyre/src/pyre_agents/bridge/transport.py", line 120, in request
    await write_frame(self._writer, pack_envelope(envelope))
  File "/Users/arjun/Documents/Pyre/src/pyre_agents/bridge/framing.py", line 41, in write_frame
    await writer.drain()
  File "/Users/arjun/.local/share/uv/python/cpython-3.12.7-macos-aarch64-none/lib/python3.12/asyncio/streams.py", line 380, in drain
    raise exc
  File "/Users/arjun/Documents/Pyre/scripts/validate_whitepaper_claims.py", line 894, in worker
    response = await pool.request(envelope, timeout_s=0.75)
               ^^^^^^^^^^^^^^^^^^^^^^^^^^^^^^^^^^^^^^^^^^^^
  File "/Users/arjun/Documents/Pyre/src/pyre_agents/bridge/transport.py", line 210, in request
    return await conn.request(envelope, timeout_s=timeout_s)
           ^^^^^^^^^^^^^^^^^^^^^^^^^^^^^^^^^^^^^^^^^^^^^^^^^
  File "/Users/arjun/Documents/Pyre/src/pyre_agents/bridge/transport.py", line 120, in request
    await write_frame(self._writer, pack_envelope(envelope))
  File "/Users/arjun/Documents/Pyre/src/pyre_agents/bridge/framing.py", line 41, in write_frame
    await writer.drain()
  File "/Users/arjun/.local/share/uv/python/cpython-3.12.7-macos-aarch64-none/lib/python3.12/asyncio/streams.py", line 380, in drain
    raise exc
  File "/Users/arjun/Documents/Pyre/scripts/validate_whitepaper_claims.py", line 894, in worker
    response = await pool.request(envelope, timeout_s=0.75)
               ^^^^^^^^^^^^^^^^^^^^^^^^^^^^^^^^^^^^^^^^^^^^
  File "/Users/arjun/Documents/Pyre/src/pyre_agents/bridge/transport.py", line 210, in request
    return await conn.request(envelope, timeout_s=timeout_s)
           ^^^^^^^^^^^^^^^^^^^^^^^^^^^^^^^^^^^^^^^^^^^^^^^^^
  File "/Users/arjun/Documents/Pyre/src/pyre_agents/bridge/transport.py", line 120, in request
    await write_frame(self._writer, pack_envelope(envelope))
  File "/Users/arjun/Documents/Pyre/src/pyre_agents/bridge/framing.py", line 41, in write_frame
    await writer.drain()
  File "/Users/arjun/.local/share/uv/python/cpython-3.12.7-macos-aarch64-none/lib/python3.12/asyncio/streams.py", line 380, in drain
    raise exc
  File "/Users/arjun/Documents/Pyre/scripts/validate_whitepaper_claims.py", line 894, in worker
    response = await pool.request(envelope, timeout_s=0.75)
               ^^^^^^^^^^^^^^^^^^^^^^^^^^^^^^^^^^^^^^^^^^^^
  File "/Users/arjun/Documents/Pyre/src/pyre_agents/bridge/transport.py", line 210, in request
    return await conn.request(envelope, timeout_s=timeout_s)
           ^^^^^^^^^^^^^^^^^^^^^^^^^^^^^^^^^^^^^^^^^^^^^^^^^
  File "/Users/arjun/Documents/Pyre/src/pyre_agents/bridge/transport.py", line 120, in request
    await write_frame(self._writer, pack_envelope(envelope))
  File "/Users/arjun/Documents/Pyre/src/pyre_agents/bridge/framing.py", line 41, in write_frame
    await writer.drain()
  File "/Users/arjun/.local/share/uv/python/cpython-3.12.7-macos-aarch64-none/lib/python3.12/asyncio/streams.py", line 380, in drain
    raise exc
  File "/Users/arjun/Documents/Pyre/scripts/validate_whitepaper_claims.py", line 894, in worker
    response = await pool.request(envelope, timeout_s=0.75)
               ^^^^^^^^^^^^^^^^^^^^^^^^^^^^^^^^^^^^^^^^^^^^
  File "/Users/arjun/Documents/Pyre/src/pyre_agents/bridge/transport.py", line 210, in request
    return await conn.request(envelope, timeout_s=timeout_s)
           ^^^^^^^^^^^^^^^^^^^^^^^^^^^^^^^^^^^^^^^^^^^^^^^^^
  File "/Users/arjun/Documents/Pyre/src/pyre_agents/bridge/transport.py", line 120, in request
    await write_frame(self._writer, pack_envelope(envelope))
  File "/Users/arjun/Documents/Pyre/src/pyre_agents/bridge/framing.py", line 41, in write_frame
    await writer.drain()
  File "/Users/arjun/.local/share/uv/python/cpython-3.12.7-macos-aarch64-none/lib/python3.12/asyncio/streams.py", line 380, in drain
    raise exc
  File "/Users/arjun/Documents/Pyre/scripts/validate_whitepaper_claims.py", line 894, in worker
    response = await pool.request(envelope, timeout_s=0.75)
               ^^^^^^^^^^^^^^^^^^^^^^^^^^^^^^^^^^^^^^^^^^^^
  File "/Users/arjun/Documents/Pyre/src/pyre_agents/bridge/transport.py", line 210, in request
    return await conn.request(envelope, timeout_s=timeout_s)
           ^^^^^^^^^^^^^^^^^^^^^^^^^^^^^^^^^^^^^^^^^^^^^^^^^
  File "/Users/arjun/Documents/Pyre/src/pyre_agents/bridge/transport.py", line 120, in request
    await write_frame(self._writer, pack_envelope(envelope))
  File "/Users/arjun/Documents/Pyre/src/pyre_agents/bridge/framing.py", line 41, in write_frame
    await writer.drain()
  File "/Users/arjun/.local/share/uv/python/cpython-3.12.7-macos-aarch64-none/lib/python3.12/asyncio/streams.py", line 380, in drain
    raise exc
  File "/Users/arjun/Documents/Pyre/scripts/validate_whitepaper_claims.py", line 894, in worker
    response = await pool.request(envelope, timeout_s=0.75)
               ^^^^^^^^^^^^^^^^^^^^^^^^^^^^^^^^^^^^^^^^^^^^
  File "/Users/arjun/Documents/Pyre/src/pyre_agents/bridge/transport.py", line 210, in request
    return await conn.request(envelope, timeout_s=timeout_s)
           ^^^^^^^^^^^^^^^^^^^^^^^^^^^^^^^^^^^^^^^^^^^^^^^^^
  File "/Users/arjun/Documents/Pyre/src/pyre_agents/bridge/transport.py", line 120, in request
    await write_frame(self._writer, pack_envelope(envelope))
  File "/Users/arjun/Documents/Pyre/src/pyre_agents/bridge/framing.py", line 41, in write_frame
    await writer.drain()
  File "/Users/arjun/.local/share/uv/python/cpython-3.12.7-macos-aarch64-none/lib/python3.12/asyncio/streams.py", line 380, in drain
    raise exc
  File "/Users/arjun/Documents/Pyre/scripts/validate_whitepaper_claims.py", line 894, in worker
    response = await pool.request(envelope, timeout_s=0.75)
               ^^^^^^^^^^^^^^^^^^^^^^^^^^^^^^^^^^^^^^^^^^^^
  File "/Users/arjun/Documents/Pyre/src/pyre_agents/bridge/transport.py", line 210, in request
    return await conn.request(envelope, timeout_s=timeout_s)
           ^^^^^^^^^^^^^^^^^^^^^^^^^^^^^^^^^^^^^^^^^^^^^^^^^
  File "/Users/arjun/Documents/Pyre/src/pyre_agents/bridge/transport.py", line 120, in request
    await write_frame(self._writer, pack_envelope(envelope))
  File "/Users/arjun/Documents/Pyre/src/pyre_agents/bridge/framing.py", line 41, in write_frame
    await writer.drain()
  File "/Users/arjun/.local/share/uv/python/cpython-3.12.7-macos-aarch64-none/lib/python3.12/asyncio/streams.py", line 380, in drain
    raise exc
  File "/Users/arjun/Documents/Pyre/scripts/validate_whitepaper_claims.py", line 894, in worker
    response = await pool.request(envelope, timeout_s=0.75)
               ^^^^^^^^^^^^^^^^^^^^^^^^^^^^^^^^^^^^^^^^^^^^
  File "/Users/arjun/Documents/Pyre/src/pyre_agents/bridge/transport.py", line 210, in request
    return await conn.request(envelope, timeout_s=timeout_s)
           ^^^^^^^^^^^^^^^^^^^^^^^^^^^^^^^^^^^^^^^^^^^^^^^^^
  File "/Users/arjun/Documents/Pyre/src/pyre_agents/bridge/transport.py", line 120, in request
    await write_frame(self._writer, pack_envelope(envelope))
  File "/Users/arjun/Documents/Pyre/src/pyre_agents/bridge/framing.py", line 41, in write_frame
    await writer.drain()
  File "/Users/arjun/.local/share/uv/python/cpython-3.12.7-macos-aarch64-none/lib/python3.12/asyncio/streams.py", line 380, in drain
    raise exc
  File "/Users/arjun/Documents/Pyre/scripts/validate_whitepaper_claims.py", line 894, in worker
    response = await pool.request(envelope, timeout_s=0.75)
               ^^^^^^^^^^^^^^^^^^^^^^^^^^^^^^^^^^^^^^^^^^^^
  File "/Users/arjun/Documents/Pyre/src/pyre_agents/bridge/transport.py", line 210, in request
    return await conn.request(envelope, timeout_s=timeout_s)
           ^^^^^^^^^^^^^^^^^^^^^^^^^^^^^^^^^^^^^^^^^^^^^^^^^
  File "/Users/arjun/Documents/Pyre/src/pyre_agents/bridge/transport.py", line 120, in request
    await write_frame(self._writer, pack_envelope(envelope))
  File "/Users/arjun/Documents/Pyre/src/pyre_agents/bridge/framing.py", line 41, in write_frame
    await writer.drain()
  File "/Users/arjun/.local/share/uv/python/cpython-3.12.7-macos-aarch64-none/lib/python3.12/asyncio/streams.py", line 380, in drain
    raise exc
  File "/Users/arjun/Documents/Pyre/scripts/validate_whitepaper_claims.py", line 894, in worker
    response = await pool.request(envelope, timeout_s=0.75)
               ^^^^^^^^^^^^^^^^^^^^^^^^^^^^^^^^^^^^^^^^^^^^
  File "/Users/arjun/Documents/Pyre/src/pyre_agents/bridge/transport.py", line 210, in request
    return await conn.request(envelope, timeout_s=timeout_s)
           ^^^^^^^^^^^^^^^^^^^^^^^^^^^^^^^^^^^^^^^^^^^^^^^^^
  File "/Users/arjun/Documents/Pyre/src/pyre_agents/bridge/transport.py", line 120, in request
    await write_frame(self._writer, pack_envelope(envelope))
  File "/Users/arjun/Documents/Pyre/src/pyre_agents/bridge/framing.py", line 41, in write_frame
    await writer.drain()
  File "/Users/arjun/.local/share/uv/python/cpython-3.12.7-macos-aarch64-none/lib/python3.12/asyncio/streams.py", line 380, in drain
    raise exc
  File "/Users/arjun/Documents/Pyre/scripts/validate_whitepaper_claims.py", line 894, in worker
    response = await pool.request(envelope, timeout_s=0.75)
               ^^^^^^^^^^^^^^^^^^^^^^^^^^^^^^^^^^^^^^^^^^^^
  File "/Users/arjun/Documents/Pyre/src/pyre_agents/bridge/transport.py", line 210, in request
    return await conn.request(envelope, timeout_s=timeout_s)
           ^^^^^^^^^^^^^^^^^^^^^^^^^^^^^^^^^^^^^^^^^^^^^^^^^
  File "/Users/arjun/Documents/Pyre/src/pyre_agents/bridge/transport.py", line 120, in request
    await write_frame(self._writer, pack_envelope(envelope))
  File "/Users/arjun/Documents/Pyre/src/pyre_agents/bridge/framing.py", line 41, in write_frame
    await writer.drain()
  File "/Users/arjun/.local/share/uv/python/cpython-3.12.7-macos-aarch64-none/lib/python3.12/asyncio/streams.py", line 380, in drain
    raise exc
  File "/Users/arjun/Documents/Pyre/scripts/validate_whitepaper_claims.py", line 894, in worker
    response = await pool.request(envelope, timeout_s=0.75)
               ^^^^^^^^^^^^^^^^^^^^^^^^^^^^^^^^^^^^^^^^^^^^
  File "/Users/arjun/Documents/Pyre/src/pyre_agents/bridge/transport.py", line 210, in request
    return await conn.request(envelope, timeout_s=timeout_s)
           ^^^^^^^^^^^^^^^^^^^^^^^^^^^^^^^^^^^^^^^^^^^^^^^^^
  File "/Users/arjun/Documents/Pyre/src/pyre_agents/bridge/transport.py", line 120, in request
    await write_frame(self._writer, pack_envelope(envelope))
  File "/Users/arjun/Documents/Pyre/src/pyre_agents/bridge/framing.py", line 41, in write_frame
    await writer.drain()
  File "/Users/arjun/.local/share/uv/python/cpython-3.12.7-macos-aarch64-none/lib/python3.12/asyncio/streams.py", line 380, in drain
    raise exc
  File "/Users/arjun/Documents/Pyre/scripts/validate_whitepaper_claims.py", line 894, in worker
    response = await pool.request(envelope, timeout_s=0.75)
               ^^^^^^^^^^^^^^^^^^^^^^^^^^^^^^^^^^^^^^^^^^^^
  File "/Users/arjun/Documents/Pyre/src/pyre_agents/bridge/transport.py", line 210, in request
    return await conn.request(envelope, timeout_s=timeout_s)
           ^^^^^^^^^^^^^^^^^^^^^^^^^^^^^^^^^^^^^^^^^^^^^^^^^
  File "/Users/arjun/Documents/Pyre/src/pyre_agents/bridge/transport.py", line 120, in request
    await write_frame(self._writer, pack_envelope(envelope))
  File "/Users/arjun/Documents/Pyre/src/pyre_agents/bridge/framing.py", line 41, in write_frame
    await writer.drain()
  File "/Users/arjun/.local/share/uv/python/cpython-3.12.7-macos-aarch64-none/lib/python3.12/asyncio/streams.py", line 380, in drain
    raise exc
  File "/Users/arjun/Documents/Pyre/scripts/validate_whitepaper_claims.py", line 894, in worker
    response = await pool.request(envelope, timeout_s=0.75)
               ^^^^^^^^^^^^^^^^^^^^^^^^^^^^^^^^^^^^^^^^^^^^
  File "/Users/arjun/Documents/Pyre/src/pyre_agents/bridge/transport.py", line 210, in request
    return await conn.request(envelope, timeout_s=timeout_s)
           ^^^^^^^^^^^^^^^^^^^^^^^^^^^^^^^^^^^^^^^^^^^^^^^^^
  File "/Users/arjun/Documents/Pyre/src/pyre_agents/bridge/transport.py", line 120, in request
    await write_frame(self._writer, pack_envelope(envelope))
  File "/Users/arjun/Documents/Pyre/src/pyre_agents/bridge/framing.py", line 41, in write_frame
    await writer.drain()
  File "/Users/arjun/.local/share/uv/python/cpython-3.12.7-macos-aarch64-none/lib/python3.12/asyncio/streams.py", line 380, in drain
    raise exc
  File "/Users/arjun/Documents/Pyre/scripts/validate_whitepaper_claims.py", line 894, in worker
    response = await pool.request(envelope, timeout_s=0.75)
               ^^^^^^^^^^^^^^^^^^^^^^^^^^^^^^^^^^^^^^^^^^^^
  File "/Users/arjun/Documents/Pyre/src/pyre_agents/bridge/transport.py", line 210, in request
    return await conn.request(envelope, timeout_s=timeout_s)
           ^^^^^^^^^^^^^^^^^^^^^^^^^^^^^^^^^^^^^^^^^^^^^^^^^
  File "/Users/arjun/Documents/Pyre/src/pyre_agents/bridge/transport.py", line 120, in request
    await write_frame(self._writer, pack_envelope(envelope))
  File "/Users/arjun/Documents/Pyre/src/pyre_agents/bridge/framing.py", line 41, in write_frame
    await writer.drain()
  File "/Users/arjun/.local/share/uv/python/cpython-3.12.7-macos-aarch64-none/lib/python3.12/asyncio/streams.py", line 380, in drain
    raise exc
  File "/Users/arjun/Documents/Pyre/scripts/validate_whitepaper_claims.py", line 894, in worker
    response = await pool.request(envelope, timeout_s=0.75)
               ^^^^^^^^^^^^^^^^^^^^^^^^^^^^^^^^^^^^^^^^^^^^
  File "/Users/arjun/Documents/Pyre/src/pyre_agents/bridge/transport.py", line 210, in request
    return await conn.request(envelope, timeout_s=timeout_s)
           ^^^^^^^^^^^^^^^^^^^^^^^^^^^^^^^^^^^^^^^^^^^^^^^^^
  File "/Users/arjun/Documents/Pyre/src/pyre_agents/bridge/transport.py", line 120, in request
    await write_frame(self._writer, pack_envelope(envelope))
  File "/Users/arjun/Documents/Pyre/src/pyre_agents/bridge/framing.py", line 41, in write_frame
    await writer.drain()
  File "/Users/arjun/.local/share/uv/python/cpython-3.12.7-macos-aarch64-none/lib/python3.12/asyncio/streams.py", line 380, in drain
    raise exc
  File "/Users/arjun/Documents/Pyre/scripts/validate_whitepaper_claims.py", line 894, in worker
    response = await pool.request(envelope, timeout_s=0.75)
               ^^^^^^^^^^^^^^^^^^^^^^^^^^^^^^^^^^^^^^^^^^^^
  File "/Users/arjun/Documents/Pyre/src/pyre_agents/bridge/transport.py", line 210, in request
    return await conn.request(envelope, timeout_s=timeout_s)
           ^^^^^^^^^^^^^^^^^^^^^^^^^^^^^^^^^^^^^^^^^^^^^^^^^
  File "/Users/arjun/Documents/Pyre/src/pyre_agents/bridge/transport.py", line 120, in request
    await write_frame(self._writer, pack_envelope(envelope))
  File "/Users/arjun/Documents/Pyre/src/pyre_agents/bridge/framing.py", line 41, in write_frame
    await writer.drain()
  File "/Users/arjun/.local/share/uv/python/cpython-3.12.7-macos-aarch64-none/lib/python3.12/asyncio/streams.py", line 380, in drain
    raise exc
  File "/Users/arjun/Documents/Pyre/scripts/validate_whitepaper_claims.py", line 894, in worker
    response = await pool.request(envelope, timeout_s=0.75)
               ^^^^^^^^^^^^^^^^^^^^^^^^^^^^^^^^^^^^^^^^^^^^
  File "/Users/arjun/Documents/Pyre/src/pyre_agents/bridge/transport.py", line 210, in request
    return await conn.request(envelope, timeout_s=timeout_s)
           ^^^^^^^^^^^^^^^^^^^^^^^^^^^^^^^^^^^^^^^^^^^^^^^^^
  File "/Users/arjun/Documents/Pyre/src/pyre_agents/bridge/transport.py", line 120, in request
    await write_frame(self._writer, pack_envelope(envelope))
  File "/Users/arjun/Documents/Pyre/src/pyre_agents/bridge/framing.py", line 41, in write_frame
    await writer.drain()
  File "/Users/arjun/.local/share/uv/python/cpython-3.12.7-macos-aarch64-none/lib/python3.12/asyncio/streams.py", line 380, in drain
    raise exc
  File "/Users/arjun/Documents/Pyre/scripts/validate_whitepaper_claims.py", line 894, in worker
    response = await pool.request(envelope, timeout_s=0.75)
               ^^^^^^^^^^^^^^^^^^^^^^^^^^^^^^^^^^^^^^^^^^^^
  File "/Users/arjun/Documents/Pyre/src/pyre_agents/bridge/transport.py", line 210, in request
    return await conn.request(envelope, timeout_s=timeout_s)
           ^^^^^^^^^^^^^^^^^^^^^^^^^^^^^^^^^^^^^^^^^^^^^^^^^
  File "/Users/arjun/Documents/Pyre/src/pyre_agents/bridge/transport.py", line 120, in request
    await write_frame(self._writer, pack_envelope(envelope))
  File "/Users/arjun/Documents/Pyre/src/pyre_agents/bridge/framing.py", line 41, in write_frame
    await writer.drain()
  File "/Users/arjun/.local/share/uv/python/cpython-3.12.7-macos-aarch64-none/lib/python3.12/asyncio/streams.py", line 380, in drain
    raise exc
  File "/Users/arjun/Documents/Pyre/scripts/validate_whitepaper_claims.py", line 894, in worker
    response = await pool.request(envelope, timeout_s=0.75)
               ^^^^^^^^^^^^^^^^^^^^^^^^^^^^^^^^^^^^^^^^^^^^
  File "/Users/arjun/Documents/Pyre/src/pyre_agents/bridge/transport.py", line 210, in request
    return await conn.request(envelope, timeout_s=timeout_s)
           ^^^^^^^^^^^^^^^^^^^^^^^^^^^^^^^^^^^^^^^^^^^^^^^^^
  File "/Users/arjun/Documents/Pyre/src/pyre_agents/bridge/transport.py", line 120, in request
    await write_frame(self._writer, pack_envelope(envelope))
  File "/Users/arjun/Documents/Pyre/src/pyre_agents/bridge/framing.py", line 41, in write_frame
    await writer.drain()
  File "/Users/arjun/.local/share/uv/python/cpython-3.12.7-macos-aarch64-none/lib/python3.12/asyncio/streams.py", line 380, in drain
    raise exc
  File "/Users/arjun/Documents/Pyre/scripts/validate_whitepaper_claims.py", line 894, in worker
    response = await pool.request(envelope, timeout_s=0.75)
               ^^^^^^^^^^^^^^^^^^^^^^^^^^^^^^^^^^^^^^^^^^^^
  File "/Users/arjun/Documents/Pyre/src/pyre_agents/bridge/transport.py", line 210, in request
    return await conn.request(envelope, timeout_s=timeout_s)
           ^^^^^^^^^^^^^^^^^^^^^^^^^^^^^^^^^^^^^^^^^^^^^^^^^
  File "/Users/arjun/Documents/Pyre/src/pyre_agents/bridge/transport.py", line 120, in request
    await write_frame(self._writer, pack_envelope(envelope))
  File "/Users/arjun/Documents/Pyre/src/pyre_agents/bridge/framing.py", line 41, in write_frame
    await writer.drain()
  File "/Users/arjun/.local/share/uv/python/cpython-3.12.7-macos-aarch64-none/lib/python3.12/asyncio/streams.py", line 380, in drain
    raise exc
  File "/Users/arjun/Documents/Pyre/scripts/validate_whitepaper_claims.py", line 894, in worker
    response = await pool.request(envelope, timeout_s=0.75)
               ^^^^^^^^^^^^^^^^^^^^^^^^^^^^^^^^^^^^^^^^^^^^
  File "/Users/arjun/Documents/Pyre/src/pyre_agents/bridge/transport.py", line 210, in request
    return await conn.request(envelope, timeout_s=timeout_s)
           ^^^^^^^^^^^^^^^^^^^^^^^^^^^^^^^^^^^^^^^^^^^^^^^^^
  File "/Users/arjun/Documents/Pyre/src/pyre_agents/bridge/transport.py", line 120, in request
    await write_frame(self._writer, pack_envelope(envelope))
  File "/Users/arjun/Documents/Pyre/src/pyre_agents/bridge/framing.py", line 41, in write_frame
    await writer.drain()
  File "/Users/arjun/.local/share/uv/python/cpython-3.12.7-macos-aarch64-none/lib/python3.12/asyncio/streams.py", line 380, in drain
    raise exc
  File "/Users/arjun/Documents/Pyre/scripts/validate_whitepaper_claims.py", line 894, in worker
    response = await pool.request(envelope, timeout_s=0.75)
               ^^^^^^^^^^^^^^^^^^^^^^^^^^^^^^^^^^^^^^^^^^^^
  File "/Users/arjun/Documents/Pyre/src/pyre_agents/bridge/transport.py", line 210, in request
    return await conn.request(envelope, timeout_s=timeout_s)
           ^^^^^^^^^^^^^^^^^^^^^^^^^^^^^^^^^^^^^^^^^^^^^^^^^
  File "/Users/arjun/Documents/Pyre/src/pyre_agents/bridge/transport.py", line 120, in request
    await write_frame(self._writer, pack_envelope(envelope))
  File "/Users/arjun/Documents/Pyre/src/pyre_agents/bridge/framing.py", line 41, in write_frame
    await writer.drain()
  File "/Users/arjun/.local/share/uv/python/cpython-3.12.7-macos-aarch64-none/lib/python3.12/asyncio/streams.py", line 380, in drain
    raise exc
  File "/Users/arjun/Documents/Pyre/scripts/validate_whitepaper_claims.py", line 894, in worker
    response = await pool.request(envelope, timeout_s=0.75)
               ^^^^^^^^^^^^^^^^^^^^^^^^^^^^^^^^^^^^^^^^^^^^
  File "/Users/arjun/Documents/Pyre/src/pyre_agents/bridge/transport.py", line 210, in request
    return await conn.request(envelope, timeout_s=timeout_s)
           ^^^^^^^^^^^^^^^^^^^^^^^^^^^^^^^^^^^^^^^^^^^^^^^^^
  File "/Users/arjun/Documents/Pyre/src/pyre_agents/bridge/transport.py", line 120, in request
    await write_frame(self._writer, pack_envelope(envelope))
  File "/Users/arjun/Documents/Pyre/src/pyre_agents/bridge/framing.py", line 41, in write_frame
    await writer.drain()
  File "/Users/arjun/.local/share/uv/python/cpython-3.12.7-macos-aarch64-none/lib/python3.12/asyncio/streams.py", line 380, in drain
    raise exc
  File "/Users/arjun/Documents/Pyre/scripts/validate_whitepaper_claims.py", line 894, in worker
    response = await pool.request(envelope, timeout_s=0.75)
               ^^^^^^^^^^^^^^^^^^^^^^^^^^^^^^^^^^^^^^^^^^^^
  File "/Users/arjun/Documents/Pyre/src/pyre_agents/bridge/transport.py", line 210, in request
    return await conn.request(envelope, timeout_s=timeout_s)
           ^^^^^^^^^^^^^^^^^^^^^^^^^^^^^^^^^^^^^^^^^^^^^^^^^
  File "/Users/arjun/Documents/Pyre/src/pyre_agents/bridge/transport.py", line 120, in request
    await write_frame(self._writer, pack_envelope(envelope))
  File "/Users/arjun/Documents/Pyre/src/pyre_agents/bridge/framing.py", line 41, in write_frame
    await writer.drain()
  File "/Users/arjun/.local/share/uv/python/cpython-3.12.7-macos-aarch64-none/lib/python3.12/asyncio/streams.py", line 380, in drain
    raise exc
  File "/Users/arjun/Documents/Pyre/scripts/validate_whitepaper_claims.py", line 894, in worker
    response = await pool.request(envelope, timeout_s=0.75)
               ^^^^^^^^^^^^^^^^^^^^^^^^^^^^^^^^^^^^^^^^^^^^
  File "/Users/arjun/Documents/Pyre/src/pyre_agents/bridge/transport.py", line 210, in request
    return await conn.request(envelope, timeout_s=timeout_s)
           ^^^^^^^^^^^^^^^^^^^^^^^^^^^^^^^^^^^^^^^^^^^^^^^^^
  File "/Users/arjun/Documents/Pyre/src/pyre_agents/bridge/transport.py", line 120, in request
    await write_frame(self._writer, pack_envelope(envelope))
  File "/Users/arjun/Documents/Pyre/src/pyre_agents/bridge/framing.py", line 41, in write_frame
    await writer.drain()
  File "/Users/arjun/.local/share/uv/python/cpython-3.12.7-macos-aarch64-none/lib/python3.12/asyncio/streams.py", line 380, in drain
    raise exc
  File "/Users/arjun/Documents/Pyre/scripts/validate_whitepaper_claims.py", line 1030, in run_elixir_transport_microbench
    await pool.close()
  File "/Users/arjun/Documents/Pyre/src/pyre_agents/bridge/transport.py", line 220, in close
    await conn.close()
  File "/Users/arjun/Documents/Pyre/src/pyre_agents/bridge/transport.py", line 129, in close
    await self._writer.wait_closed()
  File "/Users/arjun/.local/share/uv/python/cpython-3.12.7-macos-aarch64-none/lib/python3.12/asyncio/streams.py", line 364, in wait_closed
    await self._protocol._get_close_waiter(self)
  File "/Users/arjun/.local/share/uv/python/cpython-3.12.7-macos-aarch64-none/lib/python3.12/asyncio/selector_events.py", line 1075, in write
    n = self._sock.send(data)
        ^^^^^^^^^^^^^^^^^^^^^
OSError: [Errno 55] No buffer space available
Future exception was never retrieved
future: <Future finished exception=RuntimeError('connection receive loop terminated: [Errno 55] No buffer space available')>
RuntimeError: connection receive loop terminated: [Errno 55] No buffer space available
Future exception was never retrieved
future: <Future finished exception=RuntimeError('connection receive loop terminated: [Errno 55] No buffer space available')>
RuntimeError: connection receive loop terminated: [Errno 55] No buffer space available
Future exception was never retrieved
future: <Future finished exception=RuntimeError('connection receive loop terminated: [Errno 55] No buffer space available')>
RuntimeError: connection receive loop terminated: [Errno 55] No buffer space available
Future exception was never retrieved
future: <Future finished exception=RuntimeError('connection receive loop terminated: [Errno 55] No buffer space available')>
RuntimeError: connection receive loop terminated: [Errno 55] No buffer space available
Future exception was never retrieved
future: <Future finished exception=RuntimeError('connection receive loop terminated: [Errno 55] No buffer space available')>
RuntimeError: connection receive loop terminated: [Errno 55] No buffer space available
Future exception was never retrieved
future: <Future finished exception=RuntimeError('connection receive loop terminated: [Errno 55] No buffer space available')>
RuntimeError: connection receive loop terminated: [Errno 55] No buffer space available
Future exception was never retrieved
future: <Future finished exception=RuntimeError('connection receive loop terminated: [Errno 55] No buffer space available')>
RuntimeError: connection receive loop terminated: [Errno 55] No buffer space available
Future exception was never retrieved
future: <Future finished exception=RuntimeError('connection receive loop terminated: [Errno 55] No buffer space available')>
RuntimeError: connection receive loop terminated: [Errno 55] No buffer space available
Future exception was never retrieved
future: <Future finished exception=RuntimeError('connection receive loop terminated: [Errno 55] No buffer space available')>
RuntimeError: connection receive loop terminated: [Errno 55] No buffer space available
Future exception was never retrieved
future: <Future finished exception=RuntimeError('connection receive loop terminated: [Errno 55] No buffer space available')>
RuntimeError: connection receive loop terminated: [Errno 55] No buffer space available
Future exception was never retrieved
future: <Future finished exception=RuntimeError('connection receive loop terminated: [Errno 55] No buffer space available')>
RuntimeError: connection receive loop terminated: [Errno 55] No buffer space available
Future exception was never retrieved
future: <Future finished exception=RuntimeError('connection receive loop terminated: [Errno 55] No buffer space available')>
RuntimeError: connection receive loop terminated: [Errno 55] No buffer space available
Future exception was never retrieved
future: <Future finished exception=RuntimeError('connection receive loop terminated: [Errno 55] No buffer space available')>
RuntimeError: connection receive loop terminated: [Errno 55] No buffer space available
Future exception was never retrieved
future: <Future finished exception=RuntimeError('connection receive loop terminated: [Errno 55] No buffer space available')>
RuntimeError: connection receive loop terminated: [Errno 55] No buffer space available
Future exception was never retrieved
future: <Future finished exception=RuntimeError('connection receive loop terminated: [Errno 55] No buffer space available')>
RuntimeError: connection receive loop terminated: [Errno 55] No buffer space available
Future exception was never retrieved
future: <Future finished exception=RuntimeError('connection receive loop terminated: [Errno 55] No buffer space available')>
RuntimeError: connection receive loop terminated: [Errno 55] No buffer space available
Future exception was never retrieved
future: <Future finished exception=RuntimeError('connection receive loop terminated: [Errno 55] No buffer space available')>
RuntimeError: connection receive loop terminated: [Errno 55] No buffer space available
Future exception was never retrieved
future: <Future finished exception=RuntimeError('connection receive loop terminated: [Errno 55] No buffer space available')>
RuntimeError: connection receive loop terminated: [Errno 55] No buffer space available
Future exception was never retrieved
future: <Future finished exception=RuntimeError('connection receive loop terminated: [Errno 55] No buffer space available')>
RuntimeError: connection receive loop terminated: [Errno 55] No buffer space available
Future exception was never retrieved
future: <Future finished exception=RuntimeError('connection receive loop terminated: [Errno 55] No buffer space available')>
RuntimeError: connection receive loop terminated: [Errno 55] No buffer space available
Future exception was never retrieved
future: <Future finished exception=RuntimeError('connection receive loop terminated: [Errno 55] No buffer space available')>
RuntimeError: connection receive loop terminated: [Errno 55] No buffer space available
Future exception was never retrieved
future: <Future finished exception=RuntimeError('connection receive loop terminated: [Errno 55] No buffer space available')>
RuntimeError: connection receive loop terminated: [Errno 55] No buffer space available
Future exception was never retrieved
future: <Future finished exception=RuntimeError('connection receive loop terminated: [Errno 55] No buffer space available')>
RuntimeError: connection receive loop terminated: [Errno 55] No buffer space available
Future exception was never retrieved
future: <Future finished exception=RuntimeError('connection receive loop terminated: [Errno 55] No buffer space available')>
RuntimeError: connection receive loop terminated: [Errno 55] No buffer space available
Future exception was never retrieved
future: <Future finished exception=RuntimeError('connection receive loop terminated: [Errno 55] No buffer space available')>
RuntimeError: connection receive loop terminated: [Errno 55] No buffer space available
Future exception was never retrieved
future: <Future finished exception=RuntimeError('connection receive loop terminated: [Errno 55] No buffer space available')>
RuntimeError: connection receive loop terminated: [Errno 55] No buffer space available
Future exception was never retrieved
future: <Future finished exception=RuntimeError('connection receive loop terminated: [Errno 55] No buffer space available')>
RuntimeError: connection receive loop terminated: [Errno 55] No buffer space available
Future exception was never retrieved
future: <Future finished exception=RuntimeError('connection receive loop terminated: [Errno 55] No buffer space available')>
RuntimeError: connection receive loop terminated: [Errno 55] No buffer space available
Future exception was never retrieved
future: <Future finished exception=RuntimeError('connection receive loop terminated: [Errno 55] No buffer space available')>
RuntimeError: connection receive loop terminated: [Errno 55] No buffer space available
Future exception was never retrieved
future: <Future finished exception=RuntimeError('connection receive loop terminated: [Errno 55] No buffer space available')>
RuntimeError: connection receive loop terminated: [Errno 55] No buffer space available
Future exception was never retrieved
future: <Future finished exception=RuntimeError('connection receive loop terminated: [Errno 55] No buffer space available')>
RuntimeError: connection receive loop terminated: [Errno 55] No buffer space available
Future exception was never retrieved
future: <Future finished exception=RuntimeError('connection receive loop terminated: [Errno 55] No buffer space available')>
RuntimeError: connection receive loop terminated: [Errno 55] No buffer space available
Future exception was never retrieved
future: <Future finished exception=RuntimeError('connection receive loop terminated: [Errno 55] No buffer space available')>
RuntimeError: connection receive loop terminated: [Errno 55] No buffer space available
Future exception was never retrieved
future: <Future finished exception=RuntimeError('connection receive loop terminated: [Errno 55] No buffer space available')>
RuntimeError: connection receive loop terminated: [Errno 55] No buffer space available
Future exception was never retrieved
future: <Future finished exception=RuntimeError('connection receive loop terminated: [Errno 55] No buffer space available')>
RuntimeError: connection receive loop terminated: [Errno 55] No buffer space available
Future exception was never retrieved
future: <Future finished exception=RuntimeError('connection receive loop terminated: [Errno 55] No buffer space available')>
RuntimeError: connection receive loop terminated: [Errno 55] No buffer space available
